#
# There is insufficient memory for the Java Runtime Environment to continue.
# Native memory allocation (malloc) failed to allocate 2618896 bytes for Chunk::new
# Possible reasons:
#   The system is out of physical RAM or swap space
#   The process is running with CompressedOops enabled, and the Java Heap may be blocking the growth of the native heap
# Possible solutions:
#   Reduce memory load on the system
#   Increase physical memory or swap space
#   Check if swap backing store is full
#   Decrease Java heap size (-Xmx/-Xms)
#   Decrease number of Java threads
#   Decrease Java thread stack sizes (-Xss)
#   Set larger code cache with -XX:ReservedCodeCacheSize=
#   JVM is running with Unscaled Compressed Oops mode in which the Java heap is
#     placed in the first 4GB address space. The Java Heap base address is the
#     maximum limit for the native heap growth. Please use -XX:HeapBaseMinAddress
#     to set the Java Heap base and to place the Java Heap above 4GB virtual address.
# This output file may be truncated or incomplete.
#
#  Out of Memory Error (arena.cpp:189), pid=8688, tid=11272
#
# JRE version: OpenJDK Runtime Environment (17.0.6) (build 17.0.6+0-b2043.56-9586694)
# Java VM: OpenJDK 64-Bit Server VM (17.0.6+0-b2043.56-9586694, mixed mode, tiered, compressed oops, compressed class ptrs, g1 gc, windows-amd64)
# No core dump will be written. Minidumps are not enabled by default on client versions of Windows
#

---------------  S U M M A R Y ------------

Command Line: --add-opens=java.base/java.util=ALL-UNNAMED --add-opens=java.base/java.lang=ALL-UNNAMED --add-opens=java.base/java.lang.invoke=ALL-UNNAMED --add-opens=java.prefs/java.util.prefs=ALL-UNNAMED --add-opens=java.base/java.nio.charset=ALL-UNNAMED --add-opens=java.base/java.net=ALL-UNNAMED --add-opens=java.base/java.util.concurrent.atomic=ALL-UNNAMED -Xmx2048m -Dfile.encoding=UTF-8 -Duser.country=ID -Duser.language=en -Duser.variant org.gradle.launcher.daemon.bootstrap.GradleDaemon 8.0

Host: Intel(R) Core(TM) i7-9750H CPU @ 2.60GHz, 12 cores, 7G,  Windows 11 , 64 bit Build 22621 (10.0.22621.1928)
Time: Mon Jul 10 13:13:12 2023 SE Asia Standard Time elapsed time: 8.160504 seconds (0d 0h 0m 8s)

---------------  T H R E A D  ---------------

Current thread (0x00000180793f97c0):  JavaThread "C2 CompilerThread1" daemon [_thread_in_native, id=11272, stack(0x0000000c2b300000,0x0000000c2b400000)]


Current CompileTask:
C2:   8160 8453       4       org.gradle.internal.instantiation.generator.AbstractClassGenerator::inspectType (560 bytes)

Stack: [0x0000000c2b300000,0x0000000c2b400000]
Native frames: (J=compiled Java code, j=interpreted, Vv=VM code, C=native code)
V  [jvm.dll+0x683b4a]
V  [jvm.dll+0x842654]
V  [jvm.dll+0x843dfe]
V  [jvm.dll+0x844463]
V  [jvm.dll+0x249b75]
V  [jvm.dll+0xabcac]
V  [jvm.dll+0xac27c]
V  [jvm.dll+0x368857]
V  [jvm.dll+0x332f31]
V  [jvm.dll+0x3323da]
V  [jvm.dll+0x21c201]
V  [jvm.dll+0x21b621]
V  [jvm.dll+0x1a4fdd]
V  [jvm.dll+0x22b098]
V  [jvm.dll+0x229159]
V  [jvm.dll+0x7f809c]
V  [jvm.dll+0x7f25fa]
V  [jvm.dll+0x682985]
C  [ucrtbase.dll+0x29363]
C  [KERNEL32.DLL+0x126ad]
C  [ntdll.dll+0x5aa68]


---------------  P R O C E S S  ---------------

Threads class SMR info:
_java_thread_list=0x00000180017f5690, length=183, elements={
0x000001805e3e93c0, 0x000001807868ff20, 0x00000180786930f0, 0x0000018079046740,
0x0000018079056820, 0x00000180790590f0, 0x0000018079059aa0, 0x000001807905a830,
0x00000180790667e0, 0x00000180790871e0, 0x00000180791ef200, 0x00000180792016f0,
0x00000180793f97c0, 0x000001807bebd3b0, 0x0000018079551070, 0x000001807977d290,
0x000001807a233000, 0x000001807b4a9b90, 0x000001807be94870, 0x000001807be90eb0,
0x000001807be91850, 0x000001807be93ed0, 0x000001807be91d20, 0x000001807be943a0,
0x000001807be926c0, 0x000001807be921f0, 0x000001807be92b90, 0x000001807be93060,
0x000001807be93a00, 0x000001807d6d7840, 0x000001807d6d34e0, 0x000001807d6d81e0,
0x000001807d6d86b0, 0x000001807d6d39b0, 0x000001807d6d3010, 0x000001807d6d4cf0,
0x000001807d6d4820, 0x000001807d6d51c0, 0x000001807d6d9050, 0x000001807d6d5b60,
0x000001807d6d2b40, 0x000001807d6d1cd0, 0x000001807d6d6030, 0x000001807d6d21a0,
0x000001807d6d6500, 0x000001807d6d2670, 0x000001807d6d69d0, 0x000001807d58da50,
0x000001807d589bc0, 0x000001807d58d580, 0x000001807d58c710, 0x000001807d587070,
0x000001807d587540, 0x000001807d588880, 0x000001807d58cbe0, 0x000001807d587a10,
0x000001807d58a090, 0x000001807d58a560, 0x000001807d58df20, 0x000001807d5896f0,
0x000001807d58aa30, 0x000001807d58af00, 0x000001807d58b3d0, 0x000001807d58b8a0,
0x000001807d58bd70, 0x000001807d58c240, 0x000001807d58d0b0, 0x000001807d58e3f0,
0x000001807d58e8c0, 0x000001807d589220, 0x000001807d587ee0, 0x000001807d5883b0,
0x000001807d588d50, 0x000001807e8dba60, 0x000001807e8d8a40, 0x000001807e8d6d60,
0x000001807e8d7230, 0x000001807e8d5ef0, 0x000001807e8d5550, 0x000001807e8d98b0,
0x000001807e8d80a0, 0x000001807e8d9d80, 0x000001807e8d5a20, 0x000001807e8dc400,
0x000001807e8d7700, 0x000001807e8da250, 0x000001807e8d5080, 0x000001807e8d8f10,
0x000001807e8dbf30, 0x000001807e8d93e0, 0x000001807e8d7bd0, 0x000001807e8dc8d0,
0x000001807e8d8570, 0x000001807e8db0c0, 0x000001807e8da720, 0x000001807e8d63c0,
0x000001807e8dabf0, 0x000001807e8db590, 0x000001807e8d6890, 0x000001807ebec430,
0x000001807ebefdf0, 0x000001807ebea280, 0x000001807ebec900, 0x000001807ebf02c0,
0x000001807ebee5e0, 0x000001807ebecdd0, 0x000001807ebe9410, 0x000001807ebeeab0,
0x000001807ebe98e0, 0x000001807ebea750, 0x000001807ebedc40, 0x000001807ebe9db0,
0x000001807ebed770, 0x000001807ebeba90, 0x000001807ebeac20, 0x000001807ebee110,
0x000001807ebed2a0, 0x000001807ebf0790, 0x000001807ebeb0f0, 0x000001807ebeef80,
0x000001807ebef450, 0x000001807ebef920, 0x000001807ebe8f40, 0x000001807ebeb5c0,
0x000001807ebebf60, 0x000001807ef83780, 0x000001807ef87140, 0x000001807ef85930,
0x000001807ef82440, 0x000001807ef867a0, 0x000001807ef87610, 0x000001807ef81aa0,
0x000001807ef7fdc0, 0x000001807ef845f0, 0x000001807ef80290, 0x000001807ef85e00,
0x000001807ef83c50, 0x000001807ef862d0, 0x000001807ef80760, 0x000001807ef81100,
0x000001807ef80c30, 0x000001807ef86c70, 0x000001807ef815d0, 0x000001807ef81f70,
0x000001807ef82910, 0x000001807ef832b0, 0x000001807ef84120, 0x000001807ef84ac0,
0x000001807ef82de0, 0x000001807ef85460, 0x000001807ef8cfa0, 0x000001807ef8adf0,
0x000001807ef8b2c0, 0x000001807ef89110, 0x000001807ef89f80, 0x000001807ef8e7b0,
0x000001807ef8c130, 0x000001807ef89ab0, 0x000001807ef8c600, 0x000001807ef895e0,
0x000001807ef8b790, 0x000001807ef8a450, 0x000001807ef882a0, 0x000001807ef8a920,
0x000001807ef8f620, 0x000001807ef8bc60, 0x000001807ef8cad0, 0x000001807ef8d470,
0x000001807ef8ec80, 0x000001807ef88770, 0x000001807ea07e50, 0x000001807ea03fc0,
0x000001807ea09b30, 0x000001807ea03620, 0x000001807ea04490, 0x000001807ea0a4d0,
0x000001807ea04960, 0x000001807ea087f0, 0x000001807ea06640, 0x000001807ea05ca0,
0x000001807ea06b10, 0x000001807ea03150, 0x000001807ea08320
}

Java Threads: ( => current thread )
  0x000001805e3e93c0 JavaThread "main" [_thread_blocked, id=17460, stack(0x0000000c2a000000,0x0000000c2a100000)]
  0x000001807868ff20 JavaThread "Reference Handler" daemon [_thread_blocked, id=9912, stack(0x0000000c2a700000,0x0000000c2a800000)]
  0x00000180786930f0 JavaThread "Finalizer" daemon [_thread_blocked, id=22248, stack(0x0000000c2a800000,0x0000000c2a900000)]
  0x0000018079046740 JavaThread "Signal Dispatcher" daemon [_thread_blocked, id=1272, stack(0x0000000c2a900000,0x0000000c2aa00000)]
  0x0000018079056820 JavaThread "Attach Listener" daemon [_thread_blocked, id=14176, stack(0x0000000c2aa00000,0x0000000c2ab00000)]
  0x00000180790590f0 JavaThread "Service Thread" daemon [_thread_blocked, id=6108, stack(0x0000000c2ab00000,0x0000000c2ac00000)]
  0x0000018079059aa0 JavaThread "Monitor Deflation Thread" daemon [_thread_blocked, id=22044, stack(0x0000000c2ac00000,0x0000000c2ad00000)]
  0x000001807905a830 JavaThread "C2 CompilerThread0" daemon [_thread_in_native, id=20744, stack(0x0000000c2ad00000,0x0000000c2ae00000)]
  0x00000180790667e0 JavaThread "C1 CompilerThread0" daemon [_thread_blocked, id=26760, stack(0x0000000c2ae00000,0x0000000c2af00000)]
  0x00000180790871e0 JavaThread "Sweeper thread" daemon [_thread_blocked, id=11844, stack(0x0000000c2af00000,0x0000000c2b000000)]
  0x00000180791ef200 JavaThread "Common-Cleaner" daemon [_thread_blocked, id=18708, stack(0x0000000c2b000000,0x0000000c2b100000)]
  0x00000180792016f0 JavaThread "Notification Thread" daemon [_thread_blocked, id=24624, stack(0x0000000c2b100000,0x0000000c2b200000)]
=>0x00000180793f97c0 JavaThread "C2 CompilerThread1" daemon [_thread_in_native, id=11272, stack(0x0000000c2b300000,0x0000000c2b400000)]
  0x000001807bebd3b0 JavaThread "Daemon health stats" [_thread_blocked, id=16028, stack(0x0000000c2b800000,0x0000000c2b900000)]
  0x0000018079551070 JavaThread "Incoming local TCP Connector on port 63390" [_thread_in_native, id=15016, stack(0x0000000c2b900000,0x0000000c2ba00000)]
  0x000001807977d290 JavaThread "Daemon periodic checks" [_thread_blocked, id=10264, stack(0x0000000c2ba00000,0x0000000c2bb00000)]
  0x000001807a233000 JavaThread "Daemon" [_thread_blocked, id=8280, stack(0x0000000c2bb00000,0x0000000c2bc00000)]
  0x000001807b4a9b90 JavaThread "Handler for socket connection from /127.0.0.1:63390 to /127.0.0.1:63391" [_thread_in_native, id=12892, stack(0x0000000c2bc00000,0x0000000c2bd00000)]
  0x000001807be94870 JavaThread "Cancel handler" [_thread_blocked, id=23000, stack(0x0000000c2bd00000,0x0000000c2be00000)]
  0x000001807be90eb0 JavaThread "Daemon worker" [_thread_blocked, id=21008, stack(0x0000000c2be00000,0x0000000c2bf00000)]
  0x000001807be91850 JavaThread "Asynchronous log dispatcher for DefaultDaemonConnection: socket connection from /127.0.0.1:63390 to /127.0.0.1:63391" [_thread_blocked, id=20360, stack(0x0000000c2bf00000,0x0000000c2c000000)]
  0x000001807be93ed0 JavaThread "Stdin handler" [_thread_blocked, id=26164, stack(0x0000000c2c000000,0x0000000c2c100000)]
  0x000001807be91d20 JavaThread "Daemon client event forwarder" [_thread_blocked, id=24092, stack(0x0000000c2c100000,0x0000000c2c200000)]
  0x000001807be943a0 JavaThread "Cache worker for journal cache (C:\Users\Richard\.gradle\caches\journal-1)" [_thread_in_Java, id=22792, stack(0x0000000c2c900000,0x0000000c2ca00000)]
  0x000001807be926c0 JavaThread "File lock request listener" [_thread_in_native, id=10976, stack(0x0000000c2ca00000,0x0000000c2cb00000)]
  0x000001807be921f0 JavaThread "Cache worker for file hash cache (C:\Users\Richard\.gradle\caches\8.0\fileHashes)" [_thread_blocked, id=10888, stack(0x0000000c2cb00000,0x0000000c2cc00000)]
  0x000001807be92b90 JavaThread "File watcher server" daemon [_thread_in_native, id=14732, stack(0x0000000c2cc00000,0x0000000c2cd00000)]
  0x000001807be93060 JavaThread "File watcher consumer" daemon [_thread_blocked, id=20844, stack(0x0000000c2cd00000,0x0000000c2ce00000)]
  0x000001807be93a00 JavaThread "Cache worker for checksums cache (C:\LAB MP\UASNo2New\.gradle\8.0\checksums)" [_thread_blocked, id=25856, stack(0x0000000c2ce00000,0x0000000c2cf00000)]
  0x000001807d6d7840 JavaThread "Cache worker for cache directory md-rule (C:\Users\Richard\.gradle\caches\8.0\md-rule)" [_thread_blocked, id=21508, stack(0x0000000c2cf00000,0x0000000c2d000000)]
  0x000001807d6d34e0 JavaThread "Cache worker for file content cache (C:\Users\Richard\.gradle\caches\8.0\fileContent)" [_thread_blocked, id=4628, stack(0x0000000c2d000000,0x0000000c2d100000)]
  0x000001807d6d81e0 JavaThread "Cache worker for file hash cache (C:\LAB MP\UASNo2New\.gradle\8.0\fileHashes)" [_thread_blocked, id=15480, stack(0x0000000c2d100000,0x0000000c2d200000)]
  0x000001807d6d86b0 JavaThread "Cache worker for cache directory md-supplier (C:\Users\Richard\.gradle\caches\8.0\md-supplier)" [_thread_blocked, id=10660, stack(0x0000000c2d200000,0x0000000c2d300000)]
  0x000001807d6d39b0 JavaThread "Cache worker for execution history cache (C:\Users\Richard\.gradle\caches\8.0\executionHistory)" [_thread_blocked, id=19224, stack(0x0000000c2d300000,0x0000000c2d400000)]
  0x000001807d6d3010 JavaThread "jar transforms" [_thread_blocked, id=22904, stack(0x0000000c2d400000,0x0000000c2d500000)]
  0x000001807d6d4cf0 JavaThread "jar transforms Thread 2" [_thread_blocked, id=1416, stack(0x0000000c2d500000,0x0000000c2d600000)]
  0x000001807d6d4820 JavaThread "jar transforms Thread 3" [_thread_blocked, id=21424, stack(0x0000000c2d600000,0x0000000c2d700000)]
  0x000001807d6d51c0 JavaThread "jar transforms Thread 4" [_thread_blocked, id=2196, stack(0x0000000c2d700000,0x0000000c2d800000)]
  0x000001807d6d9050 JavaThread "Cache worker for dependencies-accessors (C:\LAB MP\UASNo2New\.gradle\8.0\dependencies-accessors)" [_thread_blocked, id=23048, stack(0x0000000c2d800000,0x0000000c2d900000)]
  0x000001807d6d5b60 JavaThread "jar transforms Thread 5" [_thread_blocked, id=7056, stack(0x0000000c2d900000,0x0000000c2da00000)]
  0x000001807d6d2b40 JavaThread "Cache worker for Build Output Cleanup Cache (C:\LAB MP\UASNo2New\.gradle\buildOutputCleanup)" [_thread_blocked, id=23432, stack(0x0000000c2da00000,0x0000000c2db00000)]
  0x000001807d6d1cd0 JavaThread "Unconstrained build operations" [_thread_blocked, id=17392, stack(0x0000000c2db00000,0x0000000c2dc00000)]
  0x000001807d6d6030 JavaThread "Unconstrained build operations Thread 2" [_thread_blocked, id=22112, stack(0x0000000c2dc00000,0x0000000c2dd00000)]
  0x000001807d6d21a0 JavaThread "Unconstrained build operations Thread 3" [_thread_blocked, id=22416, stack(0x0000000c2dd00000,0x0000000c2de00000)]
  0x000001807d6d6500 JavaThread "Unconstrained build operations Thread 4" [_thread_blocked, id=14588, stack(0x0000000c2de00000,0x0000000c2df00000)]
  0x000001807d6d2670 JavaThread "Unconstrained build operations Thread 5" [_thread_blocked, id=11256, stack(0x0000000c2df00000,0x0000000c2e000000)]
  0x000001807d6d69d0 JavaThread "Unconstrained build operations Thread 6" [_thread_blocked, id=16756, stack(0x0000000c2e000000,0x0000000c2e100000)]
  0x000001807d58da50 JavaThread "Unconstrained build operations Thread 7" [_thread_blocked, id=17012, stack(0x0000000c2e100000,0x0000000c2e200000)]
  0x000001807d589bc0 JavaThread "Unconstrained build operations Thread 8" [_thread_blocked, id=4140, stack(0x0000000c2e200000,0x0000000c2e300000)]
  0x000001807d58d580 JavaThread "Unconstrained build operations Thread 9" [_thread_blocked, id=10328, stack(0x0000000c2e300000,0x0000000c2e400000)]
  0x000001807d58c710 JavaThread "Unconstrained build operations Thread 10" [_thread_blocked, id=17332, stack(0x0000000c2e400000,0x0000000c2e500000)]
  0x000001807d587070 JavaThread "Unconstrained build operations Thread 11" [_thread_blocked, id=5360, stack(0x0000000c2e500000,0x0000000c2e600000)]
  0x000001807d587540 JavaThread "Unconstrained build operations Thread 12" [_thread_blocked, id=9700, stack(0x0000000c2e600000,0x0000000c2e700000)]
  0x000001807d588880 JavaThread "Unconstrained build operations Thread 13" [_thread_blocked, id=13456, stack(0x0000000c2e700000,0x0000000c2e800000)]
  0x000001807d58cbe0 JavaThread "Unconstrained build operations Thread 14" [_thread_blocked, id=9584, stack(0x0000000c2e800000,0x0000000c2e900000)]
  0x000001807d587a10 JavaThread "Unconstrained build operations Thread 15" [_thread_blocked, id=17628, stack(0x0000000c2e900000,0x0000000c2ea00000)]
  0x000001807d58a090 JavaThread "Unconstrained build operations Thread 16" [_thread_blocked, id=23348, stack(0x0000000c2ea00000,0x0000000c2eb00000)]
  0x000001807d58a560 JavaThread "Unconstrained build operations Thread 17" [_thread_blocked, id=12736, stack(0x0000000c2eb00000,0x0000000c2ec00000)]
  0x000001807d58df20 JavaThread "Unconstrained build operations Thread 18" [_thread_blocked, id=23696, stack(0x0000000c2ec00000,0x0000000c2ed00000)]
  0x000001807d5896f0 JavaThread "Unconstrained build operations Thread 19" [_thread_blocked, id=10832, stack(0x0000000c2ed00000,0x0000000c2ee00000)]
  0x000001807d58aa30 JavaThread "Unconstrained build operations Thread 20" [_thread_blocked, id=13832, stack(0x0000000c2ee00000,0x0000000c2ef00000)]
  0x000001807d58af00 JavaThread "Unconstrained build operations Thread 21" [_thread_blocked, id=17708, stack(0x0000000c2ef00000,0x0000000c2f000000)]
  0x000001807d58b3d0 JavaThread "Unconstrained build operations Thread 22" [_thread_blocked, id=19916, stack(0x0000000c2f000000,0x0000000c2f100000)]
  0x000001807d58b8a0 JavaThread "Unconstrained build operations Thread 23" [_thread_blocked, id=5268, stack(0x0000000c2f100000,0x0000000c2f200000)]
  0x000001807d58bd70 JavaThread "Unconstrained build operations Thread 24" [_thread_blocked, id=25980, stack(0x0000000c2f200000,0x0000000c2f300000)]
  0x000001807d58c240 JavaThread "Unconstrained build operations Thread 25" [_thread_blocked, id=6744, stack(0x0000000c2f300000,0x0000000c2f400000)]
  0x000001807d58d0b0 JavaThread "Unconstrained build operations Thread 26" [_thread_blocked, id=13340, stack(0x0000000c2f400000,0x0000000c2f500000)]
  0x000001807d58e3f0 JavaThread "Unconstrained build operations Thread 27" [_thread_blocked, id=10688, stack(0x0000000c2f500000,0x0000000c2f600000)]
  0x000001807d58e8c0 JavaThread "Unconstrained build operations Thread 28" [_thread_blocked, id=16612, stack(0x0000000c2f600000,0x0000000c2f700000)]
  0x000001807d589220 JavaThread "Unconstrained build operations Thread 29" [_thread_blocked, id=22008, stack(0x0000000c2f700000,0x0000000c2f800000)]
  0x000001807d587ee0 JavaThread "Unconstrained build operations Thread 30" [_thread_blocked, id=13200, stack(0x0000000c2f800000,0x0000000c2f900000)]
  0x000001807d5883b0 JavaThread "Unconstrained build operations Thread 31" [_thread_blocked, id=27736, stack(0x0000000c2f900000,0x0000000c2fa00000)]
  0x000001807d588d50 JavaThread "Unconstrained build operations Thread 32" [_thread_blocked, id=21804, stack(0x0000000c2fa00000,0x0000000c2fb00000)]
  0x000001807e8dba60 JavaThread "Unconstrained build operations Thread 33" [_thread_in_native, id=25252, stack(0x0000000c2fb00000,0x0000000c2fc00000)]
  0x000001807e8d8a40 JavaThread "Unconstrained build operations Thread 34" [_thread_blocked, id=20080, stack(0x0000000c2fc00000,0x0000000c2fd00000)]
  0x000001807e8d6d60 JavaThread "Unconstrained build operations Thread 35" [_thread_blocked, id=6180, stack(0x0000000c2fd00000,0x0000000c2fe00000)]
  0x000001807e8d7230 JavaThread "Unconstrained build operations Thread 36" [_thread_blocked, id=13740, stack(0x0000000c2fe00000,0x0000000c2ff00000)]
  0x000001807e8d5ef0 JavaThread "Unconstrained build operations Thread 37" [_thread_blocked, id=7632, stack(0x0000000c2ff00000,0x0000000c30000000)]
  0x000001807e8d5550 JavaThread "Unconstrained build operations Thread 38" [_thread_blocked, id=17448, stack(0x0000000c30000000,0x0000000c30100000)]
  0x000001807e8d98b0 JavaThread "Unconstrained build operations Thread 39" [_thread_blocked, id=1628, stack(0x0000000c30100000,0x0000000c30200000)]
  0x000001807e8d80a0 JavaThread "Unconstrained build operations Thread 40" [_thread_blocked, id=20864, stack(0x0000000c30200000,0x0000000c30300000)]
  0x000001807e8d9d80 JavaThread "Unconstrained build operations Thread 41" [_thread_blocked, id=11652, stack(0x0000000c30300000,0x0000000c30400000)]
  0x000001807e8d5a20 JavaThread "Unconstrained build operations Thread 42" [_thread_blocked, id=28332, stack(0x0000000c30400000,0x0000000c30500000)]
  0x000001807e8dc400 JavaThread "Unconstrained build operations Thread 43" [_thread_blocked, id=14544, stack(0x0000000c30500000,0x0000000c30600000)]
  0x000001807e8d7700 JavaThread "Unconstrained build operations Thread 44" [_thread_blocked, id=24736, stack(0x0000000c30600000,0x0000000c30700000)]
  0x000001807e8da250 JavaThread "Unconstrained build operations Thread 45" [_thread_blocked, id=7488, stack(0x0000000c30700000,0x0000000c30800000)]
  0x000001807e8d5080 JavaThread "Unconstrained build operations Thread 46" [_thread_blocked, id=4924, stack(0x0000000c30800000,0x0000000c30900000)]
  0x000001807e8d8f10 JavaThread "Unconstrained build operations Thread 47" [_thread_blocked, id=21892, stack(0x0000000c30900000,0x0000000c30a00000)]
  0x000001807e8dbf30 JavaThread "Unconstrained build operations Thread 48" [_thread_blocked, id=25244, stack(0x0000000c30a00000,0x0000000c30b00000)]
  0x000001807e8d93e0 JavaThread "Unconstrained build operations Thread 49" [_thread_blocked, id=25368, stack(0x0000000c30b00000,0x0000000c30c00000)]
  0x000001807e8d7bd0 JavaThread "Unconstrained build operations Thread 50" [_thread_in_native, id=14404, stack(0x0000000c30c00000,0x0000000c30d00000)]
  0x000001807e8dc8d0 JavaThread "Unconstrained build operations Thread 51" [_thread_blocked, id=10092, stack(0x0000000c30d00000,0x0000000c30e00000)]
  0x000001807e8d8570 JavaThread "Unconstrained build operations Thread 52" [_thread_blocked, id=25008, stack(0x0000000c30e00000,0x0000000c30f00000)]
  0x000001807e8db0c0 JavaThread "Unconstrained build operations Thread 53" [_thread_blocked, id=1788, stack(0x0000000c30f00000,0x0000000c31000000)]
  0x000001807e8da720 JavaThread "Unconstrained build operations Thread 54" [_thread_blocked, id=12280, stack(0x0000000c31000000,0x0000000c31100000)]
  0x000001807e8d63c0 JavaThread "Unconstrained build operations Thread 55" [_thread_in_Java, id=13464, stack(0x0000000c31100000,0x0000000c31200000)]
  0x000001807e8dabf0 JavaThread "Unconstrained build operations Thread 56" [_thread_blocked, id=18640, stack(0x0000000c31200000,0x0000000c31300000)]
  0x000001807e8db590 JavaThread "Unconstrained build operations Thread 57" [_thread_blocked, id=27496, stack(0x0000000c31300000,0x0000000c31400000)]
  0x000001807e8d6890 JavaThread "Unconstrained build operations Thread 58" [_thread_blocked, id=22840, stack(0x0000000c31400000,0x0000000c31500000)]
  0x000001807ebec430 JavaThread "Unconstrained build operations Thread 59" [_thread_blocked, id=17988, stack(0x0000000c31500000,0x0000000c31600000)]
  0x000001807ebefdf0 JavaThread "Unconstrained build operations Thread 60" [_thread_blocked, id=1152, stack(0x0000000c31600000,0x0000000c31700000)]
  0x000001807ebea280 JavaThread "Unconstrained build operations Thread 61" [_thread_blocked, id=1644, stack(0x0000000c31700000,0x0000000c31800000)]
  0x000001807ebec900 JavaThread "Unconstrained build operations Thread 62" [_thread_blocked, id=7564, stack(0x0000000c31800000,0x0000000c31900000)]
  0x000001807ebf02c0 JavaThread "Unconstrained build operations Thread 63" [_thread_blocked, id=5900, stack(0x0000000c31900000,0x0000000c31a00000)]
  0x000001807ebee5e0 JavaThread "Unconstrained build operations Thread 64" [_thread_blocked, id=16492, stack(0x0000000c31a00000,0x0000000c31b00000)]
  0x000001807ebecdd0 JavaThread "Unconstrained build operations Thread 65" [_thread_blocked, id=4980, stack(0x0000000c31b00000,0x0000000c31c00000)]
  0x000001807ebe9410 JavaThread "Unconstrained build operations Thread 66" [_thread_blocked, id=8320, stack(0x0000000c31c00000,0x0000000c31d00000)]
  0x000001807ebeeab0 JavaThread "Unconstrained build operations Thread 67" [_thread_blocked, id=28328, stack(0x0000000c31d00000,0x0000000c31e00000)]
  0x000001807ebe98e0 JavaThread "Unconstrained build operations Thread 68" [_thread_blocked, id=11304, stack(0x0000000c31e00000,0x0000000c31f00000)]
  0x000001807ebea750 JavaThread "Unconstrained build operations Thread 69" [_thread_blocked, id=5756, stack(0x0000000c31f00000,0x0000000c32000000)]
  0x000001807ebedc40 JavaThread "Unconstrained build operations Thread 70" [_thread_blocked, id=23592, stack(0x0000000c32000000,0x0000000c32100000)]
  0x000001807ebe9db0 JavaThread "Unconstrained build operations Thread 71" [_thread_blocked, id=18568, stack(0x0000000c32100000,0x0000000c32200000)]
  0x000001807ebed770 JavaThread "Unconstrained build operations Thread 72" [_thread_blocked, id=10388, stack(0x0000000c32200000,0x0000000c32300000)]
  0x000001807ebeba90 JavaThread "Unconstrained build operations Thread 73" [_thread_blocked, id=20252, stack(0x0000000c32300000,0x0000000c32400000)]
  0x000001807ebeac20 JavaThread "Unconstrained build operations Thread 74" [_thread_blocked, id=27832, stack(0x0000000c32400000,0x0000000c32500000)]
  0x000001807ebee110 JavaThread "Unconstrained build operations Thread 75" [_thread_blocked, id=15412, stack(0x0000000c32500000,0x0000000c32600000)]
  0x000001807ebed2a0 JavaThread "Unconstrained build operations Thread 76" [_thread_blocked, id=27712, stack(0x0000000c32600000,0x0000000c32700000)]
  0x000001807ebf0790 JavaThread "Unconstrained build operations Thread 77" [_thread_blocked, id=3664, stack(0x0000000c32700000,0x0000000c32800000)]
  0x000001807ebeb0f0 JavaThread "Unconstrained build operations Thread 78" [_thread_blocked, id=25376, stack(0x0000000c32800000,0x0000000c32900000)]
  0x000001807ebeef80 JavaThread "Unconstrained build operations Thread 79" [_thread_blocked, id=22596, stack(0x0000000c32900000,0x0000000c32a00000)]
  0x000001807ebef450 JavaThread "Unconstrained build operations Thread 80" [_thread_blocked, id=22632, stack(0x0000000c32a00000,0x0000000c32b00000)]
  0x000001807ebef920 JavaThread "Unconstrained build operations Thread 81" [_thread_blocked, id=13016, stack(0x0000000c32b00000,0x0000000c32c00000)]
  0x000001807ebe8f40 JavaThread "Unconstrained build operations Thread 82" [_thread_blocked, id=27944, stack(0x0000000c32c00000,0x0000000c32d00000)]
  0x000001807ebeb5c0 JavaThread "Unconstrained build operations Thread 83" [_thread_blocked, id=840, stack(0x0000000c32d00000,0x0000000c32e00000)]
  0x000001807ebebf60 JavaThread "Unconstrained build operations Thread 84" [_thread_blocked, id=21212, stack(0x0000000c32e00000,0x0000000c32f00000)]
  0x000001807ef83780 JavaThread "Unconstrained build operations Thread 85" [_thread_blocked, id=12696, stack(0x0000000c32f00000,0x0000000c33000000)]
  0x000001807ef87140 JavaThread "Unconstrained build operations Thread 86" [_thread_blocked, id=28156, stack(0x0000000c33000000,0x0000000c33100000)]
  0x000001807ef85930 JavaThread "Unconstrained build operations Thread 87" [_thread_blocked, id=22684, stack(0x0000000c33100000,0x0000000c33200000)]
  0x000001807ef82440 JavaThread "Unconstrained build operations Thread 88" [_thread_blocked, id=9476, stack(0x0000000c33200000,0x0000000c33300000)]
  0x000001807ef867a0 JavaThread "Unconstrained build operations Thread 89" [_thread_blocked, id=26592, stack(0x0000000c33300000,0x0000000c33400000)]
  0x000001807ef87610 JavaThread "Unconstrained build operations Thread 90" [_thread_blocked, id=1696, stack(0x0000000c33400000,0x0000000c33500000)]
  0x000001807ef81aa0 JavaThread "Unconstrained build operations Thread 91" [_thread_blocked, id=23708, stack(0x0000000c33500000,0x0000000c33600000)]
  0x000001807ef7fdc0 JavaThread "Unconstrained build operations Thread 92" [_thread_blocked, id=13228, stack(0x0000000c33600000,0x0000000c33700000)]
  0x000001807ef845f0 JavaThread "Unconstrained build operations Thread 93" [_thread_blocked, id=2176, stack(0x0000000c33700000,0x0000000c33800000)]
  0x000001807ef80290 JavaThread "Unconstrained build operations Thread 94" [_thread_blocked, id=6736, stack(0x0000000c33800000,0x0000000c33900000)]
  0x000001807ef85e00 JavaThread "Unconstrained build operations Thread 95" [_thread_blocked, id=9760, stack(0x0000000c33900000,0x0000000c33a00000)]
  0x000001807ef83c50 JavaThread "Unconstrained build operations Thread 96" [_thread_blocked, id=9016, stack(0x0000000c33a00000,0x0000000c33b00000)]
  0x000001807ef862d0 JavaThread "Unconstrained build operations Thread 97" [_thread_blocked, id=27144, stack(0x0000000c33b00000,0x0000000c33c00000)]
  0x000001807ef80760 JavaThread "Unconstrained build operations Thread 98" [_thread_blocked, id=10852, stack(0x0000000c33c00000,0x0000000c33d00000)]
  0x000001807ef81100 JavaThread "Unconstrained build operations Thread 99" [_thread_blocked, id=22260, stack(0x0000000c33d00000,0x0000000c33e00000)]
  0x000001807ef80c30 JavaThread "Unconstrained build operations Thread 100" [_thread_blocked, id=26700, stack(0x0000000c33e00000,0x0000000c33f00000)]
  0x000001807ef86c70 JavaThread "Unconstrained build operations Thread 101" [_thread_blocked, id=2436, stack(0x0000000c33f00000,0x0000000c34000000)]
  0x000001807ef815d0 JavaThread "Unconstrained build operations Thread 102" [_thread_blocked, id=8696, stack(0x0000000c34000000,0x0000000c34100000)]
  0x000001807ef81f70 JavaThread "Unconstrained build operations Thread 103" [_thread_blocked, id=7124, stack(0x0000000c34100000,0x0000000c34200000)]
  0x000001807ef82910 JavaThread "Unconstrained build operations Thread 104" [_thread_blocked, id=4864, stack(0x0000000c34200000,0x0000000c34300000)]
  0x000001807ef832b0 JavaThread "Unconstrained build operations Thread 105" [_thread_blocked, id=27672, stack(0x0000000c34300000,0x0000000c34400000)]
  0x000001807ef84120 JavaThread "Unconstrained build operations Thread 106" [_thread_blocked, id=16344, stack(0x0000000c34400000,0x0000000c34500000)]
  0x000001807ef84ac0 JavaThread "Unconstrained build operations Thread 107" [_thread_blocked, id=18288, stack(0x0000000c34500000,0x0000000c34600000)]
  0x000001807ef82de0 JavaThread "Unconstrained build operations Thread 108" [_thread_blocked, id=13012, stack(0x0000000c34600000,0x0000000c34700000)]
  0x000001807ef85460 JavaThread "Unconstrained build operations Thread 109" [_thread_blocked, id=18768, stack(0x0000000c34700000,0x0000000c34800000)]
  0x000001807ef8cfa0 JavaThread "Unconstrained build operations Thread 110" [_thread_blocked, id=24144, stack(0x0000000c34800000,0x0000000c34900000)]
  0x000001807ef8adf0 JavaThread "Unconstrained build operations Thread 111" [_thread_blocked, id=24844, stack(0x0000000c34900000,0x0000000c34a00000)]
  0x000001807ef8b2c0 JavaThread "Unconstrained build operations Thread 112" [_thread_blocked, id=26292, stack(0x0000000c34a00000,0x0000000c34b00000)]
  0x000001807ef89110 JavaThread "Unconstrained build operations Thread 113" [_thread_blocked, id=16440, stack(0x0000000c34b00000,0x0000000c34c00000)]
  0x000001807ef89f80 JavaThread "Unconstrained build operations Thread 114" [_thread_blocked, id=11336, stack(0x0000000c34c00000,0x0000000c34d00000)]
  0x000001807ef8e7b0 JavaThread "Unconstrained build operations Thread 115" [_thread_blocked, id=11184, stack(0x0000000c34d00000,0x0000000c34e00000)]
  0x000001807ef8c130 JavaThread "Unconstrained build operations Thread 116" [_thread_blocked, id=24544, stack(0x0000000c34e00000,0x0000000c34f00000)]
  0x000001807ef89ab0 JavaThread "Unconstrained build operations Thread 117" [_thread_blocked, id=15468, stack(0x0000000c34f00000,0x0000000c35000000)]
  0x000001807ef8c600 JavaThread "Unconstrained build operations Thread 118" [_thread_blocked, id=12816, stack(0x0000000c35000000,0x0000000c35100000)]
  0x000001807ef895e0 JavaThread "Unconstrained build operations Thread 119" [_thread_blocked, id=11020, stack(0x0000000c35100000,0x0000000c35200000)]
  0x000001807ef8b790 JavaThread "Unconstrained build operations Thread 120" [_thread_blocked, id=26384, stack(0x0000000c35200000,0x0000000c35300000)]
  0x000001807ef8a450 JavaThread "jar transforms Thread 6" [_thread_blocked, id=27624, stack(0x0000000c35300000,0x0000000c35400000)]
  0x000001807ef882a0 JavaThread "jar transforms Thread 7" [_thread_blocked, id=6424, stack(0x0000000c35400000,0x0000000c35500000)]
  0x000001807ef8a920 JavaThread "jar transforms Thread 8" [_thread_blocked, id=17620, stack(0x0000000c35500000,0x0000000c35600000)]
  0x000001807ef8f620 JavaThread "jar transforms Thread 9" [_thread_blocked, id=5816, stack(0x0000000c35600000,0x0000000c35700000)]
  0x000001807ef8bc60 JavaThread "jar transforms Thread 10" [_thread_blocked, id=4440, stack(0x0000000c35700000,0x0000000c35800000)]
  0x000001807ef8cad0 JavaThread "jar transforms Thread 11" [_thread_blocked, id=12344, stack(0x0000000c35800000,0x0000000c35900000)]
  0x000001807ef8d470 JavaThread "jar transforms Thread 12" [_thread_blocked, id=22964, stack(0x0000000c35900000,0x0000000c35a00000)]
  0x000001807ef8ec80 JavaThread "build event listener" [_thread_blocked, id=15716, stack(0x0000000c35a00000,0x0000000c35b00000)]
  0x000001807ef88770 JavaThread "Memory manager" [_thread_blocked, id=25704, stack(0x0000000c35b00000,0x0000000c35c00000)]
  0x000001807ea07e50 JavaThread "included builds" [_thread_blocked, id=19896, stack(0x0000000c35c00000,0x0000000c35d00000)]
  0x000001807ea03fc0 JavaThread "Execution worker" [_thread_blocked, id=10900, stack(0x0000000c35d00000,0x0000000c35e00000)]
  0x000001807ea09b30 JavaThread "Execution worker Thread 2" [_thread_blocked, id=11872, stack(0x0000000c35e00000,0x0000000c35f00000)]
  0x000001807ea03620 JavaThread "Execution worker Thread 3" [_thread_blocked, id=27840, stack(0x0000000c35f00000,0x0000000c36000000)]
  0x000001807ea04490 JavaThread "Execution worker Thread 4" [_thread_blocked, id=11860, stack(0x0000000c36000000,0x0000000c36100000)]
  0x000001807ea0a4d0 JavaThread "Execution worker Thread 5" [_thread_blocked, id=26944, stack(0x0000000c36100000,0x0000000c36200000)]
  0x000001807ea04960 JavaThread "Execution worker Thread 6" [_thread_blocked, id=24704, stack(0x0000000c36200000,0x0000000c36300000)]
  0x000001807ea087f0 JavaThread "Execution worker Thread 7" [_thread_blocked, id=20196, stack(0x0000000c36300000,0x0000000c36400000)]
  0x000001807ea06640 JavaThread "Execution worker Thread 8" [_thread_blocked, id=23752, stack(0x0000000c36400000,0x0000000c36500000)]
  0x000001807ea05ca0 JavaThread "Execution worker Thread 9" [_thread_blocked, id=9652, stack(0x0000000c36500000,0x0000000c36600000)]
  0x000001807ea06b10 JavaThread "Execution worker Thread 10" [_thread_blocked, id=18144, stack(0x0000000c36600000,0x0000000c36700000)]
  0x000001807ea03150 JavaThread "Execution worker Thread 11" [_thread_blocked, id=26120, stack(0x0000000c36700000,0x0000000c36800000)]
  0x000001807ea08320 JavaThread "Cache worker for execution history cache (C:\LAB MP\UASNo2New\.gradle\8.0\executionHistory)" [_thread_blocked, id=9888, stack(0x0000000c36800000,0x0000000c36900000)]

Other Threads:
  0x0000018079020ba0 VMThread "VM Thread" [stack: 0x0000000c2a600000,0x0000000c2a700000] [id=27768]
  0x000001807862aab0 WatcherThread [stack: 0x0000000c2b200000,0x0000000c2b300000] [id=27224]
  0x000001805e445550 GCTaskThread "GC Thread#0" [stack: 0x0000000c2a100000,0x0000000c2a200000] [id=16484]
  0x0000018079946880 GCTaskThread "GC Thread#1" [stack: 0x0000000c2b400000,0x0000000c2b500000] [id=23192]
  0x0000018079946b30 GCTaskThread "GC Thread#2" [stack: 0x0000000c2b500000,0x0000000c2b600000] [id=11136]
  0x0000018079aea300 GCTaskThread "GC Thread#3" [stack: 0x0000000c2b600000,0x0000000c2b700000] [id=22456]
  0x0000018079f6ae70 GCTaskThread "GC Thread#4" [stack: 0x0000000c2b700000,0x0000000c2b800000] [id=2832]
  0x000001807b597360 GCTaskThread "GC Thread#5" [stack: 0x0000000c2c200000,0x0000000c2c300000] [id=1280]
  0x000001807abc2bc0 GCTaskThread "GC Thread#6" [stack: 0x0000000c2c300000,0x0000000c2c400000] [id=2460]
  0x000001807a71c060 GCTaskThread "GC Thread#7" [stack: 0x0000000c2c400000,0x0000000c2c500000] [id=7664]
  0x000001807a71c310 GCTaskThread "GC Thread#8" [stack: 0x0000000c2c500000,0x0000000c2c600000] [id=6644]
  0x000001807a8c6e30 GCTaskThread "GC Thread#9" [stack: 0x0000000c2c600000,0x0000000c2c700000] [id=13664]
  0x000001805e4565f0 ConcurrentGCThread "G1 Main Marker" [stack: 0x0000000c2a200000,0x0000000c2a300000] [id=19520]
  0x000001805e457eb0 ConcurrentGCThread "G1 Conc#0" [stack: 0x0000000c2a300000,0x0000000c2a400000] [id=25764]
  0x000001807a8c58b0 ConcurrentGCThread "G1 Conc#1" [stack: 0x0000000c2c700000,0x0000000c2c800000] [id=24912]
  0x000001807a8c5600 ConcurrentGCThread "G1 Conc#2" [stack: 0x0000000c2c800000,0x0000000c2c900000] [id=14168]
  0x00000180784f8150 ConcurrentGCThread "G1 Refine#0" [stack: 0x0000000c2a400000,0x0000000c2a500000] [id=10860]
  0x00000180784f8a10 ConcurrentGCThread "G1 Service" [stack: 0x0000000c2a500000,0x0000000c2a600000] [id=9460]

Threads with active compile tasks:
C2 CompilerThread0     8186 8414       4       java.beans.Introspector::addMethod (196 bytes)
C1 CompilerThread0     8186 9134       2       org.gradle.internal.vfs.impl.DefaultFileSystemAccess::lambda$readSnapshotFromLocation$10 (18 bytes)
C2 CompilerThread1     8186 8453       4       org.gradle.internal.instantiation.generator.AbstractClassGenerator::inspectType (560 bytes)

VM state: not at safepoint (normal execution)

VM Mutex/Monitor currently owned by a thread:  ([mutex/lock_event])
[0x000001805c18d840] CodeCache_lock - owner thread: 0x00000180790667e0
[0x000001805e3e4b90] Compile_lock - owner thread: 0x00000180790667e0

Heap address: 0x0000000080000000, size: 2048 MB, Compressed Oops mode: 32-bit

CDS archive(s) not mapped
Compressed class space mapped at: 0x0000000100000000-0x0000000140000000, reserved size: 1073741824
Narrow klass base: 0x0000000000000000, Narrow klass shift: 3, Narrow klass range: 0x140000000

GC Precious Log:
 CPUs: 12 total, 12 available
 Memory: 8043M
 Large Page Support: Disabled
 NUMA Support: Disabled
 Compressed Oops: Enabled (32-bit)
 Heap Region Size: 1M
 Heap Min Capacity: 8M
 Heap Initial Capacity: 126M
 Heap Max Capacity: 2G
 Pre-touch: Disabled
 Parallel Workers: 10
 Concurrent Workers: 3
 Concurrent Refinement Workers: 10
 Periodic GC: Disabled

Heap:
 garbage-first heap   total 132096K, used 97152K [0x0000000080000000, 0x0000000100000000)
  region size 1024K, 31 young (31744K), 6 survivors (6144K)
 Metaspace       used 84117K, committed 84800K, reserved 1122304K
  class space    used 11641K, committed 11968K, reserved 1048576K

Heap Regions: E=young(eden), S=young(survivor), O=old, HS=humongous(starts), HC=humongous(continues), CS=collection set, F=free, OA=open archive, CA=closed archive, TAMS=top-at-mark-start (previous, next)
|   0|0x0000000080000000, 0x0000000080100000, 0x0000000080100000|100%|HS|  |TAMS 0x0000000080100000, 0x0000000080000000| Complete 
|   1|0x0000000080100000, 0x0000000080200000, 0x0000000080200000|100%|HC|  |TAMS 0x0000000080200000, 0x0000000080100000| Complete 
|   2|0x0000000080200000, 0x0000000080300000, 0x0000000080300000|100%|HC|  |TAMS 0x0000000080300000, 0x0000000080200000| Complete 
|   3|0x0000000080300000, 0x0000000080400000, 0x0000000080400000|100%|HC|  |TAMS 0x0000000080400000, 0x0000000080300000| Complete 
|   4|0x0000000080400000, 0x0000000080500000, 0x0000000080500000|100%| O|  |TAMS 0x0000000080500000, 0x0000000080400000| Untracked 
|   5|0x0000000080500000, 0x0000000080600000, 0x0000000080600000|100%| O|  |TAMS 0x0000000080600000, 0x0000000080500000| Untracked 
|   6|0x0000000080600000, 0x0000000080700000, 0x0000000080700000|100%| O|  |TAMS 0x0000000080700000, 0x0000000080600000| Untracked 
|   7|0x0000000080700000, 0x0000000080800000, 0x0000000080800000|100%| O|  |TAMS 0x0000000080800000, 0x0000000080700000| Untracked 
|   8|0x0000000080800000, 0x0000000080900000, 0x0000000080900000|100%| O|  |TAMS 0x0000000080900000, 0x0000000080800000| Untracked 
|   9|0x0000000080900000, 0x0000000080a00000, 0x0000000080a00000|100%| O|  |TAMS 0x0000000080a00000, 0x0000000080900000| Untracked 
|  10|0x0000000080a00000, 0x0000000080b00000, 0x0000000080b00000|100%| O|  |TAMS 0x0000000080b00000, 0x0000000080a00000| Untracked 
|  11|0x0000000080b00000, 0x0000000080c00000, 0x0000000080c00000|100%| O|  |TAMS 0x0000000080c00000, 0x0000000080b00000| Untracked 
|  12|0x0000000080c00000, 0x0000000080d00000, 0x0000000080d00000|100%| O|  |TAMS 0x0000000080d00000, 0x0000000080c00000| Untracked 
|  13|0x0000000080d00000, 0x0000000080e00000, 0x0000000080e00000|100%| O|  |TAMS 0x0000000080e00000, 0x0000000080d00000| Untracked 
|  14|0x0000000080e00000, 0x0000000080f00000, 0x0000000080f00000|100%| O|  |TAMS 0x0000000080f00000, 0x0000000080e00000| Untracked 
|  15|0x0000000080f00000, 0x0000000081000000, 0x0000000081000000|100%| O|  |TAMS 0x0000000081000000, 0x0000000080f00000| Untracked 
|  16|0x0000000081000000, 0x0000000081100000, 0x0000000081100000|100%| O|  |TAMS 0x0000000081100000, 0x0000000081000000| Untracked 
|  17|0x0000000081100000, 0x0000000081200000, 0x0000000081200000|100%| O|  |TAMS 0x0000000081200000, 0x0000000081100000| Untracked 
|  18|0x0000000081200000, 0x0000000081300000, 0x0000000081300000|100%| O|  |TAMS 0x0000000081300000, 0x0000000081200000| Untracked 
|  19|0x0000000081300000, 0x0000000081400000, 0x0000000081400000|100%| O|  |TAMS 0x0000000081400000, 0x0000000081300000| Untracked 
|  20|0x0000000081400000, 0x0000000081500000, 0x0000000081500000|100%| O|  |TAMS 0x0000000081500000, 0x0000000081400000| Untracked 
|  21|0x0000000081500000, 0x0000000081600000, 0x0000000081600000|100%| O|  |TAMS 0x0000000081600000, 0x0000000081500000| Untracked 
|  22|0x0000000081600000, 0x0000000081700000, 0x0000000081700000|100%| O|  |TAMS 0x0000000081700000, 0x0000000081600000| Untracked 
|  23|0x0000000081700000, 0x0000000081800000, 0x0000000081800000|100%| O|  |TAMS 0x0000000081800000, 0x0000000081700000| Complete 
|  24|0x0000000081800000, 0x0000000081900000, 0x0000000081900000|100%|HS|  |TAMS 0x0000000081900000, 0x0000000081800000| Complete 
|  25|0x0000000081900000, 0x0000000081a00000, 0x0000000081a00000|100%| O|  |TAMS 0x0000000081a00000, 0x0000000081900000| Untracked 
|  26|0x0000000081a00000, 0x0000000081b00000, 0x0000000081b00000|100%| O|  |TAMS 0x0000000081b00000, 0x0000000081a00000| Untracked 
|  27|0x0000000081b00000, 0x0000000081c00000, 0x0000000081c00000|100%| O|  |TAMS 0x0000000081c00000, 0x0000000081b00000| Untracked 
|  28|0x0000000081c00000, 0x0000000081d00000, 0x0000000081d00000|100%| O|  |TAMS 0x0000000081d00000, 0x0000000081c00000| Untracked 
|  29|0x0000000081d00000, 0x0000000081e00000, 0x0000000081e00000|100%| O|  |TAMS 0x0000000081e00000, 0x0000000081d00000| Untracked 
|  30|0x0000000081e00000, 0x0000000081f00000, 0x0000000081f00000|100%| O|  |TAMS 0x0000000081f00000, 0x0000000081e00000| Untracked 
|  31|0x0000000081f00000, 0x0000000082000000, 0x0000000082000000|100%| O|  |TAMS 0x0000000082000000, 0x0000000081f00000| Untracked 
|  32|0x0000000082000000, 0x0000000082100000, 0x0000000082100000|100%| O|  |TAMS 0x0000000082100000, 0x0000000082000000| Untracked 
|  33|0x0000000082100000, 0x0000000082200000, 0x0000000082200000|100%| O|  |TAMS 0x0000000082200000, 0x0000000082100000| Untracked 
|  34|0x0000000082200000, 0x0000000082300000, 0x0000000082300000|100%|HS|  |TAMS 0x0000000082300000, 0x0000000082200000| Complete 
|  35|0x0000000082300000, 0x0000000082400000, 0x0000000082400000|100%| O|  |TAMS 0x0000000082400000, 0x0000000082300000| Untracked 
|  36|0x0000000082400000, 0x0000000082500000, 0x0000000082500000|100%| O|  |TAMS 0x0000000082500000, 0x0000000082400000| Untracked 
|  37|0x0000000082500000, 0x0000000082600000, 0x0000000082600000|100%| O|  |TAMS 0x0000000082600000, 0x0000000082500000| Untracked 
|  38|0x0000000082600000, 0x0000000082700000, 0x0000000082700000|100%| O|  |TAMS 0x0000000082700000, 0x0000000082600000| Untracked 
|  39|0x0000000082700000, 0x0000000082800000, 0x0000000082800000|100%| O|  |TAMS 0x0000000082800000, 0x0000000082700000| Untracked 
|  40|0x0000000082800000, 0x0000000082900000, 0x0000000082900000|100%| O|  |TAMS 0x0000000082900000, 0x0000000082800000| Untracked 
|  41|0x0000000082900000, 0x0000000082a00000, 0x0000000082a00000|100%| O|  |TAMS 0x0000000082a00000, 0x0000000082900000| Untracked 
|  42|0x0000000082a00000, 0x0000000082b00000, 0x0000000082b00000|100%| O|  |TAMS 0x0000000082b00000, 0x0000000082a00000| Untracked 
|  43|0x0000000082b00000, 0x0000000082c00000, 0x0000000082c00000|100%| O|  |TAMS 0x0000000082c00000, 0x0000000082b00000| Untracked 
|  44|0x0000000082c00000, 0x0000000082d00000, 0x0000000082d00000|100%| O|  |TAMS 0x0000000082d00000, 0x0000000082c00000| Untracked 
|  45|0x0000000082d00000, 0x0000000082e00000, 0x0000000082e00000|100%| O|  |TAMS 0x0000000082e00000, 0x0000000082d00000| Untracked 
|  46|0x0000000082e00000, 0x0000000082f00000, 0x0000000082f00000|100%| O|  |TAMS 0x0000000082f00000, 0x0000000082e00000| Untracked 
|  47|0x0000000082f00000, 0x0000000083000000, 0x0000000083000000|100%| O|  |TAMS 0x0000000083000000, 0x0000000082f00000| Untracked 
|  48|0x0000000083000000, 0x0000000083100000, 0x0000000083100000|100%| O|  |TAMS 0x0000000083100000, 0x0000000083000000| Untracked 
|  49|0x0000000083100000, 0x0000000083200000, 0x0000000083200000|100%| O|  |TAMS 0x0000000083200000, 0x0000000083100000| Untracked 
|  50|0x0000000083200000, 0x0000000083300000, 0x0000000083300000|100%| O|  |TAMS 0x0000000083300000, 0x0000000083200000| Untracked 
|  51|0x0000000083300000, 0x0000000083400000, 0x0000000083400000|100%| O|  |TAMS 0x0000000083400000, 0x0000000083300000| Untracked 
|  52|0x0000000083400000, 0x0000000083500000, 0x0000000083500000|100%| O|  |TAMS 0x0000000083500000, 0x0000000083400000| Untracked 
|  53|0x0000000083500000, 0x0000000083600000, 0x0000000083600000|100%| O|  |TAMS 0x0000000083600000, 0x0000000083500000| Untracked 
|  54|0x0000000083600000, 0x0000000083700000, 0x0000000083700000|100%| O|  |TAMS 0x0000000083700000, 0x0000000083600000| Untracked 
|  55|0x0000000083700000, 0x0000000083800000, 0x0000000083800000|100%| O|  |TAMS 0x0000000083800000, 0x0000000083700000| Untracked 
|  56|0x0000000083800000, 0x0000000083900000, 0x0000000083900000|100%| O|  |TAMS 0x0000000083900000, 0x0000000083800000| Untracked 
|  57|0x0000000083900000, 0x0000000083a00000, 0x0000000083a00000|100%| O|  |TAMS 0x0000000083a00000, 0x0000000083900000| Untracked 
|  58|0x0000000083a00000, 0x0000000083b00000, 0x0000000083b00000|100%| O|  |TAMS 0x0000000083b00000, 0x0000000083a00000| Untracked 
|  59|0x0000000083b00000, 0x0000000083c00000, 0x0000000083c00000|100%| O|  |TAMS 0x0000000083c00000, 0x0000000083b00000| Untracked 
|  60|0x0000000083c00000, 0x0000000083d00000, 0x0000000083d00000|100%| O|  |TAMS 0x0000000083c92a00, 0x0000000083c00000| Untracked 
|  61|0x0000000083d00000, 0x0000000083e00000, 0x0000000083e00000|100%| O|  |TAMS 0x0000000083d00000, 0x0000000083d00000| Untracked 
|  62|0x0000000083e00000, 0x0000000083f00000, 0x0000000083f00000|100%| O|  |TAMS 0x0000000083e00000, 0x0000000083e00000| Untracked 
|  63|0x0000000083f00000, 0x0000000084000000, 0x0000000084000000|100%| O|  |TAMS 0x0000000083f00000, 0x0000000083f00000| Untracked 
|  64|0x0000000084000000, 0x0000000084100000, 0x0000000084100000|100%| O|  |TAMS 0x0000000084000000, 0x0000000084000000| Untracked 
|  65|0x0000000084100000, 0x000000008414f000, 0x0000000084200000| 30%| O|  |TAMS 0x0000000084100000, 0x0000000084100000| Untracked 
|  66|0x0000000084200000, 0x0000000084200000, 0x0000000084300000|  0%| F|  |TAMS 0x0000000084200000, 0x0000000084200000| Untracked 
|  67|0x0000000084300000, 0x0000000084300000, 0x0000000084400000|  0%| F|  |TAMS 0x0000000084300000, 0x0000000084300000| Untracked 
|  68|0x0000000084400000, 0x0000000084400000, 0x0000000084500000|  0%| F|  |TAMS 0x0000000084400000, 0x0000000084400000| Untracked 
|  69|0x0000000084500000, 0x0000000084500000, 0x0000000084600000|  0%| F|  |TAMS 0x0000000084500000, 0x0000000084500000| Untracked 
|  70|0x0000000084600000, 0x0000000084600000, 0x0000000084700000|  0%| F|  |TAMS 0x0000000084600000, 0x0000000084600000| Untracked 
|  71|0x0000000084700000, 0x0000000084700000, 0x0000000084800000|  0%| F|  |TAMS 0x0000000084700000, 0x0000000084700000| Untracked 
|  72|0x0000000084800000, 0x0000000084800000, 0x0000000084900000|  0%| F|  |TAMS 0x0000000084800000, 0x0000000084800000| Untracked 
|  73|0x0000000084900000, 0x0000000084900000, 0x0000000084a00000|  0%| F|  |TAMS 0x0000000084900000, 0x0000000084900000| Untracked 
|  74|0x0000000084a00000, 0x0000000084a00000, 0x0000000084b00000|  0%| F|  |TAMS 0x0000000084a00000, 0x0000000084a00000| Untracked 
|  75|0x0000000084b00000, 0x0000000084b00000, 0x0000000084c00000|  0%| F|  |TAMS 0x0000000084b00000, 0x0000000084b00000| Untracked 
|  76|0x0000000084c00000, 0x0000000084c00000, 0x0000000084d00000|  0%| F|  |TAMS 0x0000000084c00000, 0x0000000084c00000| Untracked 
|  77|0x0000000084d00000, 0x0000000084d00000, 0x0000000084e00000|  0%| F|  |TAMS 0x0000000084d00000, 0x0000000084d00000| Untracked 
|  78|0x0000000084e00000, 0x0000000084e00000, 0x0000000084f00000|  0%| F|  |TAMS 0x0000000084e00000, 0x0000000084e00000| Untracked 
|  79|0x0000000084f00000, 0x0000000084f00000, 0x0000000085000000|  0%| F|  |TAMS 0x0000000084f00000, 0x0000000084f00000| Untracked 
|  80|0x0000000085000000, 0x0000000085000000, 0x0000000085100000|  0%| F|  |TAMS 0x0000000085000000, 0x0000000085000000| Untracked 
|  81|0x0000000085100000, 0x0000000085100000, 0x0000000085200000|  0%| F|  |TAMS 0x0000000085100000, 0x0000000085100000| Untracked 
|  82|0x0000000085200000, 0x0000000085291080, 0x0000000085300000| 56%| S|CS|TAMS 0x0000000085200000, 0x0000000085200000| Complete 
|  83|0x0000000085300000, 0x0000000085400000, 0x0000000085400000|100%| S|CS|TAMS 0x0000000085300000, 0x0000000085300000| Complete 
|  84|0x0000000085400000, 0x0000000085500000, 0x0000000085500000|100%| S|CS|TAMS 0x0000000085400000, 0x0000000085400000| Complete 
|  85|0x0000000085500000, 0x0000000085500000, 0x0000000085600000|  0%| F|  |TAMS 0x0000000085500000, 0x0000000085500000| Untracked 
|  86|0x0000000085600000, 0x0000000085600000, 0x0000000085700000|  0%| F|  |TAMS 0x0000000085600000, 0x0000000085600000| Untracked 
|  87|0x0000000085700000, 0x0000000085700000, 0x0000000085800000|  0%| F|  |TAMS 0x0000000085700000, 0x0000000085700000| Untracked 
|  88|0x0000000085800000, 0x0000000085900000, 0x0000000085900000|100%| S|CS|TAMS 0x0000000085800000, 0x0000000085800000| Complete 
|  89|0x0000000085900000, 0x0000000085a00000, 0x0000000085a00000|100%| S|CS|TAMS 0x0000000085900000, 0x0000000085900000| Complete 
|  90|0x0000000085a00000, 0x0000000085b00000, 0x0000000085b00000|100%| S|CS|TAMS 0x0000000085a00000, 0x0000000085a00000| Complete 
|  91|0x0000000085b00000, 0x0000000085b00000, 0x0000000085c00000|  0%| F|  |TAMS 0x0000000085b00000, 0x0000000085b00000| Untracked 
|  92|0x0000000085c00000, 0x0000000085c00000, 0x0000000085d00000|  0%| F|  |TAMS 0x0000000085c00000, 0x0000000085c00000| Untracked 
|  93|0x0000000085d00000, 0x0000000085d00000, 0x0000000085e00000|  0%| F|  |TAMS 0x0000000085d00000, 0x0000000085d00000| Untracked 
|  94|0x0000000085e00000, 0x0000000085e00000, 0x0000000085f00000|  0%| F|  |TAMS 0x0000000085e00000, 0x0000000085e00000| Untracked 
|  95|0x0000000085f00000, 0x0000000085f00000, 0x0000000086000000|  0%| F|  |TAMS 0x0000000085f00000, 0x0000000085f00000| Untracked 
|  96|0x0000000086000000, 0x0000000086000000, 0x0000000086100000|  0%| F|  |TAMS 0x0000000086000000, 0x0000000086000000| Untracked 
|  97|0x0000000086100000, 0x0000000086100000, 0x0000000086200000|  0%| F|  |TAMS 0x0000000086100000, 0x0000000086100000| Untracked 
|  98|0x0000000086200000, 0x0000000086200000, 0x0000000086300000|  0%| F|  |TAMS 0x0000000086200000, 0x0000000086200000| Untracked 
|  99|0x0000000086300000, 0x0000000086300000, 0x0000000086400000|  0%| F|  |TAMS 0x0000000086300000, 0x0000000086300000| Untracked 
| 100|0x0000000086400000, 0x0000000086400000, 0x0000000086500000|  0%| F|  |TAMS 0x0000000086400000, 0x0000000086400000| Untracked 
| 101|0x0000000086500000, 0x0000000086500000, 0x0000000086600000|  0%| F|  |TAMS 0x0000000086500000, 0x0000000086500000| Untracked 
| 102|0x0000000086600000, 0x0000000086600000, 0x0000000086700000|  0%| F|  |TAMS 0x0000000086600000, 0x0000000086600000| Untracked 
| 103|0x0000000086700000, 0x0000000086716518, 0x0000000086800000|  8%| E|  |TAMS 0x0000000086700000, 0x0000000086700000| Complete 
| 104|0x0000000086800000, 0x0000000086900000, 0x0000000086900000|100%| E|CS|TAMS 0x0000000086800000, 0x0000000086800000| Complete 
| 105|0x0000000086900000, 0x0000000086a00000, 0x0000000086a00000|100%| E|CS|TAMS 0x0000000086900000, 0x0000000086900000| Complete 
| 106|0x0000000086a00000, 0x0000000086b00000, 0x0000000086b00000|100%| E|CS|TAMS 0x0000000086a00000, 0x0000000086a00000| Complete 
| 107|0x0000000086b00000, 0x0000000086c00000, 0x0000000086c00000|100%| E|CS|TAMS 0x0000000086b00000, 0x0000000086b00000| Complete 
| 108|0x0000000086c00000, 0x0000000086d00000, 0x0000000086d00000|100%| E|CS|TAMS 0x0000000086c00000, 0x0000000086c00000| Complete 
| 109|0x0000000086d00000, 0x0000000086e00000, 0x0000000086e00000|100%| E|CS|TAMS 0x0000000086d00000, 0x0000000086d00000| Complete 
| 110|0x0000000086e00000, 0x0000000086f00000, 0x0000000086f00000|100%| E|CS|TAMS 0x0000000086e00000, 0x0000000086e00000| Complete 
| 111|0x0000000086f00000, 0x0000000087000000, 0x0000000087000000|100%| E|CS|TAMS 0x0000000086f00000, 0x0000000086f00000| Complete 
| 112|0x0000000087000000, 0x0000000087100000, 0x0000000087100000|100%| E|CS|TAMS 0x0000000087000000, 0x0000000087000000| Complete 
| 113|0x0000000087100000, 0x0000000087200000, 0x0000000087200000|100%| E|CS|TAMS 0x0000000087100000, 0x0000000087100000| Complete 
| 114|0x0000000087200000, 0x0000000087300000, 0x0000000087300000|100%| E|CS|TAMS 0x0000000087200000, 0x0000000087200000| Complete 
| 115|0x0000000087300000, 0x0000000087400000, 0x0000000087400000|100%| E|CS|TAMS 0x0000000087300000, 0x0000000087300000| Complete 
| 116|0x0000000087400000, 0x0000000087500000, 0x0000000087500000|100%| E|CS|TAMS 0x0000000087400000, 0x0000000087400000| Complete 
| 117|0x0000000087500000, 0x0000000087600000, 0x0000000087600000|100%| E|CS|TAMS 0x0000000087500000, 0x0000000087500000| Complete 
| 118|0x0000000087600000, 0x0000000087700000, 0x0000000087700000|100%| E|CS|TAMS 0x0000000087600000, 0x0000000087600000| Complete 
| 119|0x0000000087700000, 0x0000000087800000, 0x0000000087800000|100%| E|CS|TAMS 0x0000000087700000, 0x0000000087700000| Complete 
| 120|0x0000000087800000, 0x0000000087900000, 0x0000000087900000|100%| E|CS|TAMS 0x0000000087800000, 0x0000000087800000| Complete 
| 121|0x0000000087900000, 0x0000000087a00000, 0x0000000087a00000|100%| E|CS|TAMS 0x0000000087900000, 0x0000000087900000| Complete 
| 122|0x0000000087a00000, 0x0000000087b00000, 0x0000000087b00000|100%| E|CS|TAMS 0x0000000087a00000, 0x0000000087a00000| Complete 
| 123|0x0000000087b00000, 0x0000000087c00000, 0x0000000087c00000|100%| E|CS|TAMS 0x0000000087b00000, 0x0000000087b00000| Complete 
| 124|0x0000000087c00000, 0x0000000087d00000, 0x0000000087d00000|100%| E|CS|TAMS 0x0000000087c00000, 0x0000000087c00000| Complete 
| 125|0x0000000087d00000, 0x0000000087e00000, 0x0000000087e00000|100%| E|CS|TAMS 0x0000000087d00000, 0x0000000087d00000| Complete 
| 126|0x0000000087e00000, 0x0000000087f00000, 0x0000000087f00000|100%| E|CS|TAMS 0x0000000087e00000, 0x0000000087e00000| Complete 
| 127|0x0000000087f00000, 0x0000000088000000, 0x0000000088000000|100%| E|CS|TAMS 0x0000000087f00000, 0x0000000087f00000| Complete 
| 128|0x0000000088000000, 0x0000000088100000, 0x0000000088100000|100%| E|CS|TAMS 0x0000000088000000, 0x0000000088000000| Complete 

Card table byte_map: [0x0000018071200000,0x0000018071600000] _byte_map_base: 0x0000018070e00000

Marking Bits (Prev, Next): (CMBitMap*) 0x000001805e445b60, (CMBitMap*) 0x000001805e445ba0
 Prev Bits: [0x0000018071a00000, 0x0000018073a00000)
 Next Bits: [0x0000018073a00000, 0x0000018075a00000)

Polling page: 0x000001805c3a0000

Metaspace:

Usage:
  Non-class:     70.78 MB used.
      Class:     11.37 MB used.
       Both:     82.15 MB used.

Virtual space:
  Non-class space:       72.00 MB reserved,      71.12 MB ( 99%) committed,  9 nodes.
      Class space:        1.00 GB reserved,      11.69 MB (  1%) committed,  1 nodes.
             Both:        1.07 GB reserved,      82.81 MB (  8%) committed. 

Chunk freelists:
   Non-Class:  944.00 KB
       Class:  319.00 KB
        Both:  1.23 MB

MaxMetaspaceSize: unlimited
CompressedClassSpaceSize: 1.00 GB
Initial GC threshold: 21.00 MB
Current GC threshold: 136.56 MB
CDS: off
MetaspaceReclaimPolicy: balanced
 - commit_granule_bytes: 65536.
 - commit_granule_words: 8192.
 - virtual_space_node_default_size: 1048576.
 - enlarge_chunks_in_place: 1.
 - new_chunks_are_fully_committed: 0.
 - uncommit_free_chunks: 1.
 - use_allocation_guard: 0.
 - handle_deallocations: 1.


Internal statistics:

num_allocs_failed_limit: 6.
num_arena_births: 830.
num_arena_deaths: 0.
num_vsnodes_births: 10.
num_vsnodes_deaths: 0.
num_space_committed: 1325.
num_space_uncommitted: 0.
num_chunks_returned_to_freelist: 6.
num_chunks_taken_from_freelist: 3882.
num_chunk_merges: 6.
num_chunk_splits: 2501.
num_chunks_enlarged: 1641.
num_purges: 0.
num_inconsistent_stats: 0.

CodeHeap 'non-profiled nmethods': size=120000Kb used=4425Kb max_used=4425Kb free=115575Kb
 bounds [0x0000018069380000, 0x00000180697e0000, 0x00000180708b0000]
CodeHeap 'profiled nmethods': size=120000Kb used=16093Kb max_used=16093Kb free=103906Kb
 bounds [0x00000180618b0000, 0x0000018062870000, 0x0000018068de0000]
CodeHeap 'non-nmethods': size=5760Kb used=2366Kb max_used=2482Kb free=3393Kb
 bounds [0x0000018068de0000, 0x0000018069060000, 0x0000018069380000]
 total_blobs=9133 nmethods=8238 adapters=807
 compilation: enabled
              stopped_count=0, restarted_count=0
 full_count=0

Compilation events (20 events):
Event: 8.156 Thread 0x00000180790667e0 9017       2       java.util.stream.ReferencePipeline$4$1::<init> (11 bytes)
Event: 8.156 Thread 0x00000180790667e0 nmethod 9017 0x0000018062842010 code [0x00000180628421c0, 0x0000018062842488]
Event: 8.156 Thread 0x00000180790667e0 9014       2       java.util.stream.ReduceOps$6::makeSink (16 bytes)
Event: 8.157 Thread 0x00000180790667e0 nmethod 9014 0x0000018062842590 code [0x0000018062842720, 0x00000180628428d8]
Event: 8.157 Thread 0x00000180790667e0 9015       2       java.util.stream.ReduceOps$5ReducingSink::<init> (15 bytes)
Event: 8.157 Thread 0x00000180790667e0 nmethod 9015 0x0000018062842990 code [0x0000018062842b20, 0x0000018062842c78]
Event: 8.157 Thread 0x00000180790667e0 8988       1       com.google.common.collect.ImmutableSortedMap$1EntrySet$1::delegateCollection (5 bytes)
Event: 8.157 Thread 0x00000180790667e0 nmethod 8988 0x00000180697cce90 code [0x00000180697cd020, 0x00000180697cd0f8]
Event: 8.157 Thread 0x00000180790667e0 9023       2       java.util.ArrayList$ArrayListSpliterator::forEachRemaining (127 bytes)
Event: 8.157 Thread 0x00000180790667e0 nmethod 9023 0x0000018062842d10 code [0x0000018062842ee0, 0x0000018062843288]
Event: 8.157 Thread 0x00000180790667e0 9021       2       com.google.common.collect.MapMakerInternalMap$WeakKeyDummyValueEntry$Helper::copy (17 bytes)
Event: 8.157 Thread 0x00000180790667e0 nmethod 9021 0x0000018062843490 code [0x0000018062843640, 0x0000018062843868]
Event: 8.157 Thread 0x00000180790667e0 9025       2       org.gradle.internal.snapshot.DirectorySnapshot::<init> (20 bytes)
Event: 8.157 Thread 0x00000180790667e0 nmethod 9025 0x0000018062843a10 code [0x0000018062843bc0, 0x0000018062843e98]
Event: 8.157 Thread 0x00000180790667e0 9026       2       org.gradle.internal.snapshot.DirectorySnapshot::<init> (41 bytes)
Event: 8.158 Thread 0x00000180790667e0 nmethod 9026 0x0000018062843f10 code [0x0000018062844100, 0x0000018062844588]
Event: 8.158 Thread 0x00000180790667e0 9027       2       org.gradle.internal.execution.history.impl.FileSystemSnapshotSerializer$SnapshotStack::push (17 bytes)
Event: 8.158 Thread 0x00000180790667e0 nmethod 9027 0x0000018062844790 code [0x0000018062844940, 0x0000018062844b28]
Event: 8.158 Thread 0x00000180790667e0 9028       2       org.gradle.internal.execution.history.impl.FileSystemSnapshotSerializer$SnapshotStack::pop (29 bytes)
Event: 8.158 Thread 0x00000180790667e0 nmethod 9028 0x0000018062844c10 code [0x0000018062844dc0, 0x0000018062844ff8]

GC Heap History (20 events):
Event: 5.414 GC heap before
{Heap before GC invocations=21 (full 0):
 garbage-first heap   total 102400K, used 53637K [0x0000000080000000, 0x0000000100000000)
  region size 1024K, 5 young (5120K), 2 survivors (2048K)
 Metaspace       used 64265K, committed 64768K, reserved 1105920K
  class space    used 8494K, committed 8704K, reserved 1048576K
}
Event: 5.416 GC heap after
{Heap after GC invocations=22 (full 0):
 garbage-first heap   total 102400K, used 50652K [0x0000000080000000, 0x0000000100000000)
  region size 1024K, 1 young (1024K), 1 survivors (1024K)
 Metaspace       used 64265K, committed 64768K, reserved 1105920K
  class space    used 8494K, committed 8704K, reserved 1048576K
}
Event: 5.632 GC heap before
{Heap before GC invocations=22 (full 0):
 garbage-first heap   total 102400K, used 75228K [0x0000000080000000, 0x0000000100000000)
  region size 1024K, 25 young (25600K), 1 survivors (1024K)
 Metaspace       used 66209K, committed 66816K, reserved 1114112K
  class space    used 8739K, committed 9024K, reserved 1048576K
}
Event: 5.634 GC heap after
{Heap after GC invocations=23 (full 0):
 garbage-first heap   total 102400K, used 52522K [0x0000000080000000, 0x0000000100000000)
  region size 1024K, 3 young (3072K), 3 survivors (3072K)
 Metaspace       used 66209K, committed 66816K, reserved 1114112K
  class space    used 8739K, committed 9024K, reserved 1048576K
}
Event: 5.687 GC heap before
{Heap before GC invocations=24 (full 0):
 garbage-first heap   total 102400K, used 55594K [0x0000000080000000, 0x0000000100000000)
  region size 1024K, 7 young (7168K), 3 survivors (3072K)
 Metaspace       used 66542K, committed 67072K, reserved 1114112K
  class space    used 8766K, committed 9024K, reserved 1048576K
}
Event: 5.690 GC heap after
{Heap after GC invocations=25 (full 0):
 garbage-first heap   total 102400K, used 53219K [0x0000000080000000, 0x0000000100000000)
  region size 1024K, 3 young (3072K), 3 survivors (3072K)
 Metaspace       used 66542K, committed 67072K, reserved 1114112K
  class space    used 8766K, committed 9024K, reserved 1048576K
}
Event: 5.917 GC heap before
{Heap before GC invocations=26 (full 0):
 garbage-first heap   total 102400K, used 78819K [0x0000000080000000, 0x0000000100000000)
  region size 1024K, 28 young (28672K), 3 survivors (3072K)
 Metaspace       used 67467K, committed 68032K, reserved 1114112K
  class space    used 8914K, committed 9152K, reserved 1048576K
}
Event: 5.921 GC heap after
{Heap after GC invocations=27 (full 0):
 garbage-first heap   total 102400K, used 54662K [0x0000000080000000, 0x0000000100000000)
  region size 1024K, 3 young (3072K), 3 survivors (3072K)
 Metaspace       used 67467K, committed 68032K, reserved 1114112K
  class space    used 8914K, committed 9152K, reserved 1048576K
}
Event: 6.096 GC heap before
{Heap before GC invocations=27 (full 0):
 garbage-first heap   total 102400K, used 78214K [0x0000000080000000, 0x0000000100000000)
  region size 1024K, 27 young (27648K), 3 survivors (3072K)
 Metaspace       used 68532K, committed 69120K, reserved 1114112K
  class space    used 9055K, committed 9344K, reserved 1048576K
}
Event: 6.099 GC heap after
{Heap after GC invocations=28 (full 0):
 garbage-first heap   total 132096K, used 56775K [0x0000000080000000, 0x0000000100000000)
  region size 1024K, 4 young (4096K), 4 survivors (4096K)
 Metaspace       used 68532K, committed 69120K, reserved 1114112K
  class space    used 9055K, committed 9344K, reserved 1048576K
}
Event: 6.660 GC heap before
{Heap before GC invocations=29 (full 0):
 garbage-first heap   total 132096K, used 100807K [0x0000000080000000, 0x0000000100000000)
  region size 1024K, 47 young (48128K), 4 survivors (4096K)
 Metaspace       used 73546K, committed 74112K, reserved 1114112K
  class space    used 9965K, committed 10240K, reserved 1048576K
}
Event: 6.664 GC heap after
{Heap after GC invocations=30 (full 0):
 garbage-first heap   total 132096K, used 59580K [0x0000000080000000, 0x0000000100000000)
  region size 1024K, 5 young (5120K), 5 survivors (5120K)
 Metaspace       used 73546K, committed 74112K, reserved 1114112K
  class space    used 9965K, committed 10240K, reserved 1048576K
}
Event: 6.678 GC heap before
{Heap before GC invocations=30 (full 0):
 garbage-first heap   total 132096K, used 60604K [0x0000000080000000, 0x0000000100000000)
  region size 1024K, 6 young (6144K), 5 survivors (5120K)
 Metaspace       used 73631K, committed 74240K, reserved 1114112K
  class space    used 9976K, committed 10240K, reserved 1048576K
}
Event: 6.682 GC heap after
{Heap after GC invocations=31 (full 0):
 garbage-first heap   total 132096K, used 59758K [0x0000000080000000, 0x0000000100000000)
  region size 1024K, 1 young (1024K), 1 survivors (1024K)
 Metaspace       used 73631K, committed 74240K, reserved 1114112K
  class space    used 9976K, committed 10240K, reserved 1048576K
}
Event: 7.216 GC heap before
{Heap before GC invocations=31 (full 0):
 garbage-first heap   total 132096K, used 103790K [0x0000000080000000, 0x0000000100000000)
  region size 1024K, 44 young (45056K), 1 survivors (1024K)
 Metaspace       used 78335K, committed 78912K, reserved 1122304K
  class space    used 10704K, committed 10944K, reserved 1048576K
}
Event: 7.220 GC heap after
{Heap after GC invocations=32 (full 0):
 garbage-first heap   total 132096K, used 62110K [0x0000000080000000, 0x0000000100000000)
  region size 1024K, 4 young (4096K), 4 survivors (4096K)
 Metaspace       used 78335K, committed 78912K, reserved 1122304K
  class space    used 10704K, committed 10944K, reserved 1048576K
}
Event: 7.642 GC heap before
{Heap before GC invocations=32 (full 0):
 garbage-first heap   total 132096K, used 104094K [0x0000000080000000, 0x0000000100000000)
  region size 1024K, 45 young (46080K), 4 survivors (4096K)
 Metaspace       used 81530K, committed 82112K, reserved 1122304K
  class space    used 11110K, committed 11392K, reserved 1048576K
}
Event: 7.647 GC heap after
{Heap after GC invocations=33 (full 0):
 garbage-first heap   total 132096K, used 67056K [0x0000000080000000, 0x0000000100000000)
  region size 1024K, 5 young (5120K), 5 survivors (5120K)
 Metaspace       used 81530K, committed 82112K, reserved 1122304K
  class space    used 11110K, committed 11392K, reserved 1048576K
}
Event: 7.922 GC heap before
{Heap before GC invocations=33 (full 0):
 garbage-first heap   total 132096K, used 104944K [0x0000000080000000, 0x0000000100000000)
  region size 1024K, 43 young (44032K), 5 survivors (5120K)
 Metaspace       used 82929K, committed 83584K, reserved 1122304K
  class space    used 11405K, committed 11712K, reserved 1048576K
}
Event: 7.927 GC heap after
{Heap after GC invocations=34 (full 0):
 garbage-first heap   total 132096K, used 72576K [0x0000000080000000, 0x0000000100000000)
  region size 1024K, 6 young (6144K), 6 survivors (6144K)
 Metaspace       used 82929K, committed 83584K, reserved 1122304K
  class space    used 11405K, committed 11712K, reserved 1048576K
}

Dll operation events (2 events):
Event: 0.008 Loaded shared library C:\Program Files\Android\Android Studio\jbr\bin\java.dll
Event: 0.320 Loaded shared library C:\Program Files\Android\Android Studio\jbr\bin\verify.dll

Deoptimization events (20 events):
Event: 8.144 Thread 0x000001807d588880 Uncommon trap: trap_request=0xffffff45 fr.pc=0x0000018069770b20 relative=0x0000000000000560
Event: 8.144 Thread 0x000001807d588880 Uncommon trap: reason=unstable_if action=reinterpret pc=0x0000018069770b20 method=java.lang.StringLatin1.compareToCI([B[B)I @ 68 c2
Event: 8.144 Thread 0x000001807d588880 DEOPT PACKING pc=0x0000018069770b20 sp=0x0000000c2e7fb640
Event: 8.144 Thread 0x000001807d588880 DEOPT UNPACKING pc=0x0000018068e369a3 sp=0x0000000c2e7fb468 mode 2
Event: 8.144 Thread 0x000001807d588880 Uncommon trap: trap_request=0xffffff45 fr.pc=0x00000180695266a0 relative=0x0000000000000560
Event: 8.144 Thread 0x000001807d588880 Uncommon trap: reason=unstable_if action=reinterpret pc=0x00000180695266a0 method=java.lang.StringLatin1.compareToCI([B[B)I @ 68 c2
Event: 8.144 Thread 0x000001807d588880 DEOPT PACKING pc=0x00000180695266a0 sp=0x0000000c2e7fb590
Event: 8.144 Thread 0x000001807ebed770 Uncommon trap: trap_request=0xffffff45 fr.pc=0x000001806950e8bc relative=0x00000000000004fc
Event: 8.144 Thread 0x000001807d588880 DEOPT UNPACKING pc=0x0000018068e369a3 sp=0x0000000c2e7fb480 mode 2
Event: 8.144 Thread 0x000001807ebed770 Uncommon trap: reason=unstable_if action=reinterpret pc=0x000001806950e8bc method=java.lang.StringLatin1.compareToCI([B[B)I @ 68 c2
Event: 8.144 Thread 0x000001807ebed770 DEOPT PACKING pc=0x000001806950e8bc sp=0x0000000c322fb4d0
Event: 8.144 Thread 0x000001807ebed770 DEOPT UNPACKING pc=0x0000018068e369a3 sp=0x0000000c322fb458 mode 2
Event: 8.144 Thread 0x000001807d6d39b0 Uncommon trap: trap_request=0xffffffc6 fr.pc=0x0000018069433e94 relative=0x0000000000000994
Event: 8.144 Thread 0x000001807d6d39b0 Uncommon trap: reason=bimorphic_or_optimized_type_check action=maybe_recompile pc=0x0000018069433e94 method=java.io.BufferedInputStream.read1([BII)I @ 39 c2
Event: 8.144 Thread 0x000001807d6d39b0 DEOPT PACKING pc=0x0000018069433e94 sp=0x0000000c2d3fdec0
Event: 8.144 Thread 0x000001807d6d39b0 DEOPT UNPACKING pc=0x0000018068e369a3 sp=0x0000000c2d3fddd8 mode 2
Event: 8.154 Thread 0x000001807d6d39b0 Uncommon trap: trap_request=0xffffffc6 fr.pc=0x0000018069433e94 relative=0x0000000000000994
Event: 8.154 Thread 0x000001807d6d39b0 Uncommon trap: reason=bimorphic_or_optimized_type_check action=maybe_recompile pc=0x0000018069433e94 method=java.io.BufferedInputStream.read1([BII)I @ 39 c2
Event: 8.154 Thread 0x000001807d6d39b0 DEOPT PACKING pc=0x0000018069433e94 sp=0x0000000c2d3fdec0
Event: 8.154 Thread 0x000001807d6d39b0 DEOPT UNPACKING pc=0x0000018068e369a3 sp=0x0000000c2d3fddd8 mode 2

Classes unloaded (0 events):
No events

Classes redefined (0 events):
No events

Internal exceptions (20 events):
Event: 7.911 Thread 0x000001807be91d20 Exception <a 'java/lang/NoSuchMethodError'{0x0000000085cec548}: static Lorg/gradle/internal/build/event/types/DefaultTaskSuccessResult;.<clinit>()V> (0x0000000085cec548) 
thrown [s\src\hotspot\share\prims\jni.cpp, line 1108]
Event: 7.911 Thread 0x000001807be91d20 Exception <a 'java/lang/NoSuchMethodError'{0x0000000085cedc50}: static Lorg/gradle/internal/build/event/types/AbstractTaskResult;.<clinit>()V> (0x0000000085cedc50) 
thrown [s\src\hotspot\share\prims\jni.cpp, line 1108]
Event: 7.916 Thread 0x000001807ea03fc0 Exception <a 'sun/nio/fs/WindowsException'{0x0000000085b636a8}> (0x0000000085b636a8) 
thrown [s\src\hotspot\share\prims\jni.cpp, line 517]
Event: 7.932 Thread 0x000001807be91d20 Exception <a 'java/lang/NoSuchMethodError'{0x00000000880cea08}: static Lorg/gradle/internal/build/event/types/DefaultTaskSkippedResult;.<clinit>()V> (0x00000000880cea08) 
thrown [s\src\hotspot\share\prims\jni.cpp, line 1108]
Event: 7.938 Thread 0x000001807ef8ec80 Exception <a 'java/lang/NoSuchMethodError'{0x0000000087f777e8}: static Lcom/android/buildanalyzer/common/AndroidGradlePluginAttributionData$BuildInfo;.<clinit>()V> (0x0000000087f777e8) 
thrown [s\src\hotspot\share\prims\jni.cpp, line 1108]
Event: 7.941 Thread 0x000001807ef8ec80 Exception <a 'java/lang/NoSuchMethodError'{0x0000000087fb05e0}: static Lcom/android/buildanalyzer/common/AndroidGradlePluginAttributionData$JavaInfo;.<clinit>()V> (0x0000000087fb05e0) 
thrown [s\src\hotspot\share\prims\jni.cpp, line 1108]
Event: 7.944 Thread 0x000001807ef8ec80 Exception <a 'java/lang/NoSuchMethodError'{0x0000000087fd6088}: static [Ljava/lang/String;.<clinit>()V> (0x0000000087fd6088) 
thrown [s\src\hotspot\share\prims\jni.cpp, line 1108]
Event: 7.946 Thread 0x000001807ef8ec80 Exception <a 'java/lang/NoSuchMethodError'{0x0000000087ffbeb8}: static Lcom/android/buildanalyzer/common/AndroidGradlePluginAttributionData$TaskInfo;.<clinit>()V> (0x0000000087ffbeb8) 
thrown [s\src\hotspot\share\prims\jni.cpp, line 1108]
Event: 7.947 Thread 0x000001807ef8ec80 Exception <a 'java/lang/NoSuchMethodError'{0x0000000087e09618}: static Lcom/android/buildanalyzer/common/AndroidGradlePluginAttributionData$TaskCategoryInfo;.<clinit>()V> (0x0000000087e09618) 
thrown [s\src\hotspot\share\prims\jni.cpp, line 1108]
Event: 7.954 Thread 0x000001807ef8ec80 Exception <a 'java/lang/NoSuchMethodError'{0x0000000087e7c760}: 'void java.lang.invoke.DirectMethodHandle$Holder.invokeSpecial(java.lang.Object, java.lang.Object, java.lang.Object, int)'> (0x0000000087e7c760) 
thrown [s\src\hotspot\share\interpreter\linkResolver.cpp, line 771]
Event: 8.090 Thread 0x000001807ea03fc0 Exception <a 'java/lang/NoSuchMethodError'{0x00000000879e3c90}: 'void java.lang.invoke.DirectMethodHandle$Holder.invokeStatic(java.lang.Object, java.lang.Object, java.lang.Object, java.lang.Object, int, java.lang.Object, java.lang.Object)'> (0x00000000879e3c90) 
thrown [s\src\hotspot\share\interpreter\linkResolver.cpp, line 771]
Event: 8.111 Thread 0x000001807e8d7700 Exception <a 'java/lang/NoSuchMethodError'{0x000000008751f228}: 'java.lang.Object java.lang.invoke.DirectMethodHandle$Holder.invokeSpecialIFC(java.lang.Object, java.lang.Object, java.lang.Object)'> (0x000000008751f228) 
thrown [s\src\hotspot\share\interpreter\linkResolver.cpp, line 771]
Event: 8.111 Thread 0x000001807ebee5e0 Exception <a 'java/lang/NoSuchMethodError'{0x000000008752c7e8}: 'java.lang.Object java.lang.invoke.DirectMethodHandle$Holder.invokeSpecialIFC(java.lang.Object, java.lang.Object, java.lang.Object)'> (0x000000008752c7e8) 
thrown [s\src\hotspot\share\interpreter\linkResolver.cpp, line 771]
Event: 8.111 Thread 0x000001807e8d5080 Exception <a 'java/lang/NoSuchMethodError'{0x00000000875130e8}: 'java.lang.Object java.lang.invoke.DirectMethodHandle$Holder.invokeSpecialIFC(java.lang.Object, java.lang.Object, java.lang.Object)'> (0x00000000875130e8) 
thrown [s\src\hotspot\share\interpreter\linkResolver.cpp, line 771]
Event: 8.111 Thread 0x000001807d58a560 Exception <a 'java/lang/NoSuchMethodError'{0x0000000087538a38}: 'java.lang.Object java.lang.invoke.DirectMethodHandle$Holder.invokeSpecialIFC(java.lang.Object, java.lang.Object, java.lang.Object)'> (0x0000000087538a38) 
thrown [s\src\hotspot\share\interpreter\linkResolver.cpp, line 771]
Event: 8.111 Thread 0x000001807d588880 Exception <a 'java/lang/NoSuchMethodError'{0x00000000875053c8}: 'java.lang.Object java.lang.invoke.DirectMethodHandle$Holder.invokeSpecialIFC(java.lang.Object, java.lang.Object, java.lang.Object)'> (0x00000000875053c8) 
thrown [s\src\hotspot\share\interpreter\linkResolver.cpp, line 771]
Event: 8.111 Thread 0x000001807d58d0b0 Exception <a 'java/lang/NoSuchMethodError'{0x0000000087543fa8}: 'java.lang.Object java.lang.invoke.DirectMethodHandle$Holder.invokeSpecialIFC(java.lang.Object, java.lang.Object, java.lang.Object)'> (0x0000000087543fa8) 
thrown [s\src\hotspot\share\interpreter\linkResolver.cpp, line 771]
Event: 8.111 Thread 0x000001807ef80760 Exception <a 'java/lang/NoSuchMethodError'{0x000000008750d010}: 'java.lang.Object java.lang.invoke.DirectMethodHandle$Holder.invokeSpecialIFC(java.lang.Object, java.lang.Object, java.lang.Object)'> (0x000000008750d010) 
thrown [s\src\hotspot\share\interpreter\linkResolver.cpp, line 771]
Event: 8.111 Thread 0x000001807e8dbf30 Exception <a 'java/lang/NoSuchMethodError'{0x0000000087535ba0}: 'java.lang.Object java.lang.invoke.DirectMethodHandle$Holder.invokeSpecialIFC(java.lang.Object, java.lang.Object, java.lang.Object)'> (0x0000000087535ba0) 
thrown [s\src\hotspot\share\interpreter\linkResolver.cpp, line 771]
Event: 8.111 Thread 0x000001807ef862d0 Exception <a 'java/lang/NoSuchMethodError'{0x00000000875271c0}: 'java.lang.Object java.lang.invoke.DirectMethodHandle$Holder.invokeSpecialIFC(java.lang.Object, java.lang.Object, java.lang.Object)'> (0x00000000875271c0) 
thrown [s\src\hotspot\share\interpreter\linkResolver.cpp, line 771]

VM Operations (20 events):
Event: 7.642 Executing VM operation: G1CollectForAllocation
Event: 7.647 Executing VM operation: G1CollectForAllocation done
Event: 7.817 Executing VM operation: HandshakeAllThreads
Event: 7.818 Executing VM operation: HandshakeAllThreads done
Event: 7.835 Executing VM operation: HandshakeAllThreads
Event: 7.835 Executing VM operation: HandshakeAllThreads done
Event: 7.836 Executing VM operation: HandshakeAllThreads
Event: 7.837 Executing VM operation: HandshakeAllThreads done
Event: 7.883 Executing VM operation: HandshakeAllThreads
Event: 7.884 Executing VM operation: HandshakeAllThreads done
Event: 7.907 Executing VM operation: HandshakeAllThreads
Event: 7.908 Executing VM operation: HandshakeAllThreads done
Event: 7.921 Executing VM operation: G1CollectForAllocation
Event: 7.927 Executing VM operation: G1CollectForAllocation done
Event: 7.930 Executing VM operation: HandshakeAllThreads
Event: 7.930 Executing VM operation: HandshakeAllThreads done
Event: 7.977 Executing VM operation: G1Concurrent
Event: 7.980 Executing VM operation: G1Concurrent done
Event: 8.002 Executing VM operation: G1Concurrent
Event: 8.002 Executing VM operation: G1Concurrent done

Events (20 events):
Event: 7.958 loading class java/io/ObjectInputFilter$Config$BuiltinFilterFactory
Event: 7.958 loading class java/io/ObjectInputFilter$Config$BuiltinFilterFactory done
Event: 7.958 loading class jdk/internal/access/JavaObjectInputFilterAccess
Event: 7.958 loading class jdk/internal/access/JavaObjectInputFilterAccess done
Event: 7.958 loading class jdk/internal/event/DeserializationEvent
Event: 7.958 loading class jdk/internal/event/DeserializationEvent done
Event: 7.959 loading class java/io/ObjectInputStream$FieldValues
Event: 7.959 loading class java/io/ObjectInputStream$GetField
Event: 7.959 loading class java/io/ObjectInputStream$GetField done
Event: 7.959 loading class java/io/ObjectInputStream$FieldValues done
Event: 8.139 loading class java/util/stream/ReferencePipeline$4
Event: 8.139 loading class java/util/stream/ReferencePipeline$4 done
Event: 8.139 loading class java/util/function/IntBinaryOperator
Event: 8.139 loading class java/util/function/IntBinaryOperator done
Event: 8.139 loading class java/util/stream/ReduceOps$6
Event: 8.140 loading class java/util/stream/ReduceOps$6 done
Event: 8.140 loading class java/util/stream/ReduceOps$5ReducingSink
Event: 8.140 loading class java/util/stream/ReduceOps$5ReducingSink done
Event: 8.140 loading class java/util/stream/ReferencePipeline$4$1
Event: 8.140 loading class java/util/stream/ReferencePipeline$4$1 done


Dynamic libraries:
0x00007ff78fa50000 - 0x00007ff78fa5a000 	C:\Program Files\Android\Android Studio\jbr\bin\java.exe
0x00007ffc5cdb0000 - 0x00007ffc5cfc4000 	C:\WINDOWS\SYSTEM32\ntdll.dll
0x00007ffc5b470000 - 0x00007ffc5b532000 	C:\WINDOWS\System32\KERNEL32.DLL
0x00007ffc5a1b0000 - 0x00007ffc5a553000 	C:\WINDOWS\System32\KERNELBASE.dll
0x00007ffc5a840000 - 0x00007ffc5a951000 	C:\WINDOWS\System32\ucrtbase.dll
0x00007ffc4f890000 - 0x00007ffc4f8a7000 	C:\Program Files\Android\Android Studio\jbr\bin\jli.dll
0x00007ffc551d0000 - 0x00007ffc551eb000 	C:\Program Files\Android\Android Studio\jbr\bin\VCRUNTIME140.dll
0x00007ffc5ca30000 - 0x00007ffc5cbda000 	C:\WINDOWS\System32\USER32.dll
0x00007ffc45d30000 - 0x00007ffc45fbe000 	C:\WINDOWS\WinSxS\amd64_microsoft.windows.common-controls_6595b64144ccf1df_6.0.22621.1635_none_270f70857386168e\COMCTL32.dll
0x00007ffc5a620000 - 0x00007ffc5a646000 	C:\WINDOWS\System32\win32u.dll
0x00007ffc5ab90000 - 0x00007ffc5ac37000 	C:\WINDOWS\System32\msvcrt.dll
0x00007ffc5ccf0000 - 0x00007ffc5cd19000 	C:\WINDOWS\System32\GDI32.dll
0x00007ffc5aa70000 - 0x00007ffc5ab89000 	C:\WINDOWS\System32\gdi32full.dll
0x00007ffc5a960000 - 0x00007ffc5a9fa000 	C:\WINDOWS\System32\msvcp_win.dll
0x00007ffc5b0f0000 - 0x00007ffc5b121000 	C:\WINDOWS\System32\IMM32.DLL
0x00007ffc51ed0000 - 0x00007ffc51edc000 	C:\Program Files\Android\Android Studio\jbr\bin\vcruntime140_1.dll
0x00007ffc2aa60000 - 0x00007ffc2aaed000 	C:\Program Files\Android\Android Studio\jbr\bin\msvcp140.dll
0x00007ffbe1680000 - 0x00007ffbe22ed000 	C:\Program Files\Android\Android Studio\jbr\bin\server\jvm.dll
0x00007ffc5cbe0000 - 0x00007ffc5cc8e000 	C:\WINDOWS\System32\ADVAPI32.dll
0x00007ffc5b130000 - 0x00007ffc5b1d4000 	C:\WINDOWS\System32\sechost.dll
0x00007ffc5c310000 - 0x00007ffc5c427000 	C:\WINDOWS\System32\RPCRT4.dll
0x00007ffc4f970000 - 0x00007ffc4f979000 	C:\WINDOWS\SYSTEM32\WSOCK32.dll
0x00007ffc5b070000 - 0x00007ffc5b0e1000 	C:\WINDOWS\System32\WS2_32.dll
0x00007ffc51e70000 - 0x00007ffc51e7a000 	C:\WINDOWS\SYSTEM32\VERSION.dll
0x00007ffc48690000 - 0x00007ffc486c4000 	C:\WINDOWS\SYSTEM32\WINMM.dll
0x00007ffc591b0000 - 0x00007ffc591c8000 	C:\WINDOWS\SYSTEM32\kernel.appcore.dll
0x00007ffc4a270000 - 0x00007ffc4a27a000 	C:\Program Files\Android\Android Studio\jbr\bin\jimage.dll
0x00007ffc57b90000 - 0x00007ffc57dbe000 	C:\WINDOWS\SYSTEM32\DBGHELP.DLL
0x00007ffc5b5c0000 - 0x00007ffc5b949000 	C:\WINDOWS\System32\combase.dll
0x00007ffc5af90000 - 0x00007ffc5b067000 	C:\WINDOWS\System32\OLEAUT32.dll
0x00007ffc42180000 - 0x00007ffc421b2000 	C:\WINDOWS\SYSTEM32\dbgcore.DLL
0x00007ffc5a650000 - 0x00007ffc5a6ca000 	C:\WINDOWS\System32\bcryptPrimitives.dll
0x00007ffc48ab0000 - 0x00007ffc48ad5000 	C:\Program Files\Android\Android Studio\jbr\bin\java.dll
0x00007ffc48dc0000 - 0x00007ffc48dd8000 	C:\Program Files\Android\Android Studio\jbr\bin\zip.dll
0x00007ffc5b950000 - 0x00007ffc5c149000 	C:\WINDOWS\System32\SHELL32.dll
0x00007ffc58150000 - 0x00007ffc58a1e000 	C:\WINDOWS\SYSTEM32\windows.storage.dll
0x00007ffc58010000 - 0x00007ffc5814e000 	C:\WINDOWS\SYSTEM32\wintypes.dll
0x00007ffc5ae90000 - 0x00007ffc5af81000 	C:\WINDOWS\System32\SHCORE.dll
0x00007ffc5cc90000 - 0x00007ffc5ccee000 	C:\WINDOWS\System32\shlwapi.dll
0x00007ffc5a0e0000 - 0x00007ffc5a106000 	C:\WINDOWS\SYSTEM32\profapi.dll
0x00007ffc46870000 - 0x00007ffc46889000 	C:\Program Files\Android\Android Studio\jbr\bin\net.dll
0x00007ffc51a00000 - 0x00007ffc51b37000 	C:\WINDOWS\SYSTEM32\WINHTTP.dll
0x00007ffc59630000 - 0x00007ffc59699000 	C:\WINDOWS\system32\mswsock.dll
0x00007ffc46850000 - 0x00007ffc46866000 	C:\Program Files\Android\Android Studio\jbr\bin\nio.dll
0x00007ffc467b0000 - 0x00007ffc467c0000 	C:\Program Files\Android\Android Studio\jbr\bin\verify.dll
0x00007ffc42520000 - 0x00007ffc42547000 	C:\Users\Richard\.gradle\native\68d5fa5c4cc2d200863cafc0d521ce42e7d3e7ee720ec0a83991735586a16f82\windows-amd64\native-platform.dll
0x00007ffc17e50000 - 0x00007ffc17f94000 	C:\Users\Richard\.gradle\native\e376f236ea51e6404a007f0833ffe2c6e607c4080706a723a18a27aeea778392\windows-amd64\native-platform-file-events.dll
0x00007ffc49db0000 - 0x00007ffc49db9000 	C:\Program Files\Android\Android Studio\jbr\bin\management.dll
0x00007ffc49c50000 - 0x00007ffc49c5b000 	C:\Program Files\Android\Android Studio\jbr\bin\management_ext.dll
0x00007ffc5ae80000 - 0x00007ffc5ae88000 	C:\WINDOWS\System32\PSAPI.DLL
0x00007ffc598d0000 - 0x00007ffc598eb000 	C:\WINDOWS\SYSTEM32\CRYPTSP.dll
0x00007ffc59120000 - 0x00007ffc59155000 	C:\WINDOWS\system32\rsaenh.dll
0x00007ffc596f0000 - 0x00007ffc5971c000 	C:\WINDOWS\SYSTEM32\USERENV.dll
0x00007ffc59b60000 - 0x00007ffc59b88000 	C:\WINDOWS\SYSTEM32\bcrypt.dll
0x00007ffc598f0000 - 0x00007ffc598fc000 	C:\WINDOWS\SYSTEM32\CRYPTBASE.dll
0x00007ffc58cc0000 - 0x00007ffc58ced000 	C:\WINDOWS\SYSTEM32\IPHLPAPI.DLL
0x00007ffc5b5b0000 - 0x00007ffc5b5b9000 	C:\WINDOWS\System32\NSI.dll
0x00007ffc51d30000 - 0x00007ffc51d49000 	C:\WINDOWS\SYSTEM32\dhcpcsvc6.DLL
0x00007ffc51530000 - 0x00007ffc5154f000 	C:\WINDOWS\SYSTEM32\dhcpcsvc.DLL
0x00007ffc58cf0000 - 0x00007ffc58de3000 	C:\WINDOWS\SYSTEM32\DNSAPI.dll
0x00007ffc30930000 - 0x00007ffc30938000 	C:\WINDOWS\system32\wshunix.dll

dbghelp: loaded successfully - version: 4.0.5 - missing functions: none
symbol engine: initialized successfully - sym options: 0x614 - pdb path: .;C:\Program Files\Android\Android Studio\jbr\bin;C:\WINDOWS\SYSTEM32;C:\WINDOWS\WinSxS\amd64_microsoft.windows.common-controls_6595b64144ccf1df_6.0.22621.1635_none_270f70857386168e;C:\Program Files\Android\Android Studio\jbr\bin\server;C:\Users\Richard\.gradle\native\68d5fa5c4cc2d200863cafc0d521ce42e7d3e7ee720ec0a83991735586a16f82\windows-amd64;C:\Users\Richard\.gradle\native\e376f236ea51e6404a007f0833ffe2c6e607c4080706a723a18a27aeea778392\windows-amd64

VM Arguments:
jvm_args: --add-opens=java.base/java.util=ALL-UNNAMED --add-opens=java.base/java.lang=ALL-UNNAMED --add-opens=java.base/java.lang.invoke=ALL-UNNAMED --add-opens=java.prefs/java.util.prefs=ALL-UNNAMED --add-opens=java.base/java.nio.charset=ALL-UNNAMED --add-opens=java.base/java.net=ALL-UNNAMED --add-opens=java.base/java.util.concurrent.atomic=ALL-UNNAMED -Xmx2048m -Dfile.encoding=UTF-8 -Duser.country=ID -Duser.language=en -Duser.variant 
java_command: org.gradle.launcher.daemon.bootstrap.GradleDaemon 8.0
java_class_path (initial): C:\Users\Richard\.gradle\wrapper\dists\gradle-8.0-bin\ca5e32bp14vu59qr306oxotwh\gradle-8.0\lib\gradle-launcher-8.0.jar
Launcher Type: SUN_STANDARD

[Global flags]
     intx CICompilerCount                          = 4                                         {product} {ergonomic}
     uint ConcGCThreads                            = 3                                         {product} {ergonomic}
     uint G1ConcRefinementThreads                  = 10                                        {product} {ergonomic}
   size_t G1HeapRegionSize                         = 1048576                                   {product} {ergonomic}
    uintx GCDrainStackTargetSize                   = 64                                        {product} {ergonomic}
   size_t InitialHeapSize                          = 132120576                                 {product} {ergonomic}
   size_t MarkStackSize                            = 4194304                                   {product} {ergonomic}
   size_t MaxHeapSize                              = 2147483648                                {product} {command line}
   size_t MaxNewSize                               = 1287651328                                {product} {ergonomic}
   size_t MinHeapDeltaBytes                        = 1048576                                   {product} {ergonomic}
   size_t MinHeapSize                              = 8388608                                   {product} {ergonomic}
    uintx NonNMethodCodeHeapSize                   = 5839372                                {pd product} {ergonomic}
    uintx NonProfiledCodeHeapSize                  = 122909434                              {pd product} {ergonomic}
    uintx ProfiledCodeHeapSize                     = 122909434                              {pd product} {ergonomic}
    uintx ReservedCodeCacheSize                    = 251658240                              {pd product} {ergonomic}
     bool SegmentedCodeCache                       = true                                      {product} {ergonomic}
   size_t SoftMaxHeapSize                          = 2147483648                             {manageable} {ergonomic}
     bool UseCompressedClassPointers               = true                           {product lp64_product} {ergonomic}
     bool UseCompressedOops                        = true                           {product lp64_product} {ergonomic}
     bool UseG1GC                                  = true                                      {product} {ergonomic}
     bool UseLargePagesIndividualAllocation        = false                                  {pd product} {ergonomic}

Logging:
Log output configuration:
 #0: stdout all=warning uptime,level,tags
 #1: stderr all=off uptime,level,tags

Environment Variables:
PATH=C:\Python311\Scripts\;C:\Python311\;C:\Program Files\Common Files\Oracle\Java\javapath;C:\Program Files (x86)\Common Files\Oracle\Java\javapath;C:\ProgramData\Oracle\Java\javapath;C:\Windows\system32;C:\Windows;C:\Windows\System32\Wbem;C:\Windows\System32\WindowsPowerShell\v1.0\;C:\Windows\System32\OpenSSH\;C:\Program Files (x86)\NVIDIA Corporation\PhysX\Common;C:\Program Files\NVIDIA Corporation\NVIDIA NvDLISR;C:\WINDOWS\system32;C:\WINDOWS;C:\WINDOWS\System32\Wbem;C:\WINDOWS\System32\WindowsPowerShell\v1.0\;C:\WINDOWS\System32\OpenSSH\;C:\Program Files (x86)\dotnet\;C:\Program Files\Git\cmd;C:\MinGW\bin;C:\Users\Richard\AppData\Roaming\Composer\vendor\bin;C:\ProgramData\chocolatey\bin;C:\Program Files\nodejs\;C:\Program Files\MySQL\MySQL Shell 8.0\bin\;C:\Users\Richard\AppData\Local\Microsoft\WindowsApps;;C:\Users\Richard\AppData\Local\Programs\Microsoft VS Code\bin;C:\Users\Richard\Documents\xampp\php;C:\Users\Richard\AppData\Local\ComposerSetup\bin;C:\Users\Richard\AppData\Roaming\Composer\vendor\bin;C:\Users\Richard\AppData\Roaming\npm
USERNAME=Richard
OS=Windows_NT
PROCESSOR_IDENTIFIER=Intel64 Family 6 Model 158 Stepping 13, GenuineIntel
TMP=C:\Users\Richard\AppData\Local\Temp
TEMP=C:\Users\Richard\AppData\Local\Temp



---------------  S Y S T E M  ---------------

OS:
 Windows 11 , 64 bit Build 22621 (10.0.22621.1928)
OS uptime: 2 days 11:03 hours
Hyper-V role detected

CPU: total 12 (initial active 12) (6 cores per cpu, 2 threads per core) family 6 model 158 stepping 13 microcode 0xde, cx8, cmov, fxsr, ht, mmx, 3dnowpref, sse, sse2, sse3, ssse3, sse4.1, sse4.2, popcnt, lzcnt, tsc, tscinvbit, avx, avx2, aes, erms, clmul, bmi1, bmi2, adx, fma, vzeroupper, clflush, clflushopt, hv

Memory: 4k page, system-wide physical 8043M (441M free)
TotalPageFile size 16235M (AvailPageFile size 6M)
current process WorkingSet (physical memory assigned to process): 370M, peak: 373M
current process commit charge ("private bytes"): 414M, peak: 418M

vm_info: OpenJDK 64-Bit Server VM (17.0.6+0-b2043.56-9586694) for windows-amd64 JRE (17.0.6+0-b2043.56-9586694), built on Feb  9 2023 20:06:20 by "androidbuild" with MS VC++ 16.10 / 16.11 (VS2019)

END.
