#
# There is insufficient memory for the Java Runtime Environment to continue.
# Native memory allocation (malloc) failed to allocate 87312 bytes for Chunk::new
# Possible reasons:
#   The system is out of physical RAM or swap space
#   The process is running with CompressedOops enabled, and the Java Heap may be blocking the growth of the native heap
# Possible solutions:
#   Reduce memory load on the system
#   Increase physical memory or swap space
#   Check if swap backing store is full
#   Decrease Java heap size (-Xmx/-Xms)
#   Decrease number of Java threads
#   Decrease Java thread stack sizes (-Xss)
#   Set larger code cache with -XX:ReservedCodeCacheSize=
#   JVM is running with Unscaled Compressed Oops mode in which the Java heap is
#     placed in the first 4GB address space. The Java Heap base address is the
#     maximum limit for the native heap growth. Please use -XX:HeapBaseMinAddress
#     to set the Java Heap base and to place the Java Heap above 4GB virtual address.
# This output file may be truncated or incomplete.
#
#  Out of Memory Error (arena.cpp:189), pid=25452, tid=14172
#
# JRE version: OpenJDK Runtime Environment (17.0.6) (build 17.0.6+0-b2043.56-9586694)
# Java VM: OpenJDK 64-Bit Server VM (17.0.6+0-b2043.56-9586694, mixed mode, tiered, compressed oops, compressed class ptrs, g1 gc, windows-amd64)
# No core dump will be written. Minidumps are not enabled by default on client versions of Windows
#

---------------  S U M M A R Y ------------

Command Line: --add-opens=java.base/java.util=ALL-UNNAMED --add-opens=java.base/java.lang=ALL-UNNAMED --add-opens=java.base/java.lang.invoke=ALL-UNNAMED --add-opens=java.prefs/java.util.prefs=ALL-UNNAMED --add-opens=java.base/java.nio.charset=ALL-UNNAMED --add-opens=java.base/java.net=ALL-UNNAMED --add-opens=java.base/java.util.concurrent.atomic=ALL-UNNAMED -Xmx2048m -Dfile.encoding=UTF-8 -Duser.country=ID -Duser.language=en -Duser.variant org.gradle.launcher.daemon.bootstrap.GradleDaemon 8.0

Host: Intel(R) Core(TM) i7-9750H CPU @ 2.60GHz, 12 cores, 7G,  Windows 11 , 64 bit Build 22621 (10.0.22621.1928)
Time: Mon Jul 10 13:33:18 2023 SE Asia Standard Time elapsed time: 18.598253 seconds (0d 0h 0m 18s)

---------------  T H R E A D  ---------------

Current thread (0x00000202d0cf5e00):  JavaThread "C2 CompilerThread2" daemon [_thread_in_native, id=14172, stack(0x0000003f30900000,0x0000003f30a00000)]


Current CompileTask:
C2:  18598 10975       4       com.google.common.cache.LocalCache::get (21 bytes)

Stack: [0x0000003f30900000,0x0000003f30a00000]
Native frames: (J=compiled Java code, j=interpreted, Vv=VM code, C=native code)
V  [jvm.dll+0x683b4a]
V  [jvm.dll+0x842654]
V  [jvm.dll+0x843dfe]
V  [jvm.dll+0x844463]
V  [jvm.dll+0x249b75]
V  [jvm.dll+0xabcac]
V  [jvm.dll+0xac27c]
V  [jvm.dll+0x368857]
V  [jvm.dll+0x1bcb65]
V  [jvm.dll+0x21c359]
V  [jvm.dll+0x21b621]
V  [jvm.dll+0x1a4fdd]
V  [jvm.dll+0x22b098]
V  [jvm.dll+0x229159]
V  [jvm.dll+0x7f809c]
V  [jvm.dll+0x7f25fa]
V  [jvm.dll+0x682985]
C  [ucrtbase.dll+0x29363]
C  [KERNEL32.DLL+0x126ad]
C  [ntdll.dll+0x5aa68]


---------------  P R O C E S S  ---------------

Threads class SMR info:
_java_thread_list=0x00000202cd746c20, length=50, elements={
0x00000202b0738b50, 0x00000202cc9bf580, 0x00000202cc9c2140, 0x00000202cc9c70d0,
0x00000202cc9c7c80, 0x00000202cc9c8730, 0x00000202cd4537a0, 0x00000202cd454390,
0x00000202cd454c90, 0x00000202cd455bb0, 0x00000202cd5d6e50, 0x00000202cd5d7320,
0x00000202d0e13a40, 0x00000202d08a0020, 0x00000202ceb9b140, 0x00000202cdadc370,
0x00000202ce668fd0, 0x00000202cfda8410, 0x00000202cfdaaa90, 0x00000202cfda7a70,
0x00000202cfdaaf60, 0x00000202cfdab430, 0x00000202cfda8db0, 0x00000202d0106e20,
0x00000202d0102120, 0x00000202d0103460, 0x00000202d01025f0, 0x00000202d0100910,
0x00000202d0105ae0, 0x00000202d43d2510, 0x00000202d43d8a20, 0x00000202d43d41f0,
0x00000202d43d6870, 0x00000202d43d2040, 0x00000202d43d76e0, 0x00000202d43d8080,
0x00000202d43d8ef0, 0x00000202d074d3b0, 0x00000202d65193f0, 0x00000202d65180b0,
0x00000202d0cf53e0, 0x00000202cff24660, 0x00000202cff24b30, 0x00000202cff25000,
0x00000202d0cf5e00, 0x00000202d1793210, 0x00000202d1792870, 0x00000202d17936e0,
0x00000202d1794550, 0x00000202d1793bb0
}

Java Threads: ( => current thread )
  0x00000202b0738b50 JavaThread "main" [_thread_blocked, id=17620, stack(0x0000003f2e700000,0x0000003f2e800000)]
  0x00000202cc9bf580 JavaThread "Reference Handler" daemon [_thread_blocked, id=28624, stack(0x0000003f2ee00000,0x0000003f2ef00000)]
  0x00000202cc9c2140 JavaThread "Finalizer" daemon [_thread_blocked, id=19576, stack(0x0000003f2ef00000,0x0000003f2f000000)]
  0x00000202cc9c70d0 JavaThread "Signal Dispatcher" daemon [_thread_blocked, id=16924, stack(0x0000003f2f000000,0x0000003f2f100000)]
  0x00000202cc9c7c80 JavaThread "Attach Listener" daemon [_thread_blocked, id=14700, stack(0x0000003f2f100000,0x0000003f2f200000)]
  0x00000202cc9c8730 JavaThread "Service Thread" daemon [_thread_blocked, id=3712, stack(0x0000003f2f200000,0x0000003f2f300000)]
  0x00000202cd4537a0 JavaThread "Monitor Deflation Thread" daemon [_thread_blocked, id=12280, stack(0x0000003f2f300000,0x0000003f2f400000)]
  0x00000202cd454390 JavaThread "C2 CompilerThread0" daemon [_thread_in_native, id=28184, stack(0x0000003f2f400000,0x0000003f2f500000)]
  0x00000202cd454c90 JavaThread "C1 CompilerThread0" daemon [_thread_blocked, id=19616, stack(0x0000003f2f500000,0x0000003f2f600000)]
  0x00000202cd455bb0 JavaThread "Sweeper thread" daemon [_thread_blocked, id=15468, stack(0x0000003f2f600000,0x0000003f2f700000)]
  0x00000202cd5d6e50 JavaThread "Common-Cleaner" daemon [_thread_blocked, id=12960, stack(0x0000003f2f700000,0x0000003f2f800000)]
  0x00000202cd5d7320 JavaThread "Notification Thread" daemon [_thread_blocked, id=20084, stack(0x0000003f2f800000,0x0000003f2f900000)]
  0x00000202d0e13a40 JavaThread "Daemon health stats" [_thread_blocked, id=2076, stack(0x0000003f30000000,0x0000003f30100000)]
  0x00000202d08a0020 JavaThread "Incoming local TCP Connector on port 49906" [_thread_in_native, id=15456, stack(0x0000003f30100000,0x0000003f30200000)]
  0x00000202ceb9b140 JavaThread "Daemon periodic checks" [_thread_blocked, id=17988, stack(0x0000003f30200000,0x0000003f30300000)]
  0x00000202cdadc370 JavaThread "Daemon" [_thread_blocked, id=5244, stack(0x0000003f30300000,0x0000003f30400000)]
  0x00000202ce668fd0 JavaThread "Daemon worker" [_thread_in_Java, id=9524, stack(0x0000003f30600000,0x0000003f30700000)]
  0x00000202cfda8410 JavaThread "Cache worker for journal cache (C:\Users\Richard\.gradle\caches\journal-1)" [_thread_blocked, id=14404, stack(0x0000003f31100000,0x0000003f31200000)]
  0x00000202cfdaaa90 JavaThread "File lock request listener" [_thread_in_native, id=9792, stack(0x0000003f31200000,0x0000003f31300000)]
  0x00000202cfda7a70 JavaThread "Cache worker for file hash cache (C:\Users\Richard\.gradle\caches\8.0\fileHashes)" [_thread_blocked, id=14936, stack(0x0000003f31300000,0x0000003f31400000)]
  0x00000202cfdaaf60 JavaThread "File watcher server" daemon [_thread_in_native, id=6236, stack(0x0000003f31400000,0x0000003f31500000)]
  0x00000202cfdab430 JavaThread "File watcher consumer" daemon [_thread_blocked, id=26376, stack(0x0000003f31500000,0x0000003f31600000)]
  0x00000202cfda8db0 JavaThread "Cache worker for file content cache (C:\Users\Richard\.gradle\caches\8.0\fileContent)" [_thread_blocked, id=25036, stack(0x0000003f31800000,0x0000003f31900000)]
  0x00000202d0106e20 JavaThread "Cache worker for execution history cache (C:\Users\Richard\.gradle\caches\8.0\executionHistory)" [_thread_blocked, id=18336, stack(0x0000003f31b00000,0x0000003f31c00000)]
  0x00000202d0102120 JavaThread "jar transforms" [_thread_blocked, id=10980, stack(0x0000003f31c00000,0x0000003f31d00000)]
  0x00000202d0103460 JavaThread "jar transforms Thread 2" [_thread_blocked, id=15708, stack(0x0000003f31d00000,0x0000003f31e00000)]
  0x00000202d01025f0 JavaThread "jar transforms Thread 3" [_thread_blocked, id=13760, stack(0x0000003f31f00000,0x0000003f32000000)]
  0x00000202d0100910 JavaThread "jar transforms Thread 4" [_thread_blocked, id=22540, stack(0x0000003f32000000,0x0000003f32100000)]
  0x00000202d0105ae0 JavaThread "jar transforms Thread 5" [_thread_blocked, id=12496, stack(0x0000003f32300000,0x0000003f32400000)]
  0x00000202d43d2510 JavaThread "jar transforms Thread 6" [_thread_blocked, id=20268, stack(0x0000003f39d00000,0x0000003f39e00000)]
  0x00000202d43d8a20 JavaThread "jar transforms Thread 7" [_thread_blocked, id=25736, stack(0x0000003f39e00000,0x0000003f39f00000)]
  0x00000202d43d41f0 JavaThread "jar transforms Thread 8" [_thread_blocked, id=11852, stack(0x0000003f39f00000,0x0000003f3a000000)]
  0x00000202d43d6870 JavaThread "jar transforms Thread 9" [_thread_blocked, id=7016, stack(0x0000003f3a000000,0x0000003f3a100000)]
  0x00000202d43d2040 JavaThread "jar transforms Thread 10" [_thread_blocked, id=15248, stack(0x0000003f3a100000,0x0000003f3a200000)]
  0x00000202d43d76e0 JavaThread "jar transforms Thread 11" [_thread_blocked, id=14736, stack(0x0000003f3a200000,0x0000003f3a300000)]
  0x00000202d43d8080 JavaThread "jar transforms Thread 12" [_thread_blocked, id=15004, stack(0x0000003f3a300000,0x0000003f3a400000)]
  0x00000202d43d8ef0 JavaThread "Memory manager" [_thread_blocked, id=25596, stack(0x0000003f3a500000,0x0000003f3a600000)]
  0x00000202d074d3b0 JavaThread "included builds" [_thread_blocked, id=7504, stack(0x0000003f3a600000,0x0000003f3a700000)]
  0x00000202d65193f0 JavaThread "Handler for socket connection from /127.0.0.1:49906 to /127.0.0.1:49942" [_thread_in_native, id=27996, stack(0x0000003f2fa00000,0x0000003f2fb00000)]
  0x00000202d65180b0 JavaThread "Cancel handler" [_thread_blocked, id=2916, stack(0x0000003f2fb00000,0x0000003f2fc00000)]
  0x00000202d0cf53e0 JavaThread "C2 CompilerThread1" daemon [_thread_in_native, id=25380, stack(0x0000003f30400000,0x0000003f30500000)]
  0x00000202cff24660 JavaThread "Asynchronous log dispatcher for DefaultDaemonConnection: socket connection from /127.0.0.1:49906 to /127.0.0.1:49942" [_thread_blocked, id=2976, stack(0x0000003f30500000,0x0000003f30600000)]
  0x00000202cff24b30 JavaThread "Stdin handler" [_thread_blocked, id=6068, stack(0x0000003f30700000,0x0000003f30800000)]
  0x00000202cff25000 JavaThread "Daemon client event forwarder" [_thread_blocked, id=8540, stack(0x0000003f30800000,0x0000003f30900000)]
=>0x00000202d0cf5e00 JavaThread "C2 CompilerThread2" daemon [_thread_in_native, id=14172, stack(0x0000003f30900000,0x0000003f30a00000)]
  0x00000202d1793210 JavaThread "Cache worker for checksums cache (C:\LAB MP\UASNo2New\.gradle\8.0\checksums)" [_thread_blocked, id=24528, stack(0x0000003f31600000,0x0000003f31700000)]
  0x00000202d1792870 JavaThread "Cache worker for cache directory md-rule (C:\Users\Richard\.gradle\caches\8.0\md-rule)" [_thread_blocked, id=17820, stack(0x0000003f31700000,0x0000003f31800000)]
  0x00000202d17936e0 JavaThread "Cache worker for file hash cache (C:\LAB MP\UASNo2New\.gradle\8.0\fileHashes)" [_thread_blocked, id=21816, stack(0x0000003f31900000,0x0000003f31a00000)]
  0x00000202d1794550 JavaThread "Cache worker for cache directory md-supplier (C:\Users\Richard\.gradle\caches\8.0\md-supplier)" [_thread_blocked, id=10916, stack(0x0000003f31a00000,0x0000003f31b00000)]
  0x00000202d1793bb0 JavaThread "Cache worker for dependencies-accessors (C:\LAB MP\UASNo2New\.gradle\8.0\dependencies-accessors)" [_thread_blocked, id=19300, stack(0x0000003f32100000,0x0000003f32200000)]

Other Threads:
  0x00000202cd41f1b0 VMThread "VM Thread" [stack: 0x0000003f2ed00000,0x0000003f2ee00000] [id=22968]
  0x00000202b07ec010 WatcherThread [stack: 0x0000003f2f900000,0x0000003f2fa00000] [id=24788]
  0x00000202b0796350 GCTaskThread "GC Thread#0" [stack: 0x0000003f2e800000,0x0000003f2e900000] [id=21620]
  0x00000202ce4834a0 GCTaskThread "GC Thread#1" [stack: 0x0000003f2fc00000,0x0000003f2fd00000] [id=16448]
  0x00000202ce9c7110 GCTaskThread "GC Thread#2" [stack: 0x0000003f2fd00000,0x0000003f2fe00000] [id=22996]
  0x00000202ce7444e0 GCTaskThread "GC Thread#3" [stack: 0x0000003f2fe00000,0x0000003f2ff00000] [id=11848]
  0x00000202cef09ca0 GCTaskThread "GC Thread#4" [stack: 0x0000003f2ff00000,0x0000003f30000000] [id=4832]
  0x00000202cec05040 GCTaskThread "GC Thread#5" [stack: 0x0000003f30a00000,0x0000003f30b00000] [id=19824]
  0x00000202cef254c0 GCTaskThread "GC Thread#6" [stack: 0x0000003f30b00000,0x0000003f30c00000] [id=14288]
  0x00000202ce992820 GCTaskThread "GC Thread#7" [stack: 0x0000003f30c00000,0x0000003f30d00000] [id=15884]
  0x00000202d08f4be0 GCTaskThread "GC Thread#8" [stack: 0x0000003f30d00000,0x0000003f30e00000] [id=15476]
  0x00000202cff8d440 GCTaskThread "GC Thread#9" [stack: 0x0000003f30e00000,0x0000003f30f00000] [id=12032]
  0x00000202b07e5010 ConcurrentGCThread "G1 Main Marker" [stack: 0x0000003f2e900000,0x0000003f2ea00000] [id=15556]
  0x00000202b07e68d0 ConcurrentGCThread "G1 Conc#0" [stack: 0x0000003f2ea00000,0x0000003f2eb00000] [id=13208]
  0x00000202cfb27430 ConcurrentGCThread "G1 Conc#1" [stack: 0x0000003f30f00000,0x0000003f31000000] [id=22436]
  0x00000202d03dbbc0 ConcurrentGCThread "G1 Conc#2" [stack: 0x0000003f31000000,0x0000003f31100000] [id=5728]
  0x00000202b07fec90 ConcurrentGCThread "G1 Refine#0" [stack: 0x0000003f2eb00000,0x0000003f2ec00000] [id=10520]
  0x00000202d09144a0 ConcurrentGCThread "G1 Refine#1" [stack: 0x0000003f31e00000,0x0000003f31f00000] [id=25928]
  0x00000202d0913640 ConcurrentGCThread "G1 Refine#2" [stack: 0x0000003f32200000,0x0000003f32300000] [id=9100]
  0x00000202cc824710 ConcurrentGCThread "G1 Service" [stack: 0x0000003f2ec00000,0x0000003f2ed00000] [id=25288]

Threads with active compile tasks:
C2 CompilerThread0    18610 10982   !   4       com.google.common.cache.LocalCache$Segment::get (210 bytes)
C2 CompilerThread1    18610 10924       4       java.lang.reflect.AccessibleObject::checkCanSetAccessible (368 bytes)
C2 CompilerThread2    18610 10975       4       com.google.common.cache.LocalCache::get (21 bytes)

VM state: not at safepoint (normal execution)

VM Mutex/Monitor currently owned by a thread: None

Heap address: 0x0000000080000000, size: 2048 MB, Compressed Oops mode: 32-bit

CDS archive(s) not mapped
Compressed class space mapped at: 0x0000000100000000-0x0000000140000000, reserved size: 1073741824
Narrow klass base: 0x0000000000000000, Narrow klass shift: 3, Narrow klass range: 0x140000000

GC Precious Log:
 CPUs: 12 total, 12 available
 Memory: 8043M
 Large Page Support: Disabled
 NUMA Support: Disabled
 Compressed Oops: Enabled (32-bit)
 Heap Region Size: 1M
 Heap Min Capacity: 8M
 Heap Initial Capacity: 126M
 Heap Max Capacity: 2G
 Pre-touch: Disabled
 Parallel Workers: 10
 Concurrent Workers: 3
 Concurrent Refinement Workers: 10
 Periodic GC: Disabled

Heap:
 garbage-first heap   total 186368K, used 97204K [0x0000000080000000, 0x0000000100000000)
  region size 1024K, 23 young (23552K), 9 survivors (9216K)
 Metaspace       used 86260K, committed 86912K, reserved 1130496K
  class space    used 11879K, committed 12160K, reserved 1048576K

Heap Regions: E=young(eden), S=young(survivor), O=old, HS=humongous(starts), HC=humongous(continues), CS=collection set, F=free, OA=open archive, CA=closed archive, TAMS=top-at-mark-start (previous, next)
|   0|0x0000000080000000, 0x0000000080100000, 0x0000000080100000|100%|HS|  |TAMS 0x0000000080100000, 0x0000000080000000| Complete 
|   1|0x0000000080100000, 0x0000000080200000, 0x0000000080200000|100%|HC|  |TAMS 0x0000000080200000, 0x0000000080100000| Complete 
|   2|0x0000000080200000, 0x0000000080300000, 0x0000000080300000|100%|HC|  |TAMS 0x0000000080300000, 0x0000000080200000| Complete 
|   3|0x0000000080300000, 0x0000000080400000, 0x0000000080400000|100%|HC|  |TAMS 0x0000000080400000, 0x0000000080300000| Complete 
|   4|0x0000000080400000, 0x0000000080500000, 0x0000000080500000|100%| O|  |TAMS 0x0000000080500000, 0x0000000080400000| Untracked 
|   5|0x0000000080500000, 0x0000000080600000, 0x0000000080600000|100%| O|  |TAMS 0x0000000080600000, 0x0000000080500000| Untracked 
|   6|0x0000000080600000, 0x0000000080700000, 0x0000000080700000|100%| O|  |TAMS 0x0000000080700000, 0x0000000080600000| Untracked 
|   7|0x0000000080700000, 0x0000000080800000, 0x0000000080800000|100%| O|  |TAMS 0x0000000080800000, 0x0000000080700000| Untracked 
|   8|0x0000000080800000, 0x0000000080900000, 0x0000000080900000|100%| O|  |TAMS 0x0000000080900000, 0x0000000080800000| Untracked 
|   9|0x0000000080900000, 0x0000000080a00000, 0x0000000080a00000|100%| O|  |TAMS 0x0000000080a00000, 0x0000000080900000| Untracked 
|  10|0x0000000080a00000, 0x0000000080b00000, 0x0000000080b00000|100%| O|  |TAMS 0x0000000080b00000, 0x0000000080a00000| Untracked 
|  11|0x0000000080b00000, 0x0000000080c00000, 0x0000000080c00000|100%| O|  |TAMS 0x0000000080b00000, 0x0000000080b00000| Untracked 
|  12|0x0000000080c00000, 0x0000000080d00000, 0x0000000080d00000|100%| O|  |TAMS 0x0000000080d00000, 0x0000000080c00000| Untracked 
|  13|0x0000000080d00000, 0x0000000080e00000, 0x0000000080e00000|100%| O|  |TAMS 0x0000000080e00000, 0x0000000080d00000| Untracked 
|  14|0x0000000080e00000, 0x0000000080f00000, 0x0000000080f00000|100%| O|  |TAMS 0x0000000080f00000, 0x0000000080e00000| Untracked 
|  15|0x0000000080f00000, 0x0000000081000000, 0x0000000081000000|100%| O|  |TAMS 0x0000000081000000, 0x0000000080f00000| Untracked 
|  16|0x0000000081000000, 0x0000000081100000, 0x0000000081100000|100%| O|  |TAMS 0x0000000081100000, 0x0000000081000000| Untracked 
|  17|0x0000000081100000, 0x0000000081200000, 0x0000000081200000|100%| O|  |TAMS 0x0000000081200000, 0x0000000081100000| Untracked 
|  18|0x0000000081200000, 0x0000000081300000, 0x0000000081300000|100%| O|  |TAMS 0x0000000081300000, 0x0000000081200000| Untracked 
|  19|0x0000000081300000, 0x0000000081400000, 0x0000000081400000|100%| O|  |TAMS 0x0000000081400000, 0x0000000081300000| Untracked 
|  20|0x0000000081400000, 0x0000000081500000, 0x0000000081500000|100%| O|  |TAMS 0x0000000081500000, 0x0000000081400000| Untracked 
|  21|0x0000000081500000, 0x0000000081600000, 0x0000000081600000|100%| O|  |TAMS 0x0000000081600000, 0x0000000081500000| Untracked 
|  22|0x0000000081600000, 0x0000000081700000, 0x0000000081700000|100%| O|  |TAMS 0x0000000081700000, 0x0000000081600000| Untracked 
|  23|0x0000000081700000, 0x0000000081800000, 0x0000000081800000|100%| O|  |TAMS 0x0000000081800000, 0x0000000081700000| Untracked 
|  24|0x0000000081800000, 0x0000000081900000, 0x0000000081900000|100%|HS|  |TAMS 0x0000000081900000, 0x0000000081800000| Complete 
|  25|0x0000000081900000, 0x0000000081a00000, 0x0000000081a00000|100%| O|  |TAMS 0x0000000081a00000, 0x0000000081900000| Untracked 
|  26|0x0000000081a00000, 0x0000000081b00000, 0x0000000081b00000|100%| O|  |TAMS 0x0000000081b00000, 0x0000000081a00000| Untracked 
|  27|0x0000000081b00000, 0x0000000081c00000, 0x0000000081c00000|100%| O|  |TAMS 0x0000000081c00000, 0x0000000081b00000| Untracked 
|  28|0x0000000081c00000, 0x0000000081d00000, 0x0000000081d00000|100%| O|  |TAMS 0x0000000081d00000, 0x0000000081c00000| Untracked 
|  29|0x0000000081d00000, 0x0000000081e00000, 0x0000000081e00000|100%| O|  |TAMS 0x0000000081e00000, 0x0000000081d00000| Untracked 
|  30|0x0000000081e00000, 0x0000000081f00000, 0x0000000081f00000|100%| O|  |TAMS 0x0000000081f00000, 0x0000000081e00000| Untracked 
|  31|0x0000000081f00000, 0x0000000082000000, 0x0000000082000000|100%| O|  |TAMS 0x0000000082000000, 0x0000000081f00000| Untracked 
|  32|0x0000000082000000, 0x0000000082100000, 0x0000000082100000|100%| O|  |TAMS 0x0000000082100000, 0x0000000082000000| Untracked 
|  33|0x0000000082100000, 0x0000000082200000, 0x0000000082200000|100%|HS|  |TAMS 0x0000000082200000, 0x0000000082100000| Complete 
|  34|0x0000000082200000, 0x0000000082300000, 0x0000000082300000|100%| O|  |TAMS 0x0000000082300000, 0x0000000082200000| Untracked 
|  35|0x0000000082300000, 0x0000000082400000, 0x0000000082400000|100%| O|  |TAMS 0x0000000082400000, 0x0000000082300000| Untracked 
|  36|0x0000000082400000, 0x0000000082500000, 0x0000000082500000|100%| O|  |TAMS 0x0000000082500000, 0x0000000082400000| Untracked 
|  37|0x0000000082500000, 0x0000000082600000, 0x0000000082600000|100%| O|  |TAMS 0x0000000082600000, 0x0000000082500000| Untracked 
|  38|0x0000000082600000, 0x0000000082700000, 0x0000000082700000|100%| O|  |TAMS 0x0000000082700000, 0x0000000082600000| Untracked 
|  39|0x0000000082700000, 0x0000000082800000, 0x0000000082800000|100%| O|  |TAMS 0x0000000082800000, 0x0000000082700000| Untracked 
|  40|0x0000000082800000, 0x0000000082900000, 0x0000000082900000|100%| O|  |TAMS 0x0000000082900000, 0x0000000082800000| Untracked 
|  41|0x0000000082900000, 0x0000000082a00000, 0x0000000082a00000|100%| O|  |TAMS 0x0000000082a00000, 0x0000000082900000| Untracked 
|  42|0x0000000082a00000, 0x0000000082b00000, 0x0000000082b00000|100%| O|  |TAMS 0x0000000082b00000, 0x0000000082a00000| Untracked 
|  43|0x0000000082b00000, 0x0000000082c00000, 0x0000000082c00000|100%| O|  |TAMS 0x0000000082c00000, 0x0000000082b00000| Untracked 
|  44|0x0000000082c00000, 0x0000000082d00000, 0x0000000082d00000|100%| O|  |TAMS 0x0000000082d00000, 0x0000000082c00000| Untracked 
|  45|0x0000000082d00000, 0x0000000082e00000, 0x0000000082e00000|100%| O|  |TAMS 0x0000000082e00000, 0x0000000082d00000| Untracked 
|  46|0x0000000082e00000, 0x0000000082f00000, 0x0000000082f00000|100%| O|  |TAMS 0x0000000082f00000, 0x0000000082e00000| Untracked 
|  47|0x0000000082f00000, 0x0000000083000000, 0x0000000083000000|100%| O|  |TAMS 0x0000000082f00000, 0x0000000082f00000| Untracked 
|  48|0x0000000083000000, 0x0000000083100000, 0x0000000083100000|100%| O|  |TAMS 0x0000000083100000, 0x0000000083000000| Untracked 
|  49|0x0000000083100000, 0x0000000083200000, 0x0000000083200000|100%| O|  |TAMS 0x0000000083200000, 0x0000000083100000| Untracked 
|  50|0x0000000083200000, 0x0000000083300000, 0x0000000083300000|100%| O|  |TAMS 0x000000008320c200, 0x0000000083200000| Untracked 
|  51|0x0000000083300000, 0x0000000083400000, 0x0000000083400000|100%| O|  |TAMS 0x0000000083300000, 0x0000000083300000| Untracked 
|  52|0x0000000083400000, 0x0000000083500000, 0x0000000083500000|100%| O|  |TAMS 0x0000000083400000, 0x0000000083400000| Untracked 
|  53|0x0000000083500000, 0x0000000083600000, 0x0000000083600000|100%| O|  |TAMS 0x0000000083500000, 0x0000000083500000| Untracked 
|  54|0x0000000083600000, 0x0000000083700000, 0x0000000083700000|100%| O|  |TAMS 0x0000000083600000, 0x0000000083600000| Untracked 
|  55|0x0000000083700000, 0x0000000083800000, 0x0000000083800000|100%| O|  |TAMS 0x0000000083700000, 0x0000000083700000| Untracked 
|  56|0x0000000083800000, 0x0000000083900000, 0x0000000083900000|100%| O|  |TAMS 0x0000000083800000, 0x0000000083800000| Untracked 
|  57|0x0000000083900000, 0x0000000083a00000, 0x0000000083a00000|100%| O|  |TAMS 0x0000000083900000, 0x0000000083900000| Untracked 
|  58|0x0000000083a00000, 0x0000000083b00000, 0x0000000083b00000|100%| O|  |TAMS 0x0000000083a00000, 0x0000000083a00000| Untracked 
|  59|0x0000000083b00000, 0x0000000083c00000, 0x0000000083c00000|100%| O|  |TAMS 0x0000000083b00000, 0x0000000083b00000| Untracked 
|  60|0x0000000083c00000, 0x0000000083d00000, 0x0000000083d00000|100%| O|  |TAMS 0x0000000083c00000, 0x0000000083c00000| Untracked 
|  61|0x0000000083d00000, 0x0000000083e00000, 0x0000000083e00000|100%| O|  |TAMS 0x0000000083d00000, 0x0000000083d00000| Untracked 
|  62|0x0000000083e00000, 0x0000000083f00000, 0x0000000083f00000|100%| O|  |TAMS 0x0000000083e00000, 0x0000000083e00000| Untracked 
|  63|0x0000000083f00000, 0x0000000084000000, 0x0000000084000000|100%| O|  |TAMS 0x0000000083f00000, 0x0000000083f00000| Untracked 
|  64|0x0000000084000000, 0x0000000084100000, 0x0000000084100000|100%| O|  |TAMS 0x0000000084000000, 0x0000000084000000| Untracked 
|  65|0x0000000084100000, 0x0000000084200000, 0x0000000084200000|100%| O|  |TAMS 0x0000000084100000, 0x0000000084100000| Untracked 
|  66|0x0000000084200000, 0x0000000084300000, 0x0000000084300000|100%| O|  |TAMS 0x0000000084200000, 0x0000000084200000| Untracked 
|  67|0x0000000084300000, 0x0000000084400000, 0x0000000084400000|100%| O|  |TAMS 0x0000000084300000, 0x0000000084300000| Untracked 
|  68|0x0000000084400000, 0x0000000084500000, 0x0000000084500000|100%| O|  |TAMS 0x0000000084400000, 0x0000000084400000| Untracked 
|  69|0x0000000084500000, 0x0000000084600000, 0x0000000084600000|100%| O|  |TAMS 0x0000000084500000, 0x0000000084500000| Untracked 
|  70|0x0000000084600000, 0x0000000084700000, 0x0000000084700000|100%| O|  |TAMS 0x0000000084600000, 0x0000000084600000| Untracked 
|  71|0x0000000084700000, 0x0000000084800000, 0x0000000084800000|100%| O|  |TAMS 0x0000000084700000, 0x0000000084700000| Untracked 
|  72|0x0000000084800000, 0x0000000084900000, 0x0000000084900000|100%| O|  |TAMS 0x0000000084800000, 0x0000000084800000| Untracked 
|  73|0x0000000084900000, 0x000000008497b800, 0x0000000084a00000| 48%| O|  |TAMS 0x0000000084900000, 0x0000000084900000| Untracked 
|  74|0x0000000084a00000, 0x0000000084a00000, 0x0000000084b00000|  0%| F|  |TAMS 0x0000000084a00000, 0x0000000084a00000| Untracked 
|  75|0x0000000084b00000, 0x0000000084b00000, 0x0000000084c00000|  0%| F|  |TAMS 0x0000000084b00000, 0x0000000084b00000| Untracked 
|  76|0x0000000084c00000, 0x0000000084c00000, 0x0000000084d00000|  0%| F|  |TAMS 0x0000000084c00000, 0x0000000084c00000| Untracked 
|  77|0x0000000084d00000, 0x0000000084d00000, 0x0000000084e00000|  0%| F|  |TAMS 0x0000000084d00000, 0x0000000084d00000| Untracked 
|  78|0x0000000084e00000, 0x0000000084e00000, 0x0000000084f00000|  0%| F|  |TAMS 0x0000000084e00000, 0x0000000084e00000| Untracked 
|  79|0x0000000084f00000, 0x0000000084f00000, 0x0000000085000000|  0%| F|  |TAMS 0x0000000084f00000, 0x0000000084f00000| Untracked 
|  80|0x0000000085000000, 0x0000000085000000, 0x0000000085100000|  0%| F|  |TAMS 0x0000000085000000, 0x0000000085000000| Untracked 
|  81|0x0000000085100000, 0x0000000085100000, 0x0000000085200000|  0%| F|  |TAMS 0x0000000085100000, 0x0000000085100000| Untracked 
|  82|0x0000000085200000, 0x0000000085200000, 0x0000000085300000|  0%| F|  |TAMS 0x0000000085200000, 0x0000000085200000| Untracked 
|  83|0x0000000085300000, 0x0000000085300000, 0x0000000085400000|  0%| F|  |TAMS 0x0000000085300000, 0x0000000085300000| Untracked 
|  84|0x0000000085400000, 0x0000000085400000, 0x0000000085500000|  0%| F|  |TAMS 0x0000000085400000, 0x0000000085400000| Untracked 
|  85|0x0000000085500000, 0x0000000085500000, 0x0000000085600000|  0%| F|  |TAMS 0x0000000085500000, 0x0000000085500000| Untracked 
|  86|0x0000000085600000, 0x0000000085600000, 0x0000000085700000|  0%| F|  |TAMS 0x0000000085600000, 0x0000000085600000| Untracked 
|  87|0x0000000085700000, 0x0000000085700000, 0x0000000085800000|  0%| F|  |TAMS 0x0000000085700000, 0x0000000085700000| Untracked 
|  88|0x0000000085800000, 0x0000000085800000, 0x0000000085900000|  0%| F|  |TAMS 0x0000000085800000, 0x0000000085800000| Untracked 
|  89|0x0000000085900000, 0x0000000085900000, 0x0000000085a00000|  0%| F|  |TAMS 0x0000000085900000, 0x0000000085900000| Untracked 
|  90|0x0000000085a00000, 0x0000000085a00000, 0x0000000085b00000|  0%| F|  |TAMS 0x0000000085a00000, 0x0000000085a00000| Untracked 
|  91|0x0000000085b00000, 0x0000000085b00000, 0x0000000085c00000|  0%| F|  |TAMS 0x0000000085b00000, 0x0000000085b00000| Untracked 
|  92|0x0000000085c00000, 0x0000000085c00000, 0x0000000085d00000|  0%| F|  |TAMS 0x0000000085c00000, 0x0000000085c00000| Untracked 
|  93|0x0000000085d00000, 0x0000000085d00000, 0x0000000085e00000|  0%| F|  |TAMS 0x0000000085d00000, 0x0000000085d00000| Untracked 
|  94|0x0000000085e00000, 0x0000000085e00000, 0x0000000085f00000|  0%| F|  |TAMS 0x0000000085e00000, 0x0000000085e00000| Untracked 
|  95|0x0000000085f00000, 0x0000000085f00000, 0x0000000086000000|  0%| F|  |TAMS 0x0000000085f00000, 0x0000000085f00000| Untracked 
|  96|0x0000000086000000, 0x0000000086000000, 0x0000000086100000|  0%| F|  |TAMS 0x0000000086000000, 0x0000000086000000| Untracked 
|  97|0x0000000086100000, 0x0000000086100000, 0x0000000086200000|  0%| F|  |TAMS 0x0000000086100000, 0x0000000086100000| Untracked 
|  98|0x0000000086200000, 0x0000000086200000, 0x0000000086300000|  0%| F|  |TAMS 0x0000000086200000, 0x0000000086200000| Untracked 
|  99|0x0000000086300000, 0x0000000086300000, 0x0000000086400000|  0%| F|  |TAMS 0x0000000086300000, 0x0000000086300000| Untracked 
| 100|0x0000000086400000, 0x0000000086400000, 0x0000000086500000|  0%| F|  |TAMS 0x0000000086400000, 0x0000000086400000| Untracked 
| 101|0x0000000086500000, 0x0000000086500000, 0x0000000086600000|  0%| F|  |TAMS 0x0000000086500000, 0x0000000086500000| Untracked 
| 102|0x0000000086600000, 0x0000000086600000, 0x0000000086700000|  0%| F|  |TAMS 0x0000000086600000, 0x0000000086600000| Untracked 
| 103|0x0000000086700000, 0x0000000086700000, 0x0000000086800000|  0%| F|  |TAMS 0x0000000086700000, 0x0000000086700000| Untracked 
| 104|0x0000000086800000, 0x0000000086871880, 0x0000000086900000| 44%| S|CS|TAMS 0x0000000086800000, 0x0000000086800000| Complete 
| 105|0x0000000086900000, 0x0000000086a00000, 0x0000000086a00000|100%| S|CS|TAMS 0x0000000086900000, 0x0000000086900000| Complete 
| 106|0x0000000086a00000, 0x0000000086b00000, 0x0000000086b00000|100%| S|CS|TAMS 0x0000000086a00000, 0x0000000086a00000| Complete 
| 107|0x0000000086b00000, 0x0000000086c00000, 0x0000000086c00000|100%| S|CS|TAMS 0x0000000086b00000, 0x0000000086b00000| Complete 
| 108|0x0000000086c00000, 0x0000000086d00000, 0x0000000086d00000|100%| S|CS|TAMS 0x0000000086c00000, 0x0000000086c00000| Complete 
| 109|0x0000000086d00000, 0x0000000086e00000, 0x0000000086e00000|100%| S|CS|TAMS 0x0000000086d00000, 0x0000000086d00000| Complete 
| 110|0x0000000086e00000, 0x0000000086f00000, 0x0000000086f00000|100%| S|CS|TAMS 0x0000000086e00000, 0x0000000086e00000| Complete 
| 111|0x0000000086f00000, 0x0000000086f00000, 0x0000000087000000|  0%| F|  |TAMS 0x0000000086f00000, 0x0000000086f00000| Untracked 
| 112|0x0000000087000000, 0x0000000087000000, 0x0000000087100000|  0%| F|  |TAMS 0x0000000087000000, 0x0000000087000000| Untracked 
| 113|0x0000000087100000, 0x0000000087100000, 0x0000000087200000|  0%| F|  |TAMS 0x0000000087100000, 0x0000000087100000| Untracked 
| 114|0x0000000087200000, 0x0000000087200000, 0x0000000087300000|  0%| F|  |TAMS 0x0000000087200000, 0x0000000087200000| Untracked 
| 115|0x0000000087300000, 0x0000000087300000, 0x0000000087400000|  0%| F|  |TAMS 0x0000000087300000, 0x0000000087300000| Untracked 
| 116|0x0000000087400000, 0x0000000087400000, 0x0000000087500000|  0%| F|  |TAMS 0x0000000087400000, 0x0000000087400000| Untracked 
| 117|0x0000000087500000, 0x0000000087600000, 0x0000000087600000|100%| S|CS|TAMS 0x0000000087500000, 0x0000000087500000| Complete 
| 118|0x0000000087600000, 0x0000000087700000, 0x0000000087700000|100%| S|CS|TAMS 0x0000000087600000, 0x0000000087600000| Complete 
| 119|0x0000000087700000, 0x0000000087700000, 0x0000000087800000|  0%| F|  |TAMS 0x0000000087700000, 0x0000000087700000| Untracked 
| 120|0x0000000087800000, 0x0000000087800000, 0x0000000087900000|  0%| F|  |TAMS 0x0000000087800000, 0x0000000087800000| Untracked 
| 121|0x0000000087900000, 0x0000000087900000, 0x0000000087a00000|  0%| F|  |TAMS 0x0000000087900000, 0x0000000087900000| Untracked 
| 122|0x0000000087a00000, 0x0000000087a00000, 0x0000000087b00000|  0%| F|  |TAMS 0x0000000087a00000, 0x0000000087a00000| Untracked 
| 123|0x0000000087b00000, 0x0000000087b00000, 0x0000000087c00000|  0%| F|  |TAMS 0x0000000087b00000, 0x0000000087b00000| Untracked 
| 124|0x0000000087c00000, 0x0000000087c00000, 0x0000000087d00000|  0%| F|  |TAMS 0x0000000087c00000, 0x0000000087c00000| Untracked 
| 125|0x0000000087d00000, 0x0000000087d00000, 0x0000000087e00000|  0%| F|  |TAMS 0x0000000087d00000, 0x0000000087d00000| Untracked 
| 126|0x0000000087e00000, 0x0000000087e00000, 0x0000000087f00000|  0%| F|  |TAMS 0x0000000087e00000, 0x0000000087e00000| Untracked 
| 127|0x0000000087f00000, 0x0000000087f00000, 0x0000000088000000|  0%| F|  |TAMS 0x0000000087f00000, 0x0000000087f00000| Untracked 
| 128|0x0000000088000000, 0x0000000088000000, 0x0000000088100000|  0%| F|  |TAMS 0x0000000088000000, 0x0000000088000000| Untracked 
| 129|0x0000000088100000, 0x0000000088100000, 0x0000000088200000|  0%| F|  |TAMS 0x0000000088100000, 0x0000000088100000| Untracked 
| 130|0x0000000088200000, 0x0000000088200000, 0x0000000088300000|  0%| F|  |TAMS 0x0000000088200000, 0x0000000088200000| Untracked 
| 131|0x0000000088300000, 0x0000000088300000, 0x0000000088400000|  0%| F|  |TAMS 0x0000000088300000, 0x0000000088300000| Untracked 
| 132|0x0000000088400000, 0x0000000088400000, 0x0000000088500000|  0%| F|  |TAMS 0x0000000088400000, 0x0000000088400000| Untracked 
| 133|0x0000000088500000, 0x0000000088500000, 0x0000000088600000|  0%| F|  |TAMS 0x0000000088500000, 0x0000000088500000| Untracked 
| 134|0x0000000088600000, 0x0000000088600000, 0x0000000088700000|  0%| F|  |TAMS 0x0000000088600000, 0x0000000088600000| Untracked 
| 135|0x0000000088700000, 0x0000000088700000, 0x0000000088800000|  0%| F|  |TAMS 0x0000000088700000, 0x0000000088700000| Untracked 
| 136|0x0000000088800000, 0x0000000088800000, 0x0000000088900000|  0%| F|  |TAMS 0x0000000088800000, 0x0000000088800000| Untracked 
| 137|0x0000000088900000, 0x0000000088900000, 0x0000000088a00000|  0%| F|  |TAMS 0x0000000088900000, 0x0000000088900000| Untracked 
| 138|0x0000000088a00000, 0x0000000088a00000, 0x0000000088b00000|  0%| F|  |TAMS 0x0000000088a00000, 0x0000000088a00000| Untracked 
| 139|0x0000000088b00000, 0x0000000088b00000, 0x0000000088c00000|  0%| F|  |TAMS 0x0000000088b00000, 0x0000000088b00000| Untracked 
| 140|0x0000000088c00000, 0x0000000088c00000, 0x0000000088d00000|  0%| F|  |TAMS 0x0000000088c00000, 0x0000000088c00000| Untracked 
| 141|0x0000000088d00000, 0x0000000088d00000, 0x0000000088e00000|  0%| F|  |TAMS 0x0000000088d00000, 0x0000000088d00000| Untracked 
| 142|0x0000000088e00000, 0x0000000088e00000, 0x0000000088f00000|  0%| F|  |TAMS 0x0000000088e00000, 0x0000000088e00000| Untracked 
| 143|0x0000000088f00000, 0x0000000088f00000, 0x0000000089000000|  0%| F|  |TAMS 0x0000000088f00000, 0x0000000088f00000| Untracked 
| 144|0x0000000089000000, 0x0000000089000000, 0x0000000089100000|  0%| F|  |TAMS 0x0000000089000000, 0x0000000089000000| Untracked 
| 145|0x0000000089100000, 0x0000000089100000, 0x0000000089200000|  0%| F|  |TAMS 0x0000000089100000, 0x0000000089100000| Untracked 
| 146|0x0000000089200000, 0x0000000089200000, 0x0000000089300000|  0%| F|  |TAMS 0x0000000089200000, 0x0000000089200000| Untracked 
| 147|0x0000000089300000, 0x0000000089300000, 0x0000000089400000|  0%| F|  |TAMS 0x0000000089300000, 0x0000000089300000| Untracked 
| 148|0x0000000089400000, 0x0000000089400000, 0x0000000089500000|  0%| F|  |TAMS 0x0000000089400000, 0x0000000089400000| Untracked 
| 149|0x0000000089500000, 0x0000000089500000, 0x0000000089600000|  0%| F|  |TAMS 0x0000000089500000, 0x0000000089500000| Untracked 
| 150|0x0000000089600000, 0x0000000089600000, 0x0000000089700000|  0%| F|  |TAMS 0x0000000089600000, 0x0000000089600000| Untracked 
| 151|0x0000000089700000, 0x0000000089700000, 0x0000000089800000|  0%| F|  |TAMS 0x0000000089700000, 0x0000000089700000| Untracked 
| 152|0x0000000089800000, 0x0000000089800000, 0x0000000089900000|  0%| F|  |TAMS 0x0000000089800000, 0x0000000089800000| Untracked 
| 153|0x0000000089900000, 0x0000000089900000, 0x0000000089a00000|  0%| F|  |TAMS 0x0000000089900000, 0x0000000089900000| Untracked 
| 154|0x0000000089a00000, 0x0000000089a00000, 0x0000000089b00000|  0%| F|  |TAMS 0x0000000089a00000, 0x0000000089a00000| Untracked 
| 155|0x0000000089b00000, 0x0000000089b00000, 0x0000000089c00000|  0%| F|  |TAMS 0x0000000089b00000, 0x0000000089b00000| Untracked 
| 156|0x0000000089c00000, 0x0000000089c00000, 0x0000000089d00000|  0%| F|  |TAMS 0x0000000089c00000, 0x0000000089c00000| Untracked 
| 157|0x0000000089d00000, 0x0000000089d00000, 0x0000000089e00000|  0%| F|  |TAMS 0x0000000089d00000, 0x0000000089d00000| Untracked 
| 158|0x0000000089e00000, 0x0000000089e00000, 0x0000000089f00000|  0%| F|  |TAMS 0x0000000089e00000, 0x0000000089e00000| Untracked 
| 159|0x0000000089f00000, 0x0000000089f00000, 0x000000008a000000|  0%| F|  |TAMS 0x0000000089f00000, 0x0000000089f00000| Untracked 
| 160|0x000000008a000000, 0x000000008a000000, 0x000000008a100000|  0%| F|  |TAMS 0x000000008a000000, 0x000000008a000000| Untracked 
| 161|0x000000008a100000, 0x000000008a100000, 0x000000008a200000|  0%| F|  |TAMS 0x000000008a100000, 0x000000008a100000| Untracked 
| 162|0x000000008a200000, 0x000000008a200000, 0x000000008a300000|  0%| F|  |TAMS 0x000000008a200000, 0x000000008a200000| Untracked 
| 163|0x000000008a300000, 0x000000008a300000, 0x000000008a400000|  0%| F|  |TAMS 0x000000008a300000, 0x000000008a300000| Untracked 
| 164|0x000000008a400000, 0x000000008a400000, 0x000000008a500000|  0%| F|  |TAMS 0x000000008a400000, 0x000000008a400000| Untracked 
| 165|0x000000008a500000, 0x000000008a500000, 0x000000008a600000|  0%| F|  |TAMS 0x000000008a500000, 0x000000008a500000| Untracked 
| 166|0x000000008a600000, 0x000000008a600000, 0x000000008a700000|  0%| F|  |TAMS 0x000000008a600000, 0x000000008a600000| Untracked 
| 167|0x000000008a700000, 0x000000008a700000, 0x000000008a800000|  0%| F|  |TAMS 0x000000008a700000, 0x000000008a700000| Untracked 
| 168|0x000000008a800000, 0x000000008a8873d8, 0x000000008a900000| 52%| E|  |TAMS 0x000000008a800000, 0x000000008a800000| Complete 
| 169|0x000000008a900000, 0x000000008aa00000, 0x000000008aa00000|100%| E|CS|TAMS 0x000000008a900000, 0x000000008a900000| Complete 
| 170|0x000000008aa00000, 0x000000008ab00000, 0x000000008ab00000|100%| E|CS|TAMS 0x000000008aa00000, 0x000000008aa00000| Complete 
| 171|0x000000008ab00000, 0x000000008ac00000, 0x000000008ac00000|100%| E|CS|TAMS 0x000000008ab00000, 0x000000008ab00000| Complete 
| 172|0x000000008ac00000, 0x000000008ad00000, 0x000000008ad00000|100%| E|CS|TAMS 0x000000008ac00000, 0x000000008ac00000| Complete 
| 173|0x000000008ad00000, 0x000000008ae00000, 0x000000008ae00000|100%| E|CS|TAMS 0x000000008ad00000, 0x000000008ad00000| Complete 
| 174|0x000000008ae00000, 0x000000008af00000, 0x000000008af00000|100%| E|CS|TAMS 0x000000008ae00000, 0x000000008ae00000| Complete 
| 175|0x000000008af00000, 0x000000008b000000, 0x000000008b000000|100%| E|CS|TAMS 0x000000008af00000, 0x000000008af00000| Complete 
| 176|0x000000008b000000, 0x000000008b100000, 0x000000008b100000|100%| E|CS|TAMS 0x000000008b000000, 0x000000008b000000| Complete 
| 177|0x000000008b100000, 0x000000008b200000, 0x000000008b200000|100%| E|CS|TAMS 0x000000008b100000, 0x000000008b100000| Complete 
| 178|0x000000008b200000, 0x000000008b300000, 0x000000008b300000|100%| E|CS|TAMS 0x000000008b200000, 0x000000008b200000| Complete 
| 179|0x000000008b300000, 0x000000008b400000, 0x000000008b400000|100%| E|CS|TAMS 0x000000008b300000, 0x000000008b300000| Complete 
| 180|0x000000008b400000, 0x000000008b500000, 0x000000008b500000|100%| E|CS|TAMS 0x000000008b400000, 0x000000008b400000| Complete 
| 181|0x000000008b500000, 0x000000008b600000, 0x000000008b600000|100%| E|CS|TAMS 0x000000008b500000, 0x000000008b500000| Complete 

Card table byte_map: [0x00000202c54a0000,0x00000202c58a0000] _byte_map_base: 0x00000202c50a0000

Marking Bits (Prev, Next): (CMBitMap*) 0x00000202b07969a0, (CMBitMap*) 0x00000202b0796960
 Prev Bits: [0x00000202c7ca0000, 0x00000202c9ca0000)
 Next Bits: [0x00000202c5ca0000, 0x00000202c7ca0000)

Polling page: 0x00000202b04b0000

Metaspace:

Usage:
  Non-class:     72.64 MB used.
      Class:     11.60 MB used.
       Both:     84.25 MB used.

Virtual space:
  Non-class space:       80.00 MB reserved,      73.00 MB ( 91%) committed,  10 nodes.
      Class space:        1.00 GB reserved,      11.88 MB (  1%) committed,  1 nodes.
             Both:        1.08 GB reserved,      84.88 MB (  8%) committed. 

Chunk freelists:
   Non-Class:  2.84 MB
       Class:  101.00 KB
        Both:  2.94 MB

MaxMetaspaceSize: unlimited
CompressedClassSpaceSize: 1.00 GB
Initial GC threshold: 21.00 MB
Current GC threshold: 108.75 MB
CDS: off
MetaspaceReclaimPolicy: balanced
 - commit_granule_bytes: 65536.
 - commit_granule_words: 8192.
 - virtual_space_node_default_size: 1048576.
 - enlarge_chunks_in_place: 1.
 - new_chunks_are_fully_committed: 0.
 - uncommit_free_chunks: 1.
 - use_allocation_guard: 0.
 - handle_deallocations: 1.


Internal statistics:

num_allocs_failed_limit: 6.
num_arena_births: 890.
num_arena_deaths: 0.
num_vsnodes_births: 11.
num_vsnodes_deaths: 0.
num_space_committed: 1358.
num_space_uncommitted: 0.
num_chunks_returned_to_freelist: 6.
num_chunks_taken_from_freelist: 4040.
num_chunk_merges: 6.
num_chunk_splits: 2617.
num_chunks_enlarged: 1687.
num_purges: 0.
num_inconsistent_stats: 0.

CodeHeap 'non-profiled nmethods': size=120000Kb used=5595Kb max_used=5966Kb free=114404Kb
 bounds [0x00000202bcee0000, 0x00000202bd4c0000, 0x00000202c4410000]
CodeHeap 'profiled nmethods': size=120000Kb used=17464Kb max_used=18535Kb free=102535Kb
 bounds [0x00000202b5410000, 0x00000202b6630000, 0x00000202bc940000]
CodeHeap 'non-nmethods': size=5760Kb used=2365Kb max_used=2527Kb free=3394Kb
 bounds [0x00000202bc940000, 0x00000202bcbd0000, 0x00000202bcee0000]
 total_blobs=10346 nmethods=9448 adapters=810
 compilation: enabled
              stopped_count=0, restarted_count=0
 full_count=0

Compilation events (20 events):
Event: 18.580 Thread 0x00000202cd454c90 10979       3       org.gradle.internal.metaobject.AbstractDynamicObject::<init> (5 bytes)
Event: 18.580 Thread 0x00000202cd454c90 nmethod 10979 0x00000202b60d5f90 code [0x00000202b60d6120, 0x00000202b60d6278]
Event: 18.581 Thread 0x00000202cd454390 nmethod 10942 0x00000202bd146210 code [0x00000202bd146420, 0x00000202bd147808]
Event: 18.581 Thread 0x00000202cd454390 10981       4       org.gradle.internal.logging.slf4j.OutputEventListenerBackedLoggerContext::getLevel (11 bytes)
Event: 18.581 Thread 0x00000202cd454c90 10980       3       org.gradle.internal.logging.slf4j.OutputEventListenerBackedLogger::isLevelAtMost (20 bytes)
Event: 18.582 Thread 0x00000202cd454c90 nmethod 10980 0x00000202b60d5910 code [0x00000202b60d5ac0, 0x00000202b60d5de8]
Event: 18.582 Thread 0x00000202cd454390 nmethod 10981 0x00000202bcfb0590 code [0x00000202bcfb0720, 0x00000202bcfb07d8]
Event: 18.582 Thread 0x00000202cd454390 10982   !   4       com.google.common.cache.LocalCache$Segment::get (210 bytes)
Event: 18.583 Thread 0x00000202cd454c90 10983       1       org.gradle.cache.internal.filelock.LockOptionsBuilder::getMode (5 bytes)
Event: 18.583 Thread 0x00000202cd454c90 nmethod 10983 0x00000202bcfb0290 code [0x00000202bcfb0420, 0x00000202bcfb04f8]
Event: 18.584 Thread 0x00000202cd454c90 10984       3       org.gradle.cache.internal.cacheops.CacheAccessOperationsStack::isInCacheAction (28 bytes)
Event: 18.585 Thread 0x00000202cd454c90 nmethod 10984 0x00000202b60d5210 code [0x00000202b60d53c0, 0x00000202b60d57c8]
Event: 18.586 Thread 0x00000202cd454c90 10987       3       org.gradle.internal.service.InjectUtil::selectConstructor (167 bytes)
Event: 18.591 Thread 0x00000202cd454c90 nmethod 10987 0x00000202b59a6e10 code [0x00000202b59a7460, 0x00000202b59aaca8]
Event: 18.591 Thread 0x00000202cd454c90 10988       3       org.gradle.internal.service.InjectUtil::isInnerClass (23 bytes)
Event: 18.592 Thread 0x00000202cd454c90 nmethod 10988 0x00000202b60eee90 code [0x00000202b60ef080, 0x00000202b60ef588]
Event: 18.592 Thread 0x00000202cd454c90 10993       3       kotlin.jvm.internal.Intrinsics::checkNotNull (8 bytes)
Event: 18.592 Thread 0x00000202cd454c90 nmethod 10993 0x00000202b60ee610 code [0x00000202b60ee800, 0x00000202b60eecc8]
Event: 18.592 Thread 0x00000202cd454c90 10989       1       org.gradle.internal.extensibility.DefaultConvention::getExtraProperties (5 bytes)
Event: 18.593 Thread 0x00000202cd454c90 nmethod 10989 0x00000202bcfaff90 code [0x00000202bcfb0120, 0x00000202bcfb01f8]

GC Heap History (20 events):
Event: 5.514 GC heap before
{Heap before GC invocations=19 (full 0):
 garbage-first heap   total 104448K, used 78063K [0x0000000080000000, 0x0000000100000000)
  region size 1024K, 25 young (25600K), 2 survivors (2048K)
 Metaspace       used 63898K, committed 64384K, reserved 1105920K
  class space    used 8448K, committed 8640K, reserved 1048576K
}
Event: 5.516 GC heap after
{Heap after GC invocations=20 (full 0):
 garbage-first heap   total 104448K, used 50386K [0x0000000080000000, 0x0000000100000000)
  region size 1024K, 3 young (3072K), 3 survivors (3072K)
 Metaspace       used 63898K, committed 64384K, reserved 1105920K
  class space    used 8448K, committed 8640K, reserved 1048576K
}
Event: 5.538 GC heap before
{Heap before GC invocations=20 (full 0):
 garbage-first heap   total 104448K, used 51410K [0x0000000080000000, 0x0000000100000000)
  region size 1024K, 5 young (5120K), 3 survivors (3072K)
 Metaspace       used 64090K, committed 64576K, reserved 1105920K
  class space    used 8471K, committed 8640K, reserved 1048576K
}
Event: 5.541 GC heap after
{Heap after GC invocations=21 (full 0):
 garbage-first heap   total 104448K, used 50674K [0x0000000080000000, 0x0000000100000000)
  region size 1024K, 1 young (1024K), 1 survivors (1024K)
 Metaspace       used 64090K, committed 64576K, reserved 1105920K
  class space    used 8471K, committed 8640K, reserved 1048576K
}
Event: 5.761 GC heap before
{Heap before GC invocations=21 (full 0):
 garbage-first heap   total 104448K, used 75250K [0x0000000080000000, 0x0000000100000000)
  region size 1024K, 25 young (25600K), 1 survivors (1024K)
 Metaspace       used 66021K, committed 66560K, reserved 1114112K
  class space    used 8723K, committed 8960K, reserved 1048576K
}
Event: 5.763 GC heap after
{Heap after GC invocations=22 (full 0):
 garbage-first heap   total 104448K, used 52551K [0x0000000080000000, 0x0000000100000000)
  region size 1024K, 3 young (3072K), 3 survivors (3072K)
 Metaspace       used 66021K, committed 66560K, reserved 1114112K
  class space    used 8723K, committed 8960K, reserved 1048576K
}
Event: 5.990 GC heap before
{Heap before GC invocations=23 (full 0):
 garbage-first heap   total 104448K, used 77127K [0x0000000080000000, 0x0000000100000000)
  region size 1024K, 27 young (27648K), 3 survivors (3072K)
 Metaspace       used 67473K, committed 68096K, reserved 1114112K
  class space    used 8919K, committed 9216K, reserved 1048576K
}
Event: 5.994 GC heap after
{Heap after GC invocations=24 (full 0):
 garbage-first heap   total 104448K, used 54547K [0x0000000080000000, 0x0000000100000000)
  region size 1024K, 2 young (2048K), 2 survivors (2048K)
 Metaspace       used 67473K, committed 68096K, reserved 1114112K
  class space    used 8919K, committed 9216K, reserved 1048576K
}
Event: 6.009 GC heap before
{Heap before GC invocations=24 (full 0):
 garbage-first heap   total 104448K, used 57619K [0x0000000080000000, 0x0000000100000000)
  region size 1024K, 5 young (5120K), 2 survivors (2048K)
 Metaspace       used 67473K, committed 68096K, reserved 1114112K
  class space    used 8919K, committed 9216K, reserved 1048576K
}
Event: 6.012 GC heap after
{Heap after GC invocations=25 (full 0):
 garbage-first heap   total 186368K, used 54306K [0x0000000080000000, 0x0000000100000000)
  region size 1024K, 1 young (1024K), 1 survivors (1024K)
 Metaspace       used 67473K, committed 68096K, reserved 1114112K
  class space    used 8919K, committed 9216K, reserved 1048576K
}
Event: 6.744 GC heap before
{Heap before GC invocations=25 (full 0):
 garbage-first heap   total 186368K, used 124962K [0x0000000080000000, 0x0000000100000000)
  region size 1024K, 70 young (71680K), 1 survivors (1024K)
 Metaspace       used 73487K, committed 74048K, reserved 1114112K
  class space    used 9959K, committed 10240K, reserved 1048576K
}
Event: 6.748 GC heap after
{Heap after GC invocations=26 (full 0):
 garbage-first heap   total 186368K, used 58928K [0x0000000080000000, 0x0000000100000000)
  region size 1024K, 5 young (5120K), 5 survivors (5120K)
 Metaspace       used 73487K, committed 74048K, reserved 1114112K
  class space    used 9959K, committed 10240K, reserved 1048576K
}
Event: 7.624 GC heap before
{Heap before GC invocations=26 (full 0):
 garbage-first heap   total 186368K, used 138800K [0x0000000080000000, 0x0000000100000000)
  region size 1024K, 83 young (84992K), 5 survivors (5120K)
 Metaspace       used 81521K, committed 82112K, reserved 1122304K
  class space    used 11115K, committed 11392K, reserved 1048576K
}
Event: 7.631 GC heap after
{Heap after GC invocations=27 (full 0):
 garbage-first heap   total 186368K, used 65528K [0x0000000080000000, 0x0000000100000000)
  region size 1024K, 11 young (11264K), 11 survivors (11264K)
 Metaspace       used 81521K, committed 82112K, reserved 1122304K
  class space    used 11115K, committed 11392K, reserved 1048576K
}
Event: 8.165 GC heap before
{Heap before GC invocations=27 (full 0):
 garbage-first heap   total 186368K, used 139256K [0x0000000080000000, 0x0000000100000000)
  region size 1024K, 84 young (86016K), 11 survivors (11264K)
 Metaspace       used 84259K, committed 84864K, reserved 1122304K
  class space    used 11695K, committed 11968K, reserved 1048576K
}
Event: 8.176 GC heap after
{Heap after GC invocations=28 (full 0):
 garbage-first heap   total 186368K, used 75544K [0x0000000080000000, 0x0000000100000000)
  region size 1024K, 10 young (10240K), 10 survivors (10240K)
 Metaspace       used 84259K, committed 84864K, reserved 1122304K
  class space    used 11695K, committed 11968K, reserved 1048576K
}
Event: 8.538 GC heap before
{Heap before GC invocations=28 (full 0):
 garbage-first heap   total 186368K, used 141080K [0x0000000080000000, 0x0000000100000000)
  region size 1024K, 75 young (76800K), 10 survivors (10240K)
 Metaspace       used 84942K, committed 85568K, reserved 1130496K
  class space    used 11748K, committed 12032K, reserved 1048576K
}
Event: 8.546 GC heap after
{Heap after GC invocations=29 (full 0):
 garbage-first heap   total 186368K, used 81092K [0x0000000080000000, 0x0000000100000000)
  region size 1024K, 6 young (6144K), 6 survivors (6144K)
 Metaspace       used 84942K, committed 85568K, reserved 1130496K
  class space    used 11748K, committed 12032K, reserved 1048576K
}
Event: 8.856 GC heap before
{Heap before GC invocations=29 (full 0):
 garbage-first heap   total 186368K, used 144580K [0x0000000080000000, 0x0000000100000000)
  region size 1024K, 69 young (70656K), 6 survivors (6144K)
 Metaspace       used 85538K, committed 86144K, reserved 1130496K
  class space    used 11782K, committed 12032K, reserved 1048576K
}
Event: 8.862 GC heap after
{Heap after GC invocations=30 (full 0):
 garbage-first heap   total 186368K, used 83892K [0x0000000080000000, 0x0000000100000000)
  region size 1024K, 9 young (9216K), 9 survivors (9216K)
 Metaspace       used 85538K, committed 86144K, reserved 1130496K
  class space    used 11782K, committed 12032K, reserved 1048576K
}

Dll operation events (2 events):
Event: 0.006 Loaded shared library C:\Program Files\Android\Android Studio\jbr\bin\java.dll
Event: 0.276 Loaded shared library C:\Program Files\Android\Android Studio\jbr\bin\verify.dll

Deoptimization events (20 events):
Event: 11.298 Thread 0x00000202ceb9b140 Uncommon trap: trap_request=0xffffff45 fr.pc=0x00000202bd27fd38 relative=0x0000000000000778
Event: 11.298 Thread 0x00000202ceb9b140 Uncommon trap: reason=unstable_if action=reinterpret pc=0x00000202bd27fd38 method=java.lang.AbstractStringBuilder.append(Ljava/lang/String;)Ljava/lang/AbstractStringBuilder; @ 1 c2
Event: 11.298 Thread 0x00000202ceb9b140 DEOPT PACKING pc=0x00000202bd27fd38 sp=0x0000003f302fe600
Event: 11.298 Thread 0x00000202ceb9b140 DEOPT UNPACKING pc=0x00000202bc9969a3 sp=0x0000003f302fe5e8 mode 2
Event: 18.557 Thread 0x00000202ce668fd0 Uncommon trap: trap_request=0xffffff45 fr.pc=0x00000202bd26a570 relative=0x0000000000000ed0
Event: 18.557 Thread 0x00000202ce668fd0 Uncommon trap: reason=unstable_if action=reinterpret pc=0x00000202bd26a570 method=org.gradle.internal.file.FileHierarchySet$Node.isChildOfOrThis(Ljava/lang/String;I)Z @ 35 c2
Event: 18.557 Thread 0x00000202ce668fd0 DEOPT PACKING pc=0x00000202bd26a570 sp=0x0000003f306fbb20
Event: 18.557 Thread 0x00000202ce668fd0 DEOPT UNPACKING pc=0x00000202bc9969a3 sp=0x0000003f306fba30 mode 2
Event: 18.557 Thread 0x00000202ce668fd0 Uncommon trap: trap_request=0xffffffc6 fr.pc=0x00000202bd052498 relative=0x0000000000000838
Event: 18.558 Thread 0x00000202ce668fd0 Uncommon trap: reason=bimorphic_or_optimized_type_check action=maybe_recompile pc=0x00000202bd052498 method=java.util.stream.MatchOps$MatchOp.evaluateSequential(Ljava/util/stream/PipelineHelper;Ljava/util/Spliterator;)Ljava/lang/Boolean; @ 14 c2
Event: 18.558 Thread 0x00000202ce668fd0 DEOPT PACKING pc=0x00000202bd052498 sp=0x0000003f306fb6f0
Event: 18.558 Thread 0x00000202ce668fd0 DEOPT UNPACKING pc=0x00000202bc9969a3 sp=0x0000003f306fb628 mode 2
Event: 18.582 Thread 0x00000202ce668fd0 Uncommon trap: trap_request=0xffffff45 fr.pc=0x00000202bd006bd4 relative=0x00000000000000d4
Event: 18.582 Thread 0x00000202ce668fd0 Uncommon trap: reason=unstable_if action=reinterpret pc=0x00000202bd006bd4 method=jdk.internal.misc.Unsafe.convEndian(ZJ)J @ 4 c2
Event: 18.582 Thread 0x00000202ce668fd0 DEOPT PACKING pc=0x00000202bd006bd4 sp=0x0000003f306f9e00
Event: 18.582 Thread 0x00000202ce668fd0 DEOPT UNPACKING pc=0x00000202bc9969a3 sp=0x0000003f306f9b58 mode 2
Event: 18.582 Thread 0x00000202ce668fd0 Uncommon trap: trap_request=0xffffff45 fr.pc=0x00000202bd15c308 relative=0x0000000000000088
Event: 18.582 Thread 0x00000202ce668fd0 Uncommon trap: reason=unstable_if action=reinterpret pc=0x00000202bd15c308 method=jdk.internal.misc.Unsafe.convEndian(ZJ)J @ 4 c2
Event: 18.582 Thread 0x00000202ce668fd0 DEOPT PACKING pc=0x00000202bd15c308 sp=0x0000003f306f9c40
Event: 18.582 Thread 0x00000202ce668fd0 DEOPT UNPACKING pc=0x00000202bc9969a3 sp=0x0000003f306f9b58 mode 2

Classes unloaded (0 events):
No events

Classes redefined (0 events):
No events

Internal exceptions (20 events):
Event: 8.454 Thread 0x00000202d074a860 Exception <a 'java/lang/NoSuchMethodError'{0x0000000088549908}: static Ljava/lang/Object;.<clinit>()V> (0x0000000088549908) 
thrown [s\src\hotspot\share\prims\jni.cpp, line 1108]
Event: 8.454 Thread 0x00000202d074a860 Exception <a 'java/lang/NoSuchMethodError'{0x000000008855fac0}: static Lcom/android/build/api/artifact/ArtifactKind;.<clinit>()V> (0x000000008855fac0) 
thrown [s\src\hotspot\share\prims\jni.cpp, line 1108]
Event: 8.454 Thread 0x00000202d074a860 Exception <a 'java/lang/NoSuchMethodError'{0x0000000088560c80}: static Lcom/android/build/api/artifact/ArtifactKind;.<clinit>()V> (0x0000000088560c80) 
thrown [s\src\hotspot\share\prims\jni.cpp, line 1108]
Event: 8.605 Thread 0x00000202d074d880 Exception <a 'java/lang/NoSuchMethodError'{0x000000008adb47b0}: 'int java.lang.invoke.DirectMethodHandle$Holder.invokeSpecial(java.lang.Object, java.lang.Object, java.lang.Object, java.lang.Object, java.lang.Object)'> (0x000000008adb47b0) 
thrown [s\src\hotspot\share\interpreter\linkResolver.cpp, line 771]
Event: 8.609 Thread 0x00000202d074d880 Exception <a 'java/lang/NoSuchMethodError'{0x000000008ac011c0}: static Ljava/lang/Object;.<clinit>()V> (0x000000008ac011c0) 
thrown [s\src\hotspot\share\prims\jni.cpp, line 1108]
Event: 8.641 Thread 0x00000202d074d880 Exception <a 'sun/nio/fs/WindowsException'{0x000000008a553058}> (0x000000008a553058) 
thrown [s\src\hotspot\share\prims\jni.cpp, line 517]
Event: 8.668 Thread 0x00000202d074c540 Exception <a 'sun/nio/fs/WindowsException'{0x000000008b347ea0}> (0x000000008b347ea0) 
thrown [s\src\hotspot\share\prims\jni.cpp, line 517]
Event: 8.762 Thread 0x00000202d4181db0 Implicit null exception at 0x00000202bd1c8144 to 0x00000202bd1c8b38
Event: 8.762 Thread 0x00000202d3aed740 Implicit null exception at 0x00000202bd1c8144 to 0x00000202bd1c8b38
Event: 8.762 Thread 0x00000202d4181db0 Implicit null exception at 0x00000202bd1c8144 to 0x00000202bd1c8b38
Event: 8.762 Thread 0x00000202d3aed740 Implicit null exception at 0x00000202bd1c8144 to 0x00000202bd1c8b38
Event: 8.775 Thread 0x00000202d2cbfa70 Implicit null exception at 0x00000202bd38dae0 to 0x00000202bd38db6c
Event: 8.795 Thread 0x00000202d41835c0 Implicit null exception at 0x00000202bd27c380 to 0x00000202bd27cd24
Event: 8.825 Thread 0x00000202d074e6f0 Exception <a 'sun/nio/fs/WindowsException'{0x0000000087e718d0}> (0x0000000087e718d0) 
thrown [s\src\hotspot\share\prims\jni.cpp, line 517]
Event: 8.849 Thread 0x00000202d074e6f0 Exception <a 'sun/nio/fs/WindowsException'{0x00000000877dbf58}> (0x00000000877dbf58) 
thrown [s\src\hotspot\share\prims\jni.cpp, line 517]
Event: 8.907 Thread 0x00000202ce668fd0 Exception <a 'sun/nio/fs/WindowsException'{0x000000008b3be070}> (0x000000008b3be070) 
thrown [s\src\hotspot\share\prims\jni.cpp, line 517]
Event: 8.907 Thread 0x00000202ce668fd0 Exception <a 'sun/nio/fs/WindowsException'{0x000000008b3be3a0}> (0x000000008b3be3a0) 
thrown [s\src\hotspot\share\prims\jni.cpp, line 517]
Event: 8.907 Thread 0x00000202ce668fd0 Exception <a 'sun/nio/fs/WindowsException'{0x000000008b3c01a0}> (0x000000008b3c01a0) 
thrown [s\src\hotspot\share\prims\jni.cpp, line 517]
Event: 11.298 Thread 0x00000202ceb9b140 Implicit null exception at 0x00000202bcf1d955 to 0x00000202bcf1df60
Event: 11.298 Thread 0x00000202ceb9b140 Implicit null exception at 0x00000202bd27f5f2 to 0x00000202bd27fd20

VM Operations (20 events):
Event: 8.703 Executing VM operation: HandshakeAllThreads
Event: 8.704 Executing VM operation: HandshakeAllThreads done
Event: 8.762 Executing VM operation: ICBufferFull
Event: 8.762 Executing VM operation: ICBufferFull done
Event: 8.847 Executing VM operation: ICBufferFull
Event: 8.847 Executing VM operation: ICBufferFull done
Event: 8.855 Executing VM operation: G1CollectForAllocation
Event: 8.862 Executing VM operation: G1CollectForAllocation done
Event: 9.874 Executing VM operation: Cleanup
Event: 9.874 Executing VM operation: Cleanup done
Event: 11.300 Executing VM operation: HandshakeAllThreads
Event: 11.300 Executing VM operation: HandshakeAllThreads done
Event: 11.300 Executing VM operation: Cleanup
Event: 11.300 Executing VM operation: Cleanup done
Event: 11.301 Executing VM operation: HandshakeAllThreads
Event: 11.301 Executing VM operation: HandshakeAllThreads done
Event: 14.310 Executing VM operation: Cleanup
Event: 14.310 Executing VM operation: Cleanup done
Event: 15.316 Executing VM operation: Cleanup
Event: 15.316 Executing VM operation: Cleanup done

Events (20 events):
Event: 18.537 Thread 0x00000202d65193f0 Thread added: 0x00000202d65193f0
Event: 18.539 Thread 0x00000202d65180b0 Thread added: 0x00000202d65180b0
Event: 18.544 Thread 0x00000202d0cf53e0 Thread added: 0x00000202d0cf53e0
Event: 18.545 Thread 0x00000202cff24660 Thread added: 0x00000202cff24660
Event: 18.546 loading class jdk/internal/math/FormattedFloatingDecimal$Form
Event: 18.546 loading class jdk/internal/math/FormattedFloatingDecimal$Form done
Event: 18.547 loading class jdk/internal/math/FormattedFloatingDecimal
Event: 18.547 loading class jdk/internal/math/FormattedFloatingDecimal done
Event: 18.547 loading class jdk/internal/math/FormattedFloatingDecimal$1
Event: 18.548 loading class jdk/internal/math/FormattedFloatingDecimal$1 done
Event: 18.548 loading class jdk/internal/math/FormattedFloatingDecimal$2
Event: 18.548 loading class jdk/internal/math/FormattedFloatingDecimal$2 done
Event: 18.549 Thread 0x00000202cff24b30 Thread added: 0x00000202cff24b30
Event: 18.550 Thread 0x00000202cff25000 Thread added: 0x00000202cff25000
Event: 18.562 Thread 0x00000202d0cf5e00 Thread added: 0x00000202d0cf5e00
Event: 18.567 Thread 0x00000202d1793210 Thread added: 0x00000202d1793210
Event: 18.569 Thread 0x00000202d1792870 Thread added: 0x00000202d1792870
Event: 18.571 Thread 0x00000202d17936e0 Thread added: 0x00000202d17936e0
Event: 18.573 Thread 0x00000202d1794550 Thread added: 0x00000202d1794550
Event: 18.583 Thread 0x00000202d1793bb0 Thread added: 0x00000202d1793bb0


Dynamic libraries:
0x00007ff6cf500000 - 0x00007ff6cf50a000 	C:\Program Files\Android\Android Studio\jbr\bin\java.exe
0x00007ffc5cdb0000 - 0x00007ffc5cfc4000 	C:\WINDOWS\SYSTEM32\ntdll.dll
0x00007ffc5b470000 - 0x00007ffc5b532000 	C:\WINDOWS\System32\KERNEL32.DLL
0x00007ffc5a1b0000 - 0x00007ffc5a553000 	C:\WINDOWS\System32\KERNELBASE.dll
0x00007ffc5a840000 - 0x00007ffc5a951000 	C:\WINDOWS\System32\ucrtbase.dll
0x00007ffc48e20000 - 0x00007ffc48e37000 	C:\Program Files\Android\Android Studio\jbr\bin\jli.dll
0x00007ffc48a00000 - 0x00007ffc48a1b000 	C:\Program Files\Android\Android Studio\jbr\bin\VCRUNTIME140.dll
0x00007ffc5ca30000 - 0x00007ffc5cbda000 	C:\WINDOWS\System32\USER32.dll
0x00007ffc45d30000 - 0x00007ffc45fbe000 	C:\WINDOWS\WinSxS\amd64_microsoft.windows.common-controls_6595b64144ccf1df_6.0.22621.1635_none_270f70857386168e\COMCTL32.dll
0x00007ffc5a620000 - 0x00007ffc5a646000 	C:\WINDOWS\System32\win32u.dll
0x00007ffc5ab90000 - 0x00007ffc5ac37000 	C:\WINDOWS\System32\msvcrt.dll
0x00007ffc5ccf0000 - 0x00007ffc5cd19000 	C:\WINDOWS\System32\GDI32.dll
0x00007ffc5aa70000 - 0x00007ffc5ab89000 	C:\WINDOWS\System32\gdi32full.dll
0x00007ffc5a960000 - 0x00007ffc5a9fa000 	C:\WINDOWS\System32\msvcp_win.dll
0x00007ffc5b0f0000 - 0x00007ffc5b121000 	C:\WINDOWS\System32\IMM32.DLL
0x00007ffc51ed0000 - 0x00007ffc51edc000 	C:\Program Files\Android\Android Studio\jbr\bin\vcruntime140_1.dll
0x00007ffc2aa70000 - 0x00007ffc2aafd000 	C:\Program Files\Android\Android Studio\jbr\bin\msvcp140.dll
0x00007ffbe1680000 - 0x00007ffbe22ed000 	C:\Program Files\Android\Android Studio\jbr\bin\server\jvm.dll
0x00007ffc5cbe0000 - 0x00007ffc5cc8e000 	C:\WINDOWS\System32\ADVAPI32.dll
0x00007ffc5b130000 - 0x00007ffc5b1d4000 	C:\WINDOWS\System32\sechost.dll
0x00007ffc5c310000 - 0x00007ffc5c427000 	C:\WINDOWS\System32\RPCRT4.dll
0x00007ffc4f970000 - 0x00007ffc4f979000 	C:\WINDOWS\SYSTEM32\WSOCK32.dll
0x00007ffc51e70000 - 0x00007ffc51e7a000 	C:\WINDOWS\SYSTEM32\VERSION.dll
0x00007ffc48690000 - 0x00007ffc486c4000 	C:\WINDOWS\SYSTEM32\WINMM.dll
0x00007ffc5b070000 - 0x00007ffc5b0e1000 	C:\WINDOWS\System32\WS2_32.dll
0x00007ffc591b0000 - 0x00007ffc591c8000 	C:\WINDOWS\SYSTEM32\kernel.appcore.dll
0x00007ffc4a270000 - 0x00007ffc4a27a000 	C:\Program Files\Android\Android Studio\jbr\bin\jimage.dll
0x00007ffc57b90000 - 0x00007ffc57dbe000 	C:\WINDOWS\SYSTEM32\DBGHELP.DLL
0x00007ffc5b5c0000 - 0x00007ffc5b949000 	C:\WINDOWS\System32\combase.dll
0x00007ffc5af90000 - 0x00007ffc5b067000 	C:\WINDOWS\System32\OLEAUT32.dll
0x00007ffc42180000 - 0x00007ffc421b2000 	C:\WINDOWS\SYSTEM32\dbgcore.DLL
0x00007ffc5a650000 - 0x00007ffc5a6ca000 	C:\WINDOWS\System32\bcryptPrimitives.dll
0x00007ffc48ab0000 - 0x00007ffc48ad5000 	C:\Program Files\Android\Android Studio\jbr\bin\java.dll
0x00007ffc48dc0000 - 0x00007ffc48dd8000 	C:\Program Files\Android\Android Studio\jbr\bin\zip.dll
0x00007ffc5b950000 - 0x00007ffc5c149000 	C:\WINDOWS\System32\SHELL32.dll
0x00007ffc58150000 - 0x00007ffc58a1e000 	C:\WINDOWS\SYSTEM32\windows.storage.dll
0x00007ffc58010000 - 0x00007ffc5814e000 	C:\WINDOWS\SYSTEM32\wintypes.dll
0x00007ffc5ae90000 - 0x00007ffc5af81000 	C:\WINDOWS\System32\SHCORE.dll
0x00007ffc5cc90000 - 0x00007ffc5ccee000 	C:\WINDOWS\System32\shlwapi.dll
0x00007ffc5a0e0000 - 0x00007ffc5a106000 	C:\WINDOWS\SYSTEM32\profapi.dll
0x00007ffc46870000 - 0x00007ffc46889000 	C:\Program Files\Android\Android Studio\jbr\bin\net.dll
0x00007ffc51a00000 - 0x00007ffc51b37000 	C:\WINDOWS\SYSTEM32\WINHTTP.dll
0x00007ffc59630000 - 0x00007ffc59699000 	C:\WINDOWS\system32\mswsock.dll
0x00007ffc46850000 - 0x00007ffc46866000 	C:\Program Files\Android\Android Studio\jbr\bin\nio.dll
0x00007ffc467b0000 - 0x00007ffc467c0000 	C:\Program Files\Android\Android Studio\jbr\bin\verify.dll
0x00007ffc42520000 - 0x00007ffc42547000 	C:\Users\Richard\.gradle\native\68d5fa5c4cc2d200863cafc0d521ce42e7d3e7ee720ec0a83991735586a16f82\windows-amd64\native-platform.dll
0x00007ffc0c330000 - 0x00007ffc0c474000 	C:\Users\Richard\.gradle\native\e376f236ea51e6404a007f0833ffe2c6e607c4080706a723a18a27aeea778392\windows-amd64\native-platform-file-events.dll
0x00007ffc49db0000 - 0x00007ffc49db9000 	C:\Program Files\Android\Android Studio\jbr\bin\management.dll
0x00007ffc49c50000 - 0x00007ffc49c5b000 	C:\Program Files\Android\Android Studio\jbr\bin\management_ext.dll
0x00007ffc5ae80000 - 0x00007ffc5ae88000 	C:\WINDOWS\System32\PSAPI.DLL
0x00007ffc598d0000 - 0x00007ffc598eb000 	C:\WINDOWS\SYSTEM32\CRYPTSP.dll
0x00007ffc59120000 - 0x00007ffc59155000 	C:\WINDOWS\system32\rsaenh.dll
0x00007ffc596f0000 - 0x00007ffc5971c000 	C:\WINDOWS\SYSTEM32\USERENV.dll
0x00007ffc59b60000 - 0x00007ffc59b88000 	C:\WINDOWS\SYSTEM32\bcrypt.dll
0x00007ffc598f0000 - 0x00007ffc598fc000 	C:\WINDOWS\SYSTEM32\CRYPTBASE.dll
0x00007ffc58cc0000 - 0x00007ffc58ced000 	C:\WINDOWS\SYSTEM32\IPHLPAPI.DLL
0x00007ffc5b5b0000 - 0x00007ffc5b5b9000 	C:\WINDOWS\System32\NSI.dll
0x00007ffc51d30000 - 0x00007ffc51d49000 	C:\WINDOWS\SYSTEM32\dhcpcsvc6.DLL
0x00007ffc51530000 - 0x00007ffc5154f000 	C:\WINDOWS\SYSTEM32\dhcpcsvc.DLL
0x00007ffc58cf0000 - 0x00007ffc58de3000 	C:\WINDOWS\SYSTEM32\DNSAPI.dll
0x00007ffc30930000 - 0x00007ffc30938000 	C:\WINDOWS\system32\wshunix.dll

dbghelp: loaded successfully - version: 4.0.5 - missing functions: none
symbol engine: initialized successfully - sym options: 0x614 - pdb path: .;C:\Program Files\Android\Android Studio\jbr\bin;C:\WINDOWS\SYSTEM32;C:\WINDOWS\WinSxS\amd64_microsoft.windows.common-controls_6595b64144ccf1df_6.0.22621.1635_none_270f70857386168e;C:\Program Files\Android\Android Studio\jbr\bin\server;C:\Users\Richard\.gradle\native\68d5fa5c4cc2d200863cafc0d521ce42e7d3e7ee720ec0a83991735586a16f82\windows-amd64;C:\Users\Richard\.gradle\native\e376f236ea51e6404a007f0833ffe2c6e607c4080706a723a18a27aeea778392\windows-amd64

VM Arguments:
jvm_args: --add-opens=java.base/java.util=ALL-UNNAMED --add-opens=java.base/java.lang=ALL-UNNAMED --add-opens=java.base/java.lang.invoke=ALL-UNNAMED --add-opens=java.prefs/java.util.prefs=ALL-UNNAMED --add-opens=java.base/java.nio.charset=ALL-UNNAMED --add-opens=java.base/java.net=ALL-UNNAMED --add-opens=java.base/java.util.concurrent.atomic=ALL-UNNAMED -Xmx2048m -Dfile.encoding=UTF-8 -Duser.country=ID -Duser.language=en -Duser.variant 
java_command: org.gradle.launcher.daemon.bootstrap.GradleDaemon 8.0
java_class_path (initial): C:\Users\Richard\.gradle\wrapper\dists\gradle-8.0-bin\ca5e32bp14vu59qr306oxotwh\gradle-8.0\lib\gradle-launcher-8.0.jar
Launcher Type: SUN_STANDARD

[Global flags]
     intx CICompilerCount                          = 4                                         {product} {ergonomic}
     uint ConcGCThreads                            = 3                                         {product} {ergonomic}
     uint G1ConcRefinementThreads                  = 10                                        {product} {ergonomic}
   size_t G1HeapRegionSize                         = 1048576                                   {product} {ergonomic}
    uintx GCDrainStackTargetSize                   = 64                                        {product} {ergonomic}
   size_t InitialHeapSize                          = 132120576                                 {product} {ergonomic}
   size_t MarkStackSize                            = 4194304                                   {product} {ergonomic}
   size_t MaxHeapSize                              = 2147483648                                {product} {command line}
   size_t MaxNewSize                               = 1287651328                                {product} {ergonomic}
   size_t MinHeapDeltaBytes                        = 1048576                                   {product} {ergonomic}
   size_t MinHeapSize                              = 8388608                                   {product} {ergonomic}
    uintx NonNMethodCodeHeapSize                   = 5839372                                {pd product} {ergonomic}
    uintx NonProfiledCodeHeapSize                  = 122909434                              {pd product} {ergonomic}
    uintx ProfiledCodeHeapSize                     = 122909434                              {pd product} {ergonomic}
    uintx ReservedCodeCacheSize                    = 251658240                              {pd product} {ergonomic}
     bool SegmentedCodeCache                       = true                                      {product} {ergonomic}
   size_t SoftMaxHeapSize                          = 2147483648                             {manageable} {ergonomic}
     bool UseCompressedClassPointers               = true                           {product lp64_product} {ergonomic}
     bool UseCompressedOops                        = true                           {product lp64_product} {ergonomic}
     bool UseG1GC                                  = true                                      {product} {ergonomic}
     bool UseLargePagesIndividualAllocation        = false                                  {pd product} {ergonomic}

Logging:
Log output configuration:
 #0: stdout all=warning uptime,level,tags
 #1: stderr all=off uptime,level,tags

Environment Variables:
PATH=C:\Python311\Scripts\;C:\Python311\;C:\Program Files\Common Files\Oracle\Java\javapath;C:\Program Files (x86)\Common Files\Oracle\Java\javapath;C:\ProgramData\Oracle\Java\javapath;C:\Windows\system32;C:\Windows;C:\Windows\System32\Wbem;C:\Windows\System32\WindowsPowerShell\v1.0\;C:\Windows\System32\OpenSSH\;C:\Program Files (x86)\NVIDIA Corporation\PhysX\Common;C:\Program Files\NVIDIA Corporation\NVIDIA NvDLISR;C:\WINDOWS\system32;C:\WINDOWS;C:\WINDOWS\System32\Wbem;C:\WINDOWS\System32\WindowsPowerShell\v1.0\;C:\WINDOWS\System32\OpenSSH\;C:\Program Files (x86)\dotnet\;C:\Program Files\Git\cmd;C:\MinGW\bin;C:\Users\Richard\AppData\Roaming\Composer\vendor\bin;C:\ProgramData\chocolatey\bin;C:\Program Files\nodejs\;C:\Program Files\MySQL\MySQL Shell 8.0\bin\;C:\Users\Richard\AppData\Local\Microsoft\WindowsApps;;C:\Users\Richard\AppData\Local\Programs\Microsoft VS Code\bin;C:\Users\Richard\Documents\xampp\php;C:\Users\Richard\AppData\Local\ComposerSetup\bin;C:\Users\Richard\AppData\Roaming\Composer\vendor\bin;C:\Users\Richard\AppData\Roaming\npm
USERNAME=Richard
OS=Windows_NT
PROCESSOR_IDENTIFIER=Intel64 Family 6 Model 158 Stepping 13, GenuineIntel
TMP=C:\Users\Richard\AppData\Local\Temp
TEMP=C:\Users\Richard\AppData\Local\Temp



---------------  S Y S T E M  ---------------

OS:
 Windows 11 , 64 bit Build 22621 (10.0.22621.1928)
OS uptime: 2 days 11:23 hours
Hyper-V role detected

CPU: total 12 (initial active 12) (6 cores per cpu, 2 threads per core) family 6 model 158 stepping 13 microcode 0xde, cx8, cmov, fxsr, ht, mmx, 3dnowpref, sse, sse2, sse3, ssse3, sse4.1, sse4.2, popcnt, lzcnt, tsc, tscinvbit, avx, avx2, aes, erms, clmul, bmi1, bmi2, adx, fma, vzeroupper, clflush, clflushopt, hv

Memory: 4k page, system-wide physical 8043M (1467M free)
TotalPageFile size 16235M (AvailPageFile size 0M)
current process WorkingSet (physical memory assigned to process): 405M, peak: 455M
current process commit charge ("private bytes"): 453M, peak: 497M

vm_info: OpenJDK 64-Bit Server VM (17.0.6+0-b2043.56-9586694) for windows-amd64 JRE (17.0.6+0-b2043.56-9586694), built on Feb  9 2023 20:06:20 by "androidbuild" with MS VC++ 16.10 / 16.11 (VS2019)

END.
