#
# There is insufficient memory for the Java Runtime Environment to continue.
# Native memory allocation (malloc) failed to allocate 251536 bytes for Chunk::new
# Possible reasons:
#   The system is out of physical RAM or swap space
#   The process is running with CompressedOops enabled, and the Java Heap may be blocking the growth of the native heap
# Possible solutions:
#   Reduce memory load on the system
#   Increase physical memory or swap space
#   Check if swap backing store is full
#   Decrease Java heap size (-Xmx/-Xms)
#   Decrease number of Java threads
#   Decrease Java thread stack sizes (-Xss)
#   Set larger code cache with -XX:ReservedCodeCacheSize=
#   JVM is running with Unscaled Compressed Oops mode in which the Java heap is
#     placed in the first 4GB address space. The Java Heap base address is the
#     maximum limit for the native heap growth. Please use -XX:HeapBaseMinAddress
#     to set the Java Heap base and to place the Java Heap above 4GB virtual address.
# This output file may be truncated or incomplete.
#
#  Out of Memory Error (arena.cpp:189), pid=14616, tid=1380
#
# JRE version: OpenJDK Runtime Environment (17.0.6) (build 17.0.6+0-b2043.56-9586694)
# Java VM: OpenJDK 64-Bit Server VM (17.0.6+0-b2043.56-9586694, mixed mode, tiered, compressed oops, compressed class ptrs, g1 gc, windows-amd64)
# No core dump will be written. Minidumps are not enabled by default on client versions of Windows
#

---------------  S U M M A R Y ------------

Command Line: --add-opens=java.base/java.util=ALL-UNNAMED --add-opens=java.base/java.lang=ALL-UNNAMED --add-opens=java.base/java.lang.invoke=ALL-UNNAMED --add-opens=java.prefs/java.util.prefs=ALL-UNNAMED --add-opens=java.base/java.nio.charset=ALL-UNNAMED --add-opens=java.base/java.net=ALL-UNNAMED --add-opens=java.base/java.util.concurrent.atomic=ALL-UNNAMED -Xmx2048m -Dfile.encoding=UTF-8 -Duser.country=ID -Duser.language=en -Duser.variant org.gradle.launcher.daemon.bootstrap.GradleDaemon 8.0

Host: Intel(R) Core(TM) i7-9750H CPU @ 2.60GHz, 12 cores, 7G,  Windows 11 , 64 bit Build 22621 (10.0.22621.1928)
Time: Mon Jul 10 13:23:45 2023 SE Asia Standard Time elapsed time: 4.348447 seconds (0d 0h 0m 4s)

---------------  T H R E A D  ---------------

Current thread (0x00000158a0c40750):  JavaThread "C2 CompilerThread0" daemon [_thread_in_native, id=1380, stack(0x0000002537c00000,0x0000002537d00000)]


Current CompileTask:
C2:   4348 5186 %     4       org.gradle.internal.logging.text.AbstractLineChoppingStyledTextOutput::doAppend @ 10 (43 bytes)

Stack: [0x0000002537c00000,0x0000002537d00000]
Native frames: (J=compiled Java code, j=interpreted, Vv=VM code, C=native code)
V  [jvm.dll+0x683b4a]
V  [jvm.dll+0x842654]
V  [jvm.dll+0x843dfe]
V  [jvm.dll+0x844463]
V  [jvm.dll+0x249b75]
V  [jvm.dll+0xabcac]
V  [jvm.dll+0xac27c]
V  [jvm.dll+0x368802]
V  [jvm.dll+0x332f31]
V  [jvm.dll+0x3323da]
V  [jvm.dll+0x21c201]
V  [jvm.dll+0x21b621]
V  [jvm.dll+0x1a4fdd]
V  [jvm.dll+0x22b098]
V  [jvm.dll+0x229159]
V  [jvm.dll+0x7f809c]
V  [jvm.dll+0x7f25fa]
V  [jvm.dll+0x682985]
C  [ucrtbase.dll+0x29363]
C  [KERNEL32.DLL+0x126ad]
C  [ntdll.dll+0x5aa68]


---------------  P R O C E S S  ---------------

Threads class SMR info:
_java_thread_list=0x00000158a6873150, length=144, elements={
0x0000015885ea8410, 0x00000158a017e260, 0x00000158a017ea20, 0x00000158a0c272a0,
0x00000158a0c33f60, 0x00000158a0c36740, 0x00000158a0c37520, 0x00000158a0c40750,
0x00000158a0c465b0, 0x00000158a0c4f3e0, 0x00000158a0deb360, 0x00000158a0dee050,
0x00000158a0fdb0d0, 0x00000158a3051910, 0x00000158a21652c0, 0x00000158a248a150,
0x00000158a26cfe70, 0x00000158a46f83b0, 0x00000158a46e70a0, 0x00000158a23c68f0,
0x00000158a13fbac0, 0x00000158a13fa780, 0x00000158a13fac50, 0x00000158a13f9440,
0x00000158a13fbf90, 0x00000158a13fc460, 0x00000158a13fa2b0, 0x00000158a13f9910,
0x00000158a13f9de0, 0x00000158a481cd20, 0x00000158a4818e90, 0x00000158a48189c0,
0x00000158a4819360, 0x00000158a481ab70, 0x00000158a481b510, 0x00000158a481d1f0,
0x00000158a481beb0, 0x00000158a481e060, 0x00000158a481ea00, 0x00000158a481a1d0,
0x00000158a481d6c0, 0x00000158a481c850, 0x00000158a481e530, 0x00000158a481eed0,
0x00000158a481f3a0, 0x00000158a4817b50, 0x00000158a481b9e0, 0x00000158a603e2c0,
0x00000158a603f130, 0x00000158a603d450, 0x00000158a603c5e0, 0x00000158a603bc40,
0x00000158a603c110, 0x00000158a603cab0, 0x00000158a603cf80, 0x00000158a603e790,
0x00000158a603f600, 0x00000158a603ec60, 0x00000158a603d920, 0x00000158a603ddf0,
0x00000158a52240b0, 0x00000158a52228a0, 0x00000158a5228410, 0x00000158a522a0f0,
0x00000158a5222d70, 0x00000158a5226c00, 0x00000158a5224580, 0x00000158a52253f0,
0x00000158a5229750, 0x00000158a5224a50, 0x00000158a5229c20, 0x00000158a5226730,
0x00000158a5223240, 0x00000158a5223710, 0x00000158a5224f20, 0x00000158a52258c0,
0x00000158a5225d90, 0x00000158a52270d0, 0x00000158a5226260, 0x00000158a52288e0,
0x00000158a52275a0, 0x00000158a5227a70, 0x00000158a5229280, 0x00000158a5227f40,
0x00000158a5228db0, 0x00000158a5223be0, 0x00000158a66af360, 0x00000158a66ae4f0,
0x00000158a66acce0, 0x00000158a66ae9c0, 0x00000158a66aa190, 0x00000158a66af830,
0x00000158a66ae020, 0x00000158a66adb50, 0x00000158a66a7fe0, 0x00000158a66abe70,
0x00000158a66aee90, 0x00000158a66a84b0, 0x00000158a66aa660, 0x00000158a66ab000,
0x00000158a66a8980, 0x00000158a66ad1b0, 0x00000158a66aab30, 0x00000158a66ab4d0,
0x00000158a66ac340, 0x00000158a66a8e50, 0x00000158a66ab9a0, 0x00000158a66ac810,
0x00000158a66ad680, 0x00000158a66a9320, 0x00000158a66a97f0, 0x00000158a66a9cc0,
0x00000158a6349970, 0x00000158a634b650, 0x00000158a634bb20, 0x00000158a634ce60,
0x00000158a634c990, 0x00000158a6349e40, 0x00000158a634c4c0, 0x00000158a634bff0,
0x00000158a634d330, 0x00000158a634a310, 0x00000158a634a7e0, 0x00000158a634acb0,
0x00000158a634b180, 0x00000158a5327f40, 0x00000158a53275a0, 0x00000158a5321090,
0x00000158a5320bc0, 0x00000158a5321560, 0x00000158a5323be0, 0x00000158a5321a30,
0x00000158a5323240, 0x00000158a5321f00, 0x00000158a5323710, 0x00000158a5327a70,
0x00000158a53223d0, 0x00000158a5325d90, 0x00000158a53240b0, 0x00000158a5322d70,
0x00000158a53228a0, 0x00000158a5326730, 0x00000158a5328410, 0x00000158a5324a50
}

Java Threads: ( => current thread )
  0x0000015885ea8410 JavaThread "main" [_thread_blocked, id=3020, stack(0x0000002536f00000,0x0000002537000000)]
  0x00000158a017e260 JavaThread "Reference Handler" daemon [_thread_blocked, id=12552, stack(0x0000002537600000,0x0000002537700000)]
  0x00000158a017ea20 JavaThread "Finalizer" daemon [_thread_blocked, id=3260, stack(0x0000002537700000,0x0000002537800000)]
  0x00000158a0c272a0 JavaThread "Signal Dispatcher" daemon [_thread_blocked, id=18804, stack(0x0000002537800000,0x0000002537900000)]
  0x00000158a0c33f60 JavaThread "Attach Listener" daemon [_thread_blocked, id=28620, stack(0x0000002537900000,0x0000002537a00000)]
  0x00000158a0c36740 JavaThread "Service Thread" daemon [_thread_blocked, id=27604, stack(0x0000002537a00000,0x0000002537b00000)]
  0x00000158a0c37520 JavaThread "Monitor Deflation Thread" daemon [_thread_blocked, id=22436, stack(0x0000002537b00000,0x0000002537c00000)]
=>0x00000158a0c40750 JavaThread "C2 CompilerThread0" daemon [_thread_in_native, id=1380, stack(0x0000002537c00000,0x0000002537d00000)]
  0x00000158a0c465b0 JavaThread "C1 CompilerThread0" daemon [_thread_blocked, id=16448, stack(0x0000002537d00000,0x0000002537e00000)]
  0x00000158a0c4f3e0 JavaThread "Sweeper thread" daemon [_thread_blocked, id=8324, stack(0x0000002537e00000,0x0000002537f00000)]
  0x00000158a0deb360 JavaThread "Common-Cleaner" daemon [_thread_blocked, id=22996, stack(0x0000002537f00000,0x0000002538000000)]
  0x00000158a0dee050 JavaThread "Notification Thread" daemon [_thread_blocked, id=10124, stack(0x0000002538000000,0x0000002538100000)]
  0x00000158a0fdb0d0 JavaThread "C2 CompilerThread1" daemon [_thread_in_native, id=14288, stack(0x0000002538200000,0x0000002538300000)]
  0x00000158a3051910 JavaThread "Daemon health stats" [_thread_blocked, id=9024, stack(0x0000002538700000,0x0000002538800000)]
  0x00000158a21652c0 JavaThread "Incoming local TCP Connector on port 64929" [_thread_in_native, id=19732, stack(0x0000002538800000,0x0000002538900000)]
  0x00000158a248a150 JavaThread "Daemon periodic checks" [_thread_blocked, id=17884, stack(0x0000002538900000,0x0000002538a00000)]
  0x00000158a26cfe70 JavaThread "Daemon" [_thread_blocked, id=20940, stack(0x0000002538a00000,0x0000002538b00000)]
  0x00000158a46f83b0 JavaThread "Handler for socket connection from /127.0.0.1:64929 to /127.0.0.1:64931" [_thread_in_native, id=9556, stack(0x0000002538b00000,0x0000002538c00000)]
  0x00000158a46e70a0 JavaThread "Cancel handler" [_thread_blocked, id=4916, stack(0x0000002538c00000,0x0000002538d00000)]
  0x00000158a23c68f0 JavaThread "Daemon worker" [_thread_in_Java, id=21300, stack(0x0000002538d00000,0x0000002538e00000)]
  0x00000158a13fbac0 JavaThread "Asynchronous log dispatcher for DefaultDaemonConnection: socket connection from /127.0.0.1:64929 to /127.0.0.1:64931" [_thread_blocked, id=17820, stack(0x0000002538e00000,0x0000002538f00000)]
  0x00000158a13fa780 JavaThread "Stdin handler" [_thread_blocked, id=4816, stack(0x0000002538f00000,0x0000002539000000)]
  0x00000158a13fac50 JavaThread "Daemon client event forwarder" [_thread_blocked, id=16928, stack(0x0000002539000000,0x0000002539100000)]
  0x00000158a13f9440 JavaThread "Cache worker for journal cache (C:\Users\Richard\.gradle\caches\journal-1)" [_thread_blocked, id=24528, stack(0x0000002539800000,0x0000002539900000)]
  0x00000158a13fbf90 JavaThread "File lock request listener" [_thread_in_native, id=21816, stack(0x0000002539900000,0x0000002539a00000)]
  0x00000158a13fc460 JavaThread "Cache worker for file hash cache (C:\Users\Richard\.gradle\caches\8.0\fileHashes)" [_thread_blocked, id=19324, stack(0x0000002539a00000,0x0000002539b00000)]
  0x00000158a13fa2b0 JavaThread "File watcher server" daemon [_thread_in_native, id=26108, stack(0x0000002539b00000,0x0000002539c00000)]
  0x00000158a13f9910 JavaThread "File watcher consumer" daemon [_thread_blocked, id=19300, stack(0x0000002539c00000,0x0000002539d00000)]
  0x00000158a13f9de0 JavaThread "Cache worker for checksums cache (C:\LAB MP\UASNo2New\.gradle\8.0\checksums)" [_thread_blocked, id=17456, stack(0x0000002539d00000,0x0000002539e00000)]
  0x00000158a481cd20 JavaThread "Cache worker for file content cache (C:\Users\Richard\.gradle\caches\8.0\fileContent)" [_thread_blocked, id=26504, stack(0x0000002539f00000,0x000000253a000000)]
  0x00000158a4818e90 JavaThread "Cache worker for file hash cache (C:\LAB MP\UASNo2New\.gradle\8.0\fileHashes)" [_thread_blocked, id=6412, stack(0x000000253a000000,0x000000253a100000)]
  0x00000158a48189c0 JavaThread "Cache worker for execution history cache (C:\Users\Richard\.gradle\caches\8.0\executionHistory)" [_thread_blocked, id=10916, stack(0x000000253a200000,0x000000253a300000)]
  0x00000158a4819360 JavaThread "jar transforms" [_thread_blocked, id=2164, stack(0x000000253a300000,0x000000253a400000)]
  0x00000158a481ab70 JavaThread "jar transforms Thread 2" [_thread_blocked, id=5272, stack(0x000000253a400000,0x000000253a500000)]
  0x00000158a481b510 JavaThread "jar transforms Thread 3" [_thread_blocked, id=14816, stack(0x000000253a500000,0x000000253a600000)]
  0x00000158a481d1f0 JavaThread "jar transforms Thread 4" [_thread_blocked, id=12704, stack(0x000000253a600000,0x000000253a700000)]
  0x00000158a481beb0 JavaThread "Cache worker for dependencies-accessors (C:\LAB MP\UASNo2New\.gradle\8.0\dependencies-accessors)" [_thread_blocked, id=15284, stack(0x000000253a700000,0x000000253a800000)]
  0x00000158a481e060 JavaThread "jar transforms Thread 5" [_thread_blocked, id=19612, stack(0x000000253a800000,0x000000253a900000)]
  0x00000158a481ea00 JavaThread "Unconstrained build operations" [_thread_blocked, id=28004, stack(0x000000253aa00000,0x000000253ab00000)]
  0x00000158a481a1d0 JavaThread "Unconstrained build operations Thread 2" [_thread_blocked, id=5848, stack(0x000000253ab00000,0x000000253ac00000)]
  0x00000158a481d6c0 JavaThread "Unconstrained build operations Thread 3" [_thread_blocked, id=11712, stack(0x000000253ac00000,0x000000253ad00000)]
  0x00000158a481c850 JavaThread "Unconstrained build operations Thread 4" [_thread_blocked, id=23436, stack(0x000000253ad00000,0x000000253ae00000)]
  0x00000158a481e530 JavaThread "Unconstrained build operations Thread 5" [_thread_blocked, id=20300, stack(0x000000253ae00000,0x000000253af00000)]
  0x00000158a481eed0 JavaThread "Unconstrained build operations Thread 6" [_thread_blocked, id=26104, stack(0x000000253af00000,0x000000253b000000)]
  0x00000158a481f3a0 JavaThread "Unconstrained build operations Thread 7" [_thread_blocked, id=19964, stack(0x000000253b000000,0x000000253b100000)]
  0x00000158a4817b50 JavaThread "Unconstrained build operations Thread 8" [_thread_blocked, id=23144, stack(0x000000253b100000,0x000000253b200000)]
  0x00000158a481b9e0 JavaThread "Unconstrained build operations Thread 9" [_thread_blocked, id=9392, stack(0x000000253b200000,0x000000253b300000)]
  0x00000158a603e2c0 JavaThread "Unconstrained build operations Thread 10" [_thread_blocked, id=15964, stack(0x000000253b300000,0x000000253b400000)]
  0x00000158a603f130 JavaThread "Unconstrained build operations Thread 11" [_thread_blocked, id=8888, stack(0x000000253b400000,0x000000253b500000)]
  0x00000158a603d450 JavaThread "Unconstrained build operations Thread 12" [_thread_blocked, id=11964, stack(0x000000253b500000,0x000000253b600000)]
  0x00000158a603c5e0 JavaThread "Unconstrained build operations Thread 13" [_thread_blocked, id=6068, stack(0x000000253b600000,0x000000253b700000)]
  0x00000158a603bc40 JavaThread "Unconstrained build operations Thread 14" [_thread_blocked, id=19512, stack(0x000000253b700000,0x000000253b800000)]
  0x00000158a603c110 JavaThread "Unconstrained build operations Thread 15" [_thread_blocked, id=21724, stack(0x000000253b800000,0x000000253b900000)]
  0x00000158a603cab0 JavaThread "Unconstrained build operations Thread 16" [_thread_blocked, id=12788, stack(0x000000253b900000,0x000000253ba00000)]
  0x00000158a603cf80 JavaThread "Unconstrained build operations Thread 17" [_thread_blocked, id=5460, stack(0x000000253ba00000,0x000000253bb00000)]
  0x00000158a603e790 JavaThread "Unconstrained build operations Thread 18" [_thread_blocked, id=14692, stack(0x000000253bb00000,0x000000253bc00000)]
  0x00000158a603f600 JavaThread "Unconstrained build operations Thread 19" [_thread_blocked, id=13704, stack(0x000000253bc00000,0x000000253bd00000)]
  0x00000158a603ec60 JavaThread "Unconstrained build operations Thread 20" [_thread_blocked, id=17328, stack(0x000000253bd00000,0x000000253be00000)]
  0x00000158a603d920 JavaThread "Unconstrained build operations Thread 21" [_thread_blocked, id=26652, stack(0x000000253be00000,0x000000253bf00000)]
  0x00000158a603ddf0 JavaThread "Unconstrained build operations Thread 22" [_thread_blocked, id=19476, stack(0x000000253bf00000,0x000000253c000000)]
  0x00000158a52240b0 JavaThread "Unconstrained build operations Thread 23" [_thread_blocked, id=24572, stack(0x000000253c000000,0x000000253c100000)]
  0x00000158a52228a0 JavaThread "Unconstrained build operations Thread 24" [_thread_blocked, id=344, stack(0x000000253c100000,0x000000253c200000)]
  0x00000158a5228410 JavaThread "Unconstrained build operations Thread 25" [_thread_blocked, id=25556, stack(0x000000253c200000,0x000000253c300000)]
  0x00000158a522a0f0 JavaThread "Unconstrained build operations Thread 26" [_thread_blocked, id=13732, stack(0x000000253c300000,0x000000253c400000)]
  0x00000158a5222d70 JavaThread "Unconstrained build operations Thread 27" [_thread_blocked, id=22720, stack(0x000000253c400000,0x000000253c500000)]
  0x00000158a5226c00 JavaThread "Unconstrained build operations Thread 28" [_thread_blocked, id=1624, stack(0x000000253c500000,0x000000253c600000)]
  0x00000158a5224580 JavaThread "Unconstrained build operations Thread 29" [_thread_blocked, id=25036, stack(0x000000253c600000,0x000000253c700000)]
  0x00000158a52253f0 JavaThread "Unconstrained build operations Thread 30" [_thread_blocked, id=8132, stack(0x000000253c700000,0x000000253c800000)]
  0x00000158a5229750 JavaThread "Unconstrained build operations Thread 31" [_thread_blocked, id=9012, stack(0x000000253c800000,0x000000253c900000)]
  0x00000158a5224a50 JavaThread "Unconstrained build operations Thread 32" [_thread_blocked, id=25308, stack(0x000000253c900000,0x000000253ca00000)]
  0x00000158a5229c20 JavaThread "Unconstrained build operations Thread 33" [_thread_blocked, id=10200, stack(0x000000253ca00000,0x000000253cb00000)]
  0x00000158a5226730 JavaThread "Unconstrained build operations Thread 34" [_thread_blocked, id=2388, stack(0x000000253cb00000,0x000000253cc00000)]
  0x00000158a5223240 JavaThread "Unconstrained build operations Thread 35" [_thread_blocked, id=18952, stack(0x000000253cc00000,0x000000253cd00000)]
  0x00000158a5223710 JavaThread "Unconstrained build operations Thread 36" [_thread_blocked, id=23924, stack(0x000000253cd00000,0x000000253ce00000)]
  0x00000158a5224f20 JavaThread "Unconstrained build operations Thread 37" [_thread_blocked, id=15624, stack(0x000000253ce00000,0x000000253cf00000)]
  0x00000158a52258c0 JavaThread "Unconstrained build operations Thread 38" [_thread_blocked, id=24204, stack(0x000000253cf00000,0x000000253d000000)]
  0x00000158a5225d90 JavaThread "Unconstrained build operations Thread 39" [_thread_blocked, id=2028, stack(0x000000253d000000,0x000000253d100000)]
  0x00000158a52270d0 JavaThread "Unconstrained build operations Thread 40" [_thread_blocked, id=10980, stack(0x000000253d100000,0x000000253d200000)]
  0x00000158a5226260 JavaThread "Unconstrained build operations Thread 41" [_thread_blocked, id=15708, stack(0x000000253d200000,0x000000253d300000)]
  0x00000158a52288e0 JavaThread "Unconstrained build operations Thread 42" [_thread_blocked, id=15928, stack(0x000000253d300000,0x000000253d400000)]
  0x00000158a52275a0 JavaThread "Unconstrained build operations Thread 43" [_thread_blocked, id=25928, stack(0x000000253d400000,0x000000253d500000)]
  0x00000158a5227a70 JavaThread "Unconstrained build operations Thread 44" [_thread_blocked, id=10956, stack(0x000000253d500000,0x000000253d600000)]
  0x00000158a5229280 JavaThread "Unconstrained build operations Thread 45" [_thread_blocked, id=2652, stack(0x000000253d600000,0x000000253d700000)]
  0x00000158a5227f40 JavaThread "Unconstrained build operations Thread 46" [_thread_blocked, id=14928, stack(0x000000253d700000,0x000000253d800000)]
  0x00000158a5228db0 JavaThread "Unconstrained build operations Thread 47" [_thread_blocked, id=2364, stack(0x000000253d800000,0x000000253d900000)]
  0x00000158a5223be0 JavaThread "Unconstrained build operations Thread 48" [_thread_blocked, id=25604, stack(0x000000253d900000,0x000000253da00000)]
  0x00000158a66af360 JavaThread "Unconstrained build operations Thread 49" [_thread_blocked, id=19820, stack(0x000000253da00000,0x000000253db00000)]
  0x00000158a66ae4f0 JavaThread "Unconstrained build operations Thread 50" [_thread_blocked, id=12496, stack(0x000000253db00000,0x000000253dc00000)]
  0x00000158a66acce0 JavaThread "Unconstrained build operations Thread 51" [_thread_blocked, id=22240, stack(0x000000253dc00000,0x000000253dd00000)]
  0x00000158a66ae9c0 JavaThread "Unconstrained build operations Thread 52" [_thread_blocked, id=9100, stack(0x000000253dd00000,0x000000253de00000)]
  0x00000158a66aa190 JavaThread "Unconstrained build operations Thread 53" [_thread_blocked, id=9064, stack(0x000000253de00000,0x000000253df00000)]
  0x00000158a66af830 JavaThread "Unconstrained build operations Thread 54" [_thread_blocked, id=18436, stack(0x000000253df00000,0x000000253e000000)]
  0x00000158a66ae020 JavaThread "Unconstrained build operations Thread 55" [_thread_blocked, id=25788, stack(0x000000253e000000,0x000000253e100000)]
  0x00000158a66adb50 JavaThread "Unconstrained build operations Thread 56" [_thread_blocked, id=19492, stack(0x000000253e100000,0x000000253e200000)]
  0x00000158a66a7fe0 JavaThread "Unconstrained build operations Thread 57" [_thread_blocked, id=22264, stack(0x000000253e200000,0x000000253e300000)]
  0x00000158a66abe70 JavaThread "Unconstrained build operations Thread 58" [_thread_blocked, id=14156, stack(0x000000253e300000,0x000000253e400000)]
  0x00000158a66aee90 JavaThread "Unconstrained build operations Thread 59" [_thread_blocked, id=11036, stack(0x000000253e400000,0x000000253e500000)]
  0x00000158a66a84b0 JavaThread "Unconstrained build operations Thread 60" [_thread_blocked, id=6616, stack(0x000000253e500000,0x000000253e600000)]
  0x00000158a66aa660 JavaThread "Unconstrained build operations Thread 61" [_thread_blocked, id=8872, stack(0x000000253e600000,0x000000253e700000)]
  0x00000158a66ab000 JavaThread "Unconstrained build operations Thread 62" [_thread_blocked, id=13680, stack(0x000000253e700000,0x000000253e800000)]
  0x00000158a66a8980 JavaThread "Unconstrained build operations Thread 63" [_thread_blocked, id=10972, stack(0x000000253e800000,0x000000253e900000)]
  0x00000158a66ad1b0 JavaThread "Unconstrained build operations Thread 64" [_thread_blocked, id=9108, stack(0x000000253e900000,0x000000253ea00000)]
  0x00000158a66aab30 JavaThread "Unconstrained build operations Thread 65" [_thread_blocked, id=10152, stack(0x000000253ea00000,0x000000253eb00000)]
  0x00000158a66ab4d0 JavaThread "Unconstrained build operations Thread 66" [_thread_blocked, id=20472, stack(0x000000253eb00000,0x000000253ec00000)]
  0x00000158a66ac340 JavaThread "Unconstrained build operations Thread 67" [_thread_blocked, id=20624, stack(0x000000253ec00000,0x000000253ed00000)]
  0x00000158a66a8e50 JavaThread "Unconstrained build operations Thread 68" [_thread_blocked, id=24276, stack(0x000000253ed00000,0x000000253ee00000)]
  0x00000158a66ab9a0 JavaThread "Unconstrained build operations Thread 69" [_thread_blocked, id=2548, stack(0x000000253ee00000,0x000000253ef00000)]
  0x00000158a66ac810 JavaThread "Unconstrained build operations Thread 70" [_thread_blocked, id=11908, stack(0x000000253ef00000,0x000000253f000000)]
  0x00000158a66ad680 JavaThread "Unconstrained build operations Thread 71" [_thread_blocked, id=4180, stack(0x000000253f000000,0x000000253f100000)]
  0x00000158a66a9320 JavaThread "Unconstrained build operations Thread 72" [_thread_blocked, id=1832, stack(0x000000253f100000,0x000000253f200000)]
  0x00000158a66a97f0 JavaThread "Unconstrained build operations Thread 73" [_thread_blocked, id=25440, stack(0x000000253f200000,0x000000253f300000)]
  0x00000158a66a9cc0 JavaThread "Unconstrained build operations Thread 74" [_thread_blocked, id=3060, stack(0x000000253f300000,0x000000253f400000)]
  0x00000158a6349970 JavaThread "Unconstrained build operations Thread 75" [_thread_blocked, id=1868, stack(0x000000253f400000,0x000000253f500000)]
  0x00000158a634b650 JavaThread "Unconstrained build operations Thread 76" [_thread_blocked, id=3200, stack(0x000000253f500000,0x000000253f600000)]
  0x00000158a634bb20 JavaThread "Unconstrained build operations Thread 77" [_thread_blocked, id=1704, stack(0x000000253f600000,0x000000253f700000)]
  0x00000158a634ce60 JavaThread "Unconstrained build operations Thread 78" [_thread_blocked, id=6528, stack(0x000000253f700000,0x000000253f800000)]
  0x00000158a634c990 JavaThread "Unconstrained build operations Thread 79" [_thread_blocked, id=2704, stack(0x000000253f800000,0x000000253f900000)]
  0x00000158a6349e40 JavaThread "Unconstrained build operations Thread 80" [_thread_blocked, id=4120, stack(0x000000253f900000,0x000000253fa00000)]
  0x00000158a634c4c0 JavaThread "Unconstrained build operations Thread 81" [_thread_blocked, id=21680, stack(0x000000253fa00000,0x000000253fb00000)]
  0x00000158a634bff0 JavaThread "Unconstrained build operations Thread 82" [_thread_blocked, id=9492, stack(0x000000253fb00000,0x000000253fc00000)]
  0x00000158a634d330 JavaThread "Unconstrained build operations Thread 83" [_thread_blocked, id=22448, stack(0x000000253fc00000,0x000000253fd00000)]
  0x00000158a634a310 JavaThread "Unconstrained build operations Thread 84" [_thread_blocked, id=25276, stack(0x000000253fd00000,0x000000253fe00000)]
  0x00000158a634a7e0 JavaThread "Unconstrained build operations Thread 85" [_thread_blocked, id=13644, stack(0x000000253fe00000,0x000000253ff00000)]
  0x00000158a634acb0 JavaThread "Unconstrained build operations Thread 86" [_thread_blocked, id=25372, stack(0x000000253ff00000,0x0000002540000000)]
  0x00000158a634b180 JavaThread "Unconstrained build operations Thread 87" [_thread_blocked, id=27404, stack(0x0000002540000000,0x0000002540100000)]
  0x00000158a5327f40 JavaThread "Unconstrained build operations Thread 88" [_thread_blocked, id=28420, stack(0x0000002540100000,0x0000002540200000)]
  0x00000158a53275a0 JavaThread "Unconstrained build operations Thread 89" [_thread_blocked, id=5076, stack(0x0000002540200000,0x0000002540300000)]
  0x00000158a5321090 JavaThread "Unconstrained build operations Thread 90" [_thread_blocked, id=24212, stack(0x0000002540300000,0x0000002540400000)]
  0x00000158a5320bc0 JavaThread "Unconstrained build operations Thread 91" [_thread_blocked, id=10356, stack(0x0000002540400000,0x0000002540500000)]
  0x00000158a5321560 JavaThread "Unconstrained build operations Thread 92" [_thread_blocked, id=13164, stack(0x0000002540500000,0x0000002540600000)]
  0x00000158a5323be0 JavaThread "Unconstrained build operations Thread 93" [_thread_blocked, id=20244, stack(0x0000002540600000,0x0000002540700000)]
  0x00000158a5321a30 JavaThread "Unconstrained build operations Thread 94" [_thread_blocked, id=5144, stack(0x0000002540700000,0x0000002540800000)]
  0x00000158a5323240 JavaThread "Unconstrained build operations Thread 95" [_thread_blocked, id=23764, stack(0x0000002540800000,0x0000002540900000)]
  0x00000158a5321f00 JavaThread "Unconstrained build operations Thread 96" [_thread_blocked, id=19980, stack(0x0000002540900000,0x0000002540a00000)]
  0x00000158a5323710 JavaThread "Unconstrained build operations Thread 97" [_thread_blocked, id=17160, stack(0x0000002540a00000,0x0000002540b00000)]
  0x00000158a5327a70 JavaThread "Unconstrained build operations Thread 98" [_thread_blocked, id=27824, stack(0x0000002540b00000,0x0000002540c00000)]
  0x00000158a53223d0 JavaThread "Unconstrained build operations Thread 99" [_thread_blocked, id=22076, stack(0x0000002540c00000,0x0000002540d00000)]
  0x00000158a5325d90 JavaThread "Unconstrained build operations Thread 100" [_thread_blocked, id=25936, stack(0x0000002540d00000,0x0000002540e00000)]
  0x00000158a53240b0 JavaThread "Unconstrained build operations Thread 101" [_thread_blocked, id=15112, stack(0x0000002540e00000,0x0000002540f00000)]
  0x00000158a5322d70 JavaThread "Unconstrained build operations Thread 102" [_thread_blocked, id=26836, stack(0x0000002540f00000,0x0000002541000000)]
  0x00000158a53228a0 JavaThread "Unconstrained build operations Thread 103" [_thread_blocked, id=7580, stack(0x0000002541000000,0x0000002541100000)]
  0x00000158a5326730 JavaThread "Unconstrained build operations Thread 104" [_thread_blocked, id=26568, stack(0x0000002541100000,0x0000002541200000)]
  0x00000158a5328410 JavaThread "Unconstrained build operations Thread 105" [_thread_blocked, id=1836, stack(0x0000002541200000,0x0000002541300000)]
  0x00000158a5324a50 JavaThread "Unconstrained build operations Thread 106" [_thread_blocked, id=4720, stack(0x0000002541300000,0x0000002541400000)]

Other Threads:
  0x00000158a0c10090 VMThread "VM Thread" [stack: 0x0000002537500000,0x0000002537600000] [id=23364]
  0x00000158a0de7020 WatcherThread [stack: 0x0000002538100000,0x0000002538200000] [id=25760]
  0x0000015885f05c00 GCTaskThread "GC Thread#0" [stack: 0x0000002537000000,0x0000002537100000] [id=19016]
  0x00000158a0ef2e00 GCTaskThread "GC Thread#1" [stack: 0x0000002538300000,0x0000002538400000] [id=12032]
  0x00000158a0ef2090 GCTaskThread "GC Thread#2" [stack: 0x0000002538400000,0x0000002538500000] [id=15884]
  0x00000158a0ef2340 GCTaskThread "GC Thread#3" [stack: 0x0000002538500000,0x0000002538600000] [id=15476]
  0x00000158a0ef25f0 GCTaskThread "GC Thread#4" [stack: 0x0000002538600000,0x0000002538700000] [id=19824]
  0x00000158a0ef30b0 GCTaskThread "GC Thread#5" [stack: 0x0000002539100000,0x0000002539200000] [id=21744]
  0x00000158a0ef1b30 GCTaskThread "GC Thread#6" [stack: 0x0000002539200000,0x0000002539300000] [id=21328]
  0x00000158a0ef2b50 GCTaskThread "GC Thread#7" [stack: 0x0000002539300000,0x0000002539400000] [id=22724]
  0x00000158a33c2fd0 GCTaskThread "GC Thread#8" [stack: 0x0000002539400000,0x0000002539500000] [id=8540]
  0x00000158a33c3530 GCTaskThread "GC Thread#9" [stack: 0x0000002539500000,0x0000002539600000] [id=21372]
  0x0000015885f172b0 ConcurrentGCThread "G1 Main Marker" [stack: 0x0000002537100000,0x0000002537200000] [id=28048]
  0x0000015885f18460 ConcurrentGCThread "G1 Conc#0" [stack: 0x0000002537200000,0x0000002537300000] [id=25364]
  0x00000158a33c3280 ConcurrentGCThread "G1 Conc#1" [stack: 0x0000002539600000,0x0000002539700000] [id=14172]
  0x00000158a33c37e0 ConcurrentGCThread "G1 Conc#2" [stack: 0x0000002539700000,0x0000002539800000] [id=20720]
  0x0000015885f6e510 ConcurrentGCThread "G1 Refine#0" [stack: 0x0000002537300000,0x0000002537400000] [id=19876]
  0x0000015885f6e9e0 ConcurrentGCThread "G1 Service" [stack: 0x0000002537400000,0x0000002537500000] [id=16816]

Threads with active compile tasks:
C2 CompilerThread0     4363 5186 %     4       org.gradle.internal.logging.text.AbstractLineChoppingStyledTextOutput::doAppend @ 10 (43 bytes)
C1 CompilerThread0     4363 5255       3       jdk.internal.reflect.Reflection::verifyMemberAccess (200 bytes)
C2 CompilerThread1     4363 5039       4       java.lang.invoke.MethodType::makeImpl (109 bytes)

VM state: not at safepoint (normal execution)

VM Mutex/Monitor currently owned by a thread:  ([mutex/lock_event])
[0x0000015885ea2250] SystemDictionary_lock - owner thread: 0x0000000000000000

OutOfMemory and StackOverflow Exception counts:
OutOfMemoryError java_heap_errors=1
LinkageErrors=109

Heap address: 0x0000000080000000, size: 2048 MB, Compressed Oops mode: 32-bit

CDS archive(s) not mapped
Compressed class space mapped at: 0x0000000100000000-0x0000000140000000, reserved size: 1073741824
Narrow klass base: 0x0000000000000000, Narrow klass shift: 3, Narrow klass range: 0x140000000

GC Precious Log:
 CPUs: 12 total, 12 available
 Memory: 8043M
 Large Page Support: Disabled
 NUMA Support: Disabled
 Compressed Oops: Enabled (32-bit)
 Heap Region Size: 1M
 Heap Min Capacity: 8M
 Heap Initial Capacity: 126M
 Heap Max Capacity: 2G
 Pre-touch: Disabled
 Parallel Workers: 10
 Concurrent Workers: 3
 Concurrent Refinement Workers: 10
 Periodic GC: Disabled

Heap:
 garbage-first heap   total 82944K, used 51289K [0x0000000080000000, 0x0000000100000000)
  region size 1024K, 19 young (19456K), 3 survivors (3072K)
 Metaspace       used 51827K, committed 52288K, reserved 1097728K
  class space    used 6893K, committed 7104K, reserved 1048576K

Heap Regions: E=young(eden), S=young(survivor), O=old, HS=humongous(starts), HC=humongous(continues), CS=collection set, F=free, OA=open archive, CA=closed archive, TAMS=top-at-mark-start (previous, next)
|   0|0x0000000080000000, 0x0000000080100000, 0x0000000080100000|100%|HS|  |TAMS 0x0000000080100000, 0x0000000080000000| Complete 
|   1|0x0000000080100000, 0x0000000080200000, 0x0000000080200000|100%|HC|  |TAMS 0x0000000080200000, 0x0000000080100000| Complete 
|   2|0x0000000080200000, 0x0000000080300000, 0x0000000080300000|100%|HC|  |TAMS 0x0000000080300000, 0x0000000080200000| Complete 
|   3|0x0000000080300000, 0x0000000080400000, 0x0000000080400000|100%|HC|  |TAMS 0x0000000080400000, 0x0000000080300000| Complete 
|   4|0x0000000080400000, 0x0000000080500000, 0x0000000080500000|100%| O|  |TAMS 0x0000000080500000, 0x0000000080400000| Untracked 
|   5|0x0000000080500000, 0x0000000080600000, 0x0000000080600000|100%| O|  |TAMS 0x0000000080600000, 0x0000000080500000| Untracked 
|   6|0x0000000080600000, 0x0000000080700000, 0x0000000080700000|100%| O|  |TAMS 0x0000000080700000, 0x0000000080600000| Untracked 
|   7|0x0000000080700000, 0x0000000080800000, 0x0000000080800000|100%| O|  |TAMS 0x0000000080800000, 0x0000000080700000| Untracked 
|   8|0x0000000080800000, 0x0000000080900000, 0x0000000080900000|100%| O|  |TAMS 0x0000000080900000, 0x0000000080800000| Untracked 
|   9|0x0000000080900000, 0x0000000080a00000, 0x0000000080a00000|100%| O|  |TAMS 0x0000000080a00000, 0x0000000080900000| Untracked 
|  10|0x0000000080a00000, 0x0000000080b00000, 0x0000000080b00000|100%| O|  |TAMS 0x0000000080b00000, 0x0000000080a00000| Untracked 
|  11|0x0000000080b00000, 0x0000000080bac600, 0x0000000080c00000| 67%| O|  |TAMS 0x0000000080bac600, 0x0000000080b00000| Untracked 
|  12|0x0000000080c00000, 0x0000000080d00000, 0x0000000080d00000|100%| O|  |TAMS 0x0000000080d00000, 0x0000000080c00000| Untracked 
|  13|0x0000000080d00000, 0x0000000080e00000, 0x0000000080e00000|100%| O|  |TAMS 0x0000000080e00000, 0x0000000080d00000| Untracked 
|  14|0x0000000080e00000, 0x0000000080f00000, 0x0000000080f00000|100%| O|  |TAMS 0x0000000080f00000, 0x0000000080e00000| Untracked 
|  15|0x0000000080f00000, 0x0000000081000000, 0x0000000081000000|100%| O|  |TAMS 0x0000000081000000, 0x0000000080f00000| Untracked 
|  16|0x0000000081000000, 0x0000000081100000, 0x0000000081100000|100%| O|  |TAMS 0x0000000081100000, 0x0000000081000000| Untracked 
|  17|0x0000000081100000, 0x0000000081200000, 0x0000000081200000|100%| O|  |TAMS 0x0000000081200000, 0x0000000081100000| Untracked 
|  18|0x0000000081200000, 0x0000000081300000, 0x0000000081300000|100%| O|  |TAMS 0x0000000081300000, 0x0000000081200000| Untracked 
|  19|0x0000000081300000, 0x0000000081400000, 0x0000000081400000|100%| O|  |TAMS 0x0000000081400000, 0x0000000081300000| Untracked 
|  20|0x0000000081400000, 0x0000000081500000, 0x0000000081500000|100%| O|  |TAMS 0x0000000081467e00, 0x0000000081400000| Untracked 
|  21|0x0000000081500000, 0x0000000081600000, 0x0000000081600000|100%| O|  |TAMS 0x0000000081500000, 0x0000000081500000| Untracked 
|  22|0x0000000081600000, 0x0000000081700000, 0x0000000081700000|100%| O|  |TAMS 0x0000000081600000, 0x0000000081600000| Untracked 
|  23|0x0000000081700000, 0x0000000081800000, 0x0000000081800000|100%| O|  |TAMS 0x0000000081700000, 0x0000000081700000| Untracked 
|  24|0x0000000081800000, 0x0000000081900000, 0x0000000081900000|100%| O|  |TAMS 0x0000000081800000, 0x0000000081800000| Untracked 
|  25|0x0000000081900000, 0x0000000081a00000, 0x0000000081a00000|100%| O|  |TAMS 0x0000000081900000, 0x0000000081900000| Untracked 
|  26|0x0000000081a00000, 0x0000000081b00000, 0x0000000081b00000|100%| O|  |TAMS 0x0000000081a00000, 0x0000000081a00000| Untracked 
|  27|0x0000000081b00000, 0x0000000081c00000, 0x0000000081c00000|100%| O|  |TAMS 0x0000000081b00000, 0x0000000081b00000| Untracked 
|  28|0x0000000081c00000, 0x0000000081d00000, 0x0000000081d00000|100%| O|  |TAMS 0x0000000081c00000, 0x0000000081c00000| Untracked 
|  29|0x0000000081d00000, 0x0000000081e00000, 0x0000000081e00000|100%| O|  |TAMS 0x0000000081d00000, 0x0000000081d00000| Untracked 
|  30|0x0000000081e00000, 0x0000000081f00000, 0x0000000081f00000|100%| O|  |TAMS 0x0000000081e00000, 0x0000000081e00000| Untracked 
|  31|0x0000000081f00000, 0x0000000082000000, 0x0000000082000000|100%| O|  |TAMS 0x0000000081f00000, 0x0000000081f00000| Untracked 
|  32|0x0000000082000000, 0x0000000082100000, 0x0000000082100000|100%| O|  |TAMS 0x0000000082000000, 0x0000000082000000| Untracked 
|  33|0x0000000082100000, 0x000000008215e800, 0x0000000082200000| 36%| O|  |TAMS 0x0000000082100000, 0x0000000082100000| Untracked 
|  34|0x0000000082200000, 0x0000000082200000, 0x0000000082300000|  0%| F|  |TAMS 0x0000000082200000, 0x0000000082200000| Untracked 
|  35|0x0000000082300000, 0x0000000082300000, 0x0000000082400000|  0%| F|  |TAMS 0x0000000082300000, 0x0000000082300000| Untracked 
|  36|0x0000000082400000, 0x0000000082400000, 0x0000000082500000|  0%| F|  |TAMS 0x0000000082400000, 0x0000000082400000| Untracked 
|  37|0x0000000082500000, 0x0000000082500000, 0x0000000082600000|  0%| F|  |TAMS 0x0000000082500000, 0x0000000082500000| Untracked 
|  38|0x0000000082600000, 0x0000000082600000, 0x0000000082700000|  0%| F|  |TAMS 0x0000000082600000, 0x0000000082600000| Untracked 
|  39|0x0000000082700000, 0x0000000082700000, 0x0000000082800000|  0%| F|  |TAMS 0x0000000082700000, 0x0000000082700000| Untracked 
|  40|0x0000000082800000, 0x0000000082800000, 0x0000000082900000|  0%| F|  |TAMS 0x0000000082800000, 0x0000000082800000| Untracked 
|  41|0x0000000082900000, 0x0000000082900000, 0x0000000082a00000|  0%| F|  |TAMS 0x0000000082900000, 0x0000000082900000| Untracked 
|  42|0x0000000082a00000, 0x0000000082a00000, 0x0000000082b00000|  0%| F|  |TAMS 0x0000000082a00000, 0x0000000082a00000| Untracked 
|  43|0x0000000082b00000, 0x0000000082b00000, 0x0000000082c00000|  0%| F|  |TAMS 0x0000000082b00000, 0x0000000082b00000| Untracked 
|  44|0x0000000082c00000, 0x0000000082c00000, 0x0000000082d00000|  0%| F|  |TAMS 0x0000000082c00000, 0x0000000082c00000| Untracked 
|  45|0x0000000082d00000, 0x0000000082d00000, 0x0000000082e00000|  0%| F|  |TAMS 0x0000000082d00000, 0x0000000082d00000| Untracked 
|  46|0x0000000082e00000, 0x0000000082e00000, 0x0000000082f00000|  0%| F|  |TAMS 0x0000000082e00000, 0x0000000082e00000| Untracked 
|  47|0x0000000082f00000, 0x0000000082f0b930, 0x0000000083000000|  4%| S|CS|TAMS 0x0000000082f00000, 0x0000000082f00000| Complete 
|  48|0x0000000083000000, 0x0000000083100000, 0x0000000083100000|100%| S|CS|TAMS 0x0000000083000000, 0x0000000083000000| Complete 
|  49|0x0000000083100000, 0x0000000083100000, 0x0000000083200000|  0%| F|  |TAMS 0x0000000083100000, 0x0000000083100000| Untracked 
|  50|0x0000000083200000, 0x0000000083200000, 0x0000000083300000|  0%| F|  |TAMS 0x0000000083200000, 0x0000000083200000| Untracked 
|  51|0x0000000083300000, 0x0000000083400000, 0x0000000083400000|100%| S|CS|TAMS 0x0000000083300000, 0x0000000083300000| Complete 
|  52|0x0000000083400000, 0x0000000083400000, 0x0000000083500000|  0%| F|  |TAMS 0x0000000083400000, 0x0000000083400000| Untracked 
|  53|0x0000000083500000, 0x0000000083500000, 0x0000000083600000|  0%| F|  |TAMS 0x0000000083500000, 0x0000000083500000| Untracked 
|  54|0x0000000083600000, 0x0000000083600000, 0x0000000083700000|  0%| F|  |TAMS 0x0000000083600000, 0x0000000083600000| Untracked 
|  55|0x0000000083700000, 0x0000000083700000, 0x0000000083800000|  0%| F|  |TAMS 0x0000000083700000, 0x0000000083700000| Untracked 
|  56|0x0000000083800000, 0x0000000083800000, 0x0000000083900000|  0%| F|  |TAMS 0x0000000083800000, 0x0000000083800000| Untracked 
|  57|0x0000000083900000, 0x0000000083900000, 0x0000000083a00000|  0%| F|  |TAMS 0x0000000083900000, 0x0000000083900000| Untracked 
|  58|0x0000000083a00000, 0x0000000083a00000, 0x0000000083b00000|  0%| F|  |TAMS 0x0000000083a00000, 0x0000000083a00000| Untracked 
|  59|0x0000000083b00000, 0x0000000083b00000, 0x0000000083c00000|  0%| F|  |TAMS 0x0000000083b00000, 0x0000000083b00000| Untracked 
|  60|0x0000000083c00000, 0x0000000083c00000, 0x0000000083d00000|  0%| F|  |TAMS 0x0000000083c00000, 0x0000000083c00000| Untracked 
|  61|0x0000000083d00000, 0x0000000083d00000, 0x0000000083e00000|  0%| F|  |TAMS 0x0000000083d00000, 0x0000000083d00000| Untracked 
|  62|0x0000000083e00000, 0x0000000083e00000, 0x0000000083f00000|  0%| F|  |TAMS 0x0000000083e00000, 0x0000000083e00000| Untracked 
|  63|0x0000000083f00000, 0x0000000083f00000, 0x0000000084000000|  0%| F|  |TAMS 0x0000000083f00000, 0x0000000083f00000| Untracked 
|  64|0x0000000084000000, 0x0000000084000000, 0x0000000084100000|  0%| F|  |TAMS 0x0000000084000000, 0x0000000084000000| Untracked 
|  65|0x0000000084100000, 0x0000000084180800, 0x0000000084200000| 50%| E|  |TAMS 0x0000000084100000, 0x0000000084100000| Complete 
|  66|0x0000000084200000, 0x0000000084300000, 0x0000000084300000|100%| E|CS|TAMS 0x0000000084200000, 0x0000000084200000| Complete 
|  67|0x0000000084300000, 0x0000000084400000, 0x0000000084400000|100%| E|CS|TAMS 0x0000000084300000, 0x0000000084300000| Complete 
|  68|0x0000000084400000, 0x0000000084500000, 0x0000000084500000|100%| E|CS|TAMS 0x0000000084400000, 0x0000000084400000| Complete 
|  69|0x0000000084500000, 0x0000000084600000, 0x0000000084600000|100%| E|CS|TAMS 0x0000000084500000, 0x0000000084500000| Complete 
|  70|0x0000000084600000, 0x0000000084700000, 0x0000000084700000|100%| E|CS|TAMS 0x0000000084600000, 0x0000000084600000| Complete 
|  71|0x0000000084700000, 0x0000000084800000, 0x0000000084800000|100%| E|CS|TAMS 0x0000000084700000, 0x0000000084700000| Complete 
|  77|0x0000000084d00000, 0x0000000084e00000, 0x0000000084e00000|100%| E|CS|TAMS 0x0000000084d00000, 0x0000000084d00000| Complete 
|  78|0x0000000084e00000, 0x0000000084f00000, 0x0000000084f00000|100%| E|CS|TAMS 0x0000000084e00000, 0x0000000084e00000| Complete 
|  79|0x0000000084f00000, 0x0000000085000000, 0x0000000085000000|100%| E|CS|TAMS 0x0000000084f00000, 0x0000000084f00000| Complete 
|  80|0x0000000085000000, 0x0000000085100000, 0x0000000085100000|100%| E|CS|TAMS 0x0000000085000000, 0x0000000085000000| Complete 
|  81|0x0000000085100000, 0x0000000085200000, 0x0000000085200000|100%| E|CS|TAMS 0x0000000085100000, 0x0000000085100000| Complete 
|  82|0x0000000085200000, 0x0000000085300000, 0x0000000085300000|100%| E|CS|TAMS 0x0000000085200000, 0x0000000085200000| Complete 
|  83|0x0000000085300000, 0x0000000085400000, 0x0000000085400000|100%| E|CS|TAMS 0x0000000085300000, 0x0000000085300000| Complete 
|  84|0x0000000085400000, 0x0000000085500000, 0x0000000085500000|100%| E|CS|TAMS 0x0000000085400000, 0x0000000085400000| Complete 
| 125|0x0000000087d00000, 0x0000000087e00000, 0x0000000087e00000|100%| E|CS|TAMS 0x0000000087d00000, 0x0000000087d00000| Complete 

Card table byte_map: [0x0000015898cd0000,0x00000158990d0000] _byte_map_base: 0x00000158988d0000

Marking Bits (Prev, Next): (CMBitMap*) 0x0000015885f06210, (CMBitMap*) 0x0000015885f06250
 Prev Bits: [0x00000158994d0000, 0x000001589b4d0000)
 Next Bits: [0x000001589b4d0000, 0x000001589d4d0000)

Polling page: 0x0000015883e60000

Metaspace:

Usage:
  Non-class:     43.88 MB used.
      Class:      6.73 MB used.
       Both:     50.62 MB used.

Virtual space:
  Non-class space:       48.00 MB reserved,      44.12 MB ( 92%) committed,  6 nodes.
      Class space:        1.00 GB reserved,       6.94 MB ( <1%) committed,  1 nodes.
             Both:        1.05 GB reserved,      51.06 MB (  5%) committed. 

Chunk freelists:
   Non-Class:  3.78 MB
       Class:  1.04 MB
        Both:  4.82 MB

MaxMetaspaceSize: unlimited
CompressedClassSpaceSize: 1.00 GB
Initial GC threshold: 21.00 MB
Current GC threshold: 58.69 MB
CDS: off
MetaspaceReclaimPolicy: balanced
 - commit_granule_bytes: 65536.
 - commit_granule_words: 8192.
 - virtual_space_node_default_size: 1048576.
 - enlarge_chunks_in_place: 1.
 - new_chunks_are_fully_committed: 0.
 - uncommit_free_chunks: 1.
 - use_allocation_guard: 0.
 - handle_deallocations: 1.


Internal statistics:

num_allocs_failed_limit: 6.
num_arena_births: 518.
num_arena_deaths: 0.
num_vsnodes_births: 7.
num_vsnodes_deaths: 0.
num_space_committed: 817.
num_space_uncommitted: 0.
num_chunks_returned_to_freelist: 6.
num_chunks_taken_from_freelist: 2175.
num_chunk_merges: 6.
num_chunk_splits: 1432.
num_chunks_enlarged: 967.
num_purges: 0.
num_inconsistent_stats: 0.

CodeHeap 'non-profiled nmethods': size=120000Kb used=2952Kb max_used=2952Kb free=117047Kb
 bounds [0x0000015890e40000, 0x0000015891130000, 0x0000015898370000]
CodeHeap 'profiled nmethods': size=120000Kb used=10304Kb max_used=10304Kb free=109695Kb
 bounds [0x0000015889370000, 0x0000015889d90000, 0x00000158908a0000]
CodeHeap 'non-nmethods': size=5760Kb used=2311Kb max_used=2382Kb free=3449Kb
 bounds [0x00000158908a0000, 0x0000015890b10000, 0x0000015890e40000]
 total_blobs=6064 nmethods=5239 adapters=736
 compilation: enabled
              stopped_count=0, restarted_count=0
 full_count=0

Compilation events (20 events):
Event: 4.334 Thread 0x00000158a0c465b0 5201       3       org.gradle.internal.logging.text.AbstractLineChoppingStyledTextOutput$StateContext::flushEndLine (9 bytes)
Event: 4.334 Thread 0x00000158a0c465b0 nmethod 5201 0x0000015889d63810 code [0x0000015889d639c0, 0x0000015889d63b88]
Event: 4.334 Thread 0x00000158a0c465b0 5203       3       org.gradle.internal.logging.text.AbstractLineChoppingStyledTextOutput$StateContext::next (11 bytes)
Event: 4.334 Thread 0x00000158a0c465b0 nmethod 5203 0x0000015889d63c90 code [0x0000015889d63e20, 0x0000015889d63f38]
Event: 4.334 Thread 0x00000158a0c465b0 5204       3       org.gradle.internal.logging.text.AbstractLineChoppingStyledTextOutput$StateContext::reset (16 bytes)
Event: 4.334 Thread 0x00000158a0c465b0 nmethod 5204 0x0000015889d64010 code [0x0000015889d641a0, 0x0000015889d64318]
Event: 4.334 Thread 0x00000158a0c465b0 5205       3       org.gradle.internal.logging.text.AbstractLineChoppingStyledTextOutput$SeenFromEol::clear (6 bytes)
Event: 4.334 Thread 0x00000158a0c465b0 nmethod 5205 0x0000015889d64410 code [0x0000015889d645a0, 0x0000015889d646b8]
Event: 4.334 Thread 0x00000158a0c465b0 5202       3       org.gradle.internal.logging.text.AbstractLineChoppingStyledTextOutput$SeenFromEol::add (18 bytes)
Event: 4.335 Thread 0x00000158a0c465b0 nmethod 5202 0x0000015889d64790 code [0x0000015889d64920, 0x0000015889d64a58]
Event: 4.335 Thread 0x00000158a0c465b0 5198       3       org.gradle.internal.dispatch.MethodInvocation::<init> (25 bytes)
Event: 4.335 Thread 0x00000158a0c465b0 nmethod 5198 0x0000015889d64b10 code [0x0000015889d64cc0, 0x0000015889d64f38]
Event: 4.335 Thread 0x00000158a0c465b0 5207       3       java.lang.invoke.MethodTypeForm::findForm (24 bytes)
Event: 4.335 Thread 0x00000158a0c465b0 nmethod 5207 0x0000015889d65010 code [0x0000015889d651c0, 0x0000015889d65418]
Event: 4.345 Thread 0x00000158a0c465b0 5213       3       sun.nio.fs.WindowsFileAttributes::fromFileAttributeData (104 bytes)
Event: 4.345 Thread 0x00000158a0c465b0 nmethod 5213 0x0000015889d65510 code [0x0000015889d656e0, 0x0000015889d65ba8]
Event: 4.345 Thread 0x00000158a0c465b0 5214  s    3       java.io.FileDescriptor::close (9 bytes)
Event: 4.345 Thread 0x00000158a0c465b0 nmethod 5214 0x0000015889d65e10 code [0x0000015889d65fe0, 0x0000015889d66438]
Event: 4.345 Thread 0x00000158a0c465b0 5215  s    3       java.io.FileDescriptor::unregisterCleanup (20 bytes)
Event: 4.346 Thread 0x00000158a0c465b0 nmethod 5215 0x0000015889d66590 code [0x0000015889d66740, 0x0000015889d66a28]

GC Heap History (20 events):
Event: 0.967 GC heap before
{Heap before GC invocations=1 (full 0):
 garbage-first heap   total 129024K, used 40987K [0x0000000080000000, 0x0000000100000000)
  region size 1024K, 32 young (32768K), 3 survivors (3072K)
 Metaspace       used 11224K, committed 11456K, reserved 1064960K
  class space    used 1166K, committed 1280K, reserved 1048576K
}
Event: 0.972 GC heap after
{Heap after GC invocations=2 (full 0):
 garbage-first heap   total 129024K, used 15025K [0x0000000080000000, 0x0000000100000000)
  region size 1024K, 4 young (4096K), 4 survivors (4096K)
 Metaspace       used 11224K, committed 11456K, reserved 1064960K
  class space    used 1166K, committed 1280K, reserved 1048576K
}
Event: 1.727 GC heap before
{Heap before GC invocations=2 (full 0):
 garbage-first heap   total 129024K, used 51889K [0x0000000080000000, 0x0000000100000000)
  region size 1024K, 41 young (41984K), 4 survivors (4096K)
 Metaspace       used 21222K, committed 21504K, reserved 1073152K
  class space    used 2577K, committed 2752K, reserved 1048576K
}
Event: 1.732 GC heap after
{Heap after GC invocations=3 (full 0):
 garbage-first heap   total 129024K, used 18912K [0x0000000080000000, 0x0000000100000000)
  region size 1024K, 8 young (8192K), 8 survivors (8192K)
 Metaspace       used 21222K, committed 21504K, reserved 1073152K
  class space    used 2577K, committed 2752K, reserved 1048576K
}
Event: 2.169 GC heap before
{Heap before GC invocations=4 (full 0):
 garbage-first heap   total 68608K, used 51680K [0x0000000080000000, 0x0000000100000000)
  region size 1024K, 40 young (40960K), 8 survivors (8192K)
 Metaspace       used 26327K, committed 26624K, reserved 1073152K
  class space    used 3467K, committed 3584K, reserved 1048576K
}
Event: 2.175 GC heap after
{Heap after GC invocations=5 (full 0):
 garbage-first heap   total 68608K, used 20977K [0x0000000080000000, 0x0000000100000000)
  region size 1024K, 3 young (3072K), 3 survivors (3072K)
 Metaspace       used 26327K, committed 26624K, reserved 1073152K
  class space    used 3467K, committed 3584K, reserved 1048576K
}
Event: 2.492 GC heap before
{Heap before GC invocations=5 (full 0):
 garbage-first heap   total 68608K, used 46577K [0x0000000080000000, 0x0000000100000000)
  region size 1024K, 28 young (28672K), 3 survivors (3072K)
 Metaspace       used 30313K, committed 30592K, reserved 1081344K
  class space    used 4117K, committed 4224K, reserved 1048576K
}
Event: 2.495 GC heap after
{Heap after GC invocations=6 (full 0):
 garbage-first heap   total 68608K, used 22307K [0x0000000080000000, 0x0000000100000000)
  region size 1024K, 4 young (4096K), 4 survivors (4096K)
 Metaspace       used 30313K, committed 30592K, reserved 1081344K
  class space    used 4117K, committed 4224K, reserved 1048576K
}
Event: 2.823 GC heap before
{Heap before GC invocations=6 (full 0):
 garbage-first heap   total 68608K, used 48931K [0x0000000080000000, 0x0000000100000000)
  region size 1024K, 30 young (30720K), 4 survivors (4096K)
 Metaspace       used 34833K, committed 35200K, reserved 1081344K
  class space    used 4830K, committed 4992K, reserved 1048576K
}
Event: 2.827 GC heap after
{Heap after GC invocations=7 (full 0):
 garbage-first heap   total 68608K, used 23885K [0x0000000080000000, 0x0000000100000000)
  region size 1024K, 4 young (4096K), 4 survivors (4096K)
 Metaspace       used 34833K, committed 35200K, reserved 1081344K
  class space    used 4830K, committed 4992K, reserved 1048576K
}
Event: 2.871 GC heap before
{Heap before GC invocations=7 (full 0):
 garbage-first heap   total 68608K, used 25933K [0x0000000080000000, 0x0000000100000000)
  region size 1024K, 8 young (8192K), 4 survivors (4096K)
 Metaspace       used 35613K, committed 35968K, reserved 1081344K
  class space    used 4877K, committed 5056K, reserved 1048576K
}
Event: 2.874 GC heap after
{Heap after GC invocations=8 (full 0):
 garbage-first heap   total 68608K, used 24534K [0x0000000080000000, 0x0000000100000000)
  region size 1024K, 3 young (3072K), 3 survivors (3072K)
 Metaspace       used 35613K, committed 35968K, reserved 1081344K
  class space    used 4877K, committed 5056K, reserved 1048576K
}
Event: 3.172 GC heap before
{Heap before GC invocations=9 (full 0):
 garbage-first heap   total 68608K, used 49110K [0x0000000080000000, 0x0000000100000000)
  region size 1024K, 28 young (28672K), 3 survivors (3072K)
 Metaspace       used 40368K, committed 40704K, reserved 1089536K
  class space    used 5356K, committed 5504K, reserved 1048576K
}
Event: 3.175 GC heap after
{Heap after GC invocations=10 (full 0):
 garbage-first heap   total 82944K, used 28809K [0x0000000080000000, 0x0000000100000000)
  region size 1024K, 4 young (4096K), 4 survivors (4096K)
 Metaspace       used 40368K, committed 40704K, reserved 1089536K
  class space    used 5356K, committed 5504K, reserved 1048576K
}
Event: 3.458 GC heap before
{Heap before GC invocations=10 (full 0):
 garbage-first heap   total 82944K, used 64649K [0x0000000080000000, 0x0000000100000000)
  region size 1024K, 36 young (36864K), 4 survivors (4096K)
 Metaspace       used 42934K, committed 43264K, reserved 1089536K
  class space    used 5635K, committed 5760K, reserved 1048576K
}
Event: 3.462 GC heap after
{Heap after GC invocations=11 (full 0):
 garbage-first heap   total 82944K, used 31502K [0x0000000080000000, 0x0000000100000000)
  region size 1024K, 4 young (4096K), 4 survivors (4096K)
 Metaspace       used 42934K, committed 43264K, reserved 1089536K
  class space    used 5635K, committed 5760K, reserved 1048576K
}
Event: 3.851 GC heap before
{Heap before GC invocations=11 (full 0):
 garbage-first heap   total 82944K, used 63246K [0x0000000080000000, 0x0000000100000000)
  region size 1024K, 34 young (34816K), 4 survivors (4096K)
 Metaspace       used 47543K, committed 48000K, reserved 1097728K
  class space    used 6254K, committed 6464K, reserved 1048576K
}
Event: 3.855 GC heap after
{Heap after GC invocations=12 (full 0):
 garbage-first heap   total 82944K, used 33857K [0x0000000080000000, 0x0000000100000000)
  region size 1024K, 3 young (3072K), 3 survivors (3072K)
 Metaspace       used 47543K, committed 48000K, reserved 1097728K
  class space    used 6254K, committed 6464K, reserved 1048576K
}
Event: 4.220 GC heap before
{Heap before GC invocations=12 (full 0):
 garbage-first heap   total 82944K, used 63553K [0x0000000080000000, 0x0000000100000000)
  region size 1024K, 32 young (32768K), 3 survivors (3072K)
 Metaspace       used 50934K, committed 51328K, reserved 1097728K
  class space    used 6748K, committed 6912K, reserved 1048576K
}
Event: 4.223 GC heap after
{Heap after GC invocations=13 (full 0):
 garbage-first heap   total 82944K, used 35929K [0x0000000080000000, 0x0000000100000000)
  region size 1024K, 3 young (3072K), 3 survivors (3072K)
 Metaspace       used 50934K, committed 51328K, reserved 1097728K
  class space    used 6748K, committed 6912K, reserved 1048576K
}

Dll operation events (2 events):
Event: 0.008 Loaded shared library C:\Program Files\Android\Android Studio\jbr\bin\java.dll
Event: 0.447 Loaded shared library C:\Program Files\Android\Android Studio\jbr\bin\verify.dll

Deoptimization events (20 events):
Event: 4.294 Thread 0x00000158a603e2c0 DEOPT UNPACKING pc=0x00000158908f69a3 sp=0x000000253b3fd600 mode 2
Event: 4.294 Thread 0x00000158a603f130 DEOPT UNPACKING pc=0x00000158908f69a3 sp=0x000000253b4fe158 mode 2
Event: 4.295 Thread 0x00000158a481c850 Uncommon trap: trap_request=0xffffff45 fr.pc=0x0000015890eed7bc relative=0x000000000000017c
Event: 4.295 Thread 0x00000158a481c850 Uncommon trap: reason=unstable_if action=reinterpret pc=0x0000015890eed7bc method=java.util.concurrent.ConcurrentHashMap.addCount(JI)V @ 34 c2
Event: 4.295 Thread 0x00000158a481c850 DEOPT PACKING pc=0x0000015890eed7bc sp=0x000000253adfe3c0
Event: 4.295 Thread 0x00000158a481c850 DEOPT UNPACKING pc=0x00000158908f69a3 sp=0x000000253adfe320 mode 2
Event: 4.298 Thread 0x00000158a603e2c0 DEOPT PACKING pc=0x000001588977e754 sp=0x000000253b3fd860
Event: 4.298 Thread 0x00000158a603e2c0 DEOPT UNPACKING pc=0x00000158908f7143 sp=0x000000253b3fcdb8 mode 0
Event: 4.318 Thread 0x00000158a23c68f0 Uncommon trap: trap_request=0xffffff45 fr.pc=0x00000158910260bc relative=0x00000000000008bc
Event: 4.318 Thread 0x00000158a23c68f0 Uncommon trap: reason=unstable_if action=reinterpret pc=0x00000158910260bc method=java.util.regex.Matcher.search(I)Z @ 76 c2
Event: 4.318 Thread 0x00000158a23c68f0 DEOPT PACKING pc=0x00000158910260bc sp=0x0000002538dfbc70
Event: 4.318 Thread 0x00000158a23c68f0 DEOPT UNPACKING pc=0x00000158908f69a3 sp=0x0000002538dfbbe0 mode 2
Event: 4.318 Thread 0x00000158a23c68f0 Uncommon trap: trap_request=0xffffff45 fr.pc=0x000001589100d1d0 relative=0x0000000000000570
Event: 4.318 Thread 0x00000158a23c68f0 Uncommon trap: reason=unstable_if action=reinterpret pc=0x000001589100d1d0 method=java.util.regex.Matcher.search(I)Z @ 76 c2
Event: 4.318 Thread 0x00000158a23c68f0 DEOPT PACKING pc=0x000001589100d1d0 sp=0x0000002538dfbc00
Event: 4.318 Thread 0x00000158a23c68f0 DEOPT UNPACKING pc=0x00000158908f69a3 sp=0x0000002538dfbbd0 mode 2
Event: 4.347 Thread 0x00000158a481c380 Uncommon trap: trap_request=0xffffff45 fr.pc=0x0000015891026b4c relative=0x000000000000004c
Event: 4.347 Thread 0x00000158a481c380 Uncommon trap: reason=unstable_if action=reinterpret pc=0x0000015891026b4c method=java.lang.Thread.interrupted()Z @ 10 c2
Event: 4.347 Thread 0x00000158a481c380 DEOPT PACKING pc=0x0000015891026b4c sp=0x000000253a1ff190
Event: 4.347 Thread 0x00000158a481c380 DEOPT UNPACKING pc=0x00000158908f69a3 sp=0x000000253a1ff120 mode 2

Classes unloaded (0 events):
No events

Classes redefined (0 events):
No events

Internal exceptions (20 events):
Event: 4.090 Thread 0x00000158a23c68f0 Exception <a 'java/lang/NoSuchMethodError'{0x0000000083b61c58}: 'java.lang.Object java.lang.invoke.DirectMethodHandle$Holder.invokeStatic(java.lang.Object, java.lang.Object, java.lang.Object, java.lang.Object, java.lang.Object, java.lang.Object, java.lang.Object, java.lang.Object, java.lang.Object, java.lang.Object, java.lang.Object, java.lang.Object, java.lang.Object, java.lang.Object, java.lang.Object, java.lang.Object, java.lang.Object, java.lang.Object, java.lang.Object, java.lang.Object, java.lang.Obj
Event: 4.091 Thread 0x00000158a23c68f0 Exception <a 'java/lang/NoSuchMethodError'{0x0000000083b8e6a8}: 'java.lang.Object java.lang.invoke.DirectMethodHandle$Holder.invokeStatic(java.lang.Object, java.lang.Object, java.lang.Object, java.lang.Object, java.lang.Object, java.lang.Object, java.lang.Object, java.lang.Object, java.lang.Object, java.lang.Object, java.lang.Object, java.lang.Object, java.lang.Object, java.lang.Object, java.lang.Object, java.lang.Object, java.lang.Object, java.lang.Object, java.lang.Object, java.lang.Object, java.lang.Obj
Event: 4.093 Thread 0x00000158a23c68f0 Exception <a 'java/lang/NoSuchMethodError'{0x0000000083bbb998}: 'java.lang.Object java.lang.invoke.DirectMethodHandle$Holder.invokeStatic(java.lang.Object, java.lang.Object, java.lang.Object, java.lang.Object, java.lang.Object, java.lang.Object, java.lang.Object, java.lang.Object, java.lang.Object, java.lang.Object, java.lang.Object, java.lang.Object, java.lang.Object, java.lang.Object, java.lang.Object, java.lang.Object, java.lang.Object, java.lang.Object, java.lang.Object, java.lang.Object, java.lang.Obj
Event: 4.094 Thread 0x00000158a23c68f0 Exception <a 'java/lang/NoSuchMethodError'{0x0000000083bea578}: 'java.lang.Object java.lang.invoke.DirectMethodHandle$Holder.invokeStatic(java.lang.Object, java.lang.Object, java.lang.Object, java.lang.Object, java.lang.Object, java.lang.Object, java.lang.Object, java.lang.Object, java.lang.Object, java.lang.Object, java.lang.Object, java.lang.Object, java.lang.Object, java.lang.Object, java.lang.Object, java.lang.Object, java.lang.Object, java.lang.Object, java.lang.Object, java.lang.Object, java.lang.Obj
Event: 4.306 Thread 0x00000158a23c68f0 Exception <a 'java/lang/OutOfMemoryError'{0x00000000850bba10}: unable to create native thread: possibly out of memory or process/resource limits reached> (0x00000000850bba10) 
thrown [s\src\hotspot\share\prims\jvm.cpp, line 2926]
Event: 4.310 Thread 0x00000158a23c68f0 Exception <a 'java/lang/NoSuchMethodError'{0x00000000850d9500}: 'long java.lang.invoke.DirectMethodHandle$Holder.invokeVirtual(java.lang.Object, java.lang.Object)'> (0x00000000850d9500) 
thrown [s\src\hotspot\share\interpreter\linkResolver.cpp, line 771]
Event: 4.316 Thread 0x00000158a13fac50 Exception <a 'java/lang/NoSuchMethodError'{0x00000000844873f8}: static Lorg/gradle/internal/build/event/types/DefaultOperationFinishedProgressEvent;.<clinit>()V> (0x00000000844873f8) 
thrown [s\src\hotspot\share\prims\jni.cpp, line 1108]
Event: 4.318 Thread 0x00000158a13fac50 Exception <a 'java/lang/NoSuchMethodError'{0x00000000844ac0a8}: static Lorg/gradle/internal/build/event/types/DefaultProjectConfigurationFailureResult;.<clinit>()V> (0x00000000844ac0a8) 
thrown [s\src\hotspot\share\prims\jni.cpp, line 1108]
Event: 4.318 Thread 0x00000158a13fac50 Exception <a 'java/lang/NoSuchMethodError'{0x00000000844ad538}: static Lorg/gradle/internal/build/event/types/AbstractProjectConfigurationResult;.<clinit>()V> (0x00000000844ad538) 
thrown [s\src\hotspot\share\prims\jni.cpp, line 1108]
Event: 4.318 Thread 0x00000158a13fac50 Exception <a 'java/lang/NoSuchMethodError'{0x00000000844aea48}: static Lorg/gradle/internal/build/event/types/AbstractOperationResult;.<clinit>()V> (0x00000000844aea48) 
thrown [s\src\hotspot\share\prims\jni.cpp, line 1108]
Event: 4.318 Thread 0x00000158a13fac50 Exception <a 'java/lang/NoSuchMethodError'{0x00000000844afa08}: static Lorg/gradle/internal/build/event/types/AbstractResult;.<clinit>()V> (0x00000000844afa08) 
thrown [s\src\hotspot\share\prims\jni.cpp, line 1108]
Event: 4.319 Thread 0x00000158a13fac50 Exception <a 'java/lang/NoSuchMethodError'{0x00000000844c4bb8}: static Lorg/gradle/internal/build/event/types/DefaultPluginApplicationResult;.<clinit>()V> (0x00000000844c4bb8) 
thrown [s\src\hotspot\share\prims\jni.cpp, line 1108]
Event: 4.319 Thread 0x00000158a13fac50 Exception <a 'java/lang/NoSuchMethodError'{0x00000000844cfcb8}: static Lorg/gradle/internal/build/event/types/DefaultBinaryPluginIdentifier;.<clinit>()V> (0x00000000844cfcb8) 
thrown [s\src\hotspot\share\prims\jni.cpp, line 1108]
Event: 4.321 Thread 0x00000158a13fac50 Exception <a 'java/lang/NoSuchMethodError'{0x00000000844e4b48}: static Lorg/gradle/internal/build/event/types/DefaultScriptPluginIdentifier;.<clinit>()V> (0x00000000844e4b48) 
thrown [s\src\hotspot\share\prims\jni.cpp, line 1108]
Event: 4.322 Thread 0x00000158a13fac50 Exception <a 'java/lang/NoSuchMethodError'{0x0000000084385a58}: static Lorg/gradle/internal/build/event/types/DefaultFailure;.<clinit>()V> (0x0000000084385a58) 
thrown [s\src\hotspot\share\prims\jni.cpp, line 1108]
Event: 4.334 Thread 0x00000158a23c68f0 Exception <a 'java/lang/NoSuchMethodError'{0x00000000843b6ec0}: 'java.lang.Object java.lang.invoke.DirectMethodHandle$Holder.newInvokeSpecial(java.lang.Object, java.lang.Object, java.lang.Object, java.lang.Object, int, java.lang.Object)'> (0x00000000843b6ec0) 
thrown [s\src\hotspot\share\interpreter\linkResolver.cpp, line 771]
Event: 4.335 Thread 0x00000158a23c68f0 Exception <a 'java/lang/NoSuchMethodError'{0x00000000843bb228}: 'java.lang.Object java.lang.invoke.Invokers$Holder.linkToTargetMethod(java.lang.Object, java.lang.Object, java.lang.Object, int, java.lang.Object, java.lang.Object)'> (0x00000000843bb228) 
thrown [s\src\hotspot\share\interpreter\linkResolver.cpp, line 771]
Event: 4.336 Thread 0x00000158a23c68f0 Exception <a 'java/lang/NoSuchMethodError'{0x00000000843db1e0}: 'java.lang.Object java.lang.invoke.DirectMethodHandle$Holder.newInvokeSpecial(java.lang.Object, java.lang.Object, java.lang.Object, java.lang.Object, int)'> (0x00000000843db1e0) 
thrown [s\src\hotspot\share\interpreter\linkResolver.cpp, line 771]
Event: 4.336 Thread 0x00000158a23c68f0 Exception <a 'java/lang/NoSuchMethodError'{0x00000000843df8e0}: 'java.lang.Object java.lang.invoke.DirectMethodHandle$Holder.invokeSpecial(java.lang.Object, java.lang.Object, java.lang.Object, java.lang.Object, java.lang.Object, int)'> (0x00000000843df8e0) 
thrown [s\src\hotspot\share\interpreter\linkResolver.cpp, line 771]
Event: 4.337 Thread 0x00000158a23c68f0 Exception <a 'java/lang/NoSuchMethodError'{0x00000000843e3918}: 'java.lang.Object java.lang.invoke.Invokers$Holder.linkToTargetMethod(java.lang.Object, java.lang.Object, java.lang.Object, int, java.lang.Object)'> (0x00000000843e3918) 
thrown [s\src\hotspot\share\interpreter\linkResolver.cpp, line 771]

VM Operations (20 events):
Event: 3.590 Executing VM operation: HandshakeAllThreads
Event: 3.591 Executing VM operation: HandshakeAllThreads done
Event: 3.695 Executing VM operation: HandshakeAllThreads
Event: 3.695 Executing VM operation: HandshakeAllThreads done
Event: 3.799 Executing VM operation: HandshakeAllThreads
Event: 3.799 Executing VM operation: HandshakeAllThreads done
Event: 3.799 Executing VM operation: HandshakeAllThreads
Event: 3.800 Executing VM operation: HandshakeAllThreads done
Event: 3.809 Executing VM operation: ICBufferFull
Event: 3.809 Executing VM operation: ICBufferFull done
Event: 3.851 Executing VM operation: G1CollectForAllocation
Event: 3.855 Executing VM operation: G1CollectForAllocation done
Event: 4.220 Executing VM operation: G1CollectForAllocation
Event: 4.223 Executing VM operation: G1CollectForAllocation done
Event: 4.243 Executing VM operation: HandshakeAllThreads
Event: 4.243 Executing VM operation: HandshakeAllThreads done
Event: 4.312 Executing VM operation: HandshakeAllThreads
Event: 4.312 Executing VM operation: HandshakeAllThreads done
Event: 4.316 Executing VM operation: HandshakeAllThreads
Event: 4.316 Executing VM operation: HandshakeAllThreads done

Events (20 events):
Event: 4.313 loading class java/util/stream/SortedOps$AbstractRefSortingSink
Event: 4.313 loading class java/util/stream/SortedOps$AbstractRefSortingSink done
Event: 4.313 loading class java/util/stream/SortedOps$RefSortingSink done
Event: 4.314 loading class java/lang/Throwable$WrappedPrintWriter
Event: 4.314 loading class java/lang/Throwable$PrintStreamOrWriter
Event: 4.314 loading class java/lang/Throwable$PrintStreamOrWriter done
Event: 4.314 loading class java/lang/Throwable$WrappedPrintWriter done
Event: 4.314 loading class java/lang/StackTraceElement$HashedModules
Event: 4.314 loading class java/lang/StackTraceElement$HashedModules done
Event: 4.318 loading class java/util/logging/LogRecord
Event: 4.319 loading class java/util/logging/LogRecord done
Event: 4.319 loading class java/time/Clock
Event: 4.319 loading class java/time/InstantSource
Event: 4.319 loading class java/time/InstantSource done
Event: 4.319 loading class java/time/Clock done
Event: 4.320 loading class java/time/Ser
Event: 4.320 loading class java/time/Ser done
Event: 4.345 loading class java/util/concurrent/ConcurrentLinkedQueue$Itr
Event: 4.346 loading class java/util/concurrent/ConcurrentLinkedQueue$Itr done
Event: 4.347 Thread 0x00000158a481c380 Thread exited: 0x00000158a481c380


Dynamic libraries:
0x00007ff7a7880000 - 0x00007ff7a788a000 	C:\Program Files\Android\Android Studio\jbr\bin\java.exe
0x00007ffc5cdb0000 - 0x00007ffc5cfc4000 	C:\WINDOWS\SYSTEM32\ntdll.dll
0x00007ffc5b470000 - 0x00007ffc5b532000 	C:\WINDOWS\System32\KERNEL32.DLL
0x00007ffc5a1b0000 - 0x00007ffc5a553000 	C:\WINDOWS\System32\KERNELBASE.dll
0x00007ffc5a840000 - 0x00007ffc5a951000 	C:\WINDOWS\System32\ucrtbase.dll
0x00007ffc44dd0000 - 0x00007ffc44de7000 	C:\Program Files\Android\Android Studio\jbr\bin\jli.dll
0x00007ffc439a0000 - 0x00007ffc439bb000 	C:\Program Files\Android\Android Studio\jbr\bin\VCRUNTIME140.dll
0x00007ffc5ca30000 - 0x00007ffc5cbda000 	C:\WINDOWS\System32\USER32.dll
0x00007ffc45d30000 - 0x00007ffc45fbe000 	C:\WINDOWS\WinSxS\amd64_microsoft.windows.common-controls_6595b64144ccf1df_6.0.22621.1635_none_270f70857386168e\COMCTL32.dll
0x00007ffc5a620000 - 0x00007ffc5a646000 	C:\WINDOWS\System32\win32u.dll
0x00007ffc5ab90000 - 0x00007ffc5ac37000 	C:\WINDOWS\System32\msvcrt.dll
0x00007ffc5ccf0000 - 0x00007ffc5cd19000 	C:\WINDOWS\System32\GDI32.dll
0x00007ffc5aa70000 - 0x00007ffc5ab89000 	C:\WINDOWS\System32\gdi32full.dll
0x00007ffc5a960000 - 0x00007ffc5a9fa000 	C:\WINDOWS\System32\msvcp_win.dll
0x00007ffc5b0f0000 - 0x00007ffc5b121000 	C:\WINDOWS\System32\IMM32.DLL
0x00007ffc551d0000 - 0x00007ffc551dc000 	C:\Program Files\Android\Android Studio\jbr\bin\vcruntime140_1.dll
0x00007ffc18850000 - 0x00007ffc188dd000 	C:\Program Files\Android\Android Studio\jbr\bin\msvcp140.dll
0x00007ffbe1680000 - 0x00007ffbe22ed000 	C:\Program Files\Android\Android Studio\jbr\bin\server\jvm.dll
0x00007ffc5cbe0000 - 0x00007ffc5cc8e000 	C:\WINDOWS\System32\ADVAPI32.dll
0x00007ffc5b130000 - 0x00007ffc5b1d4000 	C:\WINDOWS\System32\sechost.dll
0x00007ffc5c310000 - 0x00007ffc5c427000 	C:\WINDOWS\System32\RPCRT4.dll
0x00007ffc4f970000 - 0x00007ffc4f979000 	C:\WINDOWS\SYSTEM32\WSOCK32.dll
0x00007ffc48690000 - 0x00007ffc486c4000 	C:\WINDOWS\SYSTEM32\WINMM.dll
0x00007ffc51e70000 - 0x00007ffc51e7a000 	C:\WINDOWS\SYSTEM32\VERSION.dll
0x00007ffc5b070000 - 0x00007ffc5b0e1000 	C:\WINDOWS\System32\WS2_32.dll
0x00007ffc591b0000 - 0x00007ffc591c8000 	C:\WINDOWS\SYSTEM32\kernel.appcore.dll
0x00007ffc4a270000 - 0x00007ffc4a27a000 	C:\Program Files\Android\Android Studio\jbr\bin\jimage.dll
0x00007ffc57b90000 - 0x00007ffc57dbe000 	C:\WINDOWS\SYSTEM32\DBGHELP.DLL
0x00007ffc5b5c0000 - 0x00007ffc5b949000 	C:\WINDOWS\System32\combase.dll
0x00007ffc5af90000 - 0x00007ffc5b067000 	C:\WINDOWS\System32\OLEAUT32.dll
0x00007ffc42180000 - 0x00007ffc421b2000 	C:\WINDOWS\SYSTEM32\dbgcore.DLL
0x00007ffc5a650000 - 0x00007ffc5a6ca000 	C:\WINDOWS\System32\bcryptPrimitives.dll
0x00007ffc48ab0000 - 0x00007ffc48ad5000 	C:\Program Files\Android\Android Studio\jbr\bin\java.dll
0x00007ffc48dc0000 - 0x00007ffc48dd8000 	C:\Program Files\Android\Android Studio\jbr\bin\zip.dll
0x00007ffc5b950000 - 0x00007ffc5c149000 	C:\WINDOWS\System32\SHELL32.dll
0x00007ffc58150000 - 0x00007ffc58a1e000 	C:\WINDOWS\SYSTEM32\windows.storage.dll
0x00007ffc58010000 - 0x00007ffc5814e000 	C:\WINDOWS\SYSTEM32\wintypes.dll
0x00007ffc5ae90000 - 0x00007ffc5af81000 	C:\WINDOWS\System32\SHCORE.dll
0x00007ffc5cc90000 - 0x00007ffc5ccee000 	C:\WINDOWS\System32\shlwapi.dll
0x00007ffc5a0e0000 - 0x00007ffc5a106000 	C:\WINDOWS\SYSTEM32\profapi.dll
0x00007ffc46870000 - 0x00007ffc46889000 	C:\Program Files\Android\Android Studio\jbr\bin\net.dll
0x00007ffc51a00000 - 0x00007ffc51b37000 	C:\WINDOWS\SYSTEM32\WINHTTP.dll
0x00007ffc59630000 - 0x00007ffc59699000 	C:\WINDOWS\system32\mswsock.dll
0x00007ffc46850000 - 0x00007ffc46866000 	C:\Program Files\Android\Android Studio\jbr\bin\nio.dll
0x00007ffc467b0000 - 0x00007ffc467c0000 	C:\Program Files\Android\Android Studio\jbr\bin\verify.dll
0x00007ffc42520000 - 0x00007ffc42547000 	C:\Users\Richard\.gradle\native\68d5fa5c4cc2d200863cafc0d521ce42e7d3e7ee720ec0a83991735586a16f82\windows-amd64\native-platform.dll
0x00007ffc10b80000 - 0x00007ffc10cc4000 	C:\Users\Richard\.gradle\native\e376f236ea51e6404a007f0833ffe2c6e607c4080706a723a18a27aeea778392\windows-amd64\native-platform-file-events.dll
0x00007ffc49db0000 - 0x00007ffc49db9000 	C:\Program Files\Android\Android Studio\jbr\bin\management.dll
0x00007ffc49c50000 - 0x00007ffc49c5b000 	C:\Program Files\Android\Android Studio\jbr\bin\management_ext.dll
0x00007ffc5ae80000 - 0x00007ffc5ae88000 	C:\WINDOWS\System32\PSAPI.DLL
0x00007ffc598d0000 - 0x00007ffc598eb000 	C:\WINDOWS\SYSTEM32\CRYPTSP.dll
0x00007ffc59120000 - 0x00007ffc59155000 	C:\WINDOWS\system32\rsaenh.dll
0x00007ffc596f0000 - 0x00007ffc5971c000 	C:\WINDOWS\SYSTEM32\USERENV.dll
0x00007ffc59b60000 - 0x00007ffc59b88000 	C:\WINDOWS\SYSTEM32\bcrypt.dll
0x00007ffc598f0000 - 0x00007ffc598fc000 	C:\WINDOWS\SYSTEM32\CRYPTBASE.dll
0x00007ffc58cc0000 - 0x00007ffc58ced000 	C:\WINDOWS\SYSTEM32\IPHLPAPI.DLL
0x00007ffc5b5b0000 - 0x00007ffc5b5b9000 	C:\WINDOWS\System32\NSI.dll
0x00007ffc51d30000 - 0x00007ffc51d49000 	C:\WINDOWS\SYSTEM32\dhcpcsvc6.DLL
0x00007ffc51530000 - 0x00007ffc5154f000 	C:\WINDOWS\SYSTEM32\dhcpcsvc.DLL
0x00007ffc58cf0000 - 0x00007ffc58de3000 	C:\WINDOWS\SYSTEM32\DNSAPI.dll
0x00007ffc30930000 - 0x00007ffc30938000 	C:\WINDOWS\system32\wshunix.dll

dbghelp: loaded successfully - version: 4.0.5 - missing functions: none
symbol engine: initialized successfully - sym options: 0x614 - pdb path: .;C:\Program Files\Android\Android Studio\jbr\bin;C:\WINDOWS\SYSTEM32;C:\WINDOWS\WinSxS\amd64_microsoft.windows.common-controls_6595b64144ccf1df_6.0.22621.1635_none_270f70857386168e;C:\Program Files\Android\Android Studio\jbr\bin\server;C:\Users\Richard\.gradle\native\68d5fa5c4cc2d200863cafc0d521ce42e7d3e7ee720ec0a83991735586a16f82\windows-amd64;C:\Users\Richard\.gradle\native\e376f236ea51e6404a007f0833ffe2c6e607c4080706a723a18a27aeea778392\windows-amd64

VM Arguments:
jvm_args: --add-opens=java.base/java.util=ALL-UNNAMED --add-opens=java.base/java.lang=ALL-UNNAMED --add-opens=java.base/java.lang.invoke=ALL-UNNAMED --add-opens=java.prefs/java.util.prefs=ALL-UNNAMED --add-opens=java.base/java.nio.charset=ALL-UNNAMED --add-opens=java.base/java.net=ALL-UNNAMED --add-opens=java.base/java.util.concurrent.atomic=ALL-UNNAMED -Xmx2048m -Dfile.encoding=UTF-8 -Duser.country=ID -Duser.language=en -Duser.variant 
java_command: org.gradle.launcher.daemon.bootstrap.GradleDaemon 8.0
java_class_path (initial): C:\Users\Richard\.gradle\wrapper\dists\gradle-8.0-bin\ca5e32bp14vu59qr306oxotwh\gradle-8.0\lib\gradle-launcher-8.0.jar
Launcher Type: SUN_STANDARD

[Global flags]
     intx CICompilerCount                          = 4                                         {product} {ergonomic}
     uint ConcGCThreads                            = 3                                         {product} {ergonomic}
     uint G1ConcRefinementThreads                  = 10                                        {product} {ergonomic}
   size_t G1HeapRegionSize                         = 1048576                                   {product} {ergonomic}
    uintx GCDrainStackTargetSize                   = 64                                        {product} {ergonomic}
   size_t InitialHeapSize                          = 132120576                                 {product} {ergonomic}
   size_t MarkStackSize                            = 4194304                                   {product} {ergonomic}
   size_t MaxHeapSize                              = 2147483648                                {product} {command line}
   size_t MaxNewSize                               = 1287651328                                {product} {ergonomic}
   size_t MinHeapDeltaBytes                        = 1048576                                   {product} {ergonomic}
   size_t MinHeapSize                              = 8388608                                   {product} {ergonomic}
    uintx NonNMethodCodeHeapSize                   = 5839372                                {pd product} {ergonomic}
    uintx NonProfiledCodeHeapSize                  = 122909434                              {pd product} {ergonomic}
    uintx ProfiledCodeHeapSize                     = 122909434                              {pd product} {ergonomic}
    uintx ReservedCodeCacheSize                    = 251658240                              {pd product} {ergonomic}
     bool SegmentedCodeCache                       = true                                      {product} {ergonomic}
   size_t SoftMaxHeapSize                          = 2147483648                             {manageable} {ergonomic}
     bool UseCompressedClassPointers               = true                           {product lp64_product} {ergonomic}
     bool UseCompressedOops                        = true                           {product lp64_product} {ergonomic}
     bool UseG1GC                                  = true                                      {product} {ergonomic}
     bool UseLargePagesIndividualAllocation        = false                                  {pd product} {ergonomic}

Logging:
Log output configuration:
 #0: stdout all=warning uptime,level,tags
 #1: stderr all=off uptime,level,tags

Environment Variables:
PATH=C:\Python311\Scripts\;C:\Python311\;C:\Program Files\Common Files\Oracle\Java\javapath;C:\Program Files (x86)\Common Files\Oracle\Java\javapath;C:\ProgramData\Oracle\Java\javapath;C:\Windows\system32;C:\Windows;C:\Windows\System32\Wbem;C:\Windows\System32\WindowsPowerShell\v1.0\;C:\Windows\System32\OpenSSH\;C:\Program Files (x86)\NVIDIA Corporation\PhysX\Common;C:\Program Files\NVIDIA Corporation\NVIDIA NvDLISR;C:\WINDOWS\system32;C:\WINDOWS;C:\WINDOWS\System32\Wbem;C:\WINDOWS\System32\WindowsPowerShell\v1.0\;C:\WINDOWS\System32\OpenSSH\;C:\Program Files (x86)\dotnet\;C:\Program Files\Git\cmd;C:\MinGW\bin;C:\Users\Richard\AppData\Roaming\Composer\vendor\bin;C:\ProgramData\chocolatey\bin;C:\Program Files\nodejs\;C:\Program Files\MySQL\MySQL Shell 8.0\bin\;C:\Users\Richard\AppData\Local\Microsoft\WindowsApps;;C:\Users\Richard\AppData\Local\Programs\Microsoft VS Code\bin;C:\Users\Richard\Documents\xampp\php;C:\Users\Richard\AppData\Local\ComposerSetup\bin;C:\Users\Richard\AppData\Roaming\Composer\vendor\bin;C:\Users\Richard\AppData\Roaming\npm
USERNAME=Richard
OS=Windows_NT
PROCESSOR_IDENTIFIER=Intel64 Family 6 Model 158 Stepping 13, GenuineIntel
TMP=C:\Users\Richard\AppData\Local\Temp
TEMP=C:\Users\Richard\AppData\Local\Temp



---------------  S Y S T E M  ---------------

OS:
 Windows 11 , 64 bit Build 22621 (10.0.22621.1928)
OS uptime: 2 days 11:14 hours
Hyper-V role detected

CPU: total 12 (initial active 12) (6 cores per cpu, 2 threads per core) family 6 model 158 stepping 13 microcode 0xde, cx8, cmov, fxsr, ht, mmx, 3dnowpref, sse, sse2, sse3, ssse3, sse4.1, sse4.2, popcnt, lzcnt, tsc, tscinvbit, avx, avx2, aes, erms, clmul, bmi1, bmi2, adx, fma, vzeroupper, clflush, clflushopt, hv

Memory: 4k page, system-wide physical 8043M (395M free)
TotalPageFile size 16235M (AvailPageFile size 3M)
current process WorkingSet (physical memory assigned to process): 251M, peak: 251M
current process commit charge ("private bytes"): 293M, peak: 293M

vm_info: OpenJDK 64-Bit Server VM (17.0.6+0-b2043.56-9586694) for windows-amd64 JRE (17.0.6+0-b2043.56-9586694), built on Feb  9 2023 20:06:20 by "androidbuild" with MS VC++ 16.10 / 16.11 (VS2019)

END.
