#
# There is insufficient memory for the Java Runtime Environment to continue.
# Native memory allocation (malloc) failed to allocate 1283936 bytes for Chunk::new
# Possible reasons:
#   The system is out of physical RAM or swap space
#   The process is running with CompressedOops enabled, and the Java Heap may be blocking the growth of the native heap
# Possible solutions:
#   Reduce memory load on the system
#   Increase physical memory or swap space
#   Check if swap backing store is full
#   Decrease Java heap size (-Xmx/-Xms)
#   Decrease number of Java threads
#   Decrease Java thread stack sizes (-Xss)
#   Set larger code cache with -XX:ReservedCodeCacheSize=
#   JVM is running with Unscaled Compressed Oops mode in which the Java heap is
#     placed in the first 4GB address space. The Java Heap base address is the
#     maximum limit for the native heap growth. Please use -XX:HeapBaseMinAddress
#     to set the Java Heap base and to place the Java Heap above 4GB virtual address.
# This output file may be truncated or incomplete.
#
#  Out of Memory Error (arena.cpp:189), pid=10268, tid=26028
#
# JRE version: OpenJDK Runtime Environment (17.0.6) (build 17.0.6+0-b2043.56-9586694)
# Java VM: OpenJDK 64-Bit Server VM (17.0.6+0-b2043.56-9586694, mixed mode, tiered, compressed oops, compressed class ptrs, g1 gc, windows-amd64)
# No core dump will be written. Minidumps are not enabled by default on client versions of Windows
#

---------------  S U M M A R Y ------------

Command Line: --add-opens=java.base/java.util=ALL-UNNAMED --add-opens=java.base/java.lang=ALL-UNNAMED --add-opens=java.base/java.lang.invoke=ALL-UNNAMED --add-opens=java.prefs/java.util.prefs=ALL-UNNAMED --add-opens=java.base/java.nio.charset=ALL-UNNAMED --add-opens=java.base/java.net=ALL-UNNAMED --add-opens=java.base/java.util.concurrent.atomic=ALL-UNNAMED -Xmx2048m -Dfile.encoding=UTF-8 -Duser.country=ID -Duser.language=en -Duser.variant org.gradle.launcher.daemon.bootstrap.GradleDaemon 8.0

Host: Intel(R) Core(TM) i7-9750H CPU @ 2.60GHz, 12 cores, 7G,  Windows 11 , 64 bit Build 22621 (10.0.22621.1928)
Time: Mon Jul 10 13:24:03 2023 SE Asia Standard Time elapsed time: 3.688884 seconds (0d 0h 0m 3s)

---------------  T H R E A D  ---------------

Current thread (0x000001cfdfc62f70):  JavaThread "C2 CompilerThread0" daemon [_thread_in_native, id=26028, stack(0x000000a61be00000,0x000000a61bf00000)]


Current CompileTask:
C2:   3688 4185       4       jdk.internal.loader.BuiltinClassLoader::loadClass (22 bytes)

Stack: [0x000000a61be00000,0x000000a61bf00000]
Native frames: (J=compiled Java code, j=interpreted, Vv=VM code, C=native code)
V  [jvm.dll+0x683b4a]
V  [jvm.dll+0x842654]
V  [jvm.dll+0x843dfe]
V  [jvm.dll+0x844463]
V  [jvm.dll+0x249b75]
V  [jvm.dll+0xabcac]
V  [jvm.dll+0xac27c]
V  [jvm.dll+0x368857]
V  [jvm.dll+0x1bced2]
V  [jvm.dll+0x21c359]
V  [jvm.dll+0x21b621]
V  [jvm.dll+0x1a4fdd]
V  [jvm.dll+0x22b098]
V  [jvm.dll+0x229159]
V  [jvm.dll+0x7f809c]
V  [jvm.dll+0x7f25fa]
V  [jvm.dll+0x682985]
C  [ucrtbase.dll+0x29363]
C  [KERNEL32.DLL+0x126ad]
C  [ntdll.dll+0x5aa68]


---------------  P R O C E S S  ---------------

Threads class SMR info:
_java_thread_list=0x000001cfe56405a0, length=40, elements={
0x000001cfc2dcd7c0, 0x000001cfdf1a9420, 0x000001cfdf1a9fd0, 0x000001cfdfc50420,
0x000001cfdfc50ee0, 0x000001cfdfc578c0, 0x000001cfdfc58270, 0x000001cfdfc62f70,
0x000001cfdfc66e60, 0x000001cfdfc67850, 0x000001cfdfdf3010, 0x000001cfdfe05010,
0x000001cfdfffeac0, 0x000001cfe16258b0, 0x000001cfe28fc240, 0x000001cfe38c3600,
0x000001cfe3621bc0, 0x000001cfe3662ae0, 0x000001cfe16cc740, 0x000001cfe0d168b0,
0x000001cfe2a79a80, 0x000001cfe2a78740, 0x000001cfe2a7bc30, 0x000001cfe2a79f50,
0x000001cfe2a78270, 0x000001cfe2a790e0, 0x000001cfe2a795b0, 0x000001cfe2a78c10,
0x000001cfe2a7b760, 0x000001cfe2a7a420, 0x000001cfe2a7b290, 0x000001cfe2a7a8f0,
0x000001cfe2a7adc0, 0x000001cfe4eef510, 0x000001cfe4ef33a0, 0x000001cfe4ef16c0,
0x000001cfe4ef2530, 0x000001cfe4ef11f0, 0x000001cfe4ef5080, 0x000001cfe4ef3870
}

Java Threads: ( => current thread )
  0x000001cfc2dcd7c0 JavaThread "main" [_thread_blocked, id=18608, stack(0x000000a61b100000,0x000000a61b200000)]
  0x000001cfdf1a9420 JavaThread "Reference Handler" daemon [_thread_blocked, id=20376, stack(0x000000a61b800000,0x000000a61b900000)]
  0x000001cfdf1a9fd0 JavaThread "Finalizer" daemon [_thread_blocked, id=25544, stack(0x000000a61b900000,0x000000a61ba00000)]
  0x000001cfdfc50420 JavaThread "Signal Dispatcher" daemon [_thread_blocked, id=15584, stack(0x000000a61ba00000,0x000000a61bb00000)]
  0x000001cfdfc50ee0 JavaThread "Attach Listener" daemon [_thread_blocked, id=4100, stack(0x000000a61bb00000,0x000000a61bc00000)]
  0x000001cfdfc578c0 JavaThread "Service Thread" daemon [_thread_blocked, id=23044, stack(0x000000a61bc00000,0x000000a61bd00000)]
  0x000001cfdfc58270 JavaThread "Monitor Deflation Thread" daemon [_thread_blocked, id=28224, stack(0x000000a61bd00000,0x000000a61be00000)]
=>0x000001cfdfc62f70 JavaThread "C2 CompilerThread0" daemon [_thread_in_native, id=26028, stack(0x000000a61be00000,0x000000a61bf00000)]
  0x000001cfdfc66e60 JavaThread "C1 CompilerThread0" daemon [_thread_blocked, id=22916, stack(0x000000a61bf00000,0x000000a61c000000)]
  0x000001cfdfc67850 JavaThread "Sweeper thread" daemon [_thread_blocked, id=10156, stack(0x000000a61c000000,0x000000a61c100000)]
  0x000001cfdfdf3010 JavaThread "Common-Cleaner" daemon [_thread_blocked, id=14680, stack(0x000000a61c100000,0x000000a61c200000)]
  0x000001cfdfe05010 JavaThread "Notification Thread" daemon [_thread_blocked, id=17228, stack(0x000000a61c200000,0x000000a61c300000)]
  0x000001cfdfffeac0 JavaThread "C2 CompilerThread1" daemon [_thread_in_native, id=22576, stack(0x000000a61c400000,0x000000a61c500000)]
  0x000001cfe16258b0 JavaThread "Daemon health stats" [_thread_blocked, id=23916, stack(0x000000a61c900000,0x000000a61ca00000)]
  0x000001cfe28fc240 JavaThread "Incoming local TCP Connector on port 64977" [_thread_in_native, id=12956, stack(0x000000a61ca00000,0x000000a61cb00000)]
  0x000001cfe38c3600 JavaThread "Daemon periodic checks" [_thread_blocked, id=8536, stack(0x000000a61cb00000,0x000000a61cc00000)]
  0x000001cfe3621bc0 JavaThread "Daemon" [_thread_blocked, id=21116, stack(0x000000a61cc00000,0x000000a61cd00000)]
  0x000001cfe3662ae0 JavaThread "Handler for socket connection from /127.0.0.1:64977 to /127.0.0.1:64978" [_thread_in_native, id=20560, stack(0x000000a61cd00000,0x000000a61ce00000)]
  0x000001cfe16cc740 JavaThread "Cancel handler" [_thread_blocked, id=14012, stack(0x000000a61ce00000,0x000000a61cf00000)]
  0x000001cfe0d168b0 JavaThread "Daemon worker" [_thread_in_vm, id=16768, stack(0x000000a61cf00000,0x000000a61d000000)]
  0x000001cfe2a79a80 JavaThread "Asynchronous log dispatcher for DefaultDaemonConnection: socket connection from /127.0.0.1:64977 to /127.0.0.1:64978" [_thread_blocked, id=9328, stack(0x000000a61d000000,0x000000a61d100000)]
  0x000001cfe2a78740 JavaThread "Stdin handler" [_thread_blocked, id=15548, stack(0x000000a61d100000,0x000000a61d200000)]
  0x000001cfe2a7bc30 JavaThread "Daemon client event forwarder" [_thread_blocked, id=19072, stack(0x000000a61d200000,0x000000a61d300000)]
  0x000001cfe2a79f50 JavaThread "Cache worker for journal cache (C:\Users\Richard\.gradle\caches\journal-1)" [_thread_blocked, id=1824, stack(0x000000a61da00000,0x000000a61db00000)]
  0x000001cfe2a78270 JavaThread "File lock request listener" [_thread_in_native, id=15664, stack(0x000000a61db00000,0x000000a61dc00000)]
  0x000001cfe2a790e0 JavaThread "Cache worker for file hash cache (C:\Users\Richard\.gradle\caches\8.0\fileHashes)" [_thread_blocked, id=15116, stack(0x000000a61dc00000,0x000000a61dd00000)]
  0x000001cfe2a795b0 JavaThread "File watcher server" daemon [_thread_in_native, id=27296, stack(0x000000a61dd00000,0x000000a61de00000)]
  0x000001cfe2a78c10 JavaThread "File watcher consumer" daemon [_thread_blocked, id=17964, stack(0x000000a61de00000,0x000000a61df00000)]
  0x000001cfe2a7b760 JavaThread "Cache worker for checksums cache (C:\LAB MP\UASNo2New\.gradle\8.0\checksums)" [_thread_blocked, id=6768, stack(0x000000a61df00000,0x000000a61e000000)]
  0x000001cfe2a7a420 JavaThread "Cache worker for cache directory md-rule (C:\Users\Richard\.gradle\caches\8.0\md-rule)" [_thread_blocked, id=24224, stack(0x000000a61e000000,0x000000a61e100000)]
  0x000001cfe2a7b290 JavaThread "Cache worker for file content cache (C:\Users\Richard\.gradle\caches\8.0\fileContent)" [_thread_blocked, id=14524, stack(0x000000a61e100000,0x000000a61e200000)]
  0x000001cfe2a7a8f0 JavaThread "Cache worker for file hash cache (C:\LAB MP\UASNo2New\.gradle\8.0\fileHashes)" [_thread_blocked, id=1552, stack(0x000000a61e200000,0x000000a61e300000)]
  0x000001cfe2a7adc0 JavaThread "Cache worker for cache directory md-supplier (C:\Users\Richard\.gradle\caches\8.0\md-supplier)" [_thread_blocked, id=12264, stack(0x000000a61e300000,0x000000a61e400000)]
  0x000001cfe4eef510 JavaThread "Cache worker for execution history cache (C:\Users\Richard\.gradle\caches\8.0\executionHistory)" [_thread_blocked, id=22796, stack(0x000000a61e400000,0x000000a61e500000)]
  0x000001cfe4ef33a0 JavaThread "jar transforms" [_thread_blocked, id=3680, stack(0x000000a61e500000,0x000000a61e600000)]
  0x000001cfe4ef16c0 JavaThread "jar transforms Thread 2" [_thread_blocked, id=17564, stack(0x000000a61e600000,0x000000a61e700000)]
  0x000001cfe4ef2530 JavaThread "jar transforms Thread 3" [_thread_blocked, id=13144, stack(0x000000a61e700000,0x000000a61e800000)]
  0x000001cfe4ef11f0 JavaThread "jar transforms Thread 4" [_thread_blocked, id=20700, stack(0x000000a61e800000,0x000000a61e900000)]
  0x000001cfe4ef5080 JavaThread "Cache worker for dependencies-accessors (C:\LAB MP\UASNo2New\.gradle\8.0\dependencies-accessors)" [_thread_blocked, id=20932, stack(0x000000a61e900000,0x000000a61ea00000)]
  0x000001cfe4ef3870 JavaThread "jar transforms Thread 5" [_thread_blocked, id=19752, stack(0x000000a61ea00000,0x000000a61eb00000)]

Other Threads:
  0x000001cfdfc1edd0 VMThread "VM Thread" [stack: 0x000000a61b700000,0x000000a61b800000] [id=21052]
  0x000001cfc4fb1ad0 WatcherThread [stack: 0x000000a61c300000,0x000000a61c400000] [id=28496]
  0x000001cfc4f58d50 GCTaskThread "GC Thread#0" [stack: 0x000000a61b200000,0x000000a61b300000] [id=21660]
  0x000001cfe095b1d0 GCTaskThread "GC Thread#1" [stack: 0x000000a61c500000,0x000000a61c600000] [id=17704]
  0x000001cfe095b480 GCTaskThread "GC Thread#2" [stack: 0x000000a61c600000,0x000000a61c700000] [id=6572]
  0x000001cfe0d66f60 GCTaskThread "GC Thread#3" [stack: 0x000000a61c700000,0x000000a61c800000] [id=24716]
  0x000001cfe09a6a60 GCTaskThread "GC Thread#4" [stack: 0x000000a61c800000,0x000000a61c900000] [id=7704]
  0x000001cfe2541660 GCTaskThread "GC Thread#5" [stack: 0x000000a61d300000,0x000000a61d400000] [id=13932]
  0x000001cfe341bda0 GCTaskThread "GC Thread#6" [stack: 0x000000a61d400000,0x000000a61d500000] [id=10284]
  0x000001cfe34b4f20 GCTaskThread "GC Thread#7" [stack: 0x000000a61d500000,0x000000a61d600000] [id=20344]
  0x000001cfe3520aa0 GCTaskThread "GC Thread#8" [stack: 0x000000a61d600000,0x000000a61d700000] [id=26280]
  0x000001cfe0e9e890 GCTaskThread "GC Thread#9" [stack: 0x000000a61d700000,0x000000a61d800000] [id=15896]
  0x000001cfc4fa7410 ConcurrentGCThread "G1 Main Marker" [stack: 0x000000a61b300000,0x000000a61b400000] [id=21248]
  0x000001cfc4fa9e30 ConcurrentGCThread "G1 Conc#0" [stack: 0x000000a61b400000,0x000000a61b500000] [id=16616]
  0x000001cfe2a7ee60 ConcurrentGCThread "G1 Conc#1" [stack: 0x000000a61d800000,0x000000a61d900000] [id=12524]
  0x000001cfe2140f60 ConcurrentGCThread "G1 Conc#2" [stack: 0x000000a61d900000,0x000000a61da00000] [id=28304]
  0x000001cfdf009de0 ConcurrentGCThread "G1 Refine#0" [stack: 0x000000a61b500000,0x000000a61b600000] [id=21244]
  0x000001cfdf00a610 ConcurrentGCThread "G1 Service" [stack: 0x000000a61b600000,0x000000a61b700000] [id=25264]

Threads with active compile tasks:
C2 CompilerThread0     3700 4185       4       jdk.internal.loader.BuiltinClassLoader::loadClass (22 bytes)
C2 CompilerThread1     3700 4144       4       org.objectweb.asm.Frame::execute (2318 bytes)

VM state: not at safepoint (normal execution)

VM Mutex/Monitor currently owned by a thread: None

Heap address: 0x0000000080000000, size: 2048 MB, Compressed Oops mode: 32-bit

CDS archive(s) not mapped
Compressed class space mapped at: 0x0000000100000000-0x0000000140000000, reserved size: 1073741824
Narrow klass base: 0x0000000000000000, Narrow klass shift: 3, Narrow klass range: 0x140000000

GC Precious Log:
 CPUs: 12 total, 12 available
 Memory: 8043M
 Large Page Support: Disabled
 NUMA Support: Disabled
 Compressed Oops: Enabled (32-bit)
 Heap Region Size: 1M
 Heap Min Capacity: 8M
 Heap Initial Capacity: 126M
 Heap Max Capacity: 2G
 Pre-touch: Disabled
 Parallel Workers: 10
 Concurrent Workers: 3
 Concurrent Refinement Workers: 10
 Periodic GC: Disabled

Heap:
 garbage-first heap   total 82944K, used 51243K [0x0000000080000000, 0x0000000100000000)
  region size 1024K, 21 young (21504K), 3 survivors (3072K)
 Metaspace       used 49814K, committed 50240K, reserved 1097728K
  class space    used 6591K, committed 6784K, reserved 1048576K

Heap Regions: E=young(eden), S=young(survivor), O=old, HS=humongous(starts), HC=humongous(continues), CS=collection set, F=free, OA=open archive, CA=closed archive, TAMS=top-at-mark-start (previous, next)
|   0|0x0000000080000000, 0x0000000080100000, 0x0000000080100000|100%|HS|  |TAMS 0x0000000080100000, 0x0000000080000000| Complete 
|   1|0x0000000080100000, 0x0000000080200000, 0x0000000080200000|100%|HC|  |TAMS 0x0000000080200000, 0x0000000080100000| Complete 
|   2|0x0000000080200000, 0x0000000080300000, 0x0000000080300000|100%|HC|  |TAMS 0x0000000080300000, 0x0000000080200000| Complete 
|   3|0x0000000080300000, 0x0000000080400000, 0x0000000080400000|100%|HC|  |TAMS 0x0000000080400000, 0x0000000080300000| Complete 
|   4|0x0000000080400000, 0x0000000080500000, 0x0000000080500000|100%| O|  |TAMS 0x0000000080500000, 0x0000000080400000| Untracked 
|   5|0x0000000080500000, 0x0000000080600000, 0x0000000080600000|100%| O|  |TAMS 0x0000000080600000, 0x0000000080500000| Untracked 
|   6|0x0000000080600000, 0x0000000080700000, 0x0000000080700000|100%| O|  |TAMS 0x0000000080700000, 0x0000000080600000| Untracked 
|   7|0x0000000080700000, 0x0000000080800000, 0x0000000080800000|100%| O|  |TAMS 0x0000000080800000, 0x0000000080700000| Untracked 
|   8|0x0000000080800000, 0x0000000080900000, 0x0000000080900000|100%| O|  |TAMS 0x0000000080900000, 0x0000000080800000| Untracked 
|   9|0x0000000080900000, 0x0000000080a00000, 0x0000000080a00000|100%| O|  |TAMS 0x0000000080a00000, 0x0000000080900000| Untracked 
|  10|0x0000000080a00000, 0x0000000080b00000, 0x0000000080b00000|100%| O|  |TAMS 0x0000000080b00000, 0x0000000080a00000| Untracked 
|  11|0x0000000080b00000, 0x0000000080b92c00, 0x0000000080c00000| 57%| O|  |TAMS 0x0000000080b92c00, 0x0000000080b00000| Untracked 
|  12|0x0000000080c00000, 0x0000000080d00000, 0x0000000080d00000|100%| O|  |TAMS 0x0000000080d00000, 0x0000000080c00000| Untracked 
|  13|0x0000000080d00000, 0x0000000080e00000, 0x0000000080e00000|100%| O|  |TAMS 0x0000000080e00000, 0x0000000080d00000| Untracked 
|  14|0x0000000080e00000, 0x0000000080f00000, 0x0000000080f00000|100%| O|  |TAMS 0x0000000080f00000, 0x0000000080e00000| Untracked 
|  15|0x0000000080f00000, 0x0000000081000000, 0x0000000081000000|100%| O|  |TAMS 0x0000000081000000, 0x0000000080f00000| Untracked 
|  16|0x0000000081000000, 0x0000000081100000, 0x0000000081100000|100%| O|  |TAMS 0x0000000081100000, 0x0000000081000000| Untracked 
|  17|0x0000000081100000, 0x0000000081200000, 0x0000000081200000|100%| O|  |TAMS 0x0000000081200000, 0x0000000081100000| Untracked 
|  18|0x0000000081200000, 0x0000000081300000, 0x0000000081300000|100%| O|  |TAMS 0x0000000081300000, 0x0000000081200000| Untracked 
|  19|0x0000000081300000, 0x0000000081400000, 0x0000000081400000|100%| O|  |TAMS 0x0000000081400000, 0x0000000081300000| Untracked 
|  20|0x0000000081400000, 0x0000000081500000, 0x0000000081500000|100%| O|  |TAMS 0x0000000081493e00, 0x0000000081400000| Untracked 
|  21|0x0000000081500000, 0x0000000081600000, 0x0000000081600000|100%| O|  |TAMS 0x0000000081500000, 0x0000000081500000| Untracked 
|  22|0x0000000081600000, 0x0000000081700000, 0x0000000081700000|100%| O|  |TAMS 0x0000000081600000, 0x0000000081600000| Untracked 
|  23|0x0000000081700000, 0x0000000081800000, 0x0000000081800000|100%| O|  |TAMS 0x0000000081700000, 0x0000000081700000| Untracked 
|  24|0x0000000081800000, 0x0000000081900000, 0x0000000081900000|100%| O|  |TAMS 0x0000000081800000, 0x0000000081800000| Untracked 
|  25|0x0000000081900000, 0x0000000081900000, 0x0000000081a00000|  0%| F|  |TAMS 0x0000000081900000, 0x0000000081900000| Untracked 
|  26|0x0000000081a00000, 0x0000000081b00000, 0x0000000081b00000|100%| O|  |TAMS 0x0000000081a00000, 0x0000000081a00000| Untracked 
|  27|0x0000000081b00000, 0x0000000081c00000, 0x0000000081c00000|100%| O|  |TAMS 0x0000000081b00000, 0x0000000081b00000| Untracked 
|  28|0x0000000081c00000, 0x0000000081d00000, 0x0000000081d00000|100%| O|  |TAMS 0x0000000081c00000, 0x0000000081c00000| Untracked 
|  29|0x0000000081d00000, 0x0000000081e00000, 0x0000000081e00000|100%| O|  |TAMS 0x0000000081d00000, 0x0000000081d00000| Untracked 
|  30|0x0000000081e00000, 0x0000000081f00000, 0x0000000081f00000|100%| O|  |TAMS 0x0000000081e00000, 0x0000000081e00000| Untracked 
|  31|0x0000000081f00000, 0x0000000081fd8600, 0x0000000082000000| 84%| O|  |TAMS 0x0000000081f00000, 0x0000000081f00000| Untracked 
|  32|0x0000000082000000, 0x0000000082000000, 0x0000000082100000|  0%| F|  |TAMS 0x0000000082000000, 0x0000000082000000| Untracked 
|  33|0x0000000082100000, 0x0000000082100000, 0x0000000082200000|  0%| F|  |TAMS 0x0000000082100000, 0x0000000082100000| Untracked 
|  34|0x0000000082200000, 0x0000000082200000, 0x0000000082300000|  0%| F|  |TAMS 0x0000000082200000, 0x0000000082200000| Untracked 
|  35|0x0000000082300000, 0x0000000082300000, 0x0000000082400000|  0%| F|  |TAMS 0x0000000082300000, 0x0000000082300000| Untracked 
|  36|0x0000000082400000, 0x0000000082400000, 0x0000000082500000|  0%| F|  |TAMS 0x0000000082400000, 0x0000000082400000| Untracked 
|  37|0x0000000082500000, 0x0000000082500000, 0x0000000082600000|  0%| F|  |TAMS 0x0000000082500000, 0x0000000082500000| Untracked 
|  38|0x0000000082600000, 0x0000000082600000, 0x0000000082700000|  0%| F|  |TAMS 0x0000000082600000, 0x0000000082600000| Untracked 
|  39|0x0000000082700000, 0x0000000082700000, 0x0000000082800000|  0%| F|  |TAMS 0x0000000082700000, 0x0000000082700000| Untracked 
|  40|0x0000000082800000, 0x0000000082800000, 0x0000000082900000|  0%| F|  |TAMS 0x0000000082800000, 0x0000000082800000| Untracked 
|  41|0x0000000082900000, 0x0000000082900000, 0x0000000082a00000|  0%| F|  |TAMS 0x0000000082900000, 0x0000000082900000| Untracked 
|  42|0x0000000082a00000, 0x0000000082a00000, 0x0000000082b00000|  0%| F|  |TAMS 0x0000000082a00000, 0x0000000082a00000| Untracked 
|  43|0x0000000082b00000, 0x0000000082b00000, 0x0000000082c00000|  0%| F|  |TAMS 0x0000000082b00000, 0x0000000082b00000| Untracked 
|  44|0x0000000082c00000, 0x0000000082c9fca0, 0x0000000082d00000| 62%| S|CS|TAMS 0x0000000082c00000, 0x0000000082c00000| Complete 
|  45|0x0000000082d00000, 0x0000000082d00000, 0x0000000082e00000|  0%| F|  |TAMS 0x0000000082d00000, 0x0000000082d00000| Untracked 
|  46|0x0000000082e00000, 0x0000000082e00000, 0x0000000082f00000|  0%| F|  |TAMS 0x0000000082e00000, 0x0000000082e00000| Untracked 
|  47|0x0000000082f00000, 0x0000000082f00000, 0x0000000083000000|  0%| F|  |TAMS 0x0000000082f00000, 0x0000000082f00000| Untracked 
|  48|0x0000000083000000, 0x0000000083000000, 0x0000000083100000|  0%| F|  |TAMS 0x0000000083000000, 0x0000000083000000| Untracked 
|  49|0x0000000083100000, 0x0000000083200000, 0x0000000083200000|100%| S|CS|TAMS 0x0000000083100000, 0x0000000083100000| Complete 
|  50|0x0000000083200000, 0x0000000083300000, 0x0000000083300000|100%| S|CS|TAMS 0x0000000083200000, 0x0000000083200000| Complete 
|  51|0x0000000083300000, 0x0000000083300000, 0x0000000083400000|  0%| F|  |TAMS 0x0000000083300000, 0x0000000083300000| Untracked 
|  52|0x0000000083400000, 0x0000000083400000, 0x0000000083500000|  0%| F|  |TAMS 0x0000000083400000, 0x0000000083400000| Untracked 
|  53|0x0000000083500000, 0x0000000083500000, 0x0000000083600000|  0%| F|  |TAMS 0x0000000083500000, 0x0000000083500000| Untracked 
|  54|0x0000000083600000, 0x0000000083600000, 0x0000000083700000|  0%| F|  |TAMS 0x0000000083600000, 0x0000000083600000| Untracked 
|  55|0x0000000083700000, 0x0000000083700000, 0x0000000083800000|  0%| F|  |TAMS 0x0000000083700000, 0x0000000083700000| Untracked 
|  56|0x0000000083800000, 0x0000000083800000, 0x0000000083900000|  0%| F|  |TAMS 0x0000000083800000, 0x0000000083800000| Untracked 
|  57|0x0000000083900000, 0x0000000083900000, 0x0000000083a00000|  0%| F|  |TAMS 0x0000000083900000, 0x0000000083900000| Untracked 
|  58|0x0000000083a00000, 0x0000000083a00000, 0x0000000083b00000|  0%| F|  |TAMS 0x0000000083a00000, 0x0000000083a00000| Untracked 
|  59|0x0000000083b00000, 0x0000000083b00000, 0x0000000083c00000|  0%| F|  |TAMS 0x0000000083b00000, 0x0000000083b00000| Untracked 
|  60|0x0000000083c00000, 0x0000000083c00000, 0x0000000083d00000|  0%| F|  |TAMS 0x0000000083c00000, 0x0000000083c00000| Untracked 
|  61|0x0000000083d00000, 0x0000000083d00000, 0x0000000083e00000|  0%| F|  |TAMS 0x0000000083d00000, 0x0000000083d00000| Untracked 
|  62|0x0000000083e00000, 0x0000000083e00000, 0x0000000083f00000|  0%| F|  |TAMS 0x0000000083e00000, 0x0000000083e00000| Untracked 
|  63|0x0000000083f00000, 0x0000000084000000, 0x0000000084000000|100%| E|  |TAMS 0x0000000083f00000, 0x0000000083f00000| Complete 
|  64|0x0000000084000000, 0x0000000084100000, 0x0000000084100000|100%| E|CS|TAMS 0x0000000084000000, 0x0000000084000000| Complete 
|  65|0x0000000084100000, 0x0000000084200000, 0x0000000084200000|100%| E|CS|TAMS 0x0000000084100000, 0x0000000084100000| Complete 
|  66|0x0000000084200000, 0x0000000084300000, 0x0000000084300000|100%| E|CS|TAMS 0x0000000084200000, 0x0000000084200000| Complete 
|  67|0x0000000084300000, 0x0000000084400000, 0x0000000084400000|100%| E|CS|TAMS 0x0000000084300000, 0x0000000084300000| Complete 
|  68|0x0000000084400000, 0x0000000084500000, 0x0000000084500000|100%| E|CS|TAMS 0x0000000084400000, 0x0000000084400000| Complete 
|  69|0x0000000084500000, 0x0000000084600000, 0x0000000084600000|100%| E|CS|TAMS 0x0000000084500000, 0x0000000084500000| Complete 
|  70|0x0000000084600000, 0x0000000084700000, 0x0000000084700000|100%| E|CS|TAMS 0x0000000084600000, 0x0000000084600000| Complete 
|  71|0x0000000084700000, 0x0000000084800000, 0x0000000084800000|100%| E|CS|TAMS 0x0000000084700000, 0x0000000084700000| Complete 
|  76|0x0000000084c00000, 0x0000000084d00000, 0x0000000084d00000|100%| E|CS|TAMS 0x0000000084c00000, 0x0000000084c00000| Complete 
|  77|0x0000000084d00000, 0x0000000084e00000, 0x0000000084e00000|100%| E|CS|TAMS 0x0000000084d00000, 0x0000000084d00000| Complete 
|  78|0x0000000084e00000, 0x0000000084f00000, 0x0000000084f00000|100%| E|CS|TAMS 0x0000000084e00000, 0x0000000084e00000| Complete 
|  79|0x0000000084f00000, 0x0000000085000000, 0x0000000085000000|100%| E|CS|TAMS 0x0000000084f00000, 0x0000000084f00000| Complete 
|  80|0x0000000085000000, 0x0000000085100000, 0x0000000085100000|100%| E|CS|TAMS 0x0000000085000000, 0x0000000085000000| Complete 
|  81|0x0000000085100000, 0x0000000085200000, 0x0000000085200000|100%| E|CS|TAMS 0x0000000085100000, 0x0000000085100000| Complete 
|  82|0x0000000085200000, 0x0000000085300000, 0x0000000085300000|100%| E|CS|TAMS 0x0000000085200000, 0x0000000085200000| Complete 
|  83|0x0000000085300000, 0x0000000085400000, 0x0000000085400000|100%| E|CS|TAMS 0x0000000085300000, 0x0000000085300000| Complete 
| 125|0x0000000087d00000, 0x0000000087e00000, 0x0000000087e00000|100%| E|CS|TAMS 0x0000000087d00000, 0x0000000087d00000| Complete 

Card table byte_map: [0x000001cfd7d10000,0x000001cfd8110000] _byte_map_base: 0x000001cfd7910000

Marking Bits (Prev, Next): (CMBitMap*) 0x000001cfc4f59360, (CMBitMap*) 0x000001cfc4f593a0
 Prev Bits: [0x000001cfd8510000, 0x000001cfda510000)
 Next Bits: [0x000001cfda510000, 0x000001cfdc510000)

Polling page: 0x000001cfc2eb0000

Metaspace:

Usage:
  Non-class:     42.21 MB used.
      Class:      6.44 MB used.
       Both:     48.65 MB used.

Virtual space:
  Non-class space:       48.00 MB reserved,      42.44 MB ( 88%) committed,  6 nodes.
      Class space:        1.00 GB reserved,       6.62 MB ( <1%) committed,  1 nodes.
             Both:        1.05 GB reserved,      49.06 MB (  5%) committed. 

Chunk freelists:
   Non-Class:  1.22 MB
       Class:  1.34 MB
        Both:  2.56 MB

MaxMetaspaceSize: unlimited
CompressedClassSpaceSize: 1.00 GB
Initial GC threshold: 21.00 MB
Current GC threshold: 58.88 MB
CDS: off
MetaspaceReclaimPolicy: balanced
 - commit_granule_bytes: 65536.
 - commit_granule_words: 8192.
 - virtual_space_node_default_size: 1048576.
 - enlarge_chunks_in_place: 1.
 - new_chunks_are_fully_committed: 0.
 - uncommit_free_chunks: 1.
 - use_allocation_guard: 0.
 - handle_deallocations: 1.


Internal statistics:

num_allocs_failed_limit: 6.
num_arena_births: 386.
num_arena_deaths: 0.
num_vsnodes_births: 7.
num_vsnodes_deaths: 0.
num_space_committed: 785.
num_space_uncommitted: 0.
num_chunks_returned_to_freelist: 6.
num_chunks_taken_from_freelist: 1904.
num_chunk_merges: 6.
num_chunk_splits: 1267.
num_chunks_enlarged: 900.
num_purges: 0.
num_inconsistent_stats: 0.

CodeHeap 'non-profiled nmethods': size=120000Kb used=2304Kb max_used=2304Kb free=117695Kb
 bounds [0x000001cfcfe90000, 0x000001cfd0100000, 0x000001cfd73c0000]
CodeHeap 'profiled nmethods': size=120000Kb used=8799Kb max_used=8799Kb free=111200Kb
 bounds [0x000001cfc83c0000, 0x000001cfc8c60000, 0x000001cfcf8f0000]
CodeHeap 'non-nmethods': size=5760Kb used=2308Kb max_used=2381Kb free=3451Kb
 bounds [0x000001cfcf8f0000, 0x000001cfcfb60000, 0x000001cfcfe90000]
 total_blobs=5021 nmethods=4202 adapters=731
 compilation: enabled
              stopped_count=0, restarted_count=0
 full_count=0

Compilation events (20 events):
Event: 3.680 Thread 0x000001cfdfc66e60 4206       3       com.google.common.collect.AbstractIndexedListIterator::next (31 bytes)
Event: 3.680 Thread 0x000001cfdfc66e60 nmethod 4206 0x000001cfc8c4fd90 code [0x000001cfc8c4ff60, 0x000001cfc8c502f8]
Event: 3.680 Thread 0x000001cfdfc66e60 4207       3       com.google.common.collect.Iterators$ArrayItr::get (12 bytes)
Event: 3.681 Thread 0x000001cfdfc66e60 nmethod 4207 0x000001cfc8c50410 code [0x000001cfc8c505a0, 0x000001cfc8c506d8]
Event: 3.681 Thread 0x000001cfdfc66e60 4205       3       com.google.common.collect.RegularImmutableList::listIterator (15 bytes)
Event: 3.681 Thread 0x000001cfdfc66e60 nmethod 4205 0x000001cfc8c50790 code [0x000001cfc8c50940, 0x000001cfc8c50a88]
Event: 3.681 Thread 0x000001cfdfc66e60 4208       1       org.gradle.api.attributes.Attribute::hashCode (5 bytes)
Event: 3.681 Thread 0x000001cfdfc66e60 nmethod 4208 0x000001cfd00c2410 code [0x000001cfd00c25a0, 0x000001cfd00c2678]
Event: 3.681 Thread 0x000001cfdfc66e60 4209       3       org.gradle.model.internal.asm.MethodVisitorScope::_DUP (7 bytes)
Event: 3.681 Thread 0x000001cfdfc66e60 nmethod 4209 0x000001cfc8c50b90 code [0x000001cfc8c50d40, 0x000001cfc8c50fa8]
Event: 3.681 Thread 0x000001cfdfc66e60 4210       3       com.google.common.collect.RegularImmutableMap::fromEntryArrayCheckingBucketOverflow (278 bytes)
Event: 3.682 Thread 0x000001cfdfc66e60 nmethod 4210 0x000001cfc8c51090 code [0x000001cfc8c51460, 0x000001cfc8c530e8]
Event: 3.683 Thread 0x000001cfdfc66e60 4211       3       java.util.concurrent.atomic.AtomicReferenceArray::<init> (13 bytes)
Event: 3.683 Thread 0x000001cfdfc66e60 nmethod 4211 0x000001cfc8c53c90 code [0x000001cfc8c53e40, 0x000001cfc8c54098]
Event: 3.683 Thread 0x000001cfdfc66e60 4212       1       com.google.common.cache.LocalCache$2::offer (2 bytes)
Event: 3.683 Thread 0x000001cfdfc66e60 nmethod 4212 0x000001cfd00c2710 code [0x000001cfd00c28a0, 0x000001cfd00c2978]
Event: 3.685 Thread 0x000001cfdfc66e60 4214       3       com.google.common.collect.RegularImmutableList::size (6 bytes)
Event: 3.685 Thread 0x000001cfdfc66e60 nmethod 4214 0x000001cfc8c54190 code [0x000001cfc8c54320, 0x000001cfc8c54438]
Event: 3.687 Thread 0x000001cfdfc66e60 4215       3       com.google.common.collect.ImmutableList::<init> (5 bytes)
Event: 3.688 Thread 0x000001cfdfc66e60 nmethod 4215 0x000001cfc8c54510 code [0x000001cfc8c546c0, 0x000001cfc8c548f8]

GC Heap History (20 events):
Event: 0.571 GC heap before
{Heap before GC invocations=0 (full 0):
 garbage-first heap   total 129024K, used 26624K [0x0000000080000000, 0x0000000100000000)
  region size 1024K, 23 young (23552K), 0 survivors (0K)
 Metaspace       used 10279K, committed 10432K, reserved 1064960K
  class space    used 1061K, committed 1152K, reserved 1048576K
}
Event: 0.575 GC heap after
{Heap after GC invocations=1 (full 0):
 garbage-first heap   total 129024K, used 10267K [0x0000000080000000, 0x0000000100000000)
  region size 1024K, 3 young (3072K), 3 survivors (3072K)
 Metaspace       used 10279K, committed 10432K, reserved 1064960K
  class space    used 1061K, committed 1152K, reserved 1048576K
}
Event: 0.853 GC heap before
{Heap before GC invocations=1 (full 0):
 garbage-first heap   total 129024K, used 40987K [0x0000000080000000, 0x0000000100000000)
  region size 1024K, 32 young (32768K), 3 survivors (3072K)
 Metaspace       used 11220K, committed 11456K, reserved 1064960K
  class space    used 1165K, committed 1280K, reserved 1048576K
}
Event: 0.857 GC heap after
{Heap after GC invocations=2 (full 0):
 garbage-first heap   total 129024K, used 14923K [0x0000000080000000, 0x0000000100000000)
  region size 1024K, 4 young (4096K), 4 survivors (4096K)
 Metaspace       used 11220K, committed 11456K, reserved 1064960K
  class space    used 1165K, committed 1280K, reserved 1048576K
}
Event: 1.546 GC heap before
{Heap before GC invocations=2 (full 0):
 garbage-first heap   total 129024K, used 52811K [0x0000000080000000, 0x0000000100000000)
  region size 1024K, 42 young (43008K), 4 survivors (4096K)
 Metaspace       used 21234K, committed 21504K, reserved 1073152K
  class space    used 2581K, committed 2752K, reserved 1048576K
}
Event: 1.550 GC heap after
{Heap after GC invocations=3 (full 0):
 garbage-first heap   total 129024K, used 18858K [0x0000000080000000, 0x0000000100000000)
  region size 1024K, 8 young (8192K), 8 survivors (8192K)
 Metaspace       used 21234K, committed 21504K, reserved 1073152K
  class space    used 2581K, committed 2752K, reserved 1048576K
}
Event: 1.941 GC heap before
{Heap before GC invocations=4 (full 0):
 garbage-first heap   total 68608K, used 51626K [0x0000000080000000, 0x0000000100000000)
  region size 1024K, 40 young (40960K), 8 survivors (8192K)
 Metaspace       used 26386K, committed 26688K, reserved 1073152K
  class space    used 3475K, committed 3584K, reserved 1048576K
}
Event: 1.946 GC heap after
{Heap after GC invocations=5 (full 0):
 garbage-first heap   total 68608K, used 20978K [0x0000000080000000, 0x0000000100000000)
  region size 1024K, 3 young (3072K), 3 survivors (3072K)
 Metaspace       used 26386K, committed 26688K, reserved 1073152K
  class space    used 3475K, committed 3584K, reserved 1048576K
}
Event: 2.260 GC heap before
{Heap before GC invocations=5 (full 0):
 garbage-first heap   total 68608K, used 46578K [0x0000000080000000, 0x0000000100000000)
  region size 1024K, 28 young (28672K), 3 survivors (3072K)
 Metaspace       used 30359K, committed 30656K, reserved 1081344K
  class space    used 4125K, committed 4224K, reserved 1048576K
}
Event: 2.262 GC heap after
{Heap after GC invocations=6 (full 0):
 garbage-first heap   total 68608K, used 22287K [0x0000000080000000, 0x0000000100000000)
  region size 1024K, 4 young (4096K), 4 survivors (4096K)
 Metaspace       used 30359K, committed 30656K, reserved 1081344K
  class space    used 4125K, committed 4224K, reserved 1048576K
}
Event: 2.584 GC heap before
{Heap before GC invocations=6 (full 0):
 garbage-first heap   total 68608K, used 48911K [0x0000000080000000, 0x0000000100000000)
  region size 1024K, 30 young (30720K), 4 survivors (4096K)
 Metaspace       used 34837K, committed 35200K, reserved 1081344K
  class space    used 4830K, committed 4992K, reserved 1048576K
}
Event: 2.588 GC heap after
{Heap after GC invocations=7 (full 0):
 garbage-first heap   total 68608K, used 24140K [0x0000000080000000, 0x0000000100000000)
  region size 1024K, 4 young (4096K), 4 survivors (4096K)
 Metaspace       used 34837K, committed 35200K, reserved 1081344K
  class space    used 4830K, committed 4992K, reserved 1048576K
}
Event: 2.632 GC heap before
{Heap before GC invocations=7 (full 0):
 garbage-first heap   total 68608K, used 26188K [0x0000000080000000, 0x0000000100000000)
  region size 1024K, 8 young (8192K), 4 survivors (4096K)
 Metaspace       used 35614K, committed 35968K, reserved 1081344K
  class space    used 4875K, committed 5056K, reserved 1048576K
}
Event: 2.635 GC heap after
{Heap after GC invocations=8 (full 0):
 garbage-first heap   total 68608K, used 24628K [0x0000000080000000, 0x0000000100000000)
  region size 1024K, 3 young (3072K), 3 survivors (3072K)
 Metaspace       used 35614K, committed 35968K, reserved 1081344K
  class space    used 4875K, committed 5056K, reserved 1048576K
}
Event: 2.877 GC heap before
{Heap before GC invocations=9 (full 0):
 garbage-first heap   total 68608K, used 48180K [0x0000000080000000, 0x0000000100000000)
  region size 1024K, 27 young (27648K), 3 survivors (3072K)
 Metaspace       used 40374K, committed 40704K, reserved 1089536K
  class space    used 5355K, committed 5504K, reserved 1048576K
}
Event: 2.880 GC heap after
{Heap after GC invocations=10 (full 0):
 garbage-first heap   total 82944K, used 28707K [0x0000000080000000, 0x0000000100000000)
  region size 1024K, 4 young (4096K), 4 survivors (4096K)
 Metaspace       used 40374K, committed 40704K, reserved 1089536K
  class space    used 5355K, committed 5504K, reserved 1048576K
}
Event: 3.141 GC heap before
{Heap before GC invocations=10 (full 0):
 garbage-first heap   total 82944K, used 64547K [0x0000000080000000, 0x0000000100000000)
  region size 1024K, 36 young (36864K), 4 survivors (4096K)
 Metaspace       used 42903K, committed 43264K, reserved 1089536K
  class space    used 5631K, committed 5760K, reserved 1048576K
}
Event: 3.144 GC heap after
{Heap after GC invocations=11 (full 0):
 garbage-first heap   total 82944K, used 31183K [0x0000000080000000, 0x0000000100000000)
  region size 1024K, 4 young (4096K), 4 survivors (4096K)
 Metaspace       used 42903K, committed 43264K, reserved 1089536K
  class space    used 5631K, committed 5760K, reserved 1048576K
}
Event: 3.495 GC heap before
{Heap before GC invocations=11 (full 0):
 garbage-first heap   total 82944K, used 61903K [0x0000000080000000, 0x0000000100000000)
  region size 1024K, 34 young (34816K), 4 survivors (4096K)
 Metaspace       used 47384K, committed 47744K, reserved 1097728K
  class space    used 6232K, committed 6400K, reserved 1048576K
}
Event: 3.499 GC heap after
{Heap after GC invocations=12 (full 0):
 garbage-first heap   total 82944K, used 33835K [0x0000000080000000, 0x0000000100000000)
  region size 1024K, 3 young (3072K), 3 survivors (3072K)
 Metaspace       used 47384K, committed 47744K, reserved 1097728K
  class space    used 6232K, committed 6400K, reserved 1048576K
}

Dll operation events (2 events):
Event: 0.007 Loaded shared library C:\Program Files\Android\Android Studio\jbr\bin\java.dll
Event: 0.334 Loaded shared library C:\Program Files\Android\Android Studio\jbr\bin\verify.dll

Deoptimization events (20 events):
Event: 3.351 Thread 0x000001cfe0d168b0 Uncommon trap: trap_request=0xffffff45 fr.pc=0x000001cfd0011b84 relative=0x0000000000000344
Event: 3.351 Thread 0x000001cfe0d168b0 Uncommon trap: reason=unstable_if action=reinterpret pc=0x000001cfd0011b84 method=org.gradle.internal.reflect.PropertyAccessorType.isGetGetterName(Ljava/lang/String;)Z @ 14 c2
Event: 3.351 Thread 0x000001cfe0d168b0 DEOPT PACKING pc=0x000001cfd0011b84 sp=0x000000a61cff91a0
Event: 3.351 Thread 0x000001cfe0d168b0 DEOPT UNPACKING pc=0x000001cfcf9469a3 sp=0x000000a61cff90f8 mode 2
Event: 3.371 Thread 0x000001cfe0d168b0 Uncommon trap: trap_request=0xffffff45 fr.pc=0x000001cfd000d0ec relative=0x00000000000000ec
Event: 3.371 Thread 0x000001cfe0d168b0 Uncommon trap: reason=unstable_if action=reinterpret pc=0x000001cfd000d0ec method=org.objectweb.asm.ByteVector.putShort(I)Lorg/objectweb/asm/ByteVector; @ 13 c2
Event: 3.371 Thread 0x000001cfe0d168b0 DEOPT PACKING pc=0x000001cfd000d0ec sp=0x000000a61cff8dc0
Event: 3.371 Thread 0x000001cfe0d168b0 DEOPT UNPACKING pc=0x000001cfcf9469a3 sp=0x000000a61cff8d58 mode 2
Event: 3.396 Thread 0x000001cfe0d168b0 Uncommon trap: trap_request=0xffffff45 fr.pc=0x000001cfd0062928 relative=0x0000000000001848
Event: 3.396 Thread 0x000001cfe0d168b0 Uncommon trap: reason=unstable_if action=reinterpret pc=0x000001cfd0062928 method=java.util.concurrent.ConcurrentHashMap.computeIfAbsent(Ljava/lang/Object;Ljava/util/function/Function;)Ljava/lang/Object; @ 123 c2
Event: 3.396 Thread 0x000001cfe0d168b0 DEOPT PACKING pc=0x000001cfd0062928 sp=0x000000a61cffa0a0
Event: 3.396 Thread 0x000001cfe0d168b0 DEOPT UNPACKING pc=0x000001cfcf9469a3 sp=0x000000a61cffa020 mode 2
Event: 3.454 Thread 0x000001cfe0d168b0 Uncommon trap: trap_request=0xffffff76 fr.pc=0x000001cfcffda82c relative=0x000000000000026c
Event: 3.454 Thread 0x000001cfe0d168b0 Uncommon trap: reason=predicate action=maybe_recompile pc=0x000001cfcffda82c method=com.google.common.base.CharMatcher.indexIn(Ljava/lang/CharSequence;I)I @ 19 c2
Event: 3.454 Thread 0x000001cfe0d168b0 DEOPT PACKING pc=0x000001cfcffda82c sp=0x000000a61cff7b60
Event: 3.454 Thread 0x000001cfe0d168b0 DEOPT UNPACKING pc=0x000001cfcf9469a3 sp=0x000000a61cff7b08 mode 2
Event: 3.522 Thread 0x000001cfe0d168b0 Uncommon trap: trap_request=0xffffff45 fr.pc=0x000001cfcff10104 relative=0x00000000000001e4
Event: 3.522 Thread 0x000001cfe0d168b0 Uncommon trap: reason=unstable_if action=reinterpret pc=0x000001cfcff10104 method=java.net.URI$Parser.scan(IILjava/lang/String;)I @ 26 c2
Event: 3.522 Thread 0x000001cfe0d168b0 DEOPT PACKING pc=0x000001cfcff10104 sp=0x000000a61cff8a00
Event: 3.522 Thread 0x000001cfe0d168b0 DEOPT UNPACKING pc=0x000001cfcf9469a3 sp=0x000000a61cff8990 mode 2

Classes unloaded (0 events):
No events

Classes redefined (0 events):
No events

Internal exceptions (20 events):
Event: 3.166 Thread 0x000001cfe0d168b0 Exception <a 'java/lang/ClassNotFoundException'{0x00000000852bfa60}: org/gradle/api/internal/provider/DefaultPropertyCustomizer> (0x00000000852bfa60) 
thrown [s\src\hotspot\share\classfile\systemDictionary.cpp, line 256]
Event: 3.171 Thread 0x000001cfe0d168b0 Exception <a 'java/lang/ClassNotFoundException'{0x000000008512a560}: org/gradle/initialization/DefaultProjectDescriptorBeanInfo> (0x000000008512a560) 
thrown [s\src\hotspot\share\classfile\systemDictionary.cpp, line 256]
Event: 3.171 Thread 0x000001cfe0d168b0 Exception <a 'java/lang/ClassNotFoundException'{0x0000000085138a50}: org/gradle/initialization/DefaultProjectDescriptorCustomizer> (0x0000000085138a50) 
thrown [s\src\hotspot\share\classfile\systemDictionary.cpp, line 256]
Event: 3.173 Thread 0x000001cfe0d168b0 Implicit null exception at 0x000001cfd005de6c to 0x000001cfd005df20
Event: 3.269 Thread 0x000001cfe2a7bc30 Exception <a 'java/lang/NoSuchMethodError'{0x000000008440cf20}: static Lorg/gradle/internal/build/event/types/DefaultOperationStartedProgressEvent;.<clinit>()V> (0x000000008440cf20) 
thrown [s\src\hotspot\share\prims\jni.cpp, line 1108]
Event: 3.269 Thread 0x000001cfe2a7bc30 Exception <a 'java/lang/NoSuchMethodError'{0x000000008440e7f8}: static Lorg/gradle/internal/build/event/types/AbstractProgressEvent;.<clinit>()V> (0x000000008440e7f8) 
thrown [s\src\hotspot\share\prims\jni.cpp, line 1108]
Event: 3.270 Thread 0x000001cfe2a7bc30 Exception <a 'java/lang/NoSuchMethodError'{0x000000008441f1b0}: static Lorg/gradle/internal/build/event/types/DefaultProjectConfigurationDescriptor;.<clinit>()V> (0x000000008441f1b0) 
thrown [s\src\hotspot\share\prims\jni.cpp, line 1108]
Event: 3.270 Thread 0x000001cfe2a7bc30 Exception <a 'java/lang/NoSuchMethodError'{0x0000000084421728}: static Lorg/gradle/internal/build/event/types/DefaultOperationDescriptor;.<clinit>()V> (0x0000000084421728) 
thrown [s\src\hotspot\share\prims\jni.cpp, line 1108]
Event: 3.273 Thread 0x000001cfe2a7bc30 Exception <a 'java/lang/NoSuchMethodError'{0x00000000844368c0}: static Lorg/gradle/internal/operations/OperationIdentifier;.<clinit>()V> (0x00000000844368c0) 
thrown [s\src\hotspot\share\prims\jni.cpp, line 1108]
Event: 3.445 Thread 0x000001cfe0d168b0 Exception <a 'java/lang/ClassNotFoundException'{0x0000000083776768}: build_9mcd3b5vsvjtn5ynhc31iroyfBeanInfo> (0x0000000083776768) 
thrown [s\src\hotspot\share\classfile\systemDictionary.cpp, line 256]
Event: 3.445 Thread 0x000001cfe0d168b0 Exception <a 'java/lang/ClassNotFoundException'{0x000000008379fc88}: org/gradle/api/internal/project/ProjectScriptBeanInfo> (0x000000008379fc88) 
thrown [s\src\hotspot\share\classfile\systemDictionary.cpp, line 256]
Event: 3.445 Thread 0x000001cfe0d168b0 Exception <a 'java/lang/ClassNotFoundException'{0x00000000837aa2b8}: org/gradle/api/internal/project/ProjectScriptCustomizer> (0x00000000837aa2b8) 
thrown [s\src\hotspot\share\classfile\systemDictionary.cpp, line 256]
Event: 3.446 Thread 0x000001cfe0d168b0 Exception <a 'java/lang/ClassNotFoundException'{0x00000000837c18b8}: build_9mcd3b5vsvjtn5ynhc31iroyfCustomizer> (0x00000000837c18b8) 
thrown [s\src\hotspot\share\classfile\systemDictionary.cpp, line 256]
Event: 3.452 Thread 0x000001cfe0d168b0 Exception <a 'java/lang/ClassNotFoundException'{0x000000008363b070}: org/gradle/plugin/use/internal/PluginRequestCollector$PluginDependenciesSpecImplBeanInfo> (0x000000008363b070) 
thrown [s\src\hotspot\share\classfile\systemDictionary.cpp, line 256]
Event: 3.452 Thread 0x000001cfe0d168b0 Exception <a 'java/lang/ClassNotFoundException'{0x000000008364b770}: org/gradle/plugin/use/internal/PluginRequestCollector$PluginDependenciesSpecImplCustomizer> (0x000000008364b770) 
thrown [s\src\hotspot\share\classfile\systemDictionary.cpp, line 256]
Event: 3.455 Thread 0x000001cfe0d168b0 Exception <a 'java/lang/ClassNotFoundException'{0x0000000083689f20}: org/gradle/plugin/use/internal/PluginRequestCollector$PluginDependencySpecImplBeanInfo> (0x0000000083689f20) 
thrown [s\src\hotspot\share\classfile\systemDictionary.cpp, line 256]
Event: 3.456 Thread 0x000001cfe0d168b0 Exception <a 'java/lang/ClassNotFoundException'{0x000000008369a5c0}: org/gradle/plugin/use/internal/PluginRequestCollector$PluginDependencySpecImplCustomizer> (0x000000008369a5c0) 
thrown [s\src\hotspot\share\classfile\systemDictionary.cpp, line 256]
Event: 3.547 Thread 0x000001cfe0d168b0 Exception <a 'java/lang/NoSuchMethodError'{0x00000000851c0b88}: 'java.lang.Object java.lang.invoke.DirectMethodHandle$Holder.newInvokeSpecial(java.lang.Object, int, java.lang.Object)'> (0x00000000851c0b88) 
thrown [s\src\hotspot\share\interpreter\linkResolver.cpp, line 771]
Event: 3.684 Thread 0x000001cfe0d168b0 Exception <a 'java/lang/NoSuchMethodError'{0x00000000840626d0}: 'int java.lang.invoke.DirectMethodHandle$Holder.invokeStatic(java.lang.Object)'> (0x00000000840626d0) 
thrown [s\src\hotspot\share\interpreter\linkResolver.cpp, line 771]
Event: 3.684 Thread 0x000001cfe0d168b0 Exception <a 'java/lang/NoSuchMethodError'{0x0000000084066ac0}: 'int java.lang.invoke.DirectMethodHandle$Holder.invokeStaticInit(java.lang.Object)'> (0x0000000084066ac0) 
thrown [s\src\hotspot\share\interpreter\linkResolver.cpp, line 771]

VM Operations (20 events):
Event: 2.877 Executing VM operation: G1CollectForAllocation
Event: 2.880 Executing VM operation: G1CollectForAllocation done
Event: 3.051 Executing VM operation: ICBufferFull
Event: 3.051 Executing VM operation: ICBufferFull done
Event: 3.141 Executing VM operation: G1CollectForAllocation
Event: 3.144 Executing VM operation: G1CollectForAllocation done
Event: 3.234 Executing VM operation: HandshakeAllThreads
Event: 3.234 Executing VM operation: HandshakeAllThreads done
Event: 3.260 Executing VM operation: HandshakeAllThreads
Event: 3.260 Executing VM operation: HandshakeAllThreads done
Event: 3.355 Executing VM operation: HandshakeAllThreads
Event: 3.355 Executing VM operation: HandshakeAllThreads done
Event: 3.448 Executing VM operation: ICBufferFull
Event: 3.448 Executing VM operation: ICBufferFull done
Event: 3.459 Executing VM operation: HandshakeAllThreads
Event: 3.459 Executing VM operation: HandshakeAllThreads done
Event: 3.459 Executing VM operation: HandshakeAllThreads
Event: 3.459 Executing VM operation: HandshakeAllThreads done
Event: 3.495 Executing VM operation: G1CollectForAllocation
Event: 3.499 Executing VM operation: G1CollectForAllocation done

Events (20 events):
Event: 3.565 loading class javax/net/ssl/HostnameVerifier
Event: 3.565 loading class javax/net/ssl/HostnameVerifier done
Event: 3.566 loading class javax/net/ssl/TrustManager
Event: 3.566 loading class javax/net/ssl/TrustManager done
Event: 3.567 loading class javax/net/ssl/X509TrustManager
Event: 3.567 loading class javax/net/ssl/X509TrustManager done
Event: 3.568 loading class javax/net/ssl/SSLException
Event: 3.568 loading class javax/net/ssl/SSLException done
Event: 3.568 loading class javax/net/ssl/SSLPeerUnverifiedException
Event: 3.568 loading class javax/net/ssl/SSLPeerUnverifiedException done
Event: 3.568 loading class java/security/cert/CertificateParsingException
Event: 3.568 loading class java/security/cert/CertificateException
Event: 3.568 loading class java/security/cert/CertificateException done
Event: 3.568 loading class java/security/cert/CertificateParsingException done
Event: 3.568 loading class javax/naming/NamingException
Event: 3.568 loading class javax/naming/NamingException done
Event: 3.569 loading class javax/naming/InvalidNameException
Event: 3.569 loading class javax/naming/InvalidNameException done
Event: 3.668 loading class java/util/Collections$SingletonMap
Event: 3.668 loading class java/util/Collections$SingletonMap done


Dynamic libraries:
0x00007ff7a7880000 - 0x00007ff7a788a000 	C:\Program Files\Android\Android Studio\jbr\bin\java.exe
0x00007ffc5cdb0000 - 0x00007ffc5cfc4000 	C:\WINDOWS\SYSTEM32\ntdll.dll
0x00007ffc5b470000 - 0x00007ffc5b532000 	C:\WINDOWS\System32\KERNEL32.DLL
0x00007ffc5a1b0000 - 0x00007ffc5a553000 	C:\WINDOWS\System32\KERNELBASE.dll
0x00007ffc5a840000 - 0x00007ffc5a951000 	C:\WINDOWS\System32\ucrtbase.dll
0x00007ffc44dd0000 - 0x00007ffc44deb000 	C:\Program Files\Android\Android Studio\jbr\bin\VCRUNTIME140.dll
0x00007ffc439a0000 - 0x00007ffc439b7000 	C:\Program Files\Android\Android Studio\jbr\bin\jli.dll
0x00007ffc5ca30000 - 0x00007ffc5cbda000 	C:\WINDOWS\System32\USER32.dll
0x00007ffc5a620000 - 0x00007ffc5a646000 	C:\WINDOWS\System32\win32u.dll
0x00007ffc45d30000 - 0x00007ffc45fbe000 	C:\WINDOWS\WinSxS\amd64_microsoft.windows.common-controls_6595b64144ccf1df_6.0.22621.1635_none_270f70857386168e\COMCTL32.dll
0x00007ffc5ccf0000 - 0x00007ffc5cd19000 	C:\WINDOWS\System32\GDI32.dll
0x00007ffc5ab90000 - 0x00007ffc5ac37000 	C:\WINDOWS\System32\msvcrt.dll
0x00007ffc5aa70000 - 0x00007ffc5ab89000 	C:\WINDOWS\System32\gdi32full.dll
0x00007ffc5a960000 - 0x00007ffc5a9fa000 	C:\WINDOWS\System32\msvcp_win.dll
0x00007ffc5b0f0000 - 0x00007ffc5b121000 	C:\WINDOWS\System32\IMM32.DLL
0x00007ffc551d0000 - 0x00007ffc551dc000 	C:\Program Files\Android\Android Studio\jbr\bin\vcruntime140_1.dll
0x00007ffc2aab0000 - 0x00007ffc2ab3d000 	C:\Program Files\Android\Android Studio\jbr\bin\msvcp140.dll
0x00007ffbe1680000 - 0x00007ffbe22ed000 	C:\Program Files\Android\Android Studio\jbr\bin\server\jvm.dll
0x00007ffc5cbe0000 - 0x00007ffc5cc8e000 	C:\WINDOWS\System32\ADVAPI32.dll
0x00007ffc5b130000 - 0x00007ffc5b1d4000 	C:\WINDOWS\System32\sechost.dll
0x00007ffc5c310000 - 0x00007ffc5c427000 	C:\WINDOWS\System32\RPCRT4.dll
0x00007ffc4f970000 - 0x00007ffc4f979000 	C:\WINDOWS\SYSTEM32\WSOCK32.dll
0x00007ffc48690000 - 0x00007ffc486c4000 	C:\WINDOWS\SYSTEM32\WINMM.dll
0x00007ffc51e70000 - 0x00007ffc51e7a000 	C:\WINDOWS\SYSTEM32\VERSION.dll
0x00007ffc5b070000 - 0x00007ffc5b0e1000 	C:\WINDOWS\System32\WS2_32.dll
0x00007ffc591b0000 - 0x00007ffc591c8000 	C:\WINDOWS\SYSTEM32\kernel.appcore.dll
0x00007ffc4a270000 - 0x00007ffc4a27a000 	C:\Program Files\Android\Android Studio\jbr\bin\jimage.dll
0x00007ffc57b90000 - 0x00007ffc57dbe000 	C:\WINDOWS\SYSTEM32\DBGHELP.DLL
0x00007ffc5b5c0000 - 0x00007ffc5b949000 	C:\WINDOWS\System32\combase.dll
0x00007ffc5af90000 - 0x00007ffc5b067000 	C:\WINDOWS\System32\OLEAUT32.dll
0x00007ffc42180000 - 0x00007ffc421b2000 	C:\WINDOWS\SYSTEM32\dbgcore.DLL
0x00007ffc5a650000 - 0x00007ffc5a6ca000 	C:\WINDOWS\System32\bcryptPrimitives.dll
0x00007ffc48ab0000 - 0x00007ffc48ad5000 	C:\Program Files\Android\Android Studio\jbr\bin\java.dll
0x00007ffc48dc0000 - 0x00007ffc48dd8000 	C:\Program Files\Android\Android Studio\jbr\bin\zip.dll
0x00007ffc5b950000 - 0x00007ffc5c149000 	C:\WINDOWS\System32\SHELL32.dll
0x00007ffc58150000 - 0x00007ffc58a1e000 	C:\WINDOWS\SYSTEM32\windows.storage.dll
0x00007ffc58010000 - 0x00007ffc5814e000 	C:\WINDOWS\SYSTEM32\wintypes.dll
0x00007ffc5ae90000 - 0x00007ffc5af81000 	C:\WINDOWS\System32\SHCORE.dll
0x00007ffc5cc90000 - 0x00007ffc5ccee000 	C:\WINDOWS\System32\shlwapi.dll
0x00007ffc5a0e0000 - 0x00007ffc5a106000 	C:\WINDOWS\SYSTEM32\profapi.dll
0x00007ffc46870000 - 0x00007ffc46889000 	C:\Program Files\Android\Android Studio\jbr\bin\net.dll
0x00007ffc51a00000 - 0x00007ffc51b37000 	C:\WINDOWS\SYSTEM32\WINHTTP.dll
0x00007ffc59630000 - 0x00007ffc59699000 	C:\WINDOWS\system32\mswsock.dll
0x00007ffc46850000 - 0x00007ffc46866000 	C:\Program Files\Android\Android Studio\jbr\bin\nio.dll
0x00007ffc467b0000 - 0x00007ffc467c0000 	C:\Program Files\Android\Android Studio\jbr\bin\verify.dll
0x00007ffc42520000 - 0x00007ffc42547000 	C:\Users\Richard\.gradle\native\68d5fa5c4cc2d200863cafc0d521ce42e7d3e7ee720ec0a83991735586a16f82\windows-amd64\native-platform.dll
0x00007ffc18790000 - 0x00007ffc188d4000 	C:\Users\Richard\.gradle\native\e376f236ea51e6404a007f0833ffe2c6e607c4080706a723a18a27aeea778392\windows-amd64\native-platform-file-events.dll
0x00007ffc49db0000 - 0x00007ffc49db9000 	C:\Program Files\Android\Android Studio\jbr\bin\management.dll
0x00007ffc49c50000 - 0x00007ffc49c5b000 	C:\Program Files\Android\Android Studio\jbr\bin\management_ext.dll
0x00007ffc5ae80000 - 0x00007ffc5ae88000 	C:\WINDOWS\System32\PSAPI.DLL
0x00007ffc598d0000 - 0x00007ffc598eb000 	C:\WINDOWS\SYSTEM32\CRYPTSP.dll
0x00007ffc59120000 - 0x00007ffc59155000 	C:\WINDOWS\system32\rsaenh.dll
0x00007ffc596f0000 - 0x00007ffc5971c000 	C:\WINDOWS\SYSTEM32\USERENV.dll
0x00007ffc59b60000 - 0x00007ffc59b88000 	C:\WINDOWS\SYSTEM32\bcrypt.dll
0x00007ffc598f0000 - 0x00007ffc598fc000 	C:\WINDOWS\SYSTEM32\CRYPTBASE.dll
0x00007ffc58cc0000 - 0x00007ffc58ced000 	C:\WINDOWS\SYSTEM32\IPHLPAPI.DLL
0x00007ffc5b5b0000 - 0x00007ffc5b5b9000 	C:\WINDOWS\System32\NSI.dll
0x00007ffc51d30000 - 0x00007ffc51d49000 	C:\WINDOWS\SYSTEM32\dhcpcsvc6.DLL
0x00007ffc51530000 - 0x00007ffc5154f000 	C:\WINDOWS\SYSTEM32\dhcpcsvc.DLL
0x00007ffc58cf0000 - 0x00007ffc58de3000 	C:\WINDOWS\SYSTEM32\DNSAPI.dll
0x00007ffc30930000 - 0x00007ffc30938000 	C:\WINDOWS\system32\wshunix.dll

dbghelp: loaded successfully - version: 4.0.5 - missing functions: none
symbol engine: initialized successfully - sym options: 0x614 - pdb path: .;C:\Program Files\Android\Android Studio\jbr\bin;C:\WINDOWS\SYSTEM32;C:\WINDOWS\WinSxS\amd64_microsoft.windows.common-controls_6595b64144ccf1df_6.0.22621.1635_none_270f70857386168e;C:\Program Files\Android\Android Studio\jbr\bin\server;C:\Users\Richard\.gradle\native\68d5fa5c4cc2d200863cafc0d521ce42e7d3e7ee720ec0a83991735586a16f82\windows-amd64;C:\Users\Richard\.gradle\native\e376f236ea51e6404a007f0833ffe2c6e607c4080706a723a18a27aeea778392\windows-amd64

VM Arguments:
jvm_args: --add-opens=java.base/java.util=ALL-UNNAMED --add-opens=java.base/java.lang=ALL-UNNAMED --add-opens=java.base/java.lang.invoke=ALL-UNNAMED --add-opens=java.prefs/java.util.prefs=ALL-UNNAMED --add-opens=java.base/java.nio.charset=ALL-UNNAMED --add-opens=java.base/java.net=ALL-UNNAMED --add-opens=java.base/java.util.concurrent.atomic=ALL-UNNAMED -Xmx2048m -Dfile.encoding=UTF-8 -Duser.country=ID -Duser.language=en -Duser.variant 
java_command: org.gradle.launcher.daemon.bootstrap.GradleDaemon 8.0
java_class_path (initial): C:\Users\Richard\.gradle\wrapper\dists\gradle-8.0-bin\ca5e32bp14vu59qr306oxotwh\gradle-8.0\lib\gradle-launcher-8.0.jar
Launcher Type: SUN_STANDARD

[Global flags]
     intx CICompilerCount                          = 4                                         {product} {ergonomic}
     uint ConcGCThreads                            = 3                                         {product} {ergonomic}
     uint G1ConcRefinementThreads                  = 10                                        {product} {ergonomic}
   size_t G1HeapRegionSize                         = 1048576                                   {product} {ergonomic}
    uintx GCDrainStackTargetSize                   = 64                                        {product} {ergonomic}
   size_t InitialHeapSize                          = 132120576                                 {product} {ergonomic}
   size_t MarkStackSize                            = 4194304                                   {product} {ergonomic}
   size_t MaxHeapSize                              = 2147483648                                {product} {command line}
   size_t MaxNewSize                               = 1287651328                                {product} {ergonomic}
   size_t MinHeapDeltaBytes                        = 1048576                                   {product} {ergonomic}
   size_t MinHeapSize                              = 8388608                                   {product} {ergonomic}
    uintx NonNMethodCodeHeapSize                   = 5839372                                {pd product} {ergonomic}
    uintx NonProfiledCodeHeapSize                  = 122909434                              {pd product} {ergonomic}
    uintx ProfiledCodeHeapSize                     = 122909434                              {pd product} {ergonomic}
    uintx ReservedCodeCacheSize                    = 251658240                              {pd product} {ergonomic}
     bool SegmentedCodeCache                       = true                                      {product} {ergonomic}
   size_t SoftMaxHeapSize                          = 2147483648                             {manageable} {ergonomic}
     bool UseCompressedClassPointers               = true                           {product lp64_product} {ergonomic}
     bool UseCompressedOops                        = true                           {product lp64_product} {ergonomic}
     bool UseG1GC                                  = true                                      {product} {ergonomic}
     bool UseLargePagesIndividualAllocation        = false                                  {pd product} {ergonomic}

Logging:
Log output configuration:
 #0: stdout all=warning uptime,level,tags
 #1: stderr all=off uptime,level,tags

Environment Variables:
PATH=C:\Python311\Scripts\;C:\Python311\;C:\Program Files\Common Files\Oracle\Java\javapath;C:\Program Files (x86)\Common Files\Oracle\Java\javapath;C:\ProgramData\Oracle\Java\javapath;C:\Windows\system32;C:\Windows;C:\Windows\System32\Wbem;C:\Windows\System32\WindowsPowerShell\v1.0\;C:\Windows\System32\OpenSSH\;C:\Program Files (x86)\NVIDIA Corporation\PhysX\Common;C:\Program Files\NVIDIA Corporation\NVIDIA NvDLISR;C:\WINDOWS\system32;C:\WINDOWS;C:\WINDOWS\System32\Wbem;C:\WINDOWS\System32\WindowsPowerShell\v1.0\;C:\WINDOWS\System32\OpenSSH\;C:\Program Files (x86)\dotnet\;C:\Program Files\Git\cmd;C:\MinGW\bin;C:\Users\Richard\AppData\Roaming\Composer\vendor\bin;C:\ProgramData\chocolatey\bin;C:\Program Files\nodejs\;C:\Program Files\MySQL\MySQL Shell 8.0\bin\;C:\Users\Richard\AppData\Local\Microsoft\WindowsApps;;C:\Users\Richard\AppData\Local\Programs\Microsoft VS Code\bin;C:\Users\Richard\Documents\xampp\php;C:\Users\Richard\AppData\Local\ComposerSetup\bin;C:\Users\Richard\AppData\Roaming\Composer\vendor\bin;C:\Users\Richard\AppData\Roaming\npm
USERNAME=Richard
OS=Windows_NT
PROCESSOR_IDENTIFIER=Intel64 Family 6 Model 158 Stepping 13, GenuineIntel
TMP=C:\Users\Richard\AppData\Local\Temp
TEMP=C:\Users\Richard\AppData\Local\Temp



---------------  S Y S T E M  ---------------

OS:
 Windows 11 , 64 bit Build 22621 (10.0.22621.1928)
OS uptime: 2 days 11:14 hours
Hyper-V role detected

CPU: total 12 (initial active 12) (6 cores per cpu, 2 threads per core) family 6 model 158 stepping 13 microcode 0xde, cx8, cmov, fxsr, ht, mmx, 3dnowpref, sse, sse2, sse3, ssse3, sse4.1, sse4.2, popcnt, lzcnt, tsc, tscinvbit, avx, avx2, aes, erms, clmul, bmi1, bmi2, adx, fma, vzeroupper, clflush, clflushopt, hv

Memory: 4k page, system-wide physical 8043M (451M free)
TotalPageFile size 16235M (AvailPageFile size 14M)
current process WorkingSet (physical memory assigned to process): 241M, peak: 249M
current process commit charge ("private bytes"): 280M, peak: 290M

vm_info: OpenJDK 64-Bit Server VM (17.0.6+0-b2043.56-9586694) for windows-amd64 JRE (17.0.6+0-b2043.56-9586694), built on Feb  9 2023 20:06:20 by "androidbuild" with MS VC++ 16.10 / 16.11 (VS2019)

END.
