#
# There is insufficient memory for the Java Runtime Environment to continue.
# Native memory allocation (malloc) failed to allocate 948656 bytes for Chunk::new
# Possible reasons:
#   The system is out of physical RAM or swap space
#   The process is running with CompressedOops enabled, and the Java Heap may be blocking the growth of the native heap
# Possible solutions:
#   Reduce memory load on the system
#   Increase physical memory or swap space
#   Check if swap backing store is full
#   Decrease Java heap size (-Xmx/-Xms)
#   Decrease number of Java threads
#   Decrease Java thread stack sizes (-Xss)
#   Set larger code cache with -XX:ReservedCodeCacheSize=
#   JVM is running with Unscaled Compressed Oops mode in which the Java heap is
#     placed in the first 4GB address space. The Java Heap base address is the
#     maximum limit for the native heap growth. Please use -XX:HeapBaseMinAddress
#     to set the Java Heap base and to place the Java Heap above 4GB virtual address.
# This output file may be truncated or incomplete.
#
#  Out of Memory Error (arena.cpp:189), pid=28588, tid=5948
#
# JRE version: OpenJDK Runtime Environment (17.0.6) (build 17.0.6+0-b2043.56-9586694)
# Java VM: OpenJDK 64-Bit Server VM (17.0.6+0-b2043.56-9586694, mixed mode, tiered, compressed oops, compressed class ptrs, g1 gc, windows-amd64)
# No core dump will be written. Minidumps are not enabled by default on client versions of Windows
#

---------------  S U M M A R Y ------------

Command Line: --add-opens=java.base/java.util=ALL-UNNAMED --add-opens=java.base/java.lang=ALL-UNNAMED --add-opens=java.base/java.lang.invoke=ALL-UNNAMED --add-opens=java.prefs/java.util.prefs=ALL-UNNAMED --add-opens=java.base/java.nio.charset=ALL-UNNAMED --add-opens=java.base/java.net=ALL-UNNAMED --add-opens=java.base/java.util.concurrent.atomic=ALL-UNNAMED -Xmx2048m -Dfile.encoding=UTF-8 -Duser.country=ID -Duser.language=en -Duser.variant org.gradle.launcher.daemon.bootstrap.GradleDaemon 8.0

Host: Intel(R) Core(TM) i7-9750H CPU @ 2.60GHz, 12 cores, 7G,  Windows 11 , 64 bit Build 22621 (10.0.22621.1928)
Time: Mon Jul 10 13:23:55 2023 SE Asia Standard Time elapsed time: 3.927131 seconds (0d 0h 0m 3s)

---------------  T H R E A D  ---------------

Current thread (0x000001c5ad8598b0):  JavaThread "C2 CompilerThread0" daemon [_thread_in_native, id=5948, stack(0x0000005ff9d00000,0x0000005ff9e00000)]


Current CompileTask:
C2:   3927 5018       4       java.security.SecureClassLoader::defineClass (16 bytes)

Stack: [0x0000005ff9d00000,0x0000005ff9e00000]
Native frames: (J=compiled Java code, j=interpreted, Vv=VM code, C=native code)
V  [jvm.dll+0x683b4a]
V  [jvm.dll+0x842654]
V  [jvm.dll+0x843dfe]
V  [jvm.dll+0x844463]
V  [jvm.dll+0x249b75]
V  [jvm.dll+0xabcac]
V  [jvm.dll+0xac27c]
V  [jvm.dll+0x368802]
V  [jvm.dll+0x332f31]
V  [jvm.dll+0x3323da]
V  [jvm.dll+0x21c201]
V  [jvm.dll+0x21b621]
V  [jvm.dll+0x1a4fdd]
V  [jvm.dll+0x22b098]
V  [jvm.dll+0x229159]
V  [jvm.dll+0x7f809c]
V  [jvm.dll+0x7f25fa]
V  [jvm.dll+0x682985]
C  [ucrtbase.dll+0x29363]
C  [KERNEL32.DLL+0x126ad]
C  [ntdll.dll+0x5aa68]


---------------  P R O C E S S  ---------------

Threads class SMR info:
_java_thread_list=0x000001c5b20c8780, length=113, elements={
0x000001c592aa91b0, 0x000001c5ad832250, 0x000001c5ad834e10, 0x000001c5acd76350,
0x000001c5ad854020, 0x000001c5ad8569e0, 0x000001c5ad857fb0, 0x000001c5ad8598b0,
0x000001c5ad85a350, 0x000001c5ad85c560, 0x000001c5ad9cbbe0, 0x000001c5ad9ced50,
0x000001c5adca9710, 0x000001c5b0494ae0, 0x000001c5b06ac020, 0x000001c5b00a1cf0,
0x000001c5aff57540, 0x000001c5b05ae030, 0x000001c5b0a09e30, 0x000001c5af34d310,
0x000001c5b06a7ef0, 0x000001c5b06aa570, 0x000001c5b06a9230, 0x000001c5b06a9700,
0x000001c5b06aaa40, 0x000001c5b06a7080, 0x000001c5b06a83c0, 0x000001c5b06aa0a0,
0x000001c5b06a7a20, 0x000001c5b06a8d60, 0x000001c5b3089670, 0x000001c5b308bcf0,
0x000001c5b308a010, 0x000001c5b308ed10, 0x000001c5b30891a0, 0x000001c5b308a9b0,
0x000001c5b3088cd0, 0x000001c5b308f1e0, 0x000001c5b308c690, 0x000001c5b308e370,
0x000001c5b308cb60, 0x000001c5b308d030, 0x000001c5b308d9d0, 0x000001c5b3090050,
0x000001c5b308dea0, 0x000001c5b308fb80, 0x000001c5b39b5e50, 0x000001c5b39b67f0,
0x000001c5b39b8000, 0x000001c5b39b1fc0, 0x000001c5b39b37d0, 0x000001c5b39b4640,
0x000001c5b39b2490, 0x000001c5b39b6cc0, 0x000001c5b39b3ca0, 0x000001c5b39b1620,
0x000001c5b39b4170, 0x000001c5b39b6320, 0x000001c5b39b1150, 0x000001c5b39b4b10,
0x000001c5b39b4fe0, 0x000001c5b39b54b0, 0x000001c5b39b0c80, 0x000001c5b39b5980,
0x000001c5b39b7190, 0x000001c5b39b3300, 0x000001c5b39b7660, 0x000001c5b39b7b30,
0x000001c5b39b1af0, 0x000001c5b39b84d0, 0x000001c5b39b2960, 0x000001c5b39b2e30,
0x000001c5b2059670, 0x000001c5b205e370, 0x000001c5b205f1e0, 0x000001c5b205e840,
0x000001c5b205d030, 0x000001c5b205fb80, 0x000001c5b205ed10, 0x000001c5b205b820,
0x000001c5b205cb60, 0x000001c5b205dea0, 0x000001c5b205bcf0, 0x000001c5b205f6b0,
0x000001c5b2060050, 0x000001c5b2060520, 0x000001c5b205d500, 0x000001c5b20609f0,
0x000001c5b205a9b0, 0x000001c5b205ae80, 0x000001c5b205c1c0, 0x000001c5b205c690,
0x000001c5b20591a0, 0x000001c5b205d9d0, 0x000001c5b2059b40, 0x000001c5b205a010,
0x000001c5b205a4e0, 0x000001c5b205b350, 0x000001c5b3477dd0, 0x000001c5b347cfa0,
0x000001c5b347a450, 0x000001c5b3478770, 0x000001c5b34765c0, 0x000001c5b347a920,
0x000001c5b347adf0, 0x000001c5b3479f80, 0x000001c5b347d470, 0x000001c5b3478c40,
0x000001c5b347b2c0, 0x000001c5b3476a90, 0x000001c5b34795e0, 0x000001c5b3477430,
0x000001c5b3479110
}

Java Threads: ( => current thread )
  0x000001c592aa91b0 JavaThread "main" [_thread_blocked, id=21444, stack(0x0000005ff9000000,0x0000005ff9100000)]
  0x000001c5ad832250 JavaThread "Reference Handler" daemon [_thread_blocked, id=13356, stack(0x0000005ff9700000,0x0000005ff9800000)]
  0x000001c5ad834e10 JavaThread "Finalizer" daemon [_thread_blocked, id=19500, stack(0x0000005ff9800000,0x0000005ff9900000)]
  0x000001c5acd76350 JavaThread "Signal Dispatcher" daemon [_thread_blocked, id=15144, stack(0x0000005ff9900000,0x0000005ff9a00000)]
  0x000001c5ad854020 JavaThread "Attach Listener" daemon [_thread_blocked, id=18696, stack(0x0000005ff9a00000,0x0000005ff9b00000)]
  0x000001c5ad8569e0 JavaThread "Service Thread" daemon [_thread_blocked, id=28452, stack(0x0000005ff9b00000,0x0000005ff9c00000)]
  0x000001c5ad857fb0 JavaThread "Monitor Deflation Thread" daemon [_thread_blocked, id=3764, stack(0x0000005ff9c00000,0x0000005ff9d00000)]
=>0x000001c5ad8598b0 JavaThread "C2 CompilerThread0" daemon [_thread_in_native, id=5948, stack(0x0000005ff9d00000,0x0000005ff9e00000)]
  0x000001c5ad85a350 JavaThread "C1 CompilerThread0" daemon [_thread_in_native, id=1204, stack(0x0000005ff9e00000,0x0000005ff9f00000)]
  0x000001c5ad85c560 JavaThread "Sweeper thread" daemon [_thread_blocked, id=26728, stack(0x0000005ff9f00000,0x0000005ffa000000)]
  0x000001c5ad9cbbe0 JavaThread "Common-Cleaner" daemon [_thread_blocked, id=10276, stack(0x0000005ffa000000,0x0000005ffa100000)]
  0x000001c5ad9ced50 JavaThread "Notification Thread" daemon [_thread_blocked, id=13784, stack(0x0000005ffa100000,0x0000005ffa200000)]
  0x000001c5adca9710 JavaThread "C2 CompilerThread1" daemon [_thread_in_native, id=7552, stack(0x0000005ffa300000,0x0000005ffa400000)]
  0x000001c5b0494ae0 JavaThread "Daemon health stats" [_thread_blocked, id=5228, stack(0x0000005ffa800000,0x0000005ffa900000)]
  0x000001c5b06ac020 JavaThread "Incoming local TCP Connector on port 64956" [_thread_in_native, id=20584, stack(0x0000005ffa900000,0x0000005ffaa00000)]
  0x000001c5b00a1cf0 JavaThread "Daemon periodic checks" [_thread_blocked, id=26832, stack(0x0000005ffaa00000,0x0000005ffab00000)]
  0x000001c5aff57540 JavaThread "Daemon" [_thread_blocked, id=11324, stack(0x0000005ffab00000,0x0000005ffac00000)]
  0x000001c5b05ae030 JavaThread "Handler for socket connection from /127.0.0.1:64956 to /127.0.0.1:64957" [_thread_in_native, id=5184, stack(0x0000005ffac00000,0x0000005ffad00000)]
  0x000001c5b0a09e30 JavaThread "Cancel handler" [_thread_blocked, id=5072, stack(0x0000005ffad00000,0x0000005ffae00000)]
  0x000001c5af34d310 JavaThread "Daemon worker" [_thread_in_Java, id=27196, stack(0x0000005ffae00000,0x0000005ffaf00000)]
  0x000001c5b06a7ef0 JavaThread "Asynchronous log dispatcher for DefaultDaemonConnection: socket connection from /127.0.0.1:64956 to /127.0.0.1:64957" [_thread_in_native, id=26484, stack(0x0000005ffaf00000,0x0000005ffb000000)]
  0x000001c5b06aa570 JavaThread "Stdin handler" [_thread_blocked, id=25336, stack(0x0000005ffb000000,0x0000005ffb100000)]
  0x000001c5b06a9230 JavaThread "Daemon client event forwarder" [_thread_blocked, id=20416, stack(0x0000005ffb100000,0x0000005ffb200000)]
  0x000001c5b06a9700 JavaThread "Cache worker for journal cache (C:\Users\Richard\.gradle\caches\journal-1)" [_thread_blocked, id=4436, stack(0x0000005ffb900000,0x0000005ffba00000)]
  0x000001c5b06aaa40 JavaThread "File lock request listener" [_thread_in_native, id=21592, stack(0x0000005ffba00000,0x0000005ffbb00000)]
  0x000001c5b06a7080 JavaThread "Cache worker for file hash cache (C:\Users\Richard\.gradle\caches\8.0\fileHashes)" [_thread_blocked, id=8980, stack(0x0000005ffbb00000,0x0000005ffbc00000)]
  0x000001c5b06a83c0 JavaThread "File watcher server" daemon [_thread_in_native, id=20020, stack(0x0000005ffbc00000,0x0000005ffbd00000)]
  0x000001c5b06aa0a0 JavaThread "File watcher consumer" daemon [_thread_blocked, id=348, stack(0x0000005ffbd00000,0x0000005ffbe00000)]
  0x000001c5b06a7a20 JavaThread "Cache worker for checksums cache (C:\LAB MP\UASNo2New\.gradle\8.0\checksums)" [_thread_blocked, id=14592, stack(0x0000005ffbe00000,0x0000005ffbf00000)]
  0x000001c5b06a8d60 JavaThread "Cache worker for file content cache (C:\Users\Richard\.gradle\caches\8.0\fileContent)" [_thread_blocked, id=19248, stack(0x0000005ffc000000,0x0000005ffc100000)]
  0x000001c5b3089670 JavaThread "Cache worker for file hash cache (C:\LAB MP\UASNo2New\.gradle\8.0\fileHashes)" [_thread_blocked, id=27276, stack(0x0000005ffc100000,0x0000005ffc200000)]
  0x000001c5b308bcf0 JavaThread "Cache worker for execution history cache (C:\Users\Richard\.gradle\caches\8.0\executionHistory)" [_thread_blocked, id=18276, stack(0x0000005ffc300000,0x0000005ffc400000)]
  0x000001c5b308a010 JavaThread "jar transforms" [_thread_blocked, id=21940, stack(0x0000005ffc400000,0x0000005ffc500000)]
  0x000001c5b308ed10 JavaThread "jar transforms Thread 2" [_thread_blocked, id=26948, stack(0x0000005ffc500000,0x0000005ffc600000)]
  0x000001c5b30891a0 JavaThread "jar transforms Thread 3" [_thread_blocked, id=15472, stack(0x0000005ffc600000,0x0000005ffc700000)]
  0x000001c5b308a9b0 JavaThread "jar transforms Thread 4" [_thread_blocked, id=21080, stack(0x0000005ffc700000,0x0000005ffc800000)]
  0x000001c5b3088cd0 JavaThread "Cache worker for dependencies-accessors (C:\LAB MP\UASNo2New\.gradle\8.0\dependencies-accessors)" [_thread_blocked, id=3080, stack(0x0000005ffc800000,0x0000005ffc900000)]
  0x000001c5b308f1e0 JavaThread "jar transforms Thread 5" [_thread_blocked, id=20072, stack(0x0000005ffcb00000,0x0000005ffcc00000)]
  0x000001c5b308c690 JavaThread "Unconstrained build operations" [_thread_blocked, id=3828, stack(0x0000005ffcd00000,0x0000005ffce00000)]
  0x000001c5b308e370 JavaThread "Unconstrained build operations Thread 2" [_thread_blocked, id=12464, stack(0x0000005ffce00000,0x0000005ffcf00000)]
  0x000001c5b308cb60 JavaThread "Unconstrained build operations Thread 3" [_thread_blocked, id=8128, stack(0x0000005ffcf00000,0x0000005ffd000000)]
  0x000001c5b308d030 JavaThread "Unconstrained build operations Thread 4" [_thread_blocked, id=4632, stack(0x0000005ffd000000,0x0000005ffd100000)]
  0x000001c5b308d9d0 JavaThread "Unconstrained build operations Thread 5" [_thread_blocked, id=26244, stack(0x0000005ffd100000,0x0000005ffd200000)]
  0x000001c5b3090050 JavaThread "Unconstrained build operations Thread 6" [_thread_blocked, id=26512, stack(0x0000005ffd200000,0x0000005ffd300000)]
  0x000001c5b308dea0 JavaThread "Unconstrained build operations Thread 7" [_thread_blocked, id=21948, stack(0x0000005ffd300000,0x0000005ffd400000)]
  0x000001c5b308fb80 JavaThread "Unconstrained build operations Thread 8" [_thread_blocked, id=23620, stack(0x0000005ffd400000,0x0000005ffd500000)]
  0x000001c5b39b5e50 JavaThread "Unconstrained build operations Thread 9" [_thread_blocked, id=12180, stack(0x0000005ffd500000,0x0000005ffd600000)]
  0x000001c5b39b67f0 JavaThread "Unconstrained build operations Thread 10" [_thread_blocked, id=9820, stack(0x0000005ffd600000,0x0000005ffd700000)]
  0x000001c5b39b8000 JavaThread "Unconstrained build operations Thread 11" [_thread_blocked, id=16360, stack(0x0000005ffd700000,0x0000005ffd800000)]
  0x000001c5b39b1fc0 JavaThread "Unconstrained build operations Thread 12" [_thread_blocked, id=26872, stack(0x0000005ffd800000,0x0000005ffd900000)]
  0x000001c5b39b37d0 JavaThread "Unconstrained build operations Thread 13" [_thread_blocked, id=20904, stack(0x0000005ffd900000,0x0000005ffda00000)]
  0x000001c5b39b4640 JavaThread "Unconstrained build operations Thread 14" [_thread_blocked, id=27464, stack(0x0000005ffda00000,0x0000005ffdb00000)]
  0x000001c5b39b2490 JavaThread "Unconstrained build operations Thread 15" [_thread_blocked, id=8816, stack(0x0000005ffdb00000,0x0000005ffdc00000)]
  0x000001c5b39b6cc0 JavaThread "Unconstrained build operations Thread 16" [_thread_blocked, id=9236, stack(0x0000005ffdc00000,0x0000005ffdd00000)]
  0x000001c5b39b3ca0 JavaThread "Unconstrained build operations Thread 17" [_thread_blocked, id=24020, stack(0x0000005ffdd00000,0x0000005ffde00000)]
  0x000001c5b39b1620 JavaThread "Unconstrained build operations Thread 18" [_thread_blocked, id=2156, stack(0x0000005ffde00000,0x0000005ffdf00000)]
  0x000001c5b39b4170 JavaThread "Unconstrained build operations Thread 19" [_thread_blocked, id=27804, stack(0x0000005ffdf00000,0x0000005ffe000000)]
  0x000001c5b39b6320 JavaThread "Unconstrained build operations Thread 20" [_thread_blocked, id=10700, stack(0x0000005ffe000000,0x0000005ffe100000)]
  0x000001c5b39b1150 JavaThread "Unconstrained build operations Thread 21" [_thread_blocked, id=15692, stack(0x0000005ffe100000,0x0000005ffe200000)]
  0x000001c5b39b4b10 JavaThread "Unconstrained build operations Thread 22" [_thread_blocked, id=304, stack(0x0000005ffe200000,0x0000005ffe300000)]
  0x000001c5b39b4fe0 JavaThread "Unconstrained build operations Thread 23" [_thread_blocked, id=8300, stack(0x0000005ffe300000,0x0000005ffe400000)]
  0x000001c5b39b54b0 JavaThread "Unconstrained build operations Thread 24" [_thread_blocked, id=8912, stack(0x0000005ffe400000,0x0000005ffe500000)]
  0x000001c5b39b0c80 JavaThread "Unconstrained build operations Thread 25" [_thread_blocked, id=20092, stack(0x0000005ffe500000,0x0000005ffe600000)]
  0x000001c5b39b5980 JavaThread "Unconstrained build operations Thread 26" [_thread_blocked, id=6976, stack(0x0000005ffe600000,0x0000005ffe700000)]
  0x000001c5b39b7190 JavaThread "Unconstrained build operations Thread 27" [_thread_blocked, id=18732, stack(0x0000005ffe700000,0x0000005ffe800000)]
  0x000001c5b39b3300 JavaThread "Unconstrained build operations Thread 28" [_thread_blocked, id=28616, stack(0x0000005ffe800000,0x0000005ffe900000)]
  0x000001c5b39b7660 JavaThread "Unconstrained build operations Thread 29" [_thread_blocked, id=26236, stack(0x0000005ffe900000,0x0000005ffea00000)]
  0x000001c5b39b7b30 JavaThread "Unconstrained build operations Thread 30" [_thread_blocked, id=27756, stack(0x0000005ffea00000,0x0000005ffeb00000)]
  0x000001c5b39b1af0 JavaThread "Unconstrained build operations Thread 31" [_thread_blocked, id=1952, stack(0x0000005ffeb00000,0x0000005ffec00000)]
  0x000001c5b39b84d0 JavaThread "Unconstrained build operations Thread 32" [_thread_blocked, id=23172, stack(0x0000005ffec00000,0x0000005ffed00000)]
  0x000001c5b39b2960 JavaThread "Unconstrained build operations Thread 33" [_thread_blocked, id=27332, stack(0x0000005ffed00000,0x0000005ffee00000)]
  0x000001c5b39b2e30 JavaThread "Unconstrained build operations Thread 34" [_thread_blocked, id=20552, stack(0x0000005ffee00000,0x0000005ffef00000)]
  0x000001c5b2059670 JavaThread "Unconstrained build operations Thread 35" [_thread_blocked, id=23404, stack(0x0000005ffef00000,0x0000005fff000000)]
  0x000001c5b205e370 JavaThread "Unconstrained build operations Thread 36" [_thread_blocked, id=15464, stack(0x0000005fff000000,0x0000005fff100000)]
  0x000001c5b205f1e0 JavaThread "Unconstrained build operations Thread 37" [_thread_blocked, id=14608, stack(0x0000005fff100000,0x0000005fff200000)]
  0x000001c5b205e840 JavaThread "Unconstrained build operations Thread 38" [_thread_blocked, id=2480, stack(0x0000005fff200000,0x0000005fff300000)]
  0x000001c5b205d030 JavaThread "Unconstrained build operations Thread 39" [_thread_blocked, id=13328, stack(0x0000005fff300000,0x0000005fff400000)]
  0x000001c5b205fb80 JavaThread "Unconstrained build operations Thread 40" [_thread_blocked, id=8724, stack(0x0000005fff400000,0x0000005fff500000)]
  0x000001c5b205ed10 JavaThread "Unconstrained build operations Thread 41" [_thread_blocked, id=5688, stack(0x0000005fff500000,0x0000005fff600000)]
  0x000001c5b205b820 JavaThread "Unconstrained build operations Thread 42" [_thread_blocked, id=5372, stack(0x0000005fff600000,0x0000005fff700000)]
  0x000001c5b205cb60 JavaThread "Unconstrained build operations Thread 43" [_thread_blocked, id=26464, stack(0x0000005fff700000,0x0000005fff800000)]
  0x000001c5b205dea0 JavaThread "Unconstrained build operations Thread 44" [_thread_blocked, id=4416, stack(0x0000005fff800000,0x0000005fff900000)]
  0x000001c5b205bcf0 JavaThread "Unconstrained build operations Thread 45" [_thread_blocked, id=6176, stack(0x0000005fff900000,0x0000005fffa00000)]
  0x000001c5b205f6b0 JavaThread "Unconstrained build operations Thread 46" [_thread_blocked, id=9340, stack(0x0000005fffa00000,0x0000005fffb00000)]
  0x000001c5b2060050 JavaThread "Unconstrained build operations Thread 47" [_thread_blocked, id=15400, stack(0x0000005fffb00000,0x0000005fffc00000)]
  0x000001c5b2060520 JavaThread "Unconstrained build operations Thread 48" [_thread_blocked, id=8956, stack(0x0000005fffc00000,0x0000005fffd00000)]
  0x000001c5b205d500 JavaThread "Unconstrained build operations Thread 49" [_thread_blocked, id=8760, stack(0x0000005fffd00000,0x0000005fffe00000)]
  0x000001c5b20609f0 JavaThread "Unconstrained build operations Thread 50" [_thread_blocked, id=20636, stack(0x0000005fffe00000,0x0000005ffff00000)]
  0x000001c5b205a9b0 JavaThread "Unconstrained build operations Thread 51" [_thread_blocked, id=19812, stack(0x0000005ffff00000,0x0000006000000000)]
  0x000001c5b205ae80 JavaThread "Unconstrained build operations Thread 52" [_thread_blocked, id=17752, stack(0x0000005f80000000,0x0000005f80100000)]
  0x000001c5b205c1c0 JavaThread "Unconstrained build operations Thread 53" [_thread_blocked, id=15564, stack(0x0000005f80100000,0x0000005f80200000)]
  0x000001c5b205c690 JavaThread "Unconstrained build operations Thread 54" [_thread_blocked, id=4724, stack(0x0000005f80200000,0x0000005f80300000)]
  0x000001c5b20591a0 JavaThread "Unconstrained build operations Thread 55" [_thread_blocked, id=24992, stack(0x0000005f80300000,0x0000005f80400000)]
  0x000001c5b205d9d0 JavaThread "Unconstrained build operations Thread 56" [_thread_blocked, id=23360, stack(0x0000005f80400000,0x0000005f80500000)]
  0x000001c5b2059b40 JavaThread "Unconstrained build operations Thread 57" [_thread_blocked, id=23076, stack(0x0000005f80500000,0x0000005f80600000)]
  0x000001c5b205a010 JavaThread "Unconstrained build operations Thread 58" [_thread_blocked, id=25424, stack(0x0000005f80600000,0x0000005f80700000)]
  0x000001c5b205a4e0 JavaThread "Unconstrained build operations Thread 59" [_thread_blocked, id=9272, stack(0x0000005f80700000,0x0000005f80800000)]
  0x000001c5b205b350 JavaThread "Unconstrained build operations Thread 60" [_thread_blocked, id=13192, stack(0x0000005f80800000,0x0000005f80900000)]
  0x000001c5b3477dd0 JavaThread "Unconstrained build operations Thread 61" [_thread_blocked, id=16208, stack(0x0000005f80900000,0x0000005f80a00000)]
  0x000001c5b347cfa0 JavaThread "Unconstrained build operations Thread 62" [_thread_blocked, id=11348, stack(0x0000005f80a00000,0x0000005f80b00000)]
  0x000001c5b347a450 JavaThread "Unconstrained build operations Thread 63" [_thread_blocked, id=13264, stack(0x0000005f80b00000,0x0000005f80c00000)]
  0x000001c5b3478770 JavaThread "Unconstrained build operations Thread 64" [_thread_blocked, id=9804, stack(0x0000005f80c00000,0x0000005f80d00000)]
  0x000001c5b34765c0 JavaThread "Unconstrained build operations Thread 65" [_thread_blocked, id=16192, stack(0x0000005f80d00000,0x0000005f80e00000)]
  0x000001c5b347a920 JavaThread "Unconstrained build operations Thread 66" [_thread_blocked, id=17604, stack(0x0000005f80e00000,0x0000005f80f00000)]
  0x000001c5b347adf0 JavaThread "Unconstrained build operations Thread 67" [_thread_blocked, id=4016, stack(0x0000005f80f00000,0x0000005f81000000)]
  0x000001c5b3479f80 JavaThread "Unconstrained build operations Thread 68" [_thread_blocked, id=6072, stack(0x0000005f81000000,0x0000005f81100000)]
  0x000001c5b347d470 JavaThread "Unconstrained build operations Thread 69" [_thread_blocked, id=24700, stack(0x0000005f81100000,0x0000005f81200000)]
  0x000001c5b3478c40 JavaThread "Unconstrained build operations Thread 70" [_thread_blocked, id=17064, stack(0x0000005f81200000,0x0000005f81300000)]
  0x000001c5b347b2c0 JavaThread "Unconstrained build operations Thread 71" [_thread_blocked, id=16168, stack(0x0000005f81300000,0x0000005f81400000)]
  0x000001c5b3476a90 JavaThread "Unconstrained build operations Thread 72" [_thread_blocked, id=9980, stack(0x0000005f81400000,0x0000005f81500000)]
  0x000001c5b34795e0 JavaThread "Unconstrained build operations Thread 73" [_thread_blocked, id=22988, stack(0x0000005f81500000,0x0000005f81600000)]
  0x000001c5b3477430 JavaThread "Unconstrained build operations Thread 74" [_thread_blocked, id=6220, stack(0x0000005f81600000,0x0000005f81700000)]
  0x000001c5b3479110 JavaThread "Unconstrained build operations Thread 75" [_thread_blocked, id=22380, stack(0x0000005f81700000,0x0000005f81800000)]

Other Threads:
  0x000001c5ad8201c0 VMThread "VM Thread" [stack: 0x0000005ff9600000,0x0000005ff9700000] [id=10400]
  0x000001c592b57e10 WatcherThread [stack: 0x0000005ffa200000,0x0000005ffa300000] [id=3424]
  0x000001c592b04800 GCTaskThread "GC Thread#0" [stack: 0x0000005ff9100000,0x0000005ff9200000] [id=9120]
  0x000001c5ae987400 GCTaskThread "GC Thread#1" [stack: 0x0000005ffa400000,0x0000005ffa500000] [id=24332]
  0x000001c5aea14420 GCTaskThread "GC Thread#2" [stack: 0x0000005ffa500000,0x0000005ffa600000] [id=25968]
  0x000001c5ae5bdc30 GCTaskThread "GC Thread#3" [stack: 0x0000005ffa600000,0x0000005ffa700000] [id=15036]
  0x000001c5aec6b130 GCTaskThread "GC Thread#4" [stack: 0x0000005ffa700000,0x0000005ffa800000] [id=19540]
  0x000001c5b0936b40 GCTaskThread "GC Thread#5" [stack: 0x0000005ffb200000,0x0000005ffb300000] [id=9936]
  0x000001c5b0936890 GCTaskThread "GC Thread#6" [stack: 0x0000005ffb300000,0x0000005ffb400000] [id=3392]
  0x000001c5b0937b60 GCTaskThread "GC Thread#7" [stack: 0x0000005ffb400000,0x0000005ffb500000] [id=24800]
  0x000001c5b0936df0 GCTaskThread "GC Thread#8" [stack: 0x0000005ffb500000,0x0000005ffb600000] [id=14516]
  0x000001c5b0936080 GCTaskThread "GC Thread#9" [stack: 0x0000005ffb600000,0x0000005ffb700000] [id=5660]
  0x000001c592b53010 ConcurrentGCThread "G1 Main Marker" [stack: 0x0000005ff9200000,0x0000005ff9300000] [id=13768]
  0x000001c592b548d0 ConcurrentGCThread "G1 Conc#0" [stack: 0x0000005ff9300000,0x0000005ff9400000] [id=25808]
  0x000001c5b0936330 ConcurrentGCThread "G1 Conc#1" [stack: 0x0000005ffb700000,0x0000005ffb800000] [id=8968]
  0x000001c5b0937350 ConcurrentGCThread "G1 Conc#2" [stack: 0x0000005ffb800000,0x0000005ffb900000] [id=18776]
  0x000001c592b6dc30 ConcurrentGCThread "G1 Refine#0" [stack: 0x0000005ff9400000,0x0000005ff9500000] [id=17264]
  0x000001c5b06be530 ConcurrentGCThread "G1 Refine#1" [stack: 0x0000005ffc900000,0x0000005ffca00000] [id=22304]
  0x000001c5b1fb98c0 ConcurrentGCThread "G1 Refine#2" [stack: 0x0000005ffca00000,0x0000005ffcb00000] [id=17404]
  0x000001c592b6e4f0 ConcurrentGCThread "G1 Service" [stack: 0x0000005ff9500000,0x0000005ff9600000] [id=19836]

Threads with active compile tasks:
C2 CompilerThread0     3941 5018       4       java.security.SecureClassLoader::defineClass (16 bytes)
C2 CompilerThread1     3941 5054       4       java.lang.invoke.MethodType::makeImpl (109 bytes)

VM state: not at safepoint (normal execution)

VM Mutex/Monitor currently owned by a thread: None

OutOfMemory and StackOverflow Exception counts:
OutOfMemoryError java_heap_errors=1
LinkageErrors=109

Heap address: 0x0000000080000000, size: 2048 MB, Compressed Oops mode: 32-bit

CDS archive(s) not mapped
Compressed class space mapped at: 0x0000000100000000-0x0000000140000000, reserved size: 1073741824
Narrow klass base: 0x0000000000000000, Narrow klass shift: 3, Narrow klass range: 0x140000000

GC Precious Log:
 CPUs: 12 total, 12 available
 Memory: 8043M
 Large Page Support: Disabled
 NUMA Support: Disabled
 Compressed Oops: Enabled (32-bit)
 Heap Region Size: 1M
 Heap Min Capacity: 8M
 Heap Initial Capacity: 126M
 Heap Max Capacity: 2G
 Pre-touch: Disabled
 Parallel Workers: 10
 Concurrent Workers: 3
 Concurrent Refinement Workers: 10
 Periodic GC: Disabled

Heap:
 garbage-first heap   total 86016K, used 41347K [0x0000000080000000, 0x0000000100000000)
  region size 1024K, 10 young (10240K), 4 survivors (4096K)
 Metaspace       used 51723K, committed 52096K, reserved 1097728K
  class space    used 6872K, committed 7040K, reserved 1048576K

Heap Regions: E=young(eden), S=young(survivor), O=old, HS=humongous(starts), HC=humongous(continues), CS=collection set, F=free, OA=open archive, CA=closed archive, TAMS=top-at-mark-start (previous, next)
|   0|0x0000000080000000, 0x0000000080100000, 0x0000000080100000|100%|HS|  |TAMS 0x0000000080100000, 0x0000000080000000| Complete 
|   1|0x0000000080100000, 0x0000000080200000, 0x0000000080200000|100%|HC|  |TAMS 0x0000000080200000, 0x0000000080100000| Complete 
|   2|0x0000000080200000, 0x0000000080300000, 0x0000000080300000|100%|HC|  |TAMS 0x0000000080300000, 0x0000000080200000| Complete 
|   3|0x0000000080300000, 0x0000000080400000, 0x0000000080400000|100%|HC|  |TAMS 0x0000000080400000, 0x0000000080300000| Complete 
|   4|0x0000000080400000, 0x0000000080500000, 0x0000000080500000|100%| O|  |TAMS 0x0000000080500000, 0x0000000080400000| Untracked 
|   5|0x0000000080500000, 0x0000000080600000, 0x0000000080600000|100%| O|  |TAMS 0x0000000080600000, 0x0000000080500000| Untracked 
|   6|0x0000000080600000, 0x0000000080700000, 0x0000000080700000|100%| O|  |TAMS 0x0000000080700000, 0x0000000080600000| Untracked 
|   7|0x0000000080700000, 0x0000000080800000, 0x0000000080800000|100%| O|  |TAMS 0x0000000080800000, 0x0000000080700000| Untracked 
|   8|0x0000000080800000, 0x0000000080900000, 0x0000000080900000|100%| O|  |TAMS 0x0000000080900000, 0x0000000080800000| Untracked 
|   9|0x0000000080900000, 0x0000000080a00000, 0x0000000080a00000|100%| O|  |TAMS 0x0000000080a00000, 0x0000000080900000| Untracked 
|  10|0x0000000080a00000, 0x0000000080b00000, 0x0000000080b00000|100%| O|  |TAMS 0x0000000080b00000, 0x0000000080a00000| Untracked 
|  11|0x0000000080b00000, 0x0000000080b3fe00, 0x0000000080c00000| 24%| O|  |TAMS 0x0000000080b3fe00, 0x0000000080b00000| Untracked 
|  12|0x0000000080c00000, 0x0000000080d00000, 0x0000000080d00000|100%| O|  |TAMS 0x0000000080d00000, 0x0000000080c00000| Untracked 
|  13|0x0000000080d00000, 0x0000000080e00000, 0x0000000080e00000|100%| O|  |TAMS 0x0000000080e00000, 0x0000000080d00000| Untracked 
|  14|0x0000000080e00000, 0x0000000080f00000, 0x0000000080f00000|100%| O|  |TAMS 0x0000000080f00000, 0x0000000080e00000| Untracked 
|  15|0x0000000080f00000, 0x0000000081000000, 0x0000000081000000|100%| O|  |TAMS 0x0000000081000000, 0x0000000080f00000| Untracked 
|  16|0x0000000081000000, 0x0000000081100000, 0x0000000081100000|100%| O|  |TAMS 0x0000000081100000, 0x0000000081000000| Untracked 
|  17|0x0000000081100000, 0x0000000081200000, 0x0000000081200000|100%| O|  |TAMS 0x0000000081200000, 0x0000000081100000| Untracked 
|  18|0x0000000081200000, 0x0000000081300000, 0x0000000081300000|100%| O|  |TAMS 0x0000000081277000, 0x0000000081200000| Untracked 
|  19|0x0000000081300000, 0x0000000081400000, 0x0000000081400000|100%| O|  |TAMS 0x0000000081300000, 0x0000000081300000| Untracked 
|  20|0x0000000081400000, 0x0000000081500000, 0x0000000081500000|100%| O|  |TAMS 0x0000000081400000, 0x0000000081400000| Untracked 
|  21|0x0000000081500000, 0x0000000081600000, 0x0000000081600000|100%| O|  |TAMS 0x0000000081500000, 0x0000000081500000| Untracked 
|  22|0x0000000081600000, 0x0000000081700000, 0x0000000081700000|100%| O|  |TAMS 0x0000000081600000, 0x0000000081600000| Untracked 
|  23|0x0000000081700000, 0x0000000081800000, 0x0000000081800000|100%| O|  |TAMS 0x0000000081700000, 0x0000000081700000| Untracked 
|  24|0x0000000081800000, 0x0000000081800000, 0x0000000081900000|  0%| F|  |TAMS 0x0000000081800000, 0x0000000081800000| Untracked 
|  25|0x0000000081900000, 0x0000000081a00000, 0x0000000081a00000|100%| O|  |TAMS 0x0000000081900000, 0x0000000081900000| Untracked 
|  26|0x0000000081a00000, 0x0000000081b00000, 0x0000000081b00000|100%| O|  |TAMS 0x0000000081a00000, 0x0000000081a00000| Untracked 
|  27|0x0000000081b00000, 0x0000000081c00000, 0x0000000081c00000|100%| O|  |TAMS 0x0000000081b00000, 0x0000000081b00000| Untracked 
|  28|0x0000000081c00000, 0x0000000081d00000, 0x0000000081d00000|100%| O|  |TAMS 0x0000000081c00000, 0x0000000081c00000| Untracked 
|  29|0x0000000081d00000, 0x0000000081e00000, 0x0000000081e00000|100%| O|  |TAMS 0x0000000081d00000, 0x0000000081d00000| Untracked 
|  30|0x0000000081e00000, 0x0000000081f00000, 0x0000000081f00000|100%| O|  |TAMS 0x0000000081e00000, 0x0000000081e00000| Untracked 
|  31|0x0000000081f00000, 0x0000000082000000, 0x0000000082000000|100%| O|  |TAMS 0x0000000081f00000, 0x0000000081f00000| Untracked 
|  32|0x0000000082000000, 0x0000000082100000, 0x0000000082100000|100%| O|  |TAMS 0x0000000082000000, 0x0000000082000000| Untracked 
|  33|0x0000000082100000, 0x0000000082132400, 0x0000000082200000| 19%| O|  |TAMS 0x0000000082100000, 0x0000000082100000| Untracked 
|  34|0x0000000082200000, 0x0000000082200000, 0x0000000082300000|  0%| F|  |TAMS 0x0000000082200000, 0x0000000082200000| Untracked 
|  35|0x0000000082300000, 0x0000000082300000, 0x0000000082400000|  0%| F|  |TAMS 0x0000000082300000, 0x0000000082300000| Untracked 
|  36|0x0000000082400000, 0x0000000082400000, 0x0000000082500000|  0%| F|  |TAMS 0x0000000082400000, 0x0000000082400000| Untracked 
|  37|0x0000000082500000, 0x0000000082500000, 0x0000000082600000|  0%| F|  |TAMS 0x0000000082500000, 0x0000000082500000| Untracked 
|  38|0x0000000082600000, 0x0000000082600000, 0x0000000082700000|  0%| F|  |TAMS 0x0000000082600000, 0x0000000082600000| Untracked 
|  39|0x0000000082700000, 0x0000000082700000, 0x0000000082800000|  0%| F|  |TAMS 0x0000000082700000, 0x0000000082700000| Untracked 
|  40|0x0000000082800000, 0x0000000082800000, 0x0000000082900000|  0%| F|  |TAMS 0x0000000082800000, 0x0000000082800000| Untracked 
|  41|0x0000000082900000, 0x0000000082900000, 0x0000000082a00000|  0%| F|  |TAMS 0x0000000082900000, 0x0000000082900000| Untracked 
|  42|0x0000000082a00000, 0x0000000082a00000, 0x0000000082b00000|  0%| F|  |TAMS 0x0000000082a00000, 0x0000000082a00000| Untracked 
|  43|0x0000000082b00000, 0x0000000082b00000, 0x0000000082c00000|  0%| F|  |TAMS 0x0000000082b00000, 0x0000000082b00000| Untracked 
|  44|0x0000000082c00000, 0x0000000082c00000, 0x0000000082d00000|  0%| F|  |TAMS 0x0000000082c00000, 0x0000000082c00000| Untracked 
|  45|0x0000000082d00000, 0x0000000082d00000, 0x0000000082e00000|  0%| F|  |TAMS 0x0000000082d00000, 0x0000000082d00000| Untracked 
|  46|0x0000000082e00000, 0x0000000082e00000, 0x0000000082f00000|  0%| F|  |TAMS 0x0000000082e00000, 0x0000000082e00000| Untracked 
|  47|0x0000000082f00000, 0x0000000082f00000, 0x0000000083000000|  0%| F|  |TAMS 0x0000000082f00000, 0x0000000082f00000| Untracked 
|  48|0x0000000083000000, 0x00000000830eea20, 0x0000000083100000| 93%| S|CS|TAMS 0x0000000083000000, 0x0000000083000000| Complete 
|  49|0x0000000083100000, 0x0000000083100000, 0x0000000083200000|  0%| F|  |TAMS 0x0000000083100000, 0x0000000083100000| Untracked 
|  50|0x0000000083200000, 0x0000000083200000, 0x0000000083300000|  0%| F|  |TAMS 0x0000000083200000, 0x0000000083200000| Untracked 
|  51|0x0000000083300000, 0x0000000083300000, 0x0000000083400000|  0%| F|  |TAMS 0x0000000083300000, 0x0000000083300000| Untracked 
|  52|0x0000000083400000, 0x0000000083500000, 0x0000000083500000|100%| S|CS|TAMS 0x0000000083400000, 0x0000000083400000| Complete 
|  53|0x0000000083500000, 0x0000000083600000, 0x0000000083600000|100%| S|CS|TAMS 0x0000000083500000, 0x0000000083500000| Complete 
|  54|0x0000000083600000, 0x0000000083700000, 0x0000000083700000|100%| S|CS|TAMS 0x0000000083600000, 0x0000000083600000| Complete 
|  55|0x0000000083700000, 0x0000000083700000, 0x0000000083800000|  0%| F|  |TAMS 0x0000000083700000, 0x0000000083700000| Untracked 
|  56|0x0000000083800000, 0x0000000083800000, 0x0000000083900000|  0%| F|  |TAMS 0x0000000083800000, 0x0000000083800000| Untracked 
|  57|0x0000000083900000, 0x0000000083900000, 0x0000000083a00000|  0%| F|  |TAMS 0x0000000083900000, 0x0000000083900000| Untracked 
|  58|0x0000000083a00000, 0x0000000083a00000, 0x0000000083b00000|  0%| F|  |TAMS 0x0000000083a00000, 0x0000000083a00000| Untracked 
|  59|0x0000000083b00000, 0x0000000083b00000, 0x0000000083c00000|  0%| F|  |TAMS 0x0000000083b00000, 0x0000000083b00000| Untracked 
|  60|0x0000000083c00000, 0x0000000083c00000, 0x0000000083d00000|  0%| F|  |TAMS 0x0000000083c00000, 0x0000000083c00000| Untracked 
|  61|0x0000000083d00000, 0x0000000083d00000, 0x0000000083e00000|  0%| F|  |TAMS 0x0000000083d00000, 0x0000000083d00000| Untracked 
|  62|0x0000000083e00000, 0x0000000083e00000, 0x0000000083f00000|  0%| F|  |TAMS 0x0000000083e00000, 0x0000000083e00000| Untracked 
|  63|0x0000000083f00000, 0x0000000083f00000, 0x0000000084000000|  0%| F|  |TAMS 0x0000000083f00000, 0x0000000083f00000| Untracked 
|  64|0x0000000084000000, 0x0000000084000000, 0x0000000084100000|  0%| F|  |TAMS 0x0000000084000000, 0x0000000084000000| Untracked 
|  65|0x0000000084100000, 0x0000000084100000, 0x0000000084200000|  0%| F|  |TAMS 0x0000000084100000, 0x0000000084100000| Untracked 
|  66|0x0000000084200000, 0x0000000084200000, 0x0000000084300000|  0%| F|  |TAMS 0x0000000084200000, 0x0000000084200000| Untracked 
|  67|0x0000000084300000, 0x0000000084300000, 0x0000000084400000|  0%| F|  |TAMS 0x0000000084300000, 0x0000000084300000| Untracked 
|  68|0x0000000084400000, 0x0000000084400000, 0x0000000084500000|  0%| F|  |TAMS 0x0000000084400000, 0x0000000084400000| Untracked 
|  69|0x0000000084500000, 0x0000000084500000, 0x0000000084600000|  0%| F|  |TAMS 0x0000000084500000, 0x0000000084500000| Untracked 
|  70|0x0000000084600000, 0x0000000084600000, 0x0000000084700000|  0%| F|  |TAMS 0x0000000084600000, 0x0000000084600000| Untracked 
|  71|0x0000000084700000, 0x0000000084700000, 0x0000000084800000|  0%| F|  |TAMS 0x0000000084700000, 0x0000000084700000| Untracked 
|  72|0x0000000084800000, 0x0000000084800000, 0x0000000084900000|  0%| F|  |TAMS 0x0000000084800000, 0x0000000084800000| Untracked 
|  73|0x0000000084900000, 0x0000000084900000, 0x0000000084a00000|  0%| F|  |TAMS 0x0000000084900000, 0x0000000084900000| Untracked 
|  75|0x0000000084b00000, 0x0000000084b00000, 0x0000000084c00000|  0%| F|  |TAMS 0x0000000084b00000, 0x0000000084b00000| Untracked 
|  76|0x0000000084c00000, 0x0000000084c00000, 0x0000000084d00000|  0%| F|  |TAMS 0x0000000084c00000, 0x0000000084c00000| Untracked 
|  77|0x0000000084d00000, 0x0000000084d00000, 0x0000000084e00000|  0%| F|  |TAMS 0x0000000084d00000, 0x0000000084d00000| Untracked 
|  78|0x0000000084e00000, 0x0000000084e00000, 0x0000000084f00000|  0%| F|  |TAMS 0x0000000084e00000, 0x0000000084e00000| Untracked 
|  79|0x0000000084f00000, 0x0000000085000000, 0x0000000085000000|100%| E|  |TAMS 0x0000000084f00000, 0x0000000084f00000| Complete 
|  80|0x0000000085000000, 0x0000000085100000, 0x0000000085100000|100%| E|CS|TAMS 0x0000000085000000, 0x0000000085000000| Complete 
|  81|0x0000000085100000, 0x0000000085200000, 0x0000000085200000|100%| E|CS|TAMS 0x0000000085100000, 0x0000000085100000| Complete 
|  82|0x0000000085200000, 0x0000000085300000, 0x0000000085300000|100%| E|CS|TAMS 0x0000000085200000, 0x0000000085200000| Complete 
|  83|0x0000000085300000, 0x0000000085400000, 0x0000000085400000|100%| E|CS|TAMS 0x0000000085300000, 0x0000000085300000| Complete 
| 125|0x0000000087d00000, 0x0000000087e00000, 0x0000000087e00000|100%| E|CS|TAMS 0x0000000087d00000, 0x0000000087d00000| Complete 

Card table byte_map: [0x000001c5a58d0000,0x000001c5a5cd0000] _byte_map_base: 0x000001c5a54d0000

Marking Bits (Prev, Next): (CMBitMap*) 0x000001c592b04e10, (CMBitMap*) 0x000001c592b04e50
 Prev Bits: [0x000001c5a60d0000, 0x000001c5a80d0000)
 Next Bits: [0x000001c5a80d0000, 0x000001c5aa0d0000)

Polling page: 0x000001c5908f0000

Metaspace:

Usage:
  Non-class:     43.81 MB used.
      Class:      6.71 MB used.
       Both:     50.52 MB used.

Virtual space:
  Non-class space:       48.00 MB reserved,      44.06 MB ( 92%) committed,  6 nodes.
      Class space:        1.00 GB reserved,       6.88 MB ( <1%) committed,  1 nodes.
             Both:        1.05 GB reserved,      50.94 MB (  5%) committed. 

Chunk freelists:
   Non-Class:  3.86 MB
       Class:  1.07 MB
        Both:  4.93 MB

MaxMetaspaceSize: unlimited
CompressedClassSpaceSize: 1.00 GB
Initial GC threshold: 21.00 MB
Current GC threshold: 58.75 MB
CDS: off
MetaspaceReclaimPolicy: balanced
 - commit_granule_bytes: 65536.
 - commit_granule_words: 8192.
 - virtual_space_node_default_size: 1048576.
 - enlarge_chunks_in_place: 1.
 - new_chunks_are_fully_committed: 0.
 - uncommit_free_chunks: 1.
 - use_allocation_guard: 0.
 - handle_deallocations: 1.


Internal statistics:

num_allocs_failed_limit: 6.
num_arena_births: 508.
num_arena_deaths: 0.
num_vsnodes_births: 7.
num_vsnodes_deaths: 0.
num_space_committed: 815.
num_space_uncommitted: 0.
num_chunks_returned_to_freelist: 6.
num_chunks_taken_from_freelist: 2155.
num_chunk_merges: 6.
num_chunk_splits: 1413.
num_chunks_enlarged: 943.
num_purges: 0.
num_inconsistent_stats: 0.

CodeHeap 'non-profiled nmethods': size=120000Kb used=2744Kb max_used=2744Kb free=117255Kb
 bounds [0x000001c59da40000, 0x000001c59dcf0000, 0x000001c5a4f70000]
CodeHeap 'profiled nmethods': size=120000Kb used=10226Kb max_used=10226Kb free=109773Kb
 bounds [0x000001c595f70000, 0x000001c596970000, 0x000001c59d4a0000]
CodeHeap 'non-nmethods': size=5760Kb used=2305Kb max_used=2386Kb free=3454Kb
 bounds [0x000001c59d4a0000, 0x000001c59d710000, 0x000001c59da40000]
 total_blobs=6020 nmethods=5195 adapters=736
 compilation: enabled
              stopped_count=0, restarted_count=0
 full_count=0

Compilation events (20 events):
Event: 3.923 Thread 0x000001c5ad85a350 5174       2       org.gradle.internal.dispatch.ProxyDispatchAdapter$DispatchingInvocationHandler::invoke (184 bytes)
Event: 3.924 Thread 0x000001c5ad85a350 nmethod 5174 0x000001c59695d410 code [0x000001c59695d740, 0x000001c59695e388]
Event: 3.924 Thread 0x000001c5ad85a350 5176       2       org.gradle.internal.logging.text.AbstractLineChoppingStyledTextOutput$StateContext::flushEndLine (9 bytes)
Event: 3.924 Thread 0x000001c5ad85a350 nmethod 5176 0x000001c59695ea90 code [0x000001c59695ec20, 0x000001c59695ed48]
Event: 3.924 Thread 0x000001c5ad85a350 5177       2       org.gradle.internal.logging.text.AbstractLineChoppingStyledTextOutput$SeenFromEol::add (18 bytes)
Event: 3.924 Thread 0x000001c5ad85a350 nmethod 5177 0x000001c59695ee10 code [0x000001c59695efa0, 0x000001c59695f0d8]
Event: 3.924 Thread 0x000001c5ad85a350 5178       2       org.gradle.internal.logging.text.AbstractLineChoppingStyledTextOutput$StateContext::next (11 bytes)
Event: 3.924 Thread 0x000001c5ad85a350 nmethod 5178 0x000001c59695f190 code [0x000001c59695f320, 0x000001c59695f438]
Event: 3.924 Thread 0x000001c5ad85a350 5179       2       org.gradle.internal.logging.text.AbstractLineChoppingStyledTextOutput$StateContext::reset (16 bytes)
Event: 3.924 Thread 0x000001c5ad85a350 nmethod 5179 0x000001c59695f510 code [0x000001c59695f6a0, 0x000001c59695f7b8]
Event: 3.924 Thread 0x000001c5ad85a350 5180       2       org.gradle.internal.logging.text.AbstractLineChoppingStyledTextOutput$SeenFromEol::clear (6 bytes)
Event: 3.924 Thread 0x000001c5ad85a350 nmethod 5180 0x000001c59695f890 code [0x000001c59695fa20, 0x000001c59695fb38]
Event: 3.924 Thread 0x000001c5ad85a350 5181       2       org.gradle.internal.logging.text.AbstractLineChoppingStyledTextOutput::access$700 (4 bytes)
Event: 3.924 Thread 0x000001c5ad85a350 nmethod 5181 0x000001c59695fc10 code [0x000001c59695fda0, 0x000001c59695fe98]
Event: 3.924 Thread 0x000001c5ad85a350 5182       2       org.gradle.internal.logging.text.AbstractLineChoppingStyledTextOutput$4::execute (9 bytes)
Event: 3.925 Thread 0x000001c5ad85a350 nmethod 5182 0x000001c59695ff10 code [0x000001c5969600c0, 0x000001c596960278]
Event: 3.925 Thread 0x000001c5ad85a350 5183       2       org.gradle.internal.logging.text.AbstractLineChoppingStyledTextOutput$3::execute (73 bytes)
Event: 3.925 Thread 0x000001c5ad85a350 nmethod 5183 0x000001c596960410 code [0x000001c596960600, 0x000001c596960958]
Event: 3.925 Thread 0x000001c5ad85a350 5175       2       org.gradle.internal.dispatch.MethodInvocation::<init> (25 bytes)
Event: 3.925 Thread 0x000001c5ad85a350 nmethod 5175 0x000001c596960b90 code [0x000001c596960d20, 0x000001c596960ef8]

GC Heap History (20 events):
Event: 0.539 GC heap before
{Heap before GC invocations=0 (full 0):
 garbage-first heap   total 129024K, used 26624K [0x0000000080000000, 0x0000000100000000)
  region size 1024K, 23 young (23552K), 0 survivors (0K)
 Metaspace       used 10266K, committed 10432K, reserved 1064960K
  class space    used 1061K, committed 1152K, reserved 1048576K
}
Event: 0.543 GC heap after
{Heap after GC invocations=1 (full 0):
 garbage-first heap   total 129024K, used 10150K [0x0000000080000000, 0x0000000100000000)
  region size 1024K, 3 young (3072K), 3 survivors (3072K)
 Metaspace       used 10266K, committed 10432K, reserved 1064960K
  class space    used 1061K, committed 1152K, reserved 1048576K
}
Event: 0.826 GC heap before
{Heap before GC invocations=1 (full 0):
 garbage-first heap   total 129024K, used 40870K [0x0000000080000000, 0x0000000100000000)
  region size 1024K, 32 young (32768K), 3 survivors (3072K)
 Metaspace       used 11215K, committed 11456K, reserved 1064960K
  class space    used 1164K, committed 1280K, reserved 1048576K
}
Event: 0.830 GC heap after
{Heap after GC invocations=2 (full 0):
 garbage-first heap   total 129024K, used 14591K [0x0000000080000000, 0x0000000100000000)
  region size 1024K, 4 young (4096K), 4 survivors (4096K)
 Metaspace       used 11215K, committed 11456K, reserved 1064960K
  class space    used 1164K, committed 1280K, reserved 1048576K
}
Event: 1.539 GC heap before
{Heap before GC invocations=2 (full 0):
 garbage-first heap   total 129024K, used 52479K [0x0000000080000000, 0x0000000100000000)
  region size 1024K, 42 young (43008K), 4 survivors (4096K)
 Metaspace       used 21240K, committed 21504K, reserved 1073152K
  class space    used 2581K, committed 2752K, reserved 1048576K
}
Event: 1.543 GC heap after
{Heap after GC invocations=3 (full 0):
 garbage-first heap   total 129024K, used 18771K [0x0000000080000000, 0x0000000100000000)
  region size 1024K, 9 young (9216K), 9 survivors (9216K)
 Metaspace       used 21240K, committed 21504K, reserved 1073152K
  class space    used 2581K, committed 2752K, reserved 1048576K
}
Event: 1.940 GC heap before
{Heap before GC invocations=4 (full 0):
 garbage-first heap   total 71680K, used 52563K [0x0000000080000000, 0x0000000100000000)
  region size 1024K, 42 young (43008K), 9 survivors (9216K)
 Metaspace       used 26594K, committed 26880K, reserved 1073152K
  class space    used 3504K, committed 3648K, reserved 1048576K
}
Event: 1.944 GC heap after
{Heap after GC invocations=5 (full 0):
 garbage-first heap   total 71680K, used 20528K [0x0000000080000000, 0x0000000100000000)
  region size 1024K, 3 young (3072K), 3 survivors (3072K)
 Metaspace       used 26594K, committed 26880K, reserved 1073152K
  class space    used 3504K, committed 3648K, reserved 1048576K
}
Event: 2.262 GC heap before
{Heap before GC invocations=5 (full 0):
 garbage-first heap   total 71680K, used 48176K [0x0000000080000000, 0x0000000100000000)
  region size 1024K, 30 young (30720K), 3 survivors (3072K)
 Metaspace       used 30696K, committed 30976K, reserved 1081344K
  class space    used 4186K, committed 4288K, reserved 1048576K
}
Event: 2.265 GC heap after
{Heap after GC invocations=6 (full 0):
 garbage-first heap   total 71680K, used 21983K [0x0000000080000000, 0x0000000100000000)
  region size 1024K, 4 young (4096K), 4 survivors (4096K)
 Metaspace       used 30696K, committed 30976K, reserved 1081344K
  class space    used 4186K, committed 4288K, reserved 1048576K
}
Event: 2.581 GC heap before
{Heap before GC invocations=6 (full 0):
 garbage-first heap   total 71680K, used 48607K [0x0000000080000000, 0x0000000100000000)
  region size 1024K, 31 young (31744K), 4 survivors (4096K)
 Metaspace       used 35607K, committed 35968K, reserved 1081344K
  class space    used 4876K, committed 5056K, reserved 1048576K
}
Event: 2.585 GC heap after
{Heap after GC invocations=7 (full 0):
 garbage-first heap   total 71680K, used 23956K [0x0000000080000000, 0x0000000100000000)
  region size 1024K, 4 young (4096K), 4 survivors (4096K)
 Metaspace       used 35607K, committed 35968K, reserved 1081344K
  class space    used 4876K, committed 5056K, reserved 1048576K
}
Event: 2.832 GC heap before
{Heap before GC invocations=8 (full 0):
 garbage-first heap   total 71680K, used 51604K [0x0000000080000000, 0x0000000100000000)
  region size 1024K, 32 young (32768K), 4 survivors (4096K)
 Metaspace       used 40377K, committed 40704K, reserved 1089536K
  class space    used 5355K, committed 5504K, reserved 1048576K
}
Event: 2.837 GC heap after
{Heap after GC invocations=9 (full 0):
 garbage-first heap   total 86016K, used 27856K [0x0000000080000000, 0x0000000100000000)
  region size 1024K, 4 young (4096K), 4 survivors (4096K)
 Metaspace       used 40377K, committed 40704K, reserved 1089536K
  class space    used 5355K, committed 5504K, reserved 1048576K
}
Event: 3.164 GC heap before
{Heap before GC invocations=9 (full 0):
 garbage-first heap   total 86016K, used 66768K [0x0000000080000000, 0x0000000100000000)
  region size 1024K, 39 young (39936K), 4 survivors (4096K)
 Metaspace       used 43601K, committed 43968K, reserved 1089536K
  class space    used 5730K, committed 5888K, reserved 1048576K
}
Event: 3.169 GC heap after
{Heap after GC invocations=10 (full 0):
 garbage-first heap   total 86016K, used 31940K [0x0000000080000000, 0x0000000100000000)
  region size 1024K, 5 young (5120K), 5 survivors (5120K)
 Metaspace       used 43601K, committed 43968K, reserved 1089536K
  class space    used 5730K, committed 5888K, reserved 1048576K
}
Event: 3.537 GC heap before
{Heap before GC invocations=10 (full 0):
 garbage-first heap   total 86016K, used 65732K [0x0000000080000000, 0x0000000100000000)
  region size 1024K, 37 young (37888K), 5 survivors (5120K)
 Metaspace       used 48481K, committed 48896K, reserved 1097728K
  class space    used 6413K, committed 6592K, reserved 1048576K
}
Event: 3.541 GC heap after
{Heap after GC invocations=11 (full 0):
 garbage-first heap   total 86016K, used 34344K [0x0000000080000000, 0x0000000100000000)
  region size 1024K, 3 young (3072K), 3 survivors (3072K)
 Metaspace       used 48481K, committed 48896K, reserved 1097728K
  class space    used 6413K, committed 6592K, reserved 1048576K
}
Event: 3.887 GC heap before
{Heap before GC invocations=11 (full 0):
 garbage-first heap   total 86016K, used 64040K [0x0000000080000000, 0x0000000100000000)
  region size 1024K, 32 young (32768K), 3 survivors (3072K)
 Metaspace       used 51305K, committed 51712K, reserved 1097728K
  class space    used 6802K, committed 6976K, reserved 1048576K
}
Event: 3.891 GC heap after
{Heap after GC invocations=12 (full 0):
 garbage-first heap   total 86016K, used 36227K [0x0000000080000000, 0x0000000100000000)
  region size 1024K, 4 young (4096K), 4 survivors (4096K)
 Metaspace       used 51305K, committed 51712K, reserved 1097728K
  class space    used 6802K, committed 6976K, reserved 1048576K
}

Dll operation events (2 events):
Event: 0.006 Loaded shared library C:\Program Files\Android\Android Studio\jbr\bin\java.dll
Event: 0.299 Loaded shared library C:\Program Files\Android\Android Studio\jbr\bin\verify.dll

Deoptimization events (20 events):
Event: 3.906 Thread 0x000001c5af34d310 DEOPT PACKING pc=0x000001c59dc43e48 sp=0x0000005ffaefbc90
Event: 3.906 Thread 0x000001c5af34d310 DEOPT UNPACKING pc=0x000001c59d4f69a3 sp=0x0000005ffaefbc70 mode 2
Event: 3.906 Thread 0x000001c5af34d310 Uncommon trap: trap_request=0xffffff45 fr.pc=0x000001c59dc39b8c relative=0x00000000000007ac
Event: 3.906 Thread 0x000001c5af34d310 Uncommon trap: reason=unstable_if action=reinterpret pc=0x000001c59dc39b8c method=java.util.regex.Matcher.search(I)Z @ 76 c2
Event: 3.906 Thread 0x000001c5af34d310 DEOPT PACKING pc=0x000001c59dc39b8c sp=0x0000005ffaefbd10
Event: 3.906 Thread 0x000001c5af34d310 DEOPT UNPACKING pc=0x000001c59d4f69a3 sp=0x0000005ffaefbd00 mode 2
Event: 3.906 Thread 0x000001c5af34d310 Uncommon trap: trap_request=0xffffffc6 fr.pc=0x000001c59dc43e48 relative=0x0000000000000668
Event: 3.906 Thread 0x000001c5af34d310 Uncommon trap: reason=bimorphic_or_optimized_type_check action=maybe_recompile pc=0x000001c59dc43e48 method=java.util.regex.Pattern$Start.match(Ljava/util/regex/Matcher;ILjava/lang/CharSequence;)Z @ 44 c2
Event: 3.906 Thread 0x000001c5af34d310 DEOPT PACKING pc=0x000001c59dc43e48 sp=0x0000005ffaefbc80
Event: 3.906 Thread 0x000001c5af34d310 DEOPT UNPACKING pc=0x000001c59d4f69a3 sp=0x0000005ffaefbc60 mode 2
Event: 3.906 Thread 0x000001c5af34d310 Uncommon trap: trap_request=0xffffffc6 fr.pc=0x000001c59dc43e48 relative=0x0000000000000668
Event: 3.906 Thread 0x000001c5af34d310 Uncommon trap: reason=bimorphic_or_optimized_type_check action=maybe_recompile pc=0x000001c59dc43e48 method=java.util.regex.Pattern$Start.match(Ljava/util/regex/Matcher;ILjava/lang/CharSequence;)Z @ 44 c2
Event: 3.906 Thread 0x000001c5af34d310 DEOPT PACKING pc=0x000001c59dc43e48 sp=0x0000005ffaefbc90
Event: 3.906 Thread 0x000001c5af34d310 DEOPT UNPACKING pc=0x000001c59d4f69a3 sp=0x0000005ffaefbc70 mode 2
Event: 3.906 Thread 0x000001c5af34d310 Uncommon trap: trap_request=0xffffffc6 fr.pc=0x000001c59dc43e48 relative=0x0000000000000668
Event: 3.906 Thread 0x000001c5af34d310 Uncommon trap: reason=bimorphic_or_optimized_type_check action=maybe_recompile pc=0x000001c59dc43e48 method=java.util.regex.Pattern$Start.match(Ljava/util/regex/Matcher;ILjava/lang/CharSequence;)Z @ 44 c2
Event: 3.906 Thread 0x000001c5af34d310 DEOPT PACKING pc=0x000001c59dc43e48 sp=0x0000005ffaefbc90
Event: 3.906 Thread 0x000001c5af34d310 DEOPT UNPACKING pc=0x000001c59d4f69a3 sp=0x0000005ffaefbc70 mode 2
Event: 3.908 Thread 0x000001c5af34d310 DEOPT PACKING pc=0x000001c59632b61b sp=0x0000005ffaefa3d0
Event: 3.908 Thread 0x000001c5af34d310 DEOPT UNPACKING pc=0x000001c59d4f7143 sp=0x0000005ffaef9840 mode 0

Classes unloaded (0 events):
No events

Classes redefined (0 events):
No events

Internal exceptions (20 events):
Event: 3.710 Thread 0x000001c5af34d310 Exception <a 'java/lang/NoSuchMethodError'{0x0000000084606c28}: 'java.lang.Object java.lang.invoke.DirectMethodHandle$Holder.invokeStatic(java.lang.Object, java.lang.Object, java.lang.Object, java.lang.Object, java.lang.Object, java.lang.Object, java.lang.Object, java.lang.Object, java.lang.Object, java.lang.Object, java.lang.Object, java.lang.Object, java.lang.Object, java.lang.Object, java.lang.Object, java.lang.Object, java.lang.Object, java.lang.Object)'> (0x0000000084606c28) 
thrown [s\src\hotspot\sha
Event: 3.712 Thread 0x000001c5af34d310 Exception <a 'java/lang/NoSuchMethodError'{0x000000008462f7c0}: 'java.lang.Object java.lang.invoke.DirectMethodHandle$Holder.invokeStatic(java.lang.Object, java.lang.Object, java.lang.Object, java.lang.Object, java.lang.Object, java.lang.Object, java.lang.Object, java.lang.Object, java.lang.Object, java.lang.Object, java.lang.Object, java.lang.Object, java.lang.Object, java.lang.Object, java.lang.Object, java.lang.Object, java.lang.Object, java.lang.Object, java.lang.Object)'> (0x000000008462f7c0) 
thrown 
Event: 3.713 Thread 0x000001c5af34d310 Exception <a 'java/lang/NoSuchMethodError'{0x0000000084659618}: 'java.lang.Object java.lang.invoke.DirectMethodHandle$Holder.invokeStatic(java.lang.Object, java.lang.Object, java.lang.Object, java.lang.Object, java.lang.Object, java.lang.Object, java.lang.Object, java.lang.Object, java.lang.Object, java.lang.Object, java.lang.Object, java.lang.Object, java.lang.Object, java.lang.Object, java.lang.Object, java.lang.Object, java.lang.Object, java.lang.Object, java.lang.Object, java.lang.Object)'> (0x00000000
Event: 3.714 Thread 0x000001c5af34d310 Exception <a 'java/lang/NoSuchMethodError'{0x0000000084686190}: 'java.lang.Object java.lang.invoke.DirectMethodHandle$Holder.invokeStatic(java.lang.Object, java.lang.Object, java.lang.Object, java.lang.Object, java.lang.Object, java.lang.Object, java.lang.Object, java.lang.Object, java.lang.Object, java.lang.Object, java.lang.Object, java.lang.Object, java.lang.Object, java.lang.Object, java.lang.Object, java.lang.Object, java.lang.Object, java.lang.Object, java.lang.Object, java.lang.Object, java.lang.Obj
Event: 3.715 Thread 0x000001c5af34d310 Exception <a 'java/lang/NoSuchMethodError'{0x00000000846b19e8}: 'java.lang.Object java.lang.invoke.DirectMethodHandle$Holder.invokeStatic(java.lang.Object, java.lang.Object, java.lang.Object, java.lang.Object, java.lang.Object, java.lang.Object, java.lang.Object, java.lang.Object, java.lang.Object, java.lang.Object, java.lang.Object, java.lang.Object, java.lang.Object, java.lang.Object, java.lang.Object, java.lang.Object, java.lang.Object, java.lang.Object, java.lang.Object, java.lang.Object, java.lang.Obj
Event: 3.716 Thread 0x000001c5af34d310 Exception <a 'java/lang/NoSuchMethodError'{0x00000000846ded10}: 'java.lang.Object java.lang.invoke.DirectMethodHandle$Holder.invokeStatic(java.lang.Object, java.lang.Object, java.lang.Object, java.lang.Object, java.lang.Object, java.lang.Object, java.lang.Object, java.lang.Object, java.lang.Object, java.lang.Object, java.lang.Object, java.lang.Object, java.lang.Object, java.lang.Object, java.lang.Object, java.lang.Object, java.lang.Object, java.lang.Object, java.lang.Object, java.lang.Object, java.lang.Obj
Event: 3.717 Thread 0x000001c5af34d310 Exception <a 'java/lang/NoSuchMethodError'{0x000000008450de48}: 'java.lang.Object java.lang.invoke.DirectMethodHandle$Holder.invokeStatic(java.lang.Object, java.lang.Object, java.lang.Object, java.lang.Object, java.lang.Object, java.lang.Object, java.lang.Object, java.lang.Object, java.lang.Object, java.lang.Object, java.lang.Object, java.lang.Object, java.lang.Object, java.lang.Object, java.lang.Object, java.lang.Object, java.lang.Object, java.lang.Object, java.lang.Object, java.lang.Object, java.lang.Obj
Event: 3.896 Thread 0x000001c5af34d310 Exception <a 'java/lang/OutOfMemoryError'{0x0000000087d15cb0}: unable to create native thread: possibly out of memory or process/resource limits reached> (0x0000000087d15cb0) 
thrown [s\src\hotspot\share\prims\jvm.cpp, line 2926]
Event: 3.898 Thread 0x000001c5af34d310 Exception <a 'java/lang/NoSuchMethodError'{0x0000000087d33848}: 'long java.lang.invoke.DirectMethodHandle$Holder.invokeVirtual(java.lang.Object, java.lang.Object)'> (0x0000000087d33848) 
thrown [s\src\hotspot\share\interpreter\linkResolver.cpp, line 771]
Event: 3.903 Thread 0x000001c5b06a9230 Exception <a 'java/lang/NoSuchMethodError'{0x0000000085199ba0}: static Lorg/gradle/internal/build/event/types/DefaultOperationFinishedProgressEvent;.<clinit>()V> (0x0000000085199ba0) 
thrown [s\src\hotspot\share\prims\jni.cpp, line 1108]
Event: 3.904 Thread 0x000001c5b06a9230 Exception <a 'java/lang/NoSuchMethodError'{0x00000000851be328}: static Lorg/gradle/internal/build/event/types/DefaultProjectConfigurationFailureResult;.<clinit>()V> (0x00000000851be328) 
thrown [s\src\hotspot\share\prims\jni.cpp, line 1108]
Event: 3.904 Thread 0x000001c5b06a9230 Exception <a 'java/lang/NoSuchMethodError'{0x00000000851bf790}: static Lorg/gradle/internal/build/event/types/AbstractProjectConfigurationResult;.<clinit>()V> (0x00000000851bf790) 
thrown [s\src\hotspot\share\prims\jni.cpp, line 1108]
Event: 3.905 Thread 0x000001c5b06a9230 Exception <a 'java/lang/NoSuchMethodError'{0x00000000851c0c98}: static Lorg/gradle/internal/build/event/types/AbstractOperationResult;.<clinit>()V> (0x00000000851c0c98) 
thrown [s\src\hotspot\share\prims\jni.cpp, line 1108]
Event: 3.905 Thread 0x000001c5b06a9230 Exception <a 'java/lang/NoSuchMethodError'{0x00000000851c1e98}: static Lorg/gradle/internal/build/event/types/AbstractResult;.<clinit>()V> (0x00000000851c1e98) 
thrown [s\src\hotspot\share\prims\jni.cpp, line 1108]
Event: 3.906 Thread 0x000001c5b06a9230 Exception <a 'java/lang/NoSuchMethodError'{0x00000000851db6b0}: static Lorg/gradle/internal/build/event/types/DefaultPluginApplicationResult;.<clinit>()V> (0x00000000851db6b0) 
thrown [s\src\hotspot\share\prims\jni.cpp, line 1108]
Event: 3.907 Thread 0x000001c5b06a9230 Exception <a 'java/lang/NoSuchMethodError'{0x00000000851e65c0}: static Lorg/gradle/internal/build/event/types/DefaultBinaryPluginIdentifier;.<clinit>()V> (0x00000000851e65c0) 
thrown [s\src\hotspot\share\prims\jni.cpp, line 1108]
Event: 3.909 Thread 0x000001c5b06a9230 Exception <a 'java/lang/NoSuchMethodError'{0x00000000851fb4b8}: static Lorg/gradle/internal/build/event/types/DefaultScriptPluginIdentifier;.<clinit>()V> (0x00000000851fb4b8) 
thrown [s\src\hotspot\share\prims\jni.cpp, line 1108]
Event: 3.911 Thread 0x000001c5b06a9230 Exception <a 'java/lang/NoSuchMethodError'{0x000000008501b8a0}: static Lorg/gradle/internal/build/event/types/DefaultFailure;.<clinit>()V> (0x000000008501b8a0) 
thrown [s\src\hotspot\share\prims\jni.cpp, line 1108]
Event: 3.925 Thread 0x000001c5af34d310 Exception <a 'java/lang/NoSuchMethodError'{0x00000000850a4498}: 'java.lang.Object java.lang.invoke.DirectMethodHandle$Holder.newInvokeSpecial(java.lang.Object, java.lang.Object, java.lang.Object, java.lang.Object, int, java.lang.Object)'> (0x00000000850a4498) 
thrown [s\src\hotspot\share\interpreter\linkResolver.cpp, line 771]
Event: 3.926 Thread 0x000001c5af34d310 Exception <a 'java/lang/NoSuchMethodError'{0x00000000850a8800}: 'java.lang.Object java.lang.invoke.Invokers$Holder.linkToTargetMethod(java.lang.Object, java.lang.Object, java.lang.Object, int, java.lang.Object, java.lang.Object)'> (0x00000000850a8800) 
thrown [s\src\hotspot\share\interpreter\linkResolver.cpp, line 771]

VM Operations (20 events):
Event: 3.285 Executing VM operation: HandshakeAllThreads
Event: 3.285 Executing VM operation: HandshakeAllThreads done
Event: 3.407 Executing VM operation: HandshakeAllThreads
Event: 3.407 Executing VM operation: HandshakeAllThreads done
Event: 3.408 Executing VM operation: HandshakeAllThreads
Event: 3.408 Executing VM operation: HandshakeAllThreads done
Event: 3.537 Executing VM operation: G1CollectForAllocation
Event: 3.541 Executing VM operation: G1CollectForAllocation done
Event: 3.828 Executing VM operation: ICBufferFull
Event: 3.828 Executing VM operation: ICBufferFull done
Event: 3.836 Executing VM operation: HandshakeAllThreads
Event: 3.836 Executing VM operation: HandshakeAllThreads done
Event: 3.887 Executing VM operation: G1CollectForAllocation
Event: 3.891 Executing VM operation: G1CollectForAllocation done
Event: 3.899 Executing VM operation: HandshakeAllThreads
Event: 3.899 Executing VM operation: HandshakeAllThreads done
Event: 3.903 Executing VM operation: HandshakeAllThreads
Event: 3.903 Executing VM operation: HandshakeAllThreads done
Event: 3.915 Executing VM operation: HandshakeAllThreads
Event: 3.915 Executing VM operation: HandshakeAllThreads done

Events (20 events):
Event: 3.899 loading class java/util/stream/ReferencePipeline$StatefulOp done
Event: 3.899 loading class java/util/stream/SortedOps$OfRef done
Event: 3.900 loading class java/util/stream/SortedOps$RefSortingSink
Event: 3.900 loading class java/util/stream/SortedOps$AbstractRefSortingSink
Event: 3.900 loading class java/util/stream/SortedOps$AbstractRefSortingSink done
Event: 3.900 loading class java/util/stream/SortedOps$RefSortingSink done
Event: 3.901 loading class java/lang/Throwable$WrappedPrintWriter
Event: 3.901 loading class java/lang/Throwable$PrintStreamOrWriter
Event: 3.901 loading class java/lang/Throwable$PrintStreamOrWriter done
Event: 3.901 loading class java/lang/Throwable$WrappedPrintWriter done
Event: 3.901 loading class java/lang/StackTraceElement$HashedModules
Event: 3.901 loading class java/lang/StackTraceElement$HashedModules done
Event: 3.906 loading class java/util/logging/LogRecord
Event: 3.906 loading class java/util/logging/LogRecord done
Event: 3.906 loading class java/time/Clock
Event: 3.907 loading class java/time/InstantSource
Event: 3.907 loading class java/time/InstantSource done
Event: 3.907 loading class java/time/Clock done
Event: 3.908 loading class java/time/Ser
Event: 3.908 loading class java/time/Ser done


Dynamic libraries:
0x00007ff7a7880000 - 0x00007ff7a788a000 	C:\Program Files\Android\Android Studio\jbr\bin\java.exe
0x00007ffc5cdb0000 - 0x00007ffc5cfc4000 	C:\WINDOWS\SYSTEM32\ntdll.dll
0x00007ffc5b470000 - 0x00007ffc5b532000 	C:\WINDOWS\System32\KERNEL32.DLL
0x00007ffc5a1b0000 - 0x00007ffc5a553000 	C:\WINDOWS\System32\KERNELBASE.dll
0x00007ffc5a840000 - 0x00007ffc5a951000 	C:\WINDOWS\System32\ucrtbase.dll
0x00007ffc44dd0000 - 0x00007ffc44de7000 	C:\Program Files\Android\Android Studio\jbr\bin\jli.dll
0x00007ffc439a0000 - 0x00007ffc439bb000 	C:\Program Files\Android\Android Studio\jbr\bin\VCRUNTIME140.dll
0x00007ffc5ca30000 - 0x00007ffc5cbda000 	C:\WINDOWS\System32\USER32.dll
0x00007ffc45d30000 - 0x00007ffc45fbe000 	C:\WINDOWS\WinSxS\amd64_microsoft.windows.common-controls_6595b64144ccf1df_6.0.22621.1635_none_270f70857386168e\COMCTL32.dll
0x00007ffc5a620000 - 0x00007ffc5a646000 	C:\WINDOWS\System32\win32u.dll
0x00007ffc5ab90000 - 0x00007ffc5ac37000 	C:\WINDOWS\System32\msvcrt.dll
0x00007ffc5ccf0000 - 0x00007ffc5cd19000 	C:\WINDOWS\System32\GDI32.dll
0x00007ffc5aa70000 - 0x00007ffc5ab89000 	C:\WINDOWS\System32\gdi32full.dll
0x00007ffc5a960000 - 0x00007ffc5a9fa000 	C:\WINDOWS\System32\msvcp_win.dll
0x00007ffc5b0f0000 - 0x00007ffc5b121000 	C:\WINDOWS\System32\IMM32.DLL
0x00007ffc551d0000 - 0x00007ffc551dc000 	C:\Program Files\Android\Android Studio\jbr\bin\vcruntime140_1.dll
0x00007ffc2aab0000 - 0x00007ffc2ab3d000 	C:\Program Files\Android\Android Studio\jbr\bin\msvcp140.dll
0x00007ffbe1680000 - 0x00007ffbe22ed000 	C:\Program Files\Android\Android Studio\jbr\bin\server\jvm.dll
0x00007ffc5cbe0000 - 0x00007ffc5cc8e000 	C:\WINDOWS\System32\ADVAPI32.dll
0x00007ffc5b130000 - 0x00007ffc5b1d4000 	C:\WINDOWS\System32\sechost.dll
0x00007ffc5c310000 - 0x00007ffc5c427000 	C:\WINDOWS\System32\RPCRT4.dll
0x00007ffc48690000 - 0x00007ffc486c4000 	C:\WINDOWS\SYSTEM32\WINMM.dll
0x00007ffc4f970000 - 0x00007ffc4f979000 	C:\WINDOWS\SYSTEM32\WSOCK32.dll
0x00007ffc51e70000 - 0x00007ffc51e7a000 	C:\WINDOWS\SYSTEM32\VERSION.dll
0x00007ffc5b070000 - 0x00007ffc5b0e1000 	C:\WINDOWS\System32\WS2_32.dll
0x00007ffc591b0000 - 0x00007ffc591c8000 	C:\WINDOWS\SYSTEM32\kernel.appcore.dll
0x00007ffc4a270000 - 0x00007ffc4a27a000 	C:\Program Files\Android\Android Studio\jbr\bin\jimage.dll
0x00007ffc57b90000 - 0x00007ffc57dbe000 	C:\WINDOWS\SYSTEM32\DBGHELP.DLL
0x00007ffc5b5c0000 - 0x00007ffc5b949000 	C:\WINDOWS\System32\combase.dll
0x00007ffc5af90000 - 0x00007ffc5b067000 	C:\WINDOWS\System32\OLEAUT32.dll
0x00007ffc42180000 - 0x00007ffc421b2000 	C:\WINDOWS\SYSTEM32\dbgcore.DLL
0x00007ffc5a650000 - 0x00007ffc5a6ca000 	C:\WINDOWS\System32\bcryptPrimitives.dll
0x00007ffc48ab0000 - 0x00007ffc48ad5000 	C:\Program Files\Android\Android Studio\jbr\bin\java.dll
0x00007ffc48dc0000 - 0x00007ffc48dd8000 	C:\Program Files\Android\Android Studio\jbr\bin\zip.dll
0x00007ffc5b950000 - 0x00007ffc5c149000 	C:\WINDOWS\System32\SHELL32.dll
0x00007ffc58150000 - 0x00007ffc58a1e000 	C:\WINDOWS\SYSTEM32\windows.storage.dll
0x00007ffc58010000 - 0x00007ffc5814e000 	C:\WINDOWS\SYSTEM32\wintypes.dll
0x00007ffc5ae90000 - 0x00007ffc5af81000 	C:\WINDOWS\System32\SHCORE.dll
0x00007ffc5cc90000 - 0x00007ffc5ccee000 	C:\WINDOWS\System32\shlwapi.dll
0x00007ffc5a0e0000 - 0x00007ffc5a106000 	C:\WINDOWS\SYSTEM32\profapi.dll
0x00007ffc46870000 - 0x00007ffc46889000 	C:\Program Files\Android\Android Studio\jbr\bin\net.dll
0x00007ffc51a00000 - 0x00007ffc51b37000 	C:\WINDOWS\SYSTEM32\WINHTTP.dll
0x00007ffc59630000 - 0x00007ffc59699000 	C:\WINDOWS\system32\mswsock.dll
0x00007ffc46850000 - 0x00007ffc46866000 	C:\Program Files\Android\Android Studio\jbr\bin\nio.dll
0x00007ffc467b0000 - 0x00007ffc467c0000 	C:\Program Files\Android\Android Studio\jbr\bin\verify.dll
0x00007ffc42520000 - 0x00007ffc42547000 	C:\Users\Richard\.gradle\native\68d5fa5c4cc2d200863cafc0d521ce42e7d3e7ee720ec0a83991735586a16f82\windows-amd64\native-platform.dll
0x00007ffc18790000 - 0x00007ffc188d4000 	C:\Users\Richard\.gradle\native\e376f236ea51e6404a007f0833ffe2c6e607c4080706a723a18a27aeea778392\windows-amd64\native-platform-file-events.dll
0x00007ffc49db0000 - 0x00007ffc49db9000 	C:\Program Files\Android\Android Studio\jbr\bin\management.dll
0x00007ffc49c50000 - 0x00007ffc49c5b000 	C:\Program Files\Android\Android Studio\jbr\bin\management_ext.dll
0x00007ffc5ae80000 - 0x00007ffc5ae88000 	C:\WINDOWS\System32\PSAPI.DLL
0x00007ffc598d0000 - 0x00007ffc598eb000 	C:\WINDOWS\SYSTEM32\CRYPTSP.dll
0x00007ffc59120000 - 0x00007ffc59155000 	C:\WINDOWS\system32\rsaenh.dll
0x00007ffc596f0000 - 0x00007ffc5971c000 	C:\WINDOWS\SYSTEM32\USERENV.dll
0x00007ffc59b60000 - 0x00007ffc59b88000 	C:\WINDOWS\SYSTEM32\bcrypt.dll
0x00007ffc598f0000 - 0x00007ffc598fc000 	C:\WINDOWS\SYSTEM32\CRYPTBASE.dll
0x00007ffc58cc0000 - 0x00007ffc58ced000 	C:\WINDOWS\SYSTEM32\IPHLPAPI.DLL
0x00007ffc5b5b0000 - 0x00007ffc5b5b9000 	C:\WINDOWS\System32\NSI.dll
0x00007ffc51d30000 - 0x00007ffc51d49000 	C:\WINDOWS\SYSTEM32\dhcpcsvc6.DLL
0x00007ffc51530000 - 0x00007ffc5154f000 	C:\WINDOWS\SYSTEM32\dhcpcsvc.DLL
0x00007ffc58cf0000 - 0x00007ffc58de3000 	C:\WINDOWS\SYSTEM32\DNSAPI.dll
0x00007ffc30930000 - 0x00007ffc30938000 	C:\WINDOWS\system32\wshunix.dll

dbghelp: loaded successfully - version: 4.0.5 - missing functions: none
symbol engine: initialized successfully - sym options: 0x614 - pdb path: .;C:\Program Files\Android\Android Studio\jbr\bin;C:\WINDOWS\SYSTEM32;C:\WINDOWS\WinSxS\amd64_microsoft.windows.common-controls_6595b64144ccf1df_6.0.22621.1635_none_270f70857386168e;C:\Program Files\Android\Android Studio\jbr\bin\server;C:\Users\Richard\.gradle\native\68d5fa5c4cc2d200863cafc0d521ce42e7d3e7ee720ec0a83991735586a16f82\windows-amd64;C:\Users\Richard\.gradle\native\e376f236ea51e6404a007f0833ffe2c6e607c4080706a723a18a27aeea778392\windows-amd64

VM Arguments:
jvm_args: --add-opens=java.base/java.util=ALL-UNNAMED --add-opens=java.base/java.lang=ALL-UNNAMED --add-opens=java.base/java.lang.invoke=ALL-UNNAMED --add-opens=java.prefs/java.util.prefs=ALL-UNNAMED --add-opens=java.base/java.nio.charset=ALL-UNNAMED --add-opens=java.base/java.net=ALL-UNNAMED --add-opens=java.base/java.util.concurrent.atomic=ALL-UNNAMED -Xmx2048m -Dfile.encoding=UTF-8 -Duser.country=ID -Duser.language=en -Duser.variant 
java_command: org.gradle.launcher.daemon.bootstrap.GradleDaemon 8.0
java_class_path (initial): C:\Users\Richard\.gradle\wrapper\dists\gradle-8.0-bin\ca5e32bp14vu59qr306oxotwh\gradle-8.0\lib\gradle-launcher-8.0.jar
Launcher Type: SUN_STANDARD

[Global flags]
     intx CICompilerCount                          = 4                                         {product} {ergonomic}
     uint ConcGCThreads                            = 3                                         {product} {ergonomic}
     uint G1ConcRefinementThreads                  = 10                                        {product} {ergonomic}
   size_t G1HeapRegionSize                         = 1048576                                   {product} {ergonomic}
    uintx GCDrainStackTargetSize                   = 64                                        {product} {ergonomic}
   size_t InitialHeapSize                          = 132120576                                 {product} {ergonomic}
   size_t MarkStackSize                            = 4194304                                   {product} {ergonomic}
   size_t MaxHeapSize                              = 2147483648                                {product} {command line}
   size_t MaxNewSize                               = 1287651328                                {product} {ergonomic}
   size_t MinHeapDeltaBytes                        = 1048576                                   {product} {ergonomic}
   size_t MinHeapSize                              = 8388608                                   {product} {ergonomic}
    uintx NonNMethodCodeHeapSize                   = 5839372                                {pd product} {ergonomic}
    uintx NonProfiledCodeHeapSize                  = 122909434                              {pd product} {ergonomic}
    uintx ProfiledCodeHeapSize                     = 122909434                              {pd product} {ergonomic}
    uintx ReservedCodeCacheSize                    = 251658240                              {pd product} {ergonomic}
     bool SegmentedCodeCache                       = true                                      {product} {ergonomic}
   size_t SoftMaxHeapSize                          = 2147483648                             {manageable} {ergonomic}
     bool UseCompressedClassPointers               = true                           {product lp64_product} {ergonomic}
     bool UseCompressedOops                        = true                           {product lp64_product} {ergonomic}
     bool UseG1GC                                  = true                                      {product} {ergonomic}
     bool UseLargePagesIndividualAllocation        = false                                  {pd product} {ergonomic}

Logging:
Log output configuration:
 #0: stdout all=warning uptime,level,tags
 #1: stderr all=off uptime,level,tags

Environment Variables:
PATH=C:\Python311\Scripts\;C:\Python311\;C:\Program Files\Common Files\Oracle\Java\javapath;C:\Program Files (x86)\Common Files\Oracle\Java\javapath;C:\ProgramData\Oracle\Java\javapath;C:\Windows\system32;C:\Windows;C:\Windows\System32\Wbem;C:\Windows\System32\WindowsPowerShell\v1.0\;C:\Windows\System32\OpenSSH\;C:\Program Files (x86)\NVIDIA Corporation\PhysX\Common;C:\Program Files\NVIDIA Corporation\NVIDIA NvDLISR;C:\WINDOWS\system32;C:\WINDOWS;C:\WINDOWS\System32\Wbem;C:\WINDOWS\System32\WindowsPowerShell\v1.0\;C:\WINDOWS\System32\OpenSSH\;C:\Program Files (x86)\dotnet\;C:\Program Files\Git\cmd;C:\MinGW\bin;C:\Users\Richard\AppData\Roaming\Composer\vendor\bin;C:\ProgramData\chocolatey\bin;C:\Program Files\nodejs\;C:\Program Files\MySQL\MySQL Shell 8.0\bin\;C:\Users\Richard\AppData\Local\Microsoft\WindowsApps;;C:\Users\Richard\AppData\Local\Programs\Microsoft VS Code\bin;C:\Users\Richard\Documents\xampp\php;C:\Users\Richard\AppData\Local\ComposerSetup\bin;C:\Users\Richard\AppData\Roaming\Composer\vendor\bin;C:\Users\Richard\AppData\Roaming\npm
USERNAME=Richard
OS=Windows_NT
PROCESSOR_IDENTIFIER=Intel64 Family 6 Model 158 Stepping 13, GenuineIntel
TMP=C:\Users\Richard\AppData\Local\Temp
TEMP=C:\Users\Richard\AppData\Local\Temp



---------------  S Y S T E M  ---------------

OS:
 Windows 11 , 64 bit Build 22621 (10.0.22621.1928)
OS uptime: 2 days 11:14 hours
Hyper-V role detected

CPU: total 12 (initial active 12) (6 cores per cpu, 2 threads per core) family 6 model 158 stepping 13 microcode 0xde, cx8, cmov, fxsr, ht, mmx, 3dnowpref, sse, sse2, sse3, ssse3, sse4.1, sse4.2, popcnt, lzcnt, tsc, tscinvbit, avx, avx2, aes, erms, clmul, bmi1, bmi2, adx, fma, vzeroupper, clflush, clflushopt, hv

Memory: 4k page, system-wide physical 8043M (391M free)
TotalPageFile size 16235M (AvailPageFile size 2M)
current process WorkingSet (physical memory assigned to process): 256M, peak: 256M
current process commit charge ("private bytes"): 295M, peak: 296M

vm_info: OpenJDK 64-Bit Server VM (17.0.6+0-b2043.56-9586694) for windows-amd64 JRE (17.0.6+0-b2043.56-9586694), built on Feb  9 2023 20:06:20 by "androidbuild" with MS VC++ 16.10 / 16.11 (VS2019)

END.
